<?xml version="1.0" encoding="UTF-8"?>
<coverage generated="1620477565591" clover="3.2.0">
  <project timestamp="1620477565591" name="All files">
    <metrics statements="75" coveredstatements="71" conditionals="24" coveredconditionals="10" methods="12" coveredmethods="11" elements="111" coveredelements="92" complexity="0" loc="75" ncloc="75" packages="2" files="5" classes="5"/>
    <package name="Coverage">
      <metrics statements="71" coveredstatements="67" conditionals="20" coveredconditionals="10" methods="11" coveredmethods="11"/>
      <file name="CoverageGraph.tsx" path="/Users/craigatkinson/projects/projektor/ui/src/Coverage/CoverageGraph.tsx">
        <metrics statements="20" coveredstatements="19" conditionals="10" coveredconditionals="6" methods="2" coveredmethods="2"/>
        <line num="1" count="1" type="stmt"/>
        <line num="3" count="1" type="stmt"/>
        <line num="4" count="1" type="stmt"/>
        <line num="5" count="1" type="stmt"/>
        <line num="6" count="1" type="stmt"/>
        <line num="18" count="1" type="stmt"/>
        <line num="19" count="45" type="stmt"/>
        <line num="30" count="1" type="stmt"/>
        <line num="31" count="45" type="stmt"/>
        <line num="32" count="45" type="stmt"/>
        <line num="33" count="45" type="stmt"/>
        <line num="34" count="45" type="stmt"/>
        <line num="35" count="45" type="stmt"/>
        <line num="36" count="45" type="stmt"/>
        <line num="37" count="45" type="stmt"/>
        <line num="39" count="45" type="stmt"/>
        <line num="41" count="45" type="cond" truecount="1" falsecount="1"/>
        <line num="42" count="45" type="stmt"/>
        <line num="82" count="0" type="stmt"/>
        <line num="86" count="1" type="stmt"/>
      </file>
      <file name="CoverageGraphImpl.tsx" path="/Users/craigatkinson/projects/projektor/ui/src/Coverage/CoverageGraphImpl.tsx">
        <metrics statements="15" coveredstatements="15" conditionals="4" coveredconditionals="2" methods="1" coveredmethods="1"/>
        <line num="1" count="1" type="stmt"/>
        <line num="2" count="1" type="stmt"/>
        <line num="4" count="1" type="stmt"/>
        <line num="14" count="1" type="stmt"/>
        <line num="15" count="45" type="stmt"/>
        <line num="16" count="45" type="stmt"/>
        <line num="17" count="45" type="stmt"/>
        <line num="18" count="45" type="stmt"/>
        <line num="19" count="45" type="stmt"/>
        <line num="21" count="45" type="stmt"/>
        <line num="35" count="45" type="stmt"/>
        <line num="43" count="45" type="cond" truecount="1" falsecount="1"/>
        <line num="46" count="45" type="stmt"/>
        <line num="54" count="45" type="stmt"/>
        <line num="63" count="1" type="stmt"/>
      </file>
      <file name="CoveragePercentage.tsx" path="/Users/craigatkinson/projects/projektor/ui/src/Coverage/CoveragePercentage.tsx">
        <metrics statements="14" coveredstatements="11" conditionals="4" coveredconditionals="1" methods="1" coveredmethods="1"/>
        <line num="1" count="1" type="stmt"/>
        <line num="3" count="1" type="stmt"/>
        <line num="11" count="1" type="stmt"/>
        <line num="34" count="1" type="stmt"/>
        <line num="35" count="27" type="stmt"/>
        <line num="36" count="27" type="stmt"/>
        <line num="37" count="27" type="stmt"/>
        <line num="39" count="27" type="stmt"/>
        <line num="41" count="27" type="cond" truecount="1" falsecount="1"/>
        <line num="42" count="0" type="cond" truecount="0" falsecount="2"/>
        <line num="43" count="0" type="stmt"/>
        <line num="61" count="0" type="stmt"/>
        <line num="80" count="27" type="stmt"/>
        <line num="84" count="1" type="stmt"/>
      </file>
      <file name="CoverageTable.tsx" path="/Users/craigatkinson/projects/projektor/ui/src/Coverage/CoverageTable.tsx">
        <metrics statements="22" coveredstatements="22" conditionals="2" coveredconditionals="1" methods="7" coveredmethods="7"/>
        <line num="1" count="1" type="stmt"/>
        <line num="3" count="1" type="stmt"/>
        <line num="4" count="1" type="stmt"/>
        <line num="5" count="1" type="stmt"/>
        <line num="6" count="1" type="stmt"/>
        <line num="22" count="1" type="stmt"/>
        <line num="27" count="1" type="stmt"/>
        <line num="31" count="1" type="stmt"/>
        <line num="37" count="1" type="stmt"/>
        <line num="38" count="1" type="stmt"/>
        <line num="39" count="1" type="stmt"/>
        <line num="40" count="1" type="stmt"/>
        <line num="42" count="1" type="stmt"/>
        <line num="44" count="1" type="stmt"/>
        <line num="46" count="2" type="stmt"/>
        <line num="49" count="1" type="stmt"/>
        <line num="66" count="15" type="stmt"/>
        <line num="84" count="15" type="stmt"/>
        <line num="102" count="15" type="stmt"/>
        <line num="119" count="15" type="stmt"/>
        <line num="134" count="3" type="stmt"/>
        <line num="152" count="1" type="stmt"/>
      </file>
    </package>
    <package name="Link">
      <metrics statements="4" coveredstatements="4" conditionals="4" coveredconditionals="0" methods="1" coveredmethods="0"/>
      <file name="CleanLink.tsx" path="/Users/craigatkinson/projects/projektor/ui/src/Link/CleanLink.tsx">
        <metrics statements="4" coveredstatements="4" conditionals="4" coveredconditionals="0" methods="1" coveredmethods="0"/>
        <line num="2" count="1" type="stmt"/>
        <line num="3" count="1" type="stmt"/>
        <line num="9" count="1" type="stmt"/>
        <line num="20" count="1" type="stmt"/>
      </file>
    </package>
  </project>
</coverage>
