<?xml version="1.0" encoding="UTF-8"?>
<testsuite name="projektor.example.spock.ReallyLongOutput10000Spec" tests="1" skipped="0" failures="0" errors="0" timestamp="2020-05-13T16:04:48" hostname="DESKTOP-F2BATC0" time="0.308">
  <properties/>
  <testcase name="should include lots of system out and system err" classname="projektor.example.spock.ReallyLongOutput10000Spec" time="0.308"/>
  <system-out><![CDATA[123456789101112131415161718192021222324252627282930313233343536373839404142434445464748495051525354555657585960616263646566676869707172737475767778798081828384858687888990919293949596979899100
System out line 0
System out line 1
System out line 2
System out line 3
System out line 4
System out line 5
System out line 6
System out line 7
System out line 8
System out line 9
System out line 10
System out line 11
System out line 12
System out line 13
System out line 14
System out line 15
System out line 16
System out line 17
System out line 18
System out line 19
System out line 20
System out line 21
System out line 22
System out line 23
System out line 24
System out line 25
System out line 26
System out line 27
System out line 28
System out line 29
System out line 30
System out line 31
System out line 32
System out line 33
System out line 34
System out line 35
System out line 36
System out line 37
System out line 38
System out line 39
System out line 40
System out line 41
System out line 42
System out line 43
System out line 44
System out line 45
System out line 46
System out line 47
System out line 48
System out line 49
System out line 50
System out line 51
System out line 52
System out line 53
System out line 54
System out line 55
System out line 56
System out line 57
System out line 58
System out line 59
System out line 60
System out line 61
System out line 62
System out line 63
System out line 64
System out line 65
System out line 66
System out line 67
System out line 68
System out line 69
System out line 70
System out line 71
System out line 72
System out line 73
System out line 74
System out line 75
System out line 76
System out line 77
System out line 78
System out line 79
System out line 80
System out line 81
System out line 82
System out line 83
System out line 84
System out line 85
System out line 86
System out line 87
System out line 88
System out line 89
System out line 90
System out line 91
System out line 92
System out line 93
System out line 94
System out line 95
System out line 96
System out line 97
System out line 98
System out line 99
System out line 100
System out line 101
System out line 102
System out line 103
System out line 104
System out line 105
System out line 106
System out line 107
System out line 108
System out line 109
System out line 110
System out line 111
System out line 112
System out line 113
System out line 114
System out line 115
System out line 116
System out line 117
System out line 118
System out line 119
System out line 120
System out line 121
System out line 122
System out line 123
System out line 124
System out line 125
System out line 126
System out line 127
System out line 128
System out line 129
System out line 130
System out line 131
System out line 132
System out line 133
System out line 134
System out line 135
System out line 136
System out line 137
System out line 138
System out line 139
System out line 140
System out line 141
System out line 142
System out line 143
System out line 144
System out line 145
System out line 146
System out line 147
System out line 148
System out line 149
System out line 150
System out line 151
System out line 152
System out line 153
System out line 154
System out line 155
System out line 156
System out line 157
System out line 158
System out line 159
System out line 160
System out line 161
System out line 162
System out line 163
System out line 164
System out line 165
System out line 166
System out line 167
System out line 168
System out line 169
System out line 170
System out line 171
System out line 172
System out line 173
System out line 174
System out line 175
System out line 176
System out line 177
System out line 178
System out line 179
System out line 180
System out line 181
System out line 182
System out line 183
System out line 184
System out line 185
System out line 186
System out line 187
System out line 188
System out line 189
System out line 190
System out line 191
System out line 192
System out line 193
System out line 194
System out line 195
System out line 196
System out line 197
System out line 198
System out line 199
System out line 200
System out line 201
System out line 202
System out line 203
System out line 204
System out line 205
System out line 206
System out line 207
System out line 208
System out line 209
System out line 210
System out line 211
System out line 212
System out line 213
System out line 214
System out line 215
System out line 216
System out line 217
System out line 218
System out line 219
System out line 220
System out line 221
System out line 222
System out line 223
System out line 224
System out line 225
System out line 226
System out line 227
System out line 228
System out line 229
System out line 230
System out line 231
System out line 232
System out line 233
System out line 234
System out line 235
System out line 236
System out line 237
System out line 238
System out line 239
System out line 240
System out line 241
System out line 242
System out line 243
System out line 244
System out line 245
System out line 246
System out line 247
System out line 248
System out line 249
System out line 250
System out line 251
System out line 252
System out line 253
System out line 254
System out line 255
System out line 256
System out line 257
System out line 258
System out line 259
System out line 260
System out line 261
System out line 262
System out line 263
System out line 264
System out line 265
System out line 266
System out line 267
System out line 268
System out line 269
System out line 270
System out line 271
System out line 272
System out line 273
System out line 274
System out line 275
System out line 276
System out line 277
System out line 278
System out line 279
System out line 280
System out line 281
System out line 282
System out line 283
System out line 284
System out line 285
System out line 286
System out line 287
System out line 288
System out line 289
System out line 290
System out line 291
System out line 292
System out line 293
System out line 294
System out line 295
System out line 296
System out line 297
System out line 298
System out line 299
System out line 300
System out line 301
System out line 302
System out line 303
System out line 304
System out line 305
System out line 306
System out line 307
System out line 308
System out line 309
System out line 310
System out line 311
System out line 312
System out line 313
System out line 314
System out line 315
System out line 316
System out line 317
System out line 318
System out line 319
System out line 320
System out line 321
System out line 322
System out line 323
System out line 324
System out line 325
System out line 326
System out line 327
System out line 328
System out line 329
System out line 330
System out line 331
System out line 332
System out line 333
System out line 334
System out line 335
System out line 336
System out line 337
System out line 338
System out line 339
System out line 340
System out line 341
System out line 342
System out line 343
System out line 344
System out line 345
System out line 346
System out line 347
System out line 348
System out line 349
System out line 350
System out line 351
System out line 352
System out line 353
System out line 354
System out line 355
System out line 356
System out line 357
System out line 358
System out line 359
System out line 360
System out line 361
System out line 362
System out line 363
System out line 364
System out line 365
System out line 366
System out line 367
System out line 368
System out line 369
System out line 370
System out line 371
System out line 372
System out line 373
System out line 374
System out line 375
System out line 376
System out line 377
System out line 378
System out line 379
System out line 380
System out line 381
System out line 382
System out line 383
System out line 384
System out line 385
System out line 386
System out line 387
System out line 388
System out line 389
System out line 390
System out line 391
System out line 392
System out line 393
System out line 394
System out line 395
System out line 396
System out line 397
System out line 398
System out line 399
System out line 400
System out line 401
System out line 402
System out line 403
System out line 404
System out line 405
System out line 406
System out line 407
System out line 408
System out line 409
System out line 410
System out line 411
System out line 412
System out line 413
System out line 414
System out line 415
System out line 416
System out line 417
System out line 418
System out line 419
System out line 420
System out line 421
System out line 422
System out line 423
System out line 424
System out line 425
System out line 426
System out line 427
System out line 428
System out line 429
System out line 430
System out line 431
System out line 432
System out line 433
System out line 434
System out line 435
System out line 436
System out line 437
System out line 438
System out line 439
System out line 440
System out line 441
System out line 442
System out line 443
System out line 444
System out line 445
System out line 446
System out line 447
System out line 448
System out line 449
System out line 450
System out line 451
System out line 452
System out line 453
System out line 454
System out line 455
System out line 456
System out line 457
System out line 458
System out line 459
System out line 460
System out line 461
System out line 462
System out line 463
System out line 464
System out line 465
System out line 466
System out line 467
System out line 468
System out line 469
System out line 470
System out line 471
System out line 472
System out line 473
System out line 474
System out line 475
System out line 476
System out line 477
System out line 478
System out line 479
System out line 480
System out line 481
System out line 482
System out line 483
System out line 484
System out line 485
System out line 486
System out line 487
System out line 488
System out line 489
System out line 490
System out line 491
System out line 492
System out line 493
System out line 494
System out line 495
System out line 496
System out line 497
System out line 498
System out line 499
System out line 500
System out line 501
System out line 502
System out line 503
System out line 504
System out line 505
System out line 506
System out line 507
System out line 508
System out line 509
System out line 510
System out line 511
System out line 512
System out line 513
System out line 514
System out line 515
System out line 516
System out line 517
System out line 518
System out line 519
System out line 520
System out line 521
System out line 522
System out line 523
System out line 524
System out line 525
System out line 526
System out line 527
System out line 528
System out line 529
System out line 530
System out line 531
System out line 532
System out line 533
System out line 534
System out line 535
System out line 536
System out line 537
System out line 538
System out line 539
System out line 540
System out line 541
System out line 542
System out line 543
System out line 544
System out line 545
System out line 546
System out line 547
System out line 548
System out line 549
System out line 550
System out line 551
System out line 552
System out line 553
System out line 554
System out line 555
System out line 556
System out line 557
System out line 558
System out line 559
System out line 560
System out line 561
System out line 562
System out line 563
System out line 564
System out line 565
System out line 566
System out line 567
System out line 568
System out line 569
System out line 570
System out line 571
System out line 572
System out line 573
System out line 574
System out line 575
System out line 576
System out line 577
System out line 578
System out line 579
System out line 580
System out line 581
System out line 582
System out line 583
System out line 584
System out line 585
System out line 586
System out line 587
System out line 588
System out line 589
System out line 590
System out line 591
System out line 592
System out line 593
System out line 594
System out line 595
System out line 596
System out line 597
System out line 598
System out line 599
System out line 600
System out line 601
System out line 602
System out line 603
System out line 604
System out line 605
System out line 606
System out line 607
System out line 608
System out line 609
System out line 610
System out line 611
System out line 612
System out line 613
System out line 614
System out line 615
System out line 616
System out line 617
System out line 618
System out line 619
System out line 620
System out line 621
System out line 622
System out line 623
System out line 624
System out line 625
System out line 626
System out line 627
System out line 628
System out line 629
System out line 630
System out line 631
System out line 632
System out line 633
System out line 634
System out line 635
System out line 636
System out line 637
System out line 638
System out line 639
System out line 640
System out line 641
System out line 642
System out line 643
System out line 644
System out line 645
System out line 646
System out line 647
System out line 648
System out line 649
System out line 650
System out line 651
System out line 652
System out line 653
System out line 654
System out line 655
System out line 656
System out line 657
System out line 658
System out line 659
System out line 660
System out line 661
System out line 662
System out line 663
System out line 664
System out line 665
System out line 666
System out line 667
System out line 668
System out line 669
System out line 670
System out line 671
System out line 672
System out line 673
System out line 674
System out line 675
System out line 676
System out line 677
System out line 678
System out line 679
System out line 680
System out line 681
System out line 682
System out line 683
System out line 684
System out line 685
System out line 686
System out line 687
System out line 688
System out line 689
System out line 690
System out line 691
System out line 692
System out line 693
System out line 694
System out line 695
System out line 696
System out line 697
System out line 698
System out line 699
System out line 700
System out line 701
System out line 702
System out line 703
System out line 704
System out line 705
System out line 706
System out line 707
System out line 708
System out line 709
System out line 710
System out line 711
System out line 712
System out line 713
System out line 714
System out line 715
System out line 716
System out line 717
System out line 718
System out line 719
System out line 720
System out line 721
System out line 722
System out line 723
System out line 724
System out line 725
System out line 726
System out line 727
System out line 728
System out line 729
System out line 730
System out line 731
System out line 732
System out line 733
System out line 734
System out line 735
System out line 736
System out line 737
System out line 738
System out line 739
System out line 740
System out line 741
System out line 742
System out line 743
System out line 744
System out line 745
System out line 746
System out line 747
System out line 748
System out line 749
System out line 750
System out line 751
System out line 752
System out line 753
System out line 754
System out line 755
System out line 756
System out line 757
System out line 758
System out line 759
System out line 760
System out line 761
System out line 762
System out line 763
System out line 764
System out line 765
System out line 766
System out line 767
System out line 768
System out line 769
System out line 770
System out line 771
System out line 772
System out line 773
System out line 774
System out line 775
System out line 776
System out line 777
System out line 778
System out line 779
System out line 780
System out line 781
System out line 782
System out line 783
System out line 784
System out line 785
System out line 786
System out line 787
System out line 788
System out line 789
System out line 790
System out line 791
System out line 792
System out line 793
System out line 794
System out line 795
System out line 796
System out line 797
System out line 798
System out line 799
System out line 800
System out line 801
System out line 802
System out line 803
System out line 804
System out line 805
System out line 806
System out line 807
System out line 808
System out line 809
System out line 810
System out line 811
System out line 812
System out line 813
System out line 814
System out line 815
System out line 816
System out line 817
System out line 818
System out line 819
System out line 820
System out line 821
System out line 822
System out line 823
System out line 824
System out line 825
System out line 826
System out line 827
System out line 828
System out line 829
System out line 830
System out line 831
System out line 832
System out line 833
System out line 834
System out line 835
System out line 836
System out line 837
System out line 838
System out line 839
System out line 840
System out line 841
System out line 842
System out line 843
System out line 844
System out line 845
System out line 846
System out line 847
System out line 848
System out line 849
System out line 850
System out line 851
System out line 852
System out line 853
System out line 854
System out line 855
System out line 856
System out line 857
System out line 858
System out line 859
System out line 860
System out line 861
System out line 862
System out line 863
System out line 864
System out line 865
System out line 866
System out line 867
System out line 868
System out line 869
System out line 870
System out line 871
System out line 872
System out line 873
System out line 874
System out line 875
System out line 876
System out line 877
System out line 878
System out line 879
System out line 880
System out line 881
System out line 882
System out line 883
System out line 884
System out line 885
System out line 886
System out line 887
System out line 888
System out line 889
System out line 890
System out line 891
System out line 892
System out line 893
System out line 894
System out line 895
System out line 896
System out line 897
System out line 898
System out line 899
System out line 900
System out line 901
System out line 902
System out line 903
System out line 904
System out line 905
System out line 906
System out line 907
System out line 908
System out line 909
System out line 910
System out line 911
System out line 912
System out line 913
System out line 914
System out line 915
System out line 916
System out line 917
System out line 918
System out line 919
System out line 920
System out line 921
System out line 922
System out line 923
System out line 924
System out line 925
System out line 926
System out line 927
System out line 928
System out line 929
System out line 930
System out line 931
System out line 932
System out line 933
System out line 934
System out line 935
System out line 936
System out line 937
System out line 938
System out line 939
System out line 940
System out line 941
System out line 942
System out line 943
System out line 944
System out line 945
System out line 946
System out line 947
System out line 948
System out line 949
System out line 950
System out line 951
System out line 952
System out line 953
System out line 954
System out line 955
System out line 956
System out line 957
System out line 958
System out line 959
System out line 960
System out line 961
System out line 962
System out line 963
System out line 964
System out line 965
System out line 966
System out line 967
System out line 968
System out line 969
System out line 970
System out line 971
System out line 972
System out line 973
System out line 974
System out line 975
System out line 976
System out line 977
System out line 978
System out line 979
System out line 980
System out line 981
System out line 982
System out line 983
System out line 984
System out line 985
System out line 986
System out line 987
System out line 988
System out line 989
System out line 990
System out line 991
System out line 992
System out line 993
System out line 994
System out line 995
System out line 996
System out line 997
System out line 998
System out line 999
System out line 1000
System out line 1001
System out line 1002
System out line 1003
System out line 1004
System out line 1005
System out line 1006
System out line 1007
System out line 1008
System out line 1009
System out line 1010
System out line 1011
System out line 1012
System out line 1013
System out line 1014
System out line 1015
System out line 1016
System out line 1017
System out line 1018
System out line 1019
System out line 1020
System out line 1021
System out line 1022
System out line 1023
System out line 1024
System out line 1025
System out line 1026
System out line 1027
System out line 1028
System out line 1029
System out line 1030
System out line 1031
System out line 1032
System out line 1033
System out line 1034
System out line 1035
System out line 1036
System out line 1037
System out line 1038
System out line 1039
System out line 1040
System out line 1041
System out line 1042
System out line 1043
System out line 1044
System out line 1045
System out line 1046
System out line 1047
System out line 1048
System out line 1049
System out line 1050
System out line 1051
System out line 1052
System out line 1053
System out line 1054
System out line 1055
System out line 1056
System out line 1057
System out line 1058
System out line 1059
System out line 1060
System out line 1061
System out line 1062
System out line 1063
System out line 1064
System out line 1065
System out line 1066
System out line 1067
System out line 1068
System out line 1069
System out line 1070
System out line 1071
System out line 1072
System out line 1073
System out line 1074
System out line 1075
System out line 1076
System out line 1077
System out line 1078
System out line 1079
System out line 1080
System out line 1081
System out line 1082
System out line 1083
System out line 1084
System out line 1085
System out line 1086
System out line 1087
System out line 1088
System out line 1089
System out line 1090
System out line 1091
System out line 1092
System out line 1093
System out line 1094
System out line 1095
System out line 1096
System out line 1097
System out line 1098
System out line 1099
System out line 1100
System out line 1101
System out line 1102
System out line 1103
System out line 1104
System out line 1105
System out line 1106
System out line 1107
System out line 1108
System out line 1109
System out line 1110
System out line 1111
System out line 1112
System out line 1113
System out line 1114
System out line 1115
System out line 1116
System out line 1117
System out line 1118
System out line 1119
System out line 1120
System out line 1121
System out line 1122
System out line 1123
System out line 1124
System out line 1125
System out line 1126
System out line 1127
System out line 1128
System out line 1129
System out line 1130
System out line 1131
System out line 1132
System out line 1133
System out line 1134
System out line 1135
System out line 1136
System out line 1137
System out line 1138
System out line 1139
System out line 1140
System out line 1141
System out line 1142
System out line 1143
System out line 1144
System out line 1145
System out line 1146
System out line 1147
System out line 1148
System out line 1149
System out line 1150
System out line 1151
System out line 1152
System out line 1153
System out line 1154
System out line 1155
System out line 1156
System out line 1157
System out line 1158
System out line 1159
System out line 1160
System out line 1161
System out line 1162
System out line 1163
System out line 1164
System out line 1165
System out line 1166
System out line 1167
System out line 1168
System out line 1169
System out line 1170
System out line 1171
System out line 1172
System out line 1173
System out line 1174
System out line 1175
System out line 1176
System out line 1177
System out line 1178
System out line 1179
System out line 1180
System out line 1181
System out line 1182
System out line 1183
System out line 1184
System out line 1185
System out line 1186
System out line 1187
System out line 1188
System out line 1189
System out line 1190
System out line 1191
System out line 1192
System out line 1193
System out line 1194
System out line 1195
System out line 1196
System out line 1197
System out line 1198
System out line 1199
System out line 1200
System out line 1201
System out line 1202
System out line 1203
System out line 1204
System out line 1205
System out line 1206
System out line 1207
System out line 1208
System out line 1209
System out line 1210
System out line 1211
System out line 1212
System out line 1213
System out line 1214
System out line 1215
System out line 1216
System out line 1217
System out line 1218
System out line 1219
System out line 1220
System out line 1221
System out line 1222
System out line 1223
System out line 1224
System out line 1225
System out line 1226
System out line 1227
System out line 1228
System out line 1229
System out line 1230
System out line 1231
System out line 1232
System out line 1233
System out line 1234
System out line 1235
System out line 1236
System out line 1237
System out line 1238
System out line 1239
System out line 1240
System out line 1241
System out line 1242
System out line 1243
System out line 1244
System out line 1245
System out line 1246
System out line 1247
System out line 1248
System out line 1249
System out line 1250
System out line 1251
System out line 1252
System out line 1253
System out line 1254
System out line 1255
System out line 1256
System out line 1257
System out line 1258
System out line 1259
System out line 1260
System out line 1261
System out line 1262
System out line 1263
System out line 1264
System out line 1265
System out line 1266
System out line 1267
System out line 1268
System out line 1269
System out line 1270
System out line 1271
System out line 1272
System out line 1273
System out line 1274
System out line 1275
System out line 1276
System out line 1277
System out line 1278
System out line 1279
System out line 1280
System out line 1281
System out line 1282
System out line 1283
System out line 1284
System out line 1285
System out line 1286
System out line 1287
System out line 1288
System out line 1289
System out line 1290
System out line 1291
System out line 1292
System out line 1293
System out line 1294
System out line 1295
System out line 1296
System out line 1297
System out line 1298
System out line 1299
System out line 1300
System out line 1301
System out line 1302
System out line 1303
System out line 1304
System out line 1305
System out line 1306
System out line 1307
System out line 1308
System out line 1309
System out line 1310
System out line 1311
System out line 1312
System out line 1313
System out line 1314
System out line 1315
System out line 1316
System out line 1317
System out line 1318
System out line 1319
System out line 1320
System out line 1321
System out line 1322
System out line 1323
System out line 1324
System out line 1325
System out line 1326
System out line 1327
System out line 1328
System out line 1329
System out line 1330
System out line 1331
System out line 1332
System out line 1333
System out line 1334
System out line 1335
System out line 1336
System out line 1337
System out line 1338
System out line 1339
System out line 1340
System out line 1341
System out line 1342
System out line 1343
System out line 1344
System out line 1345
System out line 1346
System out line 1347
System out line 1348
System out line 1349
System out line 1350
System out line 1351
System out line 1352
System out line 1353
System out line 1354
System out line 1355
System out line 1356
System out line 1357
System out line 1358
System out line 1359
System out line 1360
System out line 1361
System out line 1362
System out line 1363
System out line 1364
System out line 1365
System out line 1366
System out line 1367
System out line 1368
System out line 1369
System out line 1370
System out line 1371
System out line 1372
System out line 1373
System out line 1374
System out line 1375
System out line 1376
System out line 1377
System out line 1378
System out line 1379
System out line 1380
System out line 1381
System out line 1382
System out line 1383
System out line 1384
System out line 1385
System out line 1386
System out line 1387
System out line 1388
System out line 1389
System out line 1390
System out line 1391
System out line 1392
System out line 1393
System out line 1394
System out line 1395
System out line 1396
System out line 1397
System out line 1398
System out line 1399
System out line 1400
System out line 1401
System out line 1402
System out line 1403
System out line 1404
System out line 1405
System out line 1406
System out line 1407
System out line 1408
System out line 1409
System out line 1410
System out line 1411
System out line 1412
System out line 1413
System out line 1414
System out line 1415
System out line 1416
System out line 1417
System out line 1418
System out line 1419
System out line 1420
System out line 1421
System out line 1422
System out line 1423
System out line 1424
System out line 1425
System out line 1426
System out line 1427
System out line 1428
System out line 1429
System out line 1430
System out line 1431
System out line 1432
System out line 1433
System out line 1434
System out line 1435
System out line 1436
System out line 1437
System out line 1438
System out line 1439
System out line 1440
System out line 1441
System out line 1442
System out line 1443
System out line 1444
System out line 1445
System out line 1446
System out line 1447
System out line 1448
System out line 1449
System out line 1450
System out line 1451
System out line 1452
System out line 1453
System out line 1454
System out line 1455
System out line 1456
System out line 1457
System out line 1458
System out line 1459
System out line 1460
System out line 1461
System out line 1462
System out line 1463
System out line 1464
System out line 1465
System out line 1466
System out line 1467
System out line 1468
System out line 1469
System out line 1470
System out line 1471
System out line 1472
System out line 1473
System out line 1474
System out line 1475
System out line 1476
System out line 1477
System out line 1478
System out line 1479
System out line 1480
System out line 1481
System out line 1482
System out line 1483
System out line 1484
System out line 1485
System out line 1486
System out line 1487
System out line 1488
System out line 1489
System out line 1490
System out line 1491
System out line 1492
System out line 1493
System out line 1494
System out line 1495
System out line 1496
System out line 1497
System out line 1498
System out line 1499
System out line 1500
System out line 1501
System out line 1502
System out line 1503
System out line 1504
System out line 1505
System out line 1506
System out line 1507
System out line 1508
System out line 1509
System out line 1510
System out line 1511
System out line 1512
System out line 1513
System out line 1514
System out line 1515
System out line 1516
System out line 1517
System out line 1518
System out line 1519
System out line 1520
System out line 1521
System out line 1522
System out line 1523
System out line 1524
System out line 1525
System out line 1526
System out line 1527
System out line 1528
System out line 1529
System out line 1530
System out line 1531
System out line 1532
System out line 1533
System out line 1534
System out line 1535
System out line 1536
System out line 1537
System out line 1538
System out line 1539
System out line 1540
System out line 1541
System out line 1542
System out line 1543
System out line 1544
System out line 1545
System out line 1546
System out line 1547
System out line 1548
System out line 1549
System out line 1550
System out line 1551
System out line 1552
System out line 1553
System out line 1554
System out line 1555
System out line 1556
System out line 1557
System out line 1558
System out line 1559
System out line 1560
System out line 1561
System out line 1562
System out line 1563
System out line 1564
System out line 1565
System out line 1566
System out line 1567
System out line 1568
System out line 1569
System out line 1570
System out line 1571
System out line 1572
System out line 1573
System out line 1574
System out line 1575
System out line 1576
System out line 1577
System out line 1578
System out line 1579
System out line 1580
System out line 1581
System out line 1582
System out line 1583
System out line 1584
System out line 1585
System out line 1586
System out line 1587
System out line 1588
System out line 1589
System out line 1590
System out line 1591
System out line 1592
System out line 1593
System out line 1594
System out line 1595
System out line 1596
System out line 1597
System out line 1598
System out line 1599
System out line 1600
System out line 1601
System out line 1602
System out line 1603
System out line 1604
System out line 1605
System out line 1606
System out line 1607
System out line 1608
System out line 1609
System out line 1610
System out line 1611
System out line 1612
System out line 1613
System out line 1614
System out line 1615
System out line 1616
System out line 1617
System out line 1618
System out line 1619
System out line 1620
System out line 1621
System out line 1622
System out line 1623
System out line 1624
System out line 1625
System out line 1626
System out line 1627
System out line 1628
System out line 1629
System out line 1630
System out line 1631
System out line 1632
System out line 1633
System out line 1634
System out line 1635
System out line 1636
System out line 1637
System out line 1638
System out line 1639
System out line 1640
System out line 1641
System out line 1642
System out line 1643
System out line 1644
System out line 1645
System out line 1646
System out line 1647
System out line 1648
System out line 1649
System out line 1650
System out line 1651
System out line 1652
System out line 1653
System out line 1654
System out line 1655
System out line 1656
System out line 1657
System out line 1658
System out line 1659
System out line 1660
System out line 1661
System out line 1662
System out line 1663
System out line 1664
System out line 1665
System out line 1666
System out line 1667
System out line 1668
System out line 1669
System out line 1670
System out line 1671
System out line 1672
System out line 1673
System out line 1674
System out line 1675
System out line 1676
System out line 1677
System out line 1678
System out line 1679
System out line 1680
System out line 1681
System out line 1682
System out line 1683
System out line 1684
System out line 1685
System out line 1686
System out line 1687
System out line 1688
System out line 1689
System out line 1690
System out line 1691
System out line 1692
System out line 1693
System out line 1694
System out line 1695
System out line 1696
System out line 1697
System out line 1698
System out line 1699
System out line 1700
System out line 1701
System out line 1702
System out line 1703
System out line 1704
System out line 1705
System out line 1706
System out line 1707
System out line 1708
System out line 1709
System out line 1710
System out line 1711
System out line 1712
System out line 1713
System out line 1714
System out line 1715
System out line 1716
System out line 1717
System out line 1718
System out line 1719
System out line 1720
System out line 1721
System out line 1722
System out line 1723
System out line 1724
System out line 1725
System out line 1726
System out line 1727
System out line 1728
System out line 1729
System out line 1730
System out line 1731
System out line 1732
System out line 1733
System out line 1734
System out line 1735
System out line 1736
System out line 1737
System out line 1738
System out line 1739
System out line 1740
System out line 1741
System out line 1742
System out line 1743
System out line 1744
System out line 1745
System out line 1746
System out line 1747
System out line 1748
System out line 1749
System out line 1750
System out line 1751
System out line 1752
System out line 1753
System out line 1754
System out line 1755
System out line 1756
System out line 1757
System out line 1758
System out line 1759
System out line 1760
System out line 1761
System out line 1762
System out line 1763
System out line 1764
System out line 1765
System out line 1766
System out line 1767
System out line 1768
System out line 1769
System out line 1770
System out line 1771
System out line 1772
System out line 1773
System out line 1774
System out line 1775
System out line 1776
System out line 1777
System out line 1778
System out line 1779
System out line 1780
System out line 1781
System out line 1782
System out line 1783
System out line 1784
System out line 1785
System out line 1786
System out line 1787
System out line 1788
System out line 1789
System out line 1790
System out line 1791
System out line 1792
System out line 1793
System out line 1794
System out line 1795
System out line 1796
System out line 1797
System out line 1798
System out line 1799
System out line 1800
System out line 1801
System out line 1802
System out line 1803
System out line 1804
System out line 1805
System out line 1806
System out line 1807
System out line 1808
System out line 1809
System out line 1810
System out line 1811
System out line 1812
System out line 1813
System out line 1814
System out line 1815
System out line 1816
System out line 1817
System out line 1818
System out line 1819
System out line 1820
System out line 1821
System out line 1822
System out line 1823
System out line 1824
System out line 1825
System out line 1826
System out line 1827
System out line 1828
System out line 1829
System out line 1830
System out line 1831
System out line 1832
System out line 1833
System out line 1834
System out line 1835
System out line 1836
System out line 1837
System out line 1838
System out line 1839
System out line 1840
System out line 1841
System out line 1842
System out line 1843
System out line 1844
System out line 1845
System out line 1846
System out line 1847
System out line 1848
System out line 1849
System out line 1850
System out line 1851
System out line 1852
System out line 1853
System out line 1854
System out line 1855
System out line 1856
System out line 1857
System out line 1858
System out line 1859
System out line 1860
System out line 1861
System out line 1862
System out line 1863
System out line 1864
System out line 1865
System out line 1866
System out line 1867
System out line 1868
System out line 1869
System out line 1870
System out line 1871
System out line 1872
System out line 1873
System out line 1874
System out line 1875
System out line 1876
System out line 1877
System out line 1878
System out line 1879
System out line 1880
System out line 1881
System out line 1882
System out line 1883
System out line 1884
System out line 1885
System out line 1886
System out line 1887
System out line 1888
System out line 1889
System out line 1890
System out line 1891
System out line 1892
System out line 1893
System out line 1894
System out line 1895
System out line 1896
System out line 1897
System out line 1898
System out line 1899
System out line 1900
System out line 1901
System out line 1902
System out line 1903
System out line 1904
System out line 1905
System out line 1906
System out line 1907
System out line 1908
System out line 1909
System out line 1910
System out line 1911
System out line 1912
System out line 1913
System out line 1914
System out line 1915
System out line 1916
System out line 1917
System out line 1918
System out line 1919
System out line 1920
System out line 1921
System out line 1922
System out line 1923
System out line 1924
System out line 1925
System out line 1926
System out line 1927
System out line 1928
System out line 1929
System out line 1930
System out line 1931
System out line 1932
System out line 1933
System out line 1934
System out line 1935
System out line 1936
System out line 1937
System out line 1938
System out line 1939
System out line 1940
System out line 1941
System out line 1942
System out line 1943
System out line 1944
System out line 1945
System out line 1946
System out line 1947
System out line 1948
System out line 1949
System out line 1950
System out line 1951
System out line 1952
System out line 1953
System out line 1954
System out line 1955
System out line 1956
System out line 1957
System out line 1958
System out line 1959
System out line 1960
System out line 1961
System out line 1962
System out line 1963
System out line 1964
System out line 1965
System out line 1966
System out line 1967
System out line 1968
System out line 1969
System out line 1970
System out line 1971
System out line 1972
System out line 1973
System out line 1974
System out line 1975
System out line 1976
System out line 1977
System out line 1978
System out line 1979
System out line 1980
System out line 1981
System out line 1982
System out line 1983
System out line 1984
System out line 1985
System out line 1986
System out line 1987
System out line 1988
System out line 1989
System out line 1990
System out line 1991
System out line 1992
System out line 1993
System out line 1994
System out line 1995
System out line 1996
System out line 1997
System out line 1998
System out line 1999
System out line 2000
System out line 2001
System out line 2002
System out line 2003
System out line 2004
System out line 2005
System out line 2006
System out line 2007
System out line 2008
System out line 2009
System out line 2010
System out line 2011
System out line 2012
System out line 2013
System out line 2014
System out line 2015
System out line 2016
System out line 2017
System out line 2018
System out line 2019
System out line 2020
System out line 2021
System out line 2022
System out line 2023
System out line 2024
System out line 2025
System out line 2026
System out line 2027
System out line 2028
System out line 2029
System out line 2030
System out line 2031
System out line 2032
System out line 2033
System out line 2034
System out line 2035
System out line 2036
System out line 2037
System out line 2038
System out line 2039
System out line 2040
System out line 2041
System out line 2042
System out line 2043
System out line 2044
System out line 2045
System out line 2046
System out line 2047
System out line 2048
System out line 2049
System out line 2050
System out line 2051
System out line 2052
System out line 2053
System out line 2054
System out line 2055
System out line 2056
System out line 2057
System out line 2058
System out line 2059
System out line 2060
System out line 2061
System out line 2062
System out line 2063
System out line 2064
System out line 2065
System out line 2066
System out line 2067
System out line 2068
System out line 2069
System out line 2070
System out line 2071
System out line 2072
System out line 2073
System out line 2074
System out line 2075
System out line 2076
System out line 2077
System out line 2078
System out line 2079
System out line 2080
System out line 2081
System out line 2082
System out line 2083
System out line 2084
System out line 2085
System out line 2086
System out line 2087
System out line 2088
System out line 2089
System out line 2090
System out line 2091
System out line 2092
System out line 2093
System out line 2094
System out line 2095
System out line 2096
System out line 2097
System out line 2098
System out line 2099
System out line 2100
System out line 2101
System out line 2102
System out line 2103
System out line 2104
System out line 2105
System out line 2106
System out line 2107
System out line 2108
System out line 2109
System out line 2110
System out line 2111
System out line 2112
System out line 2113
System out line 2114
System out line 2115
System out line 2116
System out line 2117
System out line 2118
System out line 2119
System out line 2120
System out line 2121
System out line 2122
System out line 2123
System out line 2124
System out line 2125
System out line 2126
System out line 2127
System out line 2128
System out line 2129
System out line 2130
System out line 2131
System out line 2132
System out line 2133
System out line 2134
System out line 2135
System out line 2136
System out line 2137
System out line 2138
System out line 2139
System out line 2140
System out line 2141
System out line 2142
System out line 2143
System out line 2144
System out line 2145
System out line 2146
System out line 2147
System out line 2148
System out line 2149
System out line 2150
System out line 2151
System out line 2152
System out line 2153
System out line 2154
System out line 2155
System out line 2156
System out line 2157
System out line 2158
System out line 2159
System out line 2160
System out line 2161
System out line 2162
System out line 2163
System out line 2164
System out line 2165
System out line 2166
System out line 2167
System out line 2168
System out line 2169
System out line 2170
System out line 2171
System out line 2172
System out line 2173
System out line 2174
System out line 2175
System out line 2176
System out line 2177
System out line 2178
System out line 2179
System out line 2180
System out line 2181
System out line 2182
System out line 2183
System out line 2184
System out line 2185
System out line 2186
System out line 2187
System out line 2188
System out line 2189
System out line 2190
System out line 2191
System out line 2192
System out line 2193
System out line 2194
System out line 2195
System out line 2196
System out line 2197
System out line 2198
System out line 2199
System out line 2200
System out line 2201
System out line 2202
System out line 2203
System out line 2204
System out line 2205
System out line 2206
System out line 2207
System out line 2208
System out line 2209
System out line 2210
System out line 2211
System out line 2212
System out line 2213
System out line 2214
System out line 2215
System out line 2216
System out line 2217
System out line 2218
System out line 2219
System out line 2220
System out line 2221
System out line 2222
System out line 2223
System out line 2224
System out line 2225
System out line 2226
System out line 2227
System out line 2228
System out line 2229
System out line 2230
System out line 2231
System out line 2232
System out line 2233
System out line 2234
System out line 2235
System out line 2236
System out line 2237
System out line 2238
System out line 2239
System out line 2240
System out line 2241
System out line 2242
System out line 2243
System out line 2244
System out line 2245
System out line 2246
System out line 2247
System out line 2248
System out line 2249
System out line 2250
System out line 2251
System out line 2252
System out line 2253
System out line 2254
System out line 2255
System out line 2256
System out line 2257
System out line 2258
System out line 2259
System out line 2260
System out line 2261
System out line 2262
System out line 2263
System out line 2264
System out line 2265
System out line 2266
System out line 2267
System out line 2268
System out line 2269
System out line 2270
System out line 2271
System out line 2272
System out line 2273
System out line 2274
System out line 2275
System out line 2276
System out line 2277
System out line 2278
System out line 2279
System out line 2280
System out line 2281
System out line 2282
System out line 2283
System out line 2284
System out line 2285
System out line 2286
System out line 2287
System out line 2288
System out line 2289
System out line 2290
System out line 2291
System out line 2292
System out line 2293
System out line 2294
System out line 2295
System out line 2296
System out line 2297
System out line 2298
System out line 2299
System out line 2300
System out line 2301
System out line 2302
System out line 2303
System out line 2304
System out line 2305
System out line 2306
System out line 2307
System out line 2308
System out line 2309
System out line 2310
System out line 2311
System out line 2312
System out line 2313
System out line 2314
System out line 2315
System out line 2316
System out line 2317
System out line 2318
System out line 2319
System out line 2320
System out line 2321
System out line 2322
System out line 2323
System out line 2324
System out line 2325
System out line 2326
System out line 2327
System out line 2328
System out line 2329
System out line 2330
System out line 2331
System out line 2332
System out line 2333
System out line 2334
System out line 2335
System out line 2336
System out line 2337
System out line 2338
System out line 2339
System out line 2340
System out line 2341
System out line 2342
System out line 2343
System out line 2344
System out line 2345
System out line 2346
System out line 2347
System out line 2348
System out line 2349
System out line 2350
System out line 2351
System out line 2352
System out line 2353
System out line 2354
System out line 2355
System out line 2356
System out line 2357
System out line 2358
System out line 2359
System out line 2360
System out line 2361
System out line 2362
System out line 2363
System out line 2364
System out line 2365
System out line 2366
System out line 2367
System out line 2368
System out line 2369
System out line 2370
System out line 2371
System out line 2372
System out line 2373
System out line 2374
System out line 2375
System out line 2376
System out line 2377
System out line 2378
System out line 2379
System out line 2380
System out line 2381
System out line 2382
System out line 2383
System out line 2384
System out line 2385
System out line 2386
System out line 2387
System out line 2388
System out line 2389
System out line 2390
System out line 2391
System out line 2392
System out line 2393
System out line 2394
System out line 2395
System out line 2396
System out line 2397
System out line 2398
System out line 2399
System out line 2400
System out line 2401
System out line 2402
System out line 2403
System out line 2404
System out line 2405
System out line 2406
System out line 2407
System out line 2408
System out line 2409
System out line 2410
System out line 2411
System out line 2412
System out line 2413
System out line 2414
System out line 2415
System out line 2416
System out line 2417
System out line 2418
System out line 2419
System out line 2420
System out line 2421
System out line 2422
System out line 2423
System out line 2424
System out line 2425
System out line 2426
System out line 2427
System out line 2428
System out line 2429
System out line 2430
System out line 2431
System out line 2432
System out line 2433
System out line 2434
System out line 2435
System out line 2436
System out line 2437
System out line 2438
System out line 2439
System out line 2440
System out line 2441
System out line 2442
System out line 2443
System out line 2444
System out line 2445
System out line 2446
System out line 2447
System out line 2448
System out line 2449
System out line 2450
System out line 2451
System out line 2452
System out line 2453
System out line 2454
System out line 2455
System out line 2456
System out line 2457
System out line 2458
System out line 2459
System out line 2460
System out line 2461
System out line 2462
System out line 2463
System out line 2464
System out line 2465
System out line 2466
System out line 2467
System out line 2468
System out line 2469
System out line 2470
System out line 2471
System out line 2472
System out line 2473
System out line 2474
System out line 2475
System out line 2476
System out line 2477
System out line 2478
System out line 2479
System out line 2480
System out line 2481
System out line 2482
System out line 2483
System out line 2484
System out line 2485
System out line 2486
System out line 2487
System out line 2488
System out line 2489
System out line 2490
System out line 2491
System out line 2492
System out line 2493
System out line 2494
System out line 2495
System out line 2496
System out line 2497
System out line 2498
System out line 2499
System out line 2500
System out line 2501
System out line 2502
System out line 2503
System out line 2504
System out line 2505
System out line 2506
System out line 2507
System out line 2508
System out line 2509
System out line 2510
System out line 2511
System out line 2512
System out line 2513
System out line 2514
System out line 2515
System out line 2516
System out line 2517
System out line 2518
System out line 2519
System out line 2520
System out line 2521
System out line 2522
System out line 2523
System out line 2524
System out line 2525
System out line 2526
System out line 2527
System out line 2528
System out line 2529
System out line 2530
System out line 2531
System out line 2532
System out line 2533
System out line 2534
System out line 2535
System out line 2536
System out line 2537
System out line 2538
System out line 2539
System out line 2540
System out line 2541
System out line 2542
System out line 2543
System out line 2544
System out line 2545
System out line 2546
System out line 2547
System out line 2548
System out line 2549
System out line 2550
System out line 2551
System out line 2552
System out line 2553
System out line 2554
System out line 2555
System out line 2556
System out line 2557
System out line 2558
System out line 2559
System out line 2560
System out line 2561
System out line 2562
System out line 2563
System out line 2564
System out line 2565
System out line 2566
System out line 2567
System out line 2568
System out line 2569
System out line 2570
System out line 2571
System out line 2572
System out line 2573
System out line 2574
System out line 2575
System out line 2576
System out line 2577
System out line 2578
System out line 2579
System out line 2580
System out line 2581
System out line 2582
System out line 2583
System out line 2584
System out line 2585
System out line 2586
System out line 2587
System out line 2588
System out line 2589
System out line 2590
System out line 2591
System out line 2592
System out line 2593
System out line 2594
System out line 2595
System out line 2596
System out line 2597
System out line 2598
System out line 2599
System out line 2600
System out line 2601
System out line 2602
System out line 2603
System out line 2604
System out line 2605
System out line 2606
System out line 2607
System out line 2608
System out line 2609
System out line 2610
System out line 2611
System out line 2612
System out line 2613
System out line 2614
System out line 2615
System out line 2616
System out line 2617
System out line 2618
System out line 2619
System out line 2620
System out line 2621
System out line 2622
System out line 2623
System out line 2624
System out line 2625
System out line 2626
System out line 2627
System out line 2628
System out line 2629
System out line 2630
System out line 2631
System out line 2632
System out line 2633
System out line 2634
System out line 2635
System out line 2636
System out line 2637
System out line 2638
System out line 2639
System out line 2640
System out line 2641
System out line 2642
System out line 2643
System out line 2644
System out line 2645
System out line 2646
System out line 2647
System out line 2648
System out line 2649
System out line 2650
System out line 2651
System out line 2652
System out line 2653
System out line 2654
System out line 2655
System out line 2656
System out line 2657
System out line 2658
System out line 2659
System out line 2660
System out line 2661
System out line 2662
System out line 2663
System out line 2664
System out line 2665
System out line 2666
System out line 2667
System out line 2668
System out line 2669
System out line 2670
System out line 2671
System out line 2672
System out line 2673
System out line 2674
System out line 2675
System out line 2676
System out line 2677
System out line 2678
System out line 2679
System out line 2680
System out line 2681
System out line 2682
System out line 2683
System out line 2684
System out line 2685
System out line 2686
System out line 2687
System out line 2688
System out line 2689
System out line 2690
System out line 2691
System out line 2692
System out line 2693
System out line 2694
System out line 2695
System out line 2696
System out line 2697
System out line 2698
System out line 2699
System out line 2700
System out line 2701
System out line 2702
System out line 2703
System out line 2704
System out line 2705
System out line 2706
System out line 2707
System out line 2708
System out line 2709
System out line 2710
System out line 2711
System out line 2712
System out line 2713
System out line 2714
System out line 2715
System out line 2716
System out line 2717
System out line 2718
System out line 2719
System out line 2720
System out line 2721
System out line 2722
System out line 2723
System out line 2724
System out line 2725
System out line 2726
System out line 2727
System out line 2728
System out line 2729
System out line 2730
System out line 2731
System out line 2732
System out line 2733
System out line 2734
System out line 2735
System out line 2736
System out line 2737
System out line 2738
System out line 2739
System out line 2740
System out line 2741
System out line 2742
System out line 2743
System out line 2744
System out line 2745
System out line 2746
System out line 2747
System out line 2748
System out line 2749
System out line 2750
System out line 2751
System out line 2752
System out line 2753
System out line 2754
System out line 2755
System out line 2756
System out line 2757
System out line 2758
System out line 2759
System out line 2760
System out line 2761
System out line 2762
System out line 2763
System out line 2764
System out line 2765
System out line 2766
System out line 2767
System out line 2768
System out line 2769
System out line 2770
System out line 2771
System out line 2772
System out line 2773
System out line 2774
System out line 2775
System out line 2776
System out line 2777
System out line 2778
System out line 2779
System out line 2780
System out line 2781
System out line 2782
System out line 2783
System out line 2784
System out line 2785
System out line 2786
System out line 2787
System out line 2788
System out line 2789
System out line 2790
System out line 2791
System out line 2792
System out line 2793
System out line 2794
System out line 2795
System out line 2796
System out line 2797
System out line 2798
System out line 2799
System out line 2800
System out line 2801
System out line 2802
System out line 2803
System out line 2804
System out line 2805
System out line 2806
System out line 2807
System out line 2808
System out line 2809
System out line 2810
System out line 2811
System out line 2812
System out line 2813
System out line 2814
System out line 2815
System out line 2816
System out line 2817
System out line 2818
System out line 2819
System out line 2820
System out line 2821
System out line 2822
System out line 2823
System out line 2824
System out line 2825
System out line 2826
System out line 2827
System out line 2828
System out line 2829
System out line 2830
System out line 2831
System out line 2832
System out line 2833
System out line 2834
System out line 2835
System out line 2836
System out line 2837
System out line 2838
System out line 2839
System out line 2840
System out line 2841
System out line 2842
System out line 2843
System out line 2844
System out line 2845
System out line 2846
System out line 2847
System out line 2848
System out line 2849
System out line 2850
System out line 2851
System out line 2852
System out line 2853
System out line 2854
System out line 2855
System out line 2856
System out line 2857
System out line 2858
System out line 2859
System out line 2860
System out line 2861
System out line 2862
System out line 2863
System out line 2864
System out line 2865
System out line 2866
System out line 2867
System out line 2868
System out line 2869
System out line 2870
System out line 2871
System out line 2872
System out line 2873
System out line 2874
System out line 2875
System out line 2876
System out line 2877
System out line 2878
System out line 2879
System out line 2880
System out line 2881
System out line 2882
System out line 2883
System out line 2884
System out line 2885
System out line 2886
System out line 2887
System out line 2888
System out line 2889
System out line 2890
System out line 2891
System out line 2892
System out line 2893
System out line 2894
System out line 2895
System out line 2896
System out line 2897
System out line 2898
System out line 2899
System out line 2900
System out line 2901
System out line 2902
System out line 2903
System out line 2904
System out line 2905
System out line 2906
System out line 2907
System out line 2908
System out line 2909
System out line 2910
System out line 2911
System out line 2912
System out line 2913
System out line 2914
System out line 2915
System out line 2916
System out line 2917
System out line 2918
System out line 2919
System out line 2920
System out line 2921
System out line 2922
System out line 2923
System out line 2924
System out line 2925
System out line 2926
System out line 2927
System out line 2928
System out line 2929
System out line 2930
System out line 2931
System out line 2932
System out line 2933
System out line 2934
System out line 2935
System out line 2936
System out line 2937
System out line 2938
System out line 2939
System out line 2940
System out line 2941
System out line 2942
System out line 2943
System out line 2944
System out line 2945
System out line 2946
System out line 2947
System out line 2948
System out line 2949
System out line 2950
System out line 2951
System out line 2952
System out line 2953
System out line 2954
System out line 2955
System out line 2956
System out line 2957
System out line 2958
System out line 2959
System out line 2960
System out line 2961
System out line 2962
System out line 2963
System out line 2964
System out line 2965
System out line 2966
System out line 2967
System out line 2968
System out line 2969
System out line 2970
System out line 2971
System out line 2972
System out line 2973
System out line 2974
System out line 2975
System out line 2976
System out line 2977
System out line 2978
System out line 2979
System out line 2980
System out line 2981
System out line 2982
System out line 2983
System out line 2984
System out line 2985
System out line 2986
System out line 2987
System out line 2988
System out line 2989
System out line 2990
System out line 2991
System out line 2992
System out line 2993
System out line 2994
System out line 2995
System out line 2996
System out line 2997
System out line 2998
System out line 2999
System out line 3000
System out line 3001
System out line 3002
System out line 3003
System out line 3004
System out line 3005
System out line 3006
System out line 3007
System out line 3008
System out line 3009
System out line 3010
System out line 3011
System out line 3012
System out line 3013
System out line 3014
System out line 3015
System out line 3016
System out line 3017
System out line 3018
System out line 3019
System out line 3020
System out line 3021
System out line 3022
System out line 3023
System out line 3024
System out line 3025
System out line 3026
System out line 3027
System out line 3028
System out line 3029
System out line 3030
System out line 3031
System out line 3032
System out line 3033
System out line 3034
System out line 3035
System out line 3036
System out line 3037
System out line 3038
System out line 3039
System out line 3040
System out line 3041
System out line 3042
System out line 3043
System out line 3044
System out line 3045
System out line 3046
System out line 3047
System out line 3048
System out line 3049
System out line 3050
System out line 3051
System out line 3052
System out line 3053
System out line 3054
System out line 3055
System out line 3056
System out line 3057
System out line 3058
System out line 3059
System out line 3060
System out line 3061
System out line 3062
System out line 3063
System out line 3064
System out line 3065
System out line 3066
System out line 3067
System out line 3068
System out line 3069
System out line 3070
System out line 3071
System out line 3072
System out line 3073
System out line 3074
System out line 3075
System out line 3076
System out line 3077
System out line 3078
System out line 3079
System out line 3080
System out line 3081
System out line 3082
System out line 3083
System out line 3084
System out line 3085
System out line 3086
System out line 3087
System out line 3088
System out line 3089
System out line 3090
System out line 3091
System out line 3092
System out line 3093
System out line 3094
System out line 3095
System out line 3096
System out line 3097
System out line 3098
System out line 3099
System out line 3100
System out line 3101
System out line 3102
System out line 3103
System out line 3104
System out line 3105
System out line 3106
System out line 3107
System out line 3108
System out line 3109
System out line 3110
System out line 3111
System out line 3112
System out line 3113
System out line 3114
System out line 3115
System out line 3116
System out line 3117
System out line 3118
System out line 3119
System out line 3120
System out line 3121
System out line 3122
System out line 3123
System out line 3124
System out line 3125
System out line 3126
System out line 3127
System out line 3128
System out line 3129
System out line 3130
System out line 3131
System out line 3132
System out line 3133
System out line 3134
System out line 3135
System out line 3136
System out line 3137
System out line 3138
System out line 3139
System out line 3140
System out line 3141
System out line 3142
System out line 3143
System out line 3144
System out line 3145
System out line 3146
System out line 3147
System out line 3148
System out line 3149
System out line 3150
System out line 3151
System out line 3152
System out line 3153
System out line 3154
System out line 3155
System out line 3156
System out line 3157
System out line 3158
System out line 3159
System out line 3160
System out line 3161
System out line 3162
System out line 3163
System out line 3164
System out line 3165
System out line 3166
System out line 3167
System out line 3168
System out line 3169
System out line 3170
System out line 3171
System out line 3172
System out line 3173
System out line 3174
System out line 3175
System out line 3176
System out line 3177
System out line 3178
System out line 3179
System out line 3180
System out line 3181
System out line 3182
System out line 3183
System out line 3184
System out line 3185
System out line 3186
System out line 3187
System out line 3188
System out line 3189
System out line 3190
System out line 3191
System out line 3192
System out line 3193
System out line 3194
System out line 3195
System out line 3196
System out line 3197
System out line 3198
System out line 3199
System out line 3200
System out line 3201
System out line 3202
System out line 3203
System out line 3204
System out line 3205
System out line 3206
System out line 3207
System out line 3208
System out line 3209
System out line 3210
System out line 3211
System out line 3212
System out line 3213
System out line 3214
System out line 3215
System out line 3216
System out line 3217
System out line 3218
System out line 3219
System out line 3220
System out line 3221
System out line 3222
System out line 3223
System out line 3224
System out line 3225
System out line 3226
System out line 3227
System out line 3228
System out line 3229
System out line 3230
System out line 3231
System out line 3232
System out line 3233
System out line 3234
System out line 3235
System out line 3236
System out line 3237
System out line 3238
System out line 3239
System out line 3240
System out line 3241
System out line 3242
System out line 3243
System out line 3244
System out line 3245
System out line 3246
System out line 3247
System out line 3248
System out line 3249
System out line 3250
System out line 3251
System out line 3252
System out line 3253
System out line 3254
System out line 3255
System out line 3256
System out line 3257
System out line 3258
System out line 3259
System out line 3260
System out line 3261
System out line 3262
System out line 3263
System out line 3264
System out line 3265
System out line 3266
System out line 3267
System out line 3268
System out line 3269
System out line 3270
System out line 3271
System out line 3272
System out line 3273
System out line 3274
System out line 3275
System out line 3276
System out line 3277
System out line 3278
System out line 3279
System out line 3280
System out line 3281
System out line 3282
System out line 3283
System out line 3284
System out line 3285
System out line 3286
System out line 3287
System out line 3288
System out line 3289
System out line 3290
System out line 3291
System out line 3292
System out line 3293
System out line 3294
System out line 3295
System out line 3296
System out line 3297
System out line 3298
System out line 3299
System out line 3300
System out line 3301
System out line 3302
System out line 3303
System out line 3304
System out line 3305
System out line 3306
System out line 3307
System out line 3308
System out line 3309
System out line 3310
System out line 3311
System out line 3312
System out line 3313
System out line 3314
System out line 3315
System out line 3316
System out line 3317
System out line 3318
System out line 3319
System out line 3320
System out line 3321
System out line 3322
System out line 3323
System out line 3324
System out line 3325
System out line 3326
System out line 3327
System out line 3328
System out line 3329
System out line 3330
System out line 3331
System out line 3332
System out line 3333
System out line 3334
System out line 3335
System out line 3336
System out line 3337
System out line 3338
System out line 3339
System out line 3340
System out line 3341
System out line 3342
System out line 3343
System out line 3344
System out line 3345
System out line 3346
System out line 3347
System out line 3348
System out line 3349
System out line 3350
System out line 3351
System out line 3352
System out line 3353
System out line 3354
System out line 3355
System out line 3356
System out line 3357
System out line 3358
System out line 3359
System out line 3360
System out line 3361
System out line 3362
System out line 3363
System out line 3364
System out line 3365
System out line 3366
System out line 3367
System out line 3368
System out line 3369
System out line 3370
System out line 3371
System out line 3372
System out line 3373
System out line 3374
System out line 3375
System out line 3376
System out line 3377
System out line 3378
System out line 3379
System out line 3380
System out line 3381
System out line 3382
System out line 3383
System out line 3384
System out line 3385
System out line 3386
System out line 3387
System out line 3388
System out line 3389
System out line 3390
System out line 3391
System out line 3392
System out line 3393
System out line 3394
System out line 3395
System out line 3396
System out line 3397
System out line 3398
System out line 3399
System out line 3400
System out line 3401
System out line 3402
System out line 3403
System out line 3404
System out line 3405
System out line 3406
System out line 3407
System out line 3408
System out line 3409
System out line 3410
System out line 3411
System out line 3412
System out line 3413
System out line 3414
System out line 3415
System out line 3416
System out line 3417
System out line 3418
System out line 3419
System out line 3420
System out line 3421
System out line 3422
System out line 3423
System out line 3424
System out line 3425
System out line 3426
System out line 3427
System out line 3428
System out line 3429
System out line 3430
System out line 3431
System out line 3432
System out line 3433
System out line 3434
System out line 3435
System out line 3436
System out line 3437
System out line 3438
System out line 3439
System out line 3440
System out line 3441
System out line 3442
System out line 3443
System out line 3444
System out line 3445
System out line 3446
System out line 3447
System out line 3448
System out line 3449
System out line 3450
System out line 3451
System out line 3452
System out line 3453
System out line 3454
System out line 3455
System out line 3456
System out line 3457
System out line 3458
System out line 3459
System out line 3460
System out line 3461
System out line 3462
System out line 3463
System out line 3464
System out line 3465
System out line 3466
System out line 3467
System out line 3468
System out line 3469
System out line 3470
System out line 3471
System out line 3472
System out line 3473
System out line 3474
System out line 3475
System out line 3476
System out line 3477
System out line 3478
System out line 3479
System out line 3480
System out line 3481
System out line 3482
System out line 3483
System out line 3484
System out line 3485
System out line 3486
System out line 3487
System out line 3488
System out line 3489
System out line 3490
System out line 3491
System out line 3492
System out line 3493
System out line 3494
System out line 3495
System out line 3496
System out line 3497
System out line 3498
System out line 3499
System out line 3500
System out line 3501
System out line 3502
System out line 3503
System out line 3504
System out line 3505
System out line 3506
System out line 3507
System out line 3508
System out line 3509
System out line 3510
System out line 3511
System out line 3512
System out line 3513
System out line 3514
System out line 3515
System out line 3516
System out line 3517
System out line 3518
System out line 3519
System out line 3520
System out line 3521
System out line 3522
System out line 3523
System out line 3524
System out line 3525
System out line 3526
System out line 3527
System out line 3528
System out line 3529
System out line 3530
System out line 3531
System out line 3532
System out line 3533
System out line 3534
System out line 3535
System out line 3536
System out line 3537
System out line 3538
System out line 3539
System out line 3540
System out line 3541
System out line 3542
System out line 3543
System out line 3544
System out line 3545
System out line 3546
System out line 3547
System out line 3548
System out line 3549
System out line 3550
System out line 3551
System out line 3552
System out line 3553
System out line 3554
System out line 3555
System out line 3556
System out line 3557
System out line 3558
System out line 3559
System out line 3560
System out line 3561
System out line 3562
System out line 3563
System out line 3564
System out line 3565
System out line 3566
System out line 3567
System out line 3568
System out line 3569
System out line 3570
System out line 3571
System out line 3572
System out line 3573
System out line 3574
System out line 3575
System out line 3576
System out line 3577
System out line 3578
System out line 3579
System out line 3580
System out line 3581
System out line 3582
System out line 3583
System out line 3584
System out line 3585
System out line 3586
System out line 3587
System out line 3588
System out line 3589
System out line 3590
System out line 3591
System out line 3592
System out line 3593
System out line 3594
System out line 3595
System out line 3596
System out line 3597
System out line 3598
System out line 3599
System out line 3600
System out line 3601
System out line 3602
System out line 3603
System out line 3604
System out line 3605
System out line 3606
System out line 3607
System out line 3608
System out line 3609
System out line 3610
System out line 3611
System out line 3612
System out line 3613
System out line 3614
System out line 3615
System out line 3616
System out line 3617
System out line 3618
System out line 3619
System out line 3620
System out line 3621
System out line 3622
System out line 3623
System out line 3624
System out line 3625
System out line 3626
System out line 3627
System out line 3628
System out line 3629
System out line 3630
System out line 3631
System out line 3632
System out line 3633
System out line 3634
System out line 3635
System out line 3636
System out line 3637
System out line 3638
System out line 3639
System out line 3640
System out line 3641
System out line 3642
System out line 3643
System out line 3644
System out line 3645
System out line 3646
System out line 3647
System out line 3648
System out line 3649
System out line 3650
System out line 3651
System out line 3652
System out line 3653
System out line 3654
System out line 3655
System out line 3656
System out line 3657
System out line 3658
System out line 3659
System out line 3660
System out line 3661
System out line 3662
System out line 3663
System out line 3664
System out line 3665
System out line 3666
System out line 3667
System out line 3668
System out line 3669
System out line 3670
System out line 3671
System out line 3672
System out line 3673
System out line 3674
System out line 3675
System out line 3676
System out line 3677
System out line 3678
System out line 3679
System out line 3680
System out line 3681
System out line 3682
System out line 3683
System out line 3684
System out line 3685
System out line 3686
System out line 3687
System out line 3688
System out line 3689
System out line 3690
System out line 3691
System out line 3692
System out line 3693
System out line 3694
System out line 3695
System out line 3696
System out line 3697
System out line 3698
System out line 3699
System out line 3700
System out line 3701
System out line 3702
System out line 3703
System out line 3704
System out line 3705
System out line 3706
System out line 3707
System out line 3708
System out line 3709
System out line 3710
System out line 3711
System out line 3712
System out line 3713
System out line 3714
System out line 3715
System out line 3716
System out line 3717
System out line 3718
System out line 3719
System out line 3720
System out line 3721
System out line 3722
System out line 3723
System out line 3724
System out line 3725
System out line 3726
System out line 3727
System out line 3728
System out line 3729
System out line 3730
System out line 3731
System out line 3732
System out line 3733
System out line 3734
System out line 3735
System out line 3736
System out line 3737
System out line 3738
System out line 3739
System out line 3740
System out line 3741
System out line 3742
System out line 3743
System out line 3744
System out line 3745
System out line 3746
System out line 3747
System out line 3748
System out line 3749
System out line 3750
System out line 3751
System out line 3752
System out line 3753
System out line 3754
System out line 3755
System out line 3756
System out line 3757
System out line 3758
System out line 3759
System out line 3760
System out line 3761
System out line 3762
System out line 3763
System out line 3764
System out line 3765
System out line 3766
System out line 3767
System out line 3768
System out line 3769
System out line 3770
System out line 3771
System out line 3772
System out line 3773
System out line 3774
System out line 3775
System out line 3776
System out line 3777
System out line 3778
System out line 3779
System out line 3780
System out line 3781
System out line 3782
System out line 3783
System out line 3784
System out line 3785
System out line 3786
System out line 3787
System out line 3788
System out line 3789
System out line 3790
System out line 3791
System out line 3792
System out line 3793
System out line 3794
System out line 3795
System out line 3796
System out line 3797
System out line 3798
System out line 3799
System out line 3800
System out line 3801
System out line 3802
System out line 3803
System out line 3804
System out line 3805
System out line 3806
System out line 3807
System out line 3808
System out line 3809
System out line 3810
System out line 3811
System out line 3812
System out line 3813
System out line 3814
System out line 3815
System out line 3816
System out line 3817
System out line 3818
System out line 3819
System out line 3820
System out line 3821
System out line 3822
System out line 3823
System out line 3824
System out line 3825
System out line 3826
System out line 3827
System out line 3828
System out line 3829
System out line 3830
System out line 3831
System out line 3832
[...]
System err line 9050
System err line 9051
System err line 9052
System err line 9053
System err line 9054
System err line 9055
System err line 9056
System err line 9057
System err line 9058
System err line 9059
System err line 9060
System err line 9061
System err line 9062
System err line 9063
System err line 9064
System err line 9065
System err line 9066
System err line 9067
System err line 9068
System err line 9069
System err line 9070
System err line 9071
System err line 9072
System err line 9073
System err line 9074
System err line 9075
System err line 9076
System err line 9077
System err line 9078
System err line 9079
System err line 9080
System err line 9081
System err line 9082
System err line 9083
System err line 9084
System err line 9085
System err line 9086
System err line 9087
System err line 9088
System err line 9089
System err line 9090
System err line 9091
System err line 9092
System err line 9093
System err line 9094
System err line 9095
System err line 9096
System err line 9097
System err line 9098
System err line 9099
System err line 9100
System err line 9101
System err line 9102
System err line 9103
System err line 9104
System err line 9105
System err line 9106
System err line 9107
System err line 9108
System err line 9109
System err line 9110
System err line 9111
System err line 9112
System err line 9113
System err line 9114
System err line 9115
System err line 9116
System err line 9117
System err line 9118
System err line 9119
System err line 9120
System err line 9121
System err line 9122
System err line 9123
System err line 9124
System err line 9125
System err line 9126
System err line 9127
System err line 9128
System err line 9129
System err line 9130
System err line 9131
System err line 9132
System err line 9133
System err line 9134
System err line 9135
System err line 9136
System err line 9137
System err line 9138
System err line 9139
System err line 9140
System err line 9141
System err line 9142
System err line 9143
System err line 9144
System err line 9145
System err line 9146
System err line 9147
System err line 9148
System err line 9149
System err line 9150
System err line 9151
System err line 9152
System err line 9153
System err line 9154
System err line 9155
System err line 9156
System err line 9157
System err line 9158
System err line 9159
System err line 9160
System err line 9161
System err line 9162
System err line 9163
System err line 9164
System err line 9165
System err line 9166
System err line 9167
System err line 9168
System err line 9169
System err line 9170
System err line 9171
System err line 9172
System err line 9173
System err line 9174
System err line 9175
System err line 9176
System err line 9177
System err line 9178
System err line 9179
System err line 9180
System err line 9181
System err line 9182
System err line 9183
System err line 9184
System err line 9185
System err line 9186
System err line 9187
System err line 9188
System err line 9189
System err line 9190
System err line 9191
System err line 9192
System err line 9193
System err line 9194
System err line 9195
System err line 9196
System err line 9197
System err line 9198
System err line 9199
System err line 9200
System err line 9201
System err line 9202
System err line 9203
System err line 9204
System err line 9205
System err line 9206
System err line 9207
System err line 9208
System err line 9209
System err line 9210
System err line 9211
System err line 9212
System err line 9213
System err line 9214
System err line 9215
System err line 9216
System err line 9217
System err line 9218
System err line 9219
System err line 9220
System err line 9221
System err line 9222
System err line 9223
System err line 9224
System err line 9225
System err line 9226
System err line 9227
System err line 9228
System err line 9229
System err line 9230
System err line 9231
System err line 9232
System err line 9233
System err line 9234
System err line 9235
System err line 9236
System err line 9237
System err line 9238
System err line 9239
System err line 9240
System err line 9241
System err line 9242
System err line 9243
System err line 9244
System err line 9245
System err line 9246
System err line 9247
System err line 9248
System err line 9249
System err line 9250
System err line 9251
System err line 9252
System err line 9253
System err line 9254
System err line 9255
System err line 9256
System err line 9257
System err line 9258
System err line 9259
System err line 9260
System err line 9261
System err line 9262
System err line 9263
System err line 9264
System err line 9265
System err line 9266
System err line 9267
System err line 9268
System err line 9269
System err line 9270
System err line 9271
System err line 9272
System err line 9273
System err line 9274
System err line 9275
System err line 9276
System err line 9277
System err line 9278
System err line 9279
System err line 9280
System err line 9281
System err line 9282
System err line 9283
System err line 9284
System err line 9285
System err line 9286
System err line 9287
System err line 9288
System err line 9289
System err line 9290
System err line 9291
System err line 9292
System err line 9293
System err line 9294
System err line 9295
System err line 9296
System err line 9297
System err line 9298
System err line 9299
System err line 9300
System err line 9301
System err line 9302
System err line 9303
System err line 9304
System err line 9305
System err line 9306
System err line 9307
System err line 9308
System err line 9309
System err line 9310
System err line 9311
System err line 9312
System err line 9313
System err line 9314
System err line 9315
System err line 9316
System err line 9317
System err line 9318
System err line 9319
System err line 9320
System err line 9321
System err line 9322
System err line 9323
System err line 9324
System err line 9325
System err line 9326
System err line 9327
System err line 9328
System err line 9329
System err line 9330
System err line 9331
System err line 9332
System err line 9333
System err line 9334
System err line 9335
System err line 9336
System err line 9337
System err line 9338
System err line 9339
System err line 9340
System err line 9341
System err line 9342
System err line 9343
System err line 9344
System err line 9345
System err line 9346
System err line 9347
System err line 9348
System err line 9349
System err line 9350
System err line 9351
System err line 9352
System err line 9353
System err line 9354
System err line 9355
System err line 9356
System err line 9357
System err line 9358
System err line 9359
System err line 9360
System err line 9361
System err line 9362
System err line 9363
System err line 9364
System err line 9365
System err line 9366
System err line 9367
System err line 9368
System err line 9369
System err line 9370
System err line 9371
System err line 9372
System err line 9373
System err line 9374
System err line 9375
System err line 9376
System err line 9377
System err line 9378
System err line 9379
System err line 9380
System err line 9381
System err line 9382
System err line 9383
System err line 9384
System err line 9385
System err line 9386
System err line 9387
System err line 9388
System err line 9389
System err line 9390
System err line 9391
System err line 9392
System err line 9393
System err line 9394
System err line 9395
System err line 9396
System err line 9397
System err line 9398
System err line 9399
System err line 9400
System err line 9401
System err line 9402
System err line 9403
System err line 9404
System err line 9405
System err line 9406
System err line 9407
System err line 9408
System err line 9409
System err line 9410
System err line 9411
System err line 9412
System err line 9413
System err line 9414
System err line 9415
System err line 9416
System err line 9417
System err line 9418
System err line 9419
System err line 9420
System err line 9421
System err line 9422
System err line 9423
System err line 9424
System err line 9425
System err line 9426
System err line 9427
System err line 9428
System err line 9429
System err line 9430
System err line 9431
System err line 9432
System err line 9433
System err line 9434
System err line 9435
System err line 9436
System err line 9437
System err line 9438
System err line 9439
System err line 9440
System err line 9441
System err line 9442
System err line 9443
System err line 9444
System err line 9445
System err line 9446
System err line 9447
System err line 9448
System err line 9449
System err line 9450
System err line 9451
System err line 9452
System err line 9453
System err line 9454
System err line 9455
System err line 9456
System err line 9457
System err line 9458
System err line 9459
System err line 9460
System err line 9461
System err line 9462
System err line 9463
System err line 9464
System err line 9465
System err line 9466
System err line 9467
System err line 9468
System err line 9469
System err line 9470
System err line 9471
System err line 9472
System err line 9473
System err line 9474
System err line 9475
System err line 9476
System err line 9477
System err line 9478
System err line 9479
System err line 9480
System err line 9481
System err line 9482
System err line 9483
System err line 9484
System err line 9485
System err line 9486
System err line 9487
System err line 9488
System err line 9489
System err line 9490
System err line 9491
System err line 9492
System err line 9493
System err line 9494
System err line 9495
System err line 9496
System err line 9497
System err line 9498
System err line 9499
System err line 9500
System err line 9501
System err line 9502
System err line 9503
System err line 9504
System err line 9505
System err line 9506
System err line 9507
System err line 9508
System err line 9509
System err line 9510
System err line 9511
System err line 9512
System err line 9513
System err line 9514
System err line 9515
System err line 9516
System err line 9517
System err line 9518
System err line 9519
System err line 9520
System err line 9521
System err line 9522
System err line 9523
System err line 9524
System err line 9525
System err line 9526
System err line 9527
System err line 9528
System err line 9529
System err line 9530
System err line 9531
System err line 9532
System err line 9533
System err line 9534
System err line 9535
System err line 9536
System err line 9537
System err line 9538
System err line 9539
System err line 9540
System err line 9541
System err line 9542
System err line 9543
System err line 9544
System err line 9545
System err line 9546
System err line 9547
System err line 9548
System err line 9549
System err line 9550
System err line 9551
System err line 9552
System err line 9553
System err line 9554
System err line 9555
System err line 9556
System err line 9557
System err line 9558
System err line 9559
System err line 9560
System err line 9561
System err line 9562
System err line 9563
System err line 9564
System err line 9565
System err line 9566
System err line 9567
System err line 9568
System err line 9569
System err line 9570
System err line 9571
System err line 9572
System err line 9573
System err line 9574
System err line 9575
System err line 9576
System err line 9577
System err line 9578
System err line 9579
System err line 9580
System err line 9581
System err line 9582
System err line 9583
System err line 9584
System err line 9585
System err line 9586
System err line 9587
System err line 9588
System err line 9589
System err line 9590
System err line 9591
System err line 9592
System err line 9593
System err line 9594
System err line 9595
System err line 9596
System err line 9597
System err line 9598
System err line 9599
System err line 9600
System err line 9601
System err line 9602
System err line 9603
System err line 9604
System err line 9605
System err line 9606
System err line 9607
System err line 9608
System err line 9609
System err line 9610
System err line 9611
System err line 9612
System err line 9613
System err line 9614
System err line 9615
System err line 9616
System err line 9617
System err line 9618
System err line 9619
System err line 9620
System err line 9621
System err line 9622
System err line 9623
System err line 9624
System err line 9625
System err line 9626
System err line 9627
System err line 9628
System err line 9629
System err line 9630
System err line 9631
System err line 9632
System err line 9633
System err line 9634
System err line 9635
System err line 9636
System err line 9637
System err line 9638
System err line 9639
System err line 9640
System err line 9641
System err line 9642
System err line 9643
System err line 9644
System err line 9645
System err line 9646
System err line 9647
System err line 9648
System err line 9649
System err line 9650
System err line 9651
System err line 9652
System err line 9653
System err line 9654
System err line 9655
System err line 9656
System err line 9657
System err line 9658
System err line 9659
System err line 9660
System err line 9661
System err line 9662
System err line 9663
System err line 9664
System err line 9665
System err line 9666
System err line 9667
System err line 9668
System err line 9669
System err line 9670
System err line 9671
System err line 9672
System err line 9673
System err line 9674
System err line 9675
System err line 9676
System err line 9677
System err line 9678
System err line 9679
System err line 9680
System err line 9681
System err line 9682
System err line 9683
System err line 9684
System err line 9685
System err line 9686
System err line 9687
System err line 9688
System err line 9689
System err line 9690
System err line 9691
System err line 9692
System err line 9693
System err line 9694
System err line 9695
System err line 9696
System err line 9697
System err line 9698
System err line 9699
System err line 9700
System err line 9701
System err line 9702
System err line 9703
System err line 9704
System err line 9705
System err line 9706
System err line 9707
System err line 9708
System err line 9709
System err line 9710
System err line 9711
System err line 9712
System err line 9713
System err line 9714
System err line 9715
System err line 9716
System err line 9717
System err line 9718
System err line 9719
System err line 9720
System err line 9721
System err line 9722
System err line 9723
System err line 9724
System err line 9725
System err line 9726
System err line 9727
System err line 9728
System err line 9729
System err line 9730
System err line 9731
System err line 9732
System err line 9733
System err line 9734
System err line 9735
System err line 9736
System err line 9737
System err line 9738
System err line 9739
System err line 9740
System err line 9741
System err line 9742
System err line 9743
System err line 9744
System err line 9745
System err line 9746
System err line 9747
System err line 9748
System err line 9749
System err line 9750
System err line 9751
System err line 9752
System err line 9753
System err line 9754
System err line 9755
System err line 9756
System err line 9757
System err line 9758
System err line 9759
System err line 9760
System err line 9761
System err line 9762
System err line 9763
System err line 9764
System err line 9765
System err line 9766
System err line 9767
System err line 9768
System err line 9769
System err line 9770
System err line 9771
System err line 9772
System err line 9773
System err line 9774
System err line 9775
System err line 9776
System err line 9777
System err line 9778
System err line 9779
System err line 9780
System err line 9781
System err line 9782
System err line 9783
System err line 9784
System err line 9785
System err line 9786
System err line 9787
System err line 9788
System err line 9789
System err line 9790
System err line 9791
System err line 9792
System err line 9793
System err line 9794
System err line 9795
System err line 9796
System err line 9797
System err line 9798
System err line 9799
System err line 9800
System err line 9801
System err line 9802
System err line 9803
System err line 9804
System err line 9805
System err line 9806
System err line 9807
System err line 9808
System err line 9809
System err line 9810
System err line 9811
System err line 9812
System err line 9813
System err line 9814
System err line 9815
System err line 9816
System err line 9817
System err line 9818
System err line 9819
System err line 9820
System err line 9821
System err line 9822
System err line 9823
System err line 9824
System err line 9825
System err line 9826
System err line 9827
System err line 9828
System err line 9829
System err line 9830
System err line 9831
System err line 9832
System err line 9833
System err line 9834
System err line 9835
System err line 9836
System err line 9837
System err line 9838
System err line 9839
System err line 9840
System err line 9841
System err line 9842
System err line 9843
System err line 9844
System err line 9845
System err line 9846
System err line 9847
System err line 9848
System err line 9849
System err line 9850
System err line 9851
System err line 9852
System err line 9853
System err line 9854
System err line 9855
System err line 9856
System err line 9857
System err line 9858
System err line 9859
System err line 9860
System err line 9861
System err line 9862
System err line 9863
System err line 9864
System err line 9865
System err line 9866
System err line 9867
System err line 9868
System err line 9869
System err line 9870
System err line 9871
System err line 9872
System err line 9873
System err line 9874
System err line 9875
System err line 9876
System err line 9877
System err line 9878
System err line 9879
System err line 9880
System err line 9881
System err line 9882
System err line 9883
System err line 9884
System err line 9885
System err line 9886
System err line 9887
System err line 9888
System err line 9889
System err line 9890
System err line 9891
System err line 9892
System err line 9893
System err line 9894
System err line 9895
System err line 9896
System err line 9897
System err line 9898
System err line 9899
System err line 9900
System err line 9901
System err line 9902
System err line 9903
System err line 9904
System err line 9905
System err line 9906
System err line 9907
System err line 9908
System err line 9909
System err line 9910
System err line 9911
System err line 9912
System err line 9913
System err line 9914
System err line 9915
System err line 9916
System err line 9917
System err line 9918
System err line 9919
System err line 9920
System err line 9921
System err line 9922
System err line 9923
System err line 9924
System err line 9925
System err line 9926
System err line 9927
System err line 9928
System err line 9929
System err line 9930
System err line 9931
System err line 9932
System err line 9933
System err line 9934
System err line 9935
System err line 9936
System err line 9937
System err line 9938
System err line 9939
System err line 9940
System err line 9941
System err line 9942
System err line 9943
System err line 9944
System err line 9945
System err line 9946
System err line 9947
System err line 9948
System err line 9949
System err line 9950
System err line 9951
System err line 9952
System err line 9953
System err line 9954
System err line 9955
System err line 9956
System err line 9957
System err line 9958
System err line 9959
System err line 9960
System err line 9961
System err line 9962
System err line 9963
System err line 9964
System err line 9965
System err line 9966
System err line 9967
System err line 9968
System err line 9969
System err line 9970
System err line 9971
System err line 9972
System err line 9973
System err line 9974
System err line 9975
System err line 9976
System err line 9977
System err line 9978
System err line 9979
System err line 9980
System err line 9981
System err line 9982
System err line 9983
System err line 9984
System err line 9985
System err line 9986
System err line 9987
System err line 9988
System err line 9989
System err line 9990
System err line 9991
System err line 9992
System err line 9993
System err line 9994
System err line 9995
System err line 9996
System err line 9997
System err line 9998
System err line 9999
]]></system-err>
</testsuite>
