<?xml version="1.0" encoding="UTF-8"?>
<coverage generated="1712315323674" clover="3.2.0">
    <project timestamp="1712315323674" name="All files">
        <metrics statements="44" coveredstatements="44" conditionals="24" coveredconditionals="24" methods="2" coveredmethods="2" elements="70" coveredelements="70" complexity="0" loc="44" ncloc="44" packages="1" files="1" classes="1"/>
        <file name="projektor-action.js" path="/home/runner/work/projektor-action/projektor-action/projektor-action.js">
            <metrics statements="44" coveredstatements="44" conditionals="24" coveredconditionals="24" methods="2" coveredmethods="2"/>
            <line num="1" count="2" type="stmt"/>
            <line num="2" count="2" type="stmt"/>
            <line num="4" count="2" type="stmt"/>
            <line num="15" count="12" type="cond" truecount="2" falsecount="0"/>
            <line num="16" count="12" type="cond" truecount="2" falsecount="0"/>
            <line num="17" count="12" type="cond" truecount="2" falsecount="0"/>
            <line num="18" count="12" type="cond" truecount="2" falsecount="0"/>
            <line num="20" count="12" type="stmt"/>
            <line num="22" count="12" type="cond" truecount="2" falsecount="0"/>
            <line num="23" count="2" type="stmt"/>
            <line num="26" count="12" type="cond" truecount="2" falsecount="0"/>
            <line num="27" count="10" type="stmt"/>
            <line num="30" count="12" type="cond" truecount="2" falsecount="0"/>
            <line num="31" count="9" type="stmt"/>
            <line num="34" count="12" type="cond" truecount="2" falsecount="0"/>
            <line num="35" count="2" type="stmt"/>
            <line num="38" count="12" type="cond" truecount="2" falsecount="0"/>
            <line num="39" count="2" type="stmt"/>
            <line num="42" count="12" type="cond" truecount="2" falsecount="0"/>
            <line num="43" count="1" type="stmt"/>
            <line num="46" count="12" type="cond" truecount="2" falsecount="0"/>
            <line num="47" count="1" type="stmt"/>
            <line num="50" count="12" type="stmt"/>
            <line num="52" count="12" type="stmt"/>
            <line num="54" count="7" type="stmt"/>
            <line num="57" count="2" type="stmt"/>
            <line num="58" count="8" type="stmt"/>
            <line num="59" count="8" type="stmt"/>
            <line num="61" count="7" type="cond" truecount="2" falsecount="0"/>
            <line num="62" count="1" type="stmt"/>
            <line num="63" count="1" type="stmt"/>
            <line num="65" count="6" type="stmt"/>
            <line num="66" count="6" type="stmt"/>
            <line num="67" count="6" type="stmt"/>
            <line num="68" count="6" type="stmt"/>
            <line num="69" count="6" type="stmt"/>
            <line num="70" count="6" type="stmt"/>
            <line num="71" count="6" type="stmt"/>
            <line num="73" count="6" type="stmt"/>
            <line num="74" count="6" type="stmt"/>
            <line num="76" count="6" type="stmt"/>
            <line num="88" count="1" type="stmt"/>
            <line num="91" count="6" type="stmt"/>
            <line num="95" count="2" type="stmt"/>
        </file>
    </project>
</coverage>