<?xml version="1.0" encoding="UTF-8" standalone="yes"?><!DOCTYPE report PUBLIC "-//JACOCO//DTD Report 1.1//EN"
        "report.dtd">
<report name="server-app">
    <sessioninfo id="DESKTOP-F2BATC0-e71264ca" start="1596913891985" dump="1596913933055"/>
    <package name="cleanup">
        <class name="cleanup/CleanupScheduledJob$Companion" sourcefilename="CleanupScheduledJob.kt">
            <method name="conditionallyStartCleanupScheduledJob"
                    desc="(Lcleanup/CleanupConfig;Lcleanup/CleanupService;Lschedule/Scheduler;)V"
                    line="27">
                <counter type="INSTRUCTION" missed="0" covered="33"/>
                <counter type="BRANCH" missed="0" covered="2"/>
                <counter type="LINE" missed="0" covered="8"/>
                <counter type="COMPLEXITY" missed="0" covered="2"/>
                <counter type="METHOD" missed="0" covered="1"/>
            </method>
            <counter type="INSTRUCTION" missed="0" covered="33"/>
            <counter type="BRANCH" missed="0" covered="2"/>
            <counter type="LINE" missed="0" covered="8"/>
            <counter type="COMPLEXITY" missed="0" covered="2"/>
            <counter type="METHOD" missed="0" covered="1"/>
            <counter type="CLASS" missed="0" covered="1"/>
        </class>
        <class name="cleanup/CleanupScheduledJob$run$1" sourcefilename="CleanupScheduledJob.kt">
            <method name="invokeSuspend" desc="(Ljava/lang/Object;)Ljava/lang/Object;" line="18">
                <counter type="INSTRUCTION" missed="15" covered="0"/>
                <counter type="LINE" missed="1" covered="0"/>
                <counter type="COMPLEXITY" missed="1" covered="0"/>
                <counter type="METHOD" missed="1" covered="0"/>
            </method>
            <counter type="INSTRUCTION" missed="15" covered="0"/>
            <counter type="LINE" missed="1" covered="0"/>
            <counter type="COMPLEXITY" missed="1" covered="0"/>
            <counter type="METHOD" missed="1" covered="0"/>
            <counter type="CLASS" missed="1" covered="0"/>
        </class>
        <class name="cleanup/CleanupScheduledJob" sourcefilename="CleanupScheduledJob.kt">
            <method name="run" desc="()V" line="16">
                <counter type="INSTRUCTION" missed="20" covered="0"/>
                <counter type="LINE" missed="4" covered="0"/>
                <counter type="COMPLEXITY" missed="1" covered="0"/>
                <counter type="METHOD" missed="1" covered="0"/>
            </method>
            <method name="&lt;init&gt;" desc="(Lcleanup/CleanupService;)V" line="12">
                <counter type="INSTRUCTION" missed="0" covered="15"/>
                <counter type="LINE" missed="0" covered="2"/>
                <counter type="COMPLEXITY" missed="0" covered="1"/>
                <counter type="METHOD" missed="0" covered="1"/>
            </method>
            <counter type="INSTRUCTION" missed="20" covered="15"/>
            <counter type="LINE" missed="4" covered="2"/>
            <counter type="COMPLEXITY" missed="1" covered="1"/>
            <counter type="METHOD" missed="1" covered="1"/>
            <counter type="CLASS" missed="0" covered="1"/>
        </class>
        <class name="cleanup/CleanupService$conditionallyCleanupTestRun$1"
               sourcefilename="CleanupService.kt"/>
        <class name="cleanup/CleanupService$cleanupTestRun$1" sourcefilename="CleanupService.kt"/>
        <class name="cleanup/CleanupService$conditionallyExecuteCleanup$1"
               sourcefilename="CleanupService.kt"/>
        <class name="cleanup/CleanupConfig" sourcefilename="CleanupConfig.kt">
            <method name="getEnabled" desc="()Z" line="7">
                <counter type="INSTRUCTION" missed="0" covered="3"/>
                <counter type="LINE" missed="0" covered="1"/>
                <counter type="COMPLEXITY" missed="0" covered="1"/>
                <counter type="METHOD" missed="0" covered="1"/>
            </method>
            <method name="getMaxReportAgeDays" desc="()Ljava/lang/Integer;" line="7">
                <counter type="INSTRUCTION" missed="0" covered="3"/>
                <counter type="LINE" missed="0" covered="1"/>
                <counter type="COMPLEXITY" missed="0" covered="1"/>
                <counter type="METHOD" missed="0" covered="1"/>
            </method>
            <method name="getDryRun" desc="()Z" line="7">
                <counter type="INSTRUCTION" missed="0" covered="3"/>
                <counter type="LINE" missed="0" covered="1"/>
                <counter type="COMPLEXITY" missed="0" covered="1"/>
                <counter type="METHOD" missed="0" covered="1"/>
            </method>
            <method name="&lt;init&gt;" desc="(ZLjava/lang/Integer;Z)V" line="7">
                <counter type="INSTRUCTION" missed="0" covered="12"/>
                <counter type="LINE" missed="0" covered="1"/>
                <counter type="COMPLEXITY" missed="0" covered="1"/>
                <counter type="METHOD" missed="0" covered="1"/>
            </method>
            <counter type="INSTRUCTION" missed="0" covered="21"/>
            <counter type="LINE" missed="0" covered="1"/>
            <counter type="COMPLEXITY" missed="0" covered="4"/>
            <counter type="METHOD" missed="0" covered="4"/>
            <counter type="CLASS" missed="0" covered="1"/>
        </class>
        <class name="cleanup/CleanupService" sourcefilename="CleanupService.kt">
            <method name="conditionallyExecuteCleanup" desc="(Lkotlin/coroutines/Continuation;)Ljava/lang/Object;"
                    line="22">
                <counter type="INSTRUCTION" missed="2" covered="132"/>
                <counter type="BRANCH" missed="3" covered="5"/>
                <counter type="LINE" missed="0" covered="12"/>
                <counter type="COMPLEXITY" missed="3" covered="2"/>
                <counter type="METHOD" missed="0" covered="1"/>
            </method>
            <method name="cleanupTestRun"
                    desc="(Lserver/api/PublicId;Lkotlin/coroutines/Continuation;)Ljava/lang/Object;"
                    line="43">
                <counter type="INSTRUCTION" missed="0" covered="54"/>
                <counter type="BRANCH" missed="0" covered="2"/>
                <counter type="LINE" missed="0" covered="4"/>
                <counter type="COMPLEXITY" missed="0" covered="2"/>
                <counter type="METHOD" missed="0" covered="1"/>
            </method>
            <method name="conditionallyCleanupTestRun"
                    desc="(Lserver/api/PublicId;Lcleanup/CleanupConfig;Lkotlin/coroutines/Continuation;)Ljava/lang/Object;"
                    line="51">
                <counter type="INSTRUCTION" missed="16" covered="40"/>
                <counter type="BRANCH" missed="0" covered="2"/>
                <counter type="LINE" missed="3" covered="6"/>
                <counter type="COMPLEXITY" missed="0" covered="2"/>
                <counter type="METHOD" missed="0" covered="1"/>
            </method>
            <method name="&lt;init&gt;"
                    desc="(Lcleanup/CleanupConfig;Ltestrun/TestRunRepository;Lincomingresults/processing/ResultsProcessingRepository;Lattachment/AttachmentService;)V"
                    line="14">
                <counter type="INSTRUCTION" missed="0" covered="30"/>
                <counter type="LINE" missed="0" covered="2"/>
                <counter type="COMPLEXITY" missed="0" covered="1"/>
                <counter type="METHOD" missed="0" covered="1"/>
            </method>
            <counter type="INSTRUCTION" missed="18" covered="256"/>
            <counter type="BRANCH" missed="3" covered="9"/>
            <counter type="LINE" missed="3" covered="24"/>
            <counter type="COMPLEXITY" missed="3" covered="7"/>
            <counter type="METHOD" missed="0" covered="4"/>
            <counter type="CLASS" missed="0" covered="1"/>
        </class>
        <class name="cleanup/CleanupConfig$Companion" sourcefilename="CleanupConfig.kt">
            <method name="createCleanupConfig"
                    desc="(Lio/ktor/config/ApplicationConfig;)Lcleanup/CleanupConfig;" line="10">
                <counter type="INSTRUCTION" missed="9" covered="43"/>
                <counter type="BRANCH" missed="5" covered="7"/>
                <counter type="LINE" missed="0" covered="6"/>
                <counter type="COMPLEXITY" missed="4" covered="3"/>
                <counter type="METHOD" missed="0" covered="1"/>
            </method>
            <counter type="INSTRUCTION" missed="9" covered="43"/>
            <counter type="BRANCH" missed="5" covered="7"/>
            <counter type="LINE" missed="0" covered="6"/>
            <counter type="COMPLEXITY" missed="4" covered="3"/>
            <counter type="METHOD" missed="0" covered="1"/>
            <counter type="CLASS" missed="0" covered="1"/>
        </class>
        <sourcefile name="CleanupConfig.kt">
            <line nr="7" mi="0" ci="21" mb="0" cb="0"/>
            <line nr="10" mi="0" ci="18" mb="1" cb="3"/>
            <line nr="11" mi="9" ci="8" mb="3" cb="1"/>
            <line nr="13" mi="0" ci="4" mb="0" cb="0"/>
            <line nr="14" mi="0" ci="8" mb="1" cb="3"/>
            <line nr="15" mi="0" ci="1" mb="0" cb="0"/>
            <line nr="16" mi="0" ci="1" mb="0" cb="0"/>
            <counter type="INSTRUCTION" missed="9" covered="64"/>
            <counter type="BRANCH" missed="5" covered="7"/>
            <counter type="LINE" missed="0" covered="7"/>
            <counter type="COMPLEXITY" missed="4" covered="7"/>
            <counter type="METHOD" missed="0" covered="5"/>
            <counter type="CLASS" missed="0" covered="2"/>
        </sourcefile>
        <sourcefile name="CleanupService.kt">
            <line nr="14" mi="0" ci="14" mb="0" cb="0"/>
            <line nr="20" mi="0" ci="7" mb="0" cb="0"/>
            <line nr="22" mi="0" ci="2" mb="0" cb="0"/>
            <line nr="23" mi="0" ci="4" mb="0" cb="2"/>
            <line nr="24" mi="2" ci="13" mb="2" cb="2"/>
            <line nr="26" mi="0" ci="4" mb="0" cb="0"/>
            <line nr="27" mi="0" ci="20" mb="0" cb="0"/>
            <line nr="29" mi="0" ci="6" mb="0" cb="0"/>
            <line nr="30" mi="0" ci="57" mb="1" cb="1"/>
            <line nr="33" mi="0" ci="16" mb="0" cb="0"/>
            <line nr="35" mi="0" ci="2" mb="0" cb="0"/>
            <line nr="37" mi="0" ci="4" mb="0" cb="0"/>
            <line nr="39" mi="0" ci="3" mb="0" cb="0"/>
            <line nr="40" mi="0" ci="1" mb="0" cb="0"/>
            <line nr="43" mi="0" ci="14" mb="0" cb="0"/>
            <line nr="45" mi="0" ci="22" mb="0" cb="2"/>
            <line nr="47" mi="0" ci="15" mb="0" cb="0"/>
            <line nr="48" mi="0" ci="3" mb="0" cb="0"/>
            <line nr="51" mi="0" ci="2" mb="0" cb="0"/>
            <line nr="52" mi="0" ci="3" mb="0" cb="2"/>
            <line nr="53" mi="0" ci="18" mb="0" cb="0"/>
            <line nr="55" mi="0" ci="13" mb="0" cb="0"/>
            <line nr="57" mi="0" ci="3" mb="0" cb="0"/>
            <line nr="58" mi="1" ci="0" mb="0" cb="0"/>
            <line nr="59" mi="13" ci="0" mb="0" cb="0"/>
            <line nr="60" mi="2" ci="0" mb="0" cb="0"/>
            <line nr="61" mi="0" ci="1" mb="0" cb="0"/>
            <counter type="INSTRUCTION" missed="18" covered="256"/>
            <counter type="BRANCH" missed="3" covered="9"/>
            <counter type="LINE" missed="3" covered="24"/>
            <counter type="COMPLEXITY" missed="3" covered="7"/>
            <counter type="METHOD" missed="0" covered="4"/>
            <counter type="CLASS" missed="0" covered="1"/>
        </sourcefile>
        <sourcefile name="CleanupScheduledJob.kt">
            <line nr="12" mi="0" ci="5" mb="0" cb="0"/>
            <line nr="13" mi="0" ci="7" mb="0" cb="0"/>
            <line nr="16" mi="4" ci="0" mb="0" cb="0"/>
            <line nr="18" mi="26" ci="0" mb="0" cb="0"/>
            <line nr="20" mi="4" ci="0" mb="0" cb="0"/>
            <line nr="21" mi="1" ci="0" mb="0" cb="0"/>
            <line nr="27" mi="0" ci="3" mb="0" cb="2"/>
            <line nr="28" mi="0" ci="5" mb="0" cb="0"/>
            <line nr="29" mi="0" ci="4" mb="0" cb="0"/>
            <line nr="30" mi="0" ci="1" mb="0" cb="0"/>
            <line nr="31" mi="0" ci="2" mb="0" cb="0"/>
            <line nr="32" mi="0" ci="5" mb="0" cb="0"/>
            <line nr="35" mi="0" ci="3" mb="0" cb="0"/>
            <line nr="37" mi="0" ci="1" mb="0" cb="0"/>
            <counter type="INSTRUCTION" missed="35" covered="48"/>
            <counter type="BRANCH" missed="0" covered="2"/>
            <counter type="LINE" missed="4" covered="10"/>
            <counter type="COMPLEXITY" missed="2" covered="3"/>
            <counter type="METHOD" missed="2" covered="2"/>
            <counter type="CLASS" missed="1" covered="2"/>
        </sourcefile>
        <counter type="INSTRUCTION" missed="62" covered="368"/>
        <counter type="BRANCH" missed="8" covered="18"/>
        <counter type="LINE" missed="7" covered="41"/>
        <counter type="COMPLEXITY" missed="9" covered="17"/>
        <counter type="METHOD" missed="2" covered="11"/>
        <counter type="CLASS" missed="1" covered="5"/>
    </package>
    <package name="util">
        <class name="util/GzipUtilKt" sourcefilename="GzipUtil.kt">
            <method name="gzip" desc="(Ljava/lang/String;)[B" line="8">
                <counter type="INSTRUCTION" missed="8" covered="68"/>
                <counter type="BRANCH" missed="1" covered="1"/>
                <counter type="LINE" missed="0" covered="3"/>
                <counter type="COMPLEXITY" missed="1" covered="1"/>
                <counter type="METHOD" missed="0" covered="1"/>
            </method>
            <method name="ungzip" desc="([B)Ljava/lang/String;" line="14">
                <counter type="INSTRUCTION" missed="8" covered="71"/>
                <counter type="BRANCH" missed="1" covered="1"/>
                <counter type="LINE" missed="0" covered="1"/>
                <counter type="COMPLEXITY" missed="1" covered="1"/>
                <counter type="METHOD" missed="0" covered="1"/>
            </method>
            <counter type="INSTRUCTION" missed="16" covered="139"/>
            <counter type="BRANCH" missed="2" covered="2"/>
            <counter type="LINE" missed="0" covered="4"/>
            <counter type="COMPLEXITY" missed="2" covered="2"/>
            <counter type="METHOD" missed="0" covered="2"/>
            <counter type="CLASS" missed="0" covered="1"/>
        </class>
        <class name="util/JooqUtilKt" sourcefilename="JooqUtil.kt">
            <method name="addPrefixToFields" desc="(Ljava/lang/String;Ljava/util/List;)Ljava/util/List;" line="6">
                <counter type="INSTRUCTION" missed="0" covered="27"/>
                <counter type="LINE" missed="0" covered="1"/>
                <counter type="COMPLEXITY" missed="0" covered="1"/>
                <counter type="METHOD" missed="0" covered="1"/>
            </method>
            <counter type="INSTRUCTION" missed="0" covered="27"/>
            <counter type="LINE" missed="0" covered="1"/>
            <counter type="COMPLEXITY" missed="0" covered="1"/>
            <counter type="METHOD" missed="0" covered="1"/>
            <counter type="CLASS" missed="0" covered="1"/>
        </class>
        <sourcefile name="JooqUtil.kt">
            <line nr="6" mi="0" ci="21" mb="0" cb="0"/>
            <counter type="INSTRUCTION" missed="0" covered="27"/>
            <counter type="LINE" missed="0" covered="1"/>
            <counter type="COMPLEXITY" missed="0" covered="1"/>
            <counter type="METHOD" missed="0" covered="1"/>
            <counter type="CLASS" missed="0" covered="1"/>
        </sourcefile>
        <sourcefile name="GzipUtil.kt">
            <line nr="8" mi="0" ci="4" mb="0" cb="0"/>
            <line nr="9" mi="8" ci="55" mb="1" cb="1"/>
            <line nr="10" mi="0" ci="6" mb="0" cb="0"/>
            <line nr="14" mi="8" ci="68" mb="1" cb="1"/>
            <counter type="INSTRUCTION" missed="16" covered="139"/>
            <counter type="BRANCH" missed="2" covered="2"/>
            <counter type="LINE" missed="0" covered="4"/>
            <counter type="COMPLEXITY" missed="2" covered="2"/>
            <counter type="METHOD" missed="0" covered="2"/>
            <counter type="CLASS" missed="0" covered="1"/>
        </sourcefile>
        <counter type="INSTRUCTION" missed="16" covered="166"/>
        <counter type="BRANCH" missed="2" covered="2"/>
        <counter type="LINE" missed="0" covered="5"/>
        <counter type="COMPLEXITY" missed="2" covered="3"/>
        <counter type="METHOD" missed="0" covered="3"/>
        <counter type="CLASS" missed="0" covered="2"/>
    </package>
    <package name="testsuite">
        <class name="testsuite/TestSuiteDatabaseRepository" sourcefilename="TestSuiteDatabaseRepository.kt">
            <method name="fetchTestSuite"
                    desc="(Lserver/api/PublicId;ILkotlin/coroutines/Continuation;)Ljava/lang/Object;"
                    line="22">
                <counter type="INSTRUCTION" missed="0" covered="13"/>
                <counter type="LINE" missed="0" covered="2"/>
                <counter type="COMPLEXITY" missed="0" covered="1"/>
                <counter type="METHOD" missed="0" covered="1"/>
            </method>
            <method name="fetchTestSuites"
                    desc="(Lserver/api/PublicId;Ltestsuite/TestSuiteSearchCriteria;Lkotlin/coroutines/Continuation;)Ljava/lang/Object;"
                    line="46">
                <counter type="INSTRUCTION" missed="0" covered="28"/>
                <counter type="LINE" missed="0" covered="2"/>
                <counter type="COMPLEXITY" missed="0" covered="1"/>
                <counter type="METHOD" missed="0" covered="1"/>
            </method>
            <method name="fetchTestSuiteSystemErr"
                    desc="(Lserver/api/PublicId;ILkotlin/coroutines/Continuation;)Ljava/lang/Object;"
                    line="68">
                <counter type="INSTRUCTION" missed="0" covered="11"/>
                <counter type="LINE" missed="0" covered="1"/>
                <counter type="COMPLEXITY" missed="0" covered="1"/>
                <counter type="METHOD" missed="0" covered="1"/>
            </method>
            <method name="fetchTestSuiteSystemOut"
                    desc="(Lserver/api/PublicId;ILkotlin/coroutines/Continuation;)Ljava/lang/Object;"
                    line="71">
                <counter type="INSTRUCTION" missed="0" covered="11"/>
                <counter type="LINE" missed="0" covered="1"/>
                <counter type="COMPLEXITY" missed="0" covered="1"/>
                <counter type="METHOD" missed="0" covered="1"/>
            </method>
            <method name="fetchTestSuiteOutputField"
                    desc="(Lserver/api/PublicId;ILorg/jooq/TableField;Lkotlin/coroutines/Continuation;)Ljava/lang/Object;"
                    line="74">
                <counter type="INSTRUCTION" missed="0" covered="14"/>
                <counter type="LINE" missed="0" covered="2"/>
                <counter type="COMPLEXITY" missed="0" covered="1"/>
                <counter type="METHOD" missed="0" covered="1"/>
            </method>
            <method name="&lt;init&gt;" desc="(Lorg/jooq/DSLContext;)V" line="15">
                <counter type="INSTRUCTION" missed="0" covered="32"/>
                <counter type="LINE" missed="0" covered="5"/>
                <counter type="COMPLEXITY" missed="0" covered="1"/>
                <counter type="METHOD" missed="0" covered="1"/>
            </method>
            <counter type="INSTRUCTION" missed="0" covered="109"/>
            <counter type="LINE" missed="0" covered="13"/>
            <counter type="COMPLEXITY" missed="0" covered="6"/>
            <counter type="METHOD" missed="0" covered="6"/>
            <counter type="CLASS" missed="0" covered="1"/>
        </class>
        <class name="testsuite/TestSuiteDatabaseRepository$fetchTestSuite$2"
               sourcefilename="TestSuiteDatabaseRepository.kt">
            <method name="invokeSuspend" desc="(Ljava/lang/Object;)Ljava/lang/Object;" line="22">
                <counter type="INSTRUCTION" missed="5" covered="148"/>
                <counter type="LINE" missed="0" covered="18"/>
                <counter type="COMPLEXITY" missed="0" covered="1"/>
                <counter type="METHOD" missed="0" covered="1"/>
            </method>
            <counter type="INSTRUCTION" missed="5" covered="148"/>
            <counter type="LINE" missed="0" covered="18"/>
            <counter type="COMPLEXITY" missed="0" covered="1"/>
            <counter type="METHOD" missed="0" covered="1"/>
            <counter type="CLASS" missed="0" covered="1"/>
        </class>
        <class name="testsuite/TestSuiteService" sourcefilename="TestSuiteService.kt">
            <method name="fetchTestSuite"
                    desc="(Lserver/api/PublicId;ILkotlin/coroutines/Continuation;)Ljava/lang/Object;"
                    line="9">
                <counter type="INSTRUCTION" missed="0" covered="7"/>
                <counter type="LINE" missed="0" covered="1"/>
                <counter type="COMPLEXITY" missed="0" covered="1"/>
                <counter type="METHOD" missed="0" covered="1"/>
            </method>
            <method name="fetchTestSuites"
                    desc="(Lserver/api/PublicId;Ltestsuite/TestSuiteSearchCriteria;Lkotlin/coroutines/Continuation;)Ljava/lang/Object;"
                    line="12">
                <counter type="INSTRUCTION" missed="0" covered="7"/>
                <counter type="LINE" missed="0" covered="1"/>
                <counter type="COMPLEXITY" missed="0" covered="1"/>
                <counter type="METHOD" missed="0" covered="1"/>
            </method>
            <method name="fetchTestSuiteSystemErr"
                    desc="(Lserver/api/PublicId;ILkotlin/coroutines/Continuation;)Ljava/lang/Object;"
                    line="15">
                <counter type="INSTRUCTION" missed="0" covered="7"/>
                <counter type="LINE" missed="0" covered="1"/>
                <counter type="COMPLEXITY" missed="0" covered="1"/>
                <counter type="METHOD" missed="0" covered="1"/>
            </method>
            <method name="fetchTestSuiteSystemOut"
                    desc="(Lserver/api/PublicId;ILkotlin/coroutines/Continuation;)Ljava/lang/Object;"
                    line="18">
                <counter type="INSTRUCTION" missed="0" covered="7"/>
                <counter type="LINE" missed="0" covered="1"/>
                <counter type="COMPLEXITY" missed="0" covered="1"/>
                <counter type="METHOD" missed="0" covered="1"/>
            </method>
            <method name="&lt;init&gt;" desc="(Ltestsuite/TestSuiteRepository;)V" line="7">
                <counter type="INSTRUCTION" missed="0" covered="9"/>
                <counter type="LINE" missed="0" covered="1"/>
                <counter type="COMPLEXITY" missed="0" covered="1"/>
                <counter type="METHOD" missed="0" covered="1"/>
            </method>
            <counter type="INSTRUCTION" missed="0" covered="37"/>
            <counter type="LINE" missed="0" covered="5"/>
            <counter type="COMPLEXITY" missed="0" covered="5"/>
            <counter type="METHOD" missed="0" covered="5"/>
            <counter type="CLASS" missed="0" covered="1"/>
        </class>
        <class name="testsuite/TestSuiteDatabaseRepository$fetchTestSuites$2"
               sourcefilename="TestSuiteDatabaseRepository.kt">
            <method name="invokeSuspend" desc="(Ljava/lang/Object;)Ljava/lang/Object;" line="46">
                <counter type="INSTRUCTION" missed="8" covered="65"/>
                <counter type="BRANCH" missed="2" covered="2"/>
                <counter type="LINE" missed="1" covered="12"/>
                <counter type="COMPLEXITY" missed="2" covered="1"/>
                <counter type="METHOD" missed="0" covered="1"/>
            </method>
            <counter type="INSTRUCTION" missed="8" covered="65"/>
            <counter type="BRANCH" missed="2" covered="2"/>
            <counter type="LINE" missed="1" covered="12"/>
            <counter type="COMPLEXITY" missed="2" covered="1"/>
            <counter type="METHOD" missed="0" covered="1"/>
            <counter type="CLASS" missed="0" covered="1"/>
        </class>
        <class name="testsuite/TestSuiteDatabaseRepository$fetchTestSuites$1"
               sourcefilename="TestSuiteDatabaseRepository.kt"/>
        <class name="testsuite/TestSuiteSearchCriteria" sourcefilename="TestSuiteSearchCriteria.kt">
            <method name="getPackageName" desc="()Ljava/lang/String;" line="3">
                <counter type="INSTRUCTION" missed="0" covered="3"/>
                <counter type="LINE" missed="0" covered="1"/>
                <counter type="COMPLEXITY" missed="0" covered="1"/>
                <counter type="METHOD" missed="0" covered="1"/>
            </method>
            <method name="getFailedOnly" desc="()Z" line="3">
                <counter type="INSTRUCTION" missed="0" covered="3"/>
                <counter type="LINE" missed="0" covered="1"/>
                <counter type="COMPLEXITY" missed="0" covered="1"/>
                <counter type="METHOD" missed="0" covered="1"/>
            </method>
            <method name="&lt;init&gt;" desc="(Ljava/lang/String;Z)V" line="3">
                <counter type="INSTRUCTION" missed="0" covered="9"/>
                <counter type="LINE" missed="0" covered="1"/>
                <counter type="COMPLEXITY" missed="0" covered="1"/>
                <counter type="METHOD" missed="0" covered="1"/>
            </method>
            <counter type="INSTRUCTION" missed="0" covered="15"/>
            <counter type="LINE" missed="0" covered="1"/>
            <counter type="COMPLEXITY" missed="0" covered="3"/>
            <counter type="METHOD" missed="0" covered="3"/>
            <counter type="CLASS" missed="0" covered="1"/>
        </class>
        <class name="testsuite/TestSuiteRepository" sourcefilename="TestSuiteRepository.kt"/>
        <class name="testsuite/TestSuiteDatabaseRepository$fetchTestSuiteOutputField$2"
               sourcefilename="TestSuiteDatabaseRepository.kt">
            <method name="invokeSuspend" desc="(Ljava/lang/Object;)Ljava/lang/Object;" line="74">
                <counter type="INSTRUCTION" missed="0" covered="48"/>
                <counter type="LINE" missed="0" covered="8"/>
                <counter type="COMPLEXITY" missed="0" covered="1"/>
                <counter type="METHOD" missed="0" covered="1"/>
            </method>
            <counter type="INSTRUCTION" missed="0" covered="48"/>
            <counter type="LINE" missed="0" covered="8"/>
            <counter type="COMPLEXITY" missed="0" covered="1"/>
            <counter type="METHOD" missed="0" covered="1"/>
            <counter type="CLASS" missed="0" covered="1"/>
        </class>
        <sourcefile name="TestSuiteService.kt">
            <line nr="7" mi="0" ci="6" mb="0" cb="0"/>
            <line nr="9" mi="0" ci="7" mb="0" cb="0"/>
            <line nr="12" mi="0" ci="7" mb="0" cb="0"/>
            <line nr="15" mi="0" ci="7" mb="0" cb="0"/>
            <line nr="18" mi="0" ci="7" mb="0" cb="0"/>
            <counter type="INSTRUCTION" missed="0" covered="37"/>
            <counter type="LINE" missed="0" covered="5"/>
            <counter type="COMPLEXITY" missed="0" covered="5"/>
            <counter type="METHOD" missed="0" covered="5"/>
            <counter type="CLASS" missed="0" covered="1"/>
        </sourcefile>
        <sourcefile name="TestSuiteSearchCriteria.kt">
            <line nr="3" mi="0" ci="15" mb="0" cb="0"/>
            <counter type="INSTRUCTION" missed="0" covered="15"/>
            <counter type="LINE" missed="0" covered="1"/>
            <counter type="COMPLEXITY" missed="0" covered="3"/>
            <counter type="METHOD" missed="0" covered="3"/>
            <counter type="CLASS" missed="0" covered="1"/>
        </sourcefile>
        <sourcefile name="TestSuiteRepository.kt"/>
        <sourcefile name="TestSuiteDatabaseRepository.kt">
            <line nr="15" mi="0" ci="5" mb="0" cb="0"/>
            <line nr="16" mi="0" ci="4" mb="0" cb="0"/>
            <line nr="17" mi="0" ci="13" mb="0" cb="0"/>
            <line nr="18" mi="0" ci="2" mb="0" cb="0"/>
            <line nr="19" mi="0" ci="5" mb="0" cb="0"/>
            <line nr="22" mi="0" ci="15" mb="0" cb="0"/>
            <line nr="23" mi="0" ci="4" mb="0" cb="0"/>
            <line nr="24" mi="0" ci="8" mb="0" cb="0"/>
            <line nr="25" mi="0" ci="13" mb="0" cb="0"/>
            <line nr="26" mi="0" ci="8" mb="0" cb="0"/>
            <line nr="27" mi="0" ci="10" mb="0" cb="0"/>
            <line nr="28" mi="0" ci="8" mb="0" cb="0"/>
            <line nr="29" mi="0" ci="3" mb="0" cb="0"/>
            <line nr="30" mi="0" ci="10" mb="0" cb="0"/>
            <line nr="31" mi="0" ci="10" mb="0" cb="0"/>
            <line nr="32" mi="0" ci="10" mb="0" cb="0"/>
            <line nr="33" mi="0" ci="10" mb="0" cb="0"/>
            <line nr="34" mi="0" ci="14" mb="0" cb="0"/>
            <line nr="35" mi="0" ci="4" mb="0" cb="0"/>
            <line nr="36" mi="0" ci="1" mb="0" cb="0"/>
            <line nr="38" mi="5" ci="21" mb="0" cb="0"/>
            <line nr="39" mi="0" ci="9" mb="0" cb="0"/>
            <line nr="42" mi="0" ci="2" mb="0" cb="0"/>
            <line nr="43" mi="0" ci="1" mb="0" cb="0"/>
            <line nr="46" mi="0" ci="30" mb="0" cb="0"/>
            <line nr="47" mi="0" ci="13" mb="0" cb="0"/>
            <line nr="49" mi="0" ci="4" mb="1" cb="1"/>
            <line nr="50" mi="0" ci="9" mb="0" cb="0"/>
            <line nr="53" mi="0" ci="4" mb="1" cb="1"/>
            <line nr="54" mi="8" ci="0" mb="0" cb="0"/>
            <line nr="57" mi="0" ci="4" mb="0" cb="0"/>
            <line nr="58" mi="0" ci="8" mb="0" cb="0"/>
            <line nr="59" mi="0" ci="3" mb="0" cb="0"/>
            <line nr="60" mi="0" ci="10" mb="0" cb="0"/>
            <line nr="61" mi="0" ci="3" mb="0" cb="0"/>
            <line nr="62" mi="0" ci="2" mb="0" cb="0"/>
            <line nr="64" mi="0" ci="2" mb="0" cb="0"/>
            <line nr="65" mi="0" ci="1" mb="0" cb="0"/>
            <line nr="68" mi="0" ci="11" mb="0" cb="0"/>
            <line nr="71" mi="0" ci="11" mb="0" cb="0"/>
            <line nr="74" mi="0" ci="16" mb="0" cb="0"/>
            <line nr="75" mi="0" ci="5" mb="0" cb="0"/>
            <line nr="76" mi="0" ci="4" mb="0" cb="0"/>
            <line nr="77" mi="0" ci="3" mb="0" cb="0"/>
            <line nr="78" mi="0" ci="10" mb="0" cb="0"/>
            <line nr="79" mi="0" ci="14" mb="0" cb="0"/>
            <line nr="80" mi="0" ci="4" mb="0" cb="0"/>
            <line nr="82" mi="0" ci="5" mb="0" cb="0"/>
            <line nr="83" mi="0" ci="1" mb="0" cb="0"/>
            <counter type="INSTRUCTION" missed="13" covered="370"/>
            <counter type="BRANCH" missed="2" covered="2"/>
            <counter type="LINE" missed="1" covered="48"/>
            <counter type="COMPLEXITY" missed="2" covered="9"/>
            <counter type="METHOD" missed="0" covered="9"/>
            <counter type="CLASS" missed="0" covered="4"/>
        </sourcefile>
        <counter type="INSTRUCTION" missed="13" covered="422"/>
        <counter type="BRANCH" missed="2" covered="2"/>
        <counter type="LINE" missed="1" covered="54"/>
        <counter type="COMPLEXITY" missed="2" covered="17"/>
        <counter type="METHOD" missed="0" covered="17"/>
        <counter type="CLASS" missed="0" covered="6"/>
    </package>
    <package name="incomingresults/processing">
        <class name="incomingresults/processing/ResultsProcessingDatabaseRepository"
               sourcefilename="ResultsProcessingDatabaseRepository.kt">
            <method name="createResultsProcessing"
                    desc="(Lserver/api/PublicId;Lkotlin/coroutines/Continuation;)Ljava/lang/Object;"
                    line="28">
                <counter type="INSTRUCTION" missed="0" covered="12"/>
                <counter type="LINE" missed="0" covered="2"/>
                <counter type="COMPLEXITY" missed="0" covered="1"/>
                <counter type="METHOD" missed="0" covered="1"/>
            </method>
            <method name="updateResultsProcessingStatus"
                    desc="(Lserver/api/PublicId;Lserver/api/results/ResultsProcessingStatus;Lkotlin/coroutines/Continuation;)Ljava/lang/Object;"
                    line="41">
                <counter type="INSTRUCTION" missed="0" covered="13"/>
                <counter type="LINE" missed="0" covered="2"/>
                <counter type="COMPLEXITY" missed="0" covered="1"/>
                <counter type="METHOD" missed="0" covered="1"/>
            </method>
            <method name="recordResultsProcessingError"
                    desc="(Lserver/api/PublicId;Ljava/lang/String;Ljava/lang/String;Lkotlin/coroutines/Continuation;)Ljava/lang/Object;"
                    line="49">
                <counter type="INSTRUCTION" missed="0" covered="14"/>
                <counter type="LINE" missed="0" covered="2"/>
                <counter type="COMPLEXITY" missed="0" covered="1"/>
                <counter type="METHOD" missed="0" covered="1"/>
            </method>
            <method name="fetchResultsProcessing"
                    desc="(Lserver/api/PublicId;Lkotlin/coroutines/Continuation;)Ljava/lang/Object;"
                    line="65">
                <counter type="INSTRUCTION" missed="0" covered="12"/>
                <counter type="LINE" missed="0" covered="2"/>
                <counter type="COMPLEXITY" missed="0" covered="1"/>
                <counter type="METHOD" missed="0" covered="1"/>
            </method>
            <method name="&lt;init&gt;" desc="(Lorg/jooq/DSLContext;)V" line="18">
                <counter type="INSTRUCTION" missed="0" covered="40"/>
                <counter type="LINE" missed="0" covered="7"/>
                <counter type="COMPLEXITY" missed="0" covered="1"/>
                <counter type="METHOD" missed="0" covered="1"/>
            </method>
            <counter type="INSTRUCTION" missed="0" covered="91"/>
            <counter type="LINE" missed="0" covered="15"/>
            <counter type="COMPLEXITY" missed="0" covered="5"/>
            <counter type="METHOD" missed="0" covered="5"/>
            <counter type="CLASS" missed="0" covered="1"/>
        </class>
        <class name="incomingresults/processing/ResultsProcessingRepository"
               sourcefilename="ResultsProcessingRepository.kt"/>
        <class name="incomingresults/processing/ResultsProcessingDatabaseRepository$updateResultsProcessingStatus$2"
               sourcefilename="ResultsProcessingDatabaseRepository.kt">
            <method name="invokeSuspend" desc="(Ljava/lang/Object;)Ljava/lang/Object;" line="41">
                <counter type="INSTRUCTION" missed="0" covered="30"/>
                <counter type="BRANCH" missed="0" covered="2"/>
                <counter type="LINE" missed="0" covered="5"/>
                <counter type="COMPLEXITY" missed="0" covered="2"/>
                <counter type="METHOD" missed="0" covered="1"/>
            </method>
            <counter type="INSTRUCTION" missed="0" covered="30"/>
            <counter type="BRANCH" missed="0" covered="2"/>
            <counter type="LINE" missed="0" covered="5"/>
            <counter type="COMPLEXITY" missed="0" covered="2"/>
            <counter type="METHOD" missed="0" covered="1"/>
            <counter type="CLASS" missed="0" covered="1"/>
        </class>
        <class name="incomingresults/processing/ResultsProcessingDatabaseRepository$recordResultsProcessingError$2"
               sourcefilename="ResultsProcessingDatabaseRepository.kt">
            <method name="invokeSuspend" desc="(Ljava/lang/Object;)Ljava/lang/Object;" line="49">
                <counter type="INSTRUCTION" missed="1" covered="56"/>
                <counter type="BRANCH" missed="1" covered="1"/>
                <counter type="LINE" missed="0" covered="11"/>
                <counter type="COMPLEXITY" missed="1" covered="1"/>
                <counter type="METHOD" missed="0" covered="1"/>
            </method>
            <counter type="INSTRUCTION" missed="1" covered="56"/>
            <counter type="BRANCH" missed="1" covered="1"/>
            <counter type="LINE" missed="0" covered="11"/>
            <counter type="COMPLEXITY" missed="1" covered="1"/>
            <counter type="METHOD" missed="0" covered="1"/>
            <counter type="CLASS" missed="0" covered="1"/>
        </class>
        <class name="incomingresults/processing/ResultsProcessingDatabaseRepository$createResultsProcessing$2"
               sourcefilename="ResultsProcessingDatabaseRepository.kt">
            <method name="invokeSuspend" desc="(Ljava/lang/Object;)Ljava/lang/Object;" line="28">
                <counter type="INSTRUCTION" missed="0" covered="34"/>
                <counter type="LINE" missed="0" covered="8"/>
                <counter type="COMPLEXITY" missed="0" covered="1"/>
                <counter type="METHOD" missed="0" covered="1"/>
            </method>
            <counter type="INSTRUCTION" missed="0" covered="34"/>
            <counter type="LINE" missed="0" covered="8"/>
            <counter type="COMPLEXITY" missed="0" covered="1"/>
            <counter type="METHOD" missed="0" covered="1"/>
            <counter type="CLASS" missed="0" covered="1"/>
        </class>
        <class name="incomingresults/processing/ResultsProcessingDatabaseRepository$fetchResultsProcessing$2"
               sourcefilename="ResultsProcessingDatabaseRepository.kt">
            <method name="invokeSuspend" desc="(Ljava/lang/Object;)Ljava/lang/Object;" line="65">
                <counter type="INSTRUCTION" missed="5" covered="69"/>
                <counter type="LINE" missed="0" covered="9"/>
                <counter type="COMPLEXITY" missed="0" covered="1"/>
                <counter type="METHOD" missed="0" covered="1"/>
            </method>
            <counter type="INSTRUCTION" missed="5" covered="69"/>
            <counter type="LINE" missed="0" covered="9"/>
            <counter type="COMPLEXITY" missed="0" covered="1"/>
            <counter type="METHOD" missed="0" covered="1"/>
            <counter type="CLASS" missed="0" covered="1"/>
        </class>
        <sourcefile name="ResultsProcessingDatabaseRepository.kt">
            <line nr="18" mi="0" ci="5" mb="0" cb="0"/>
            <line nr="19" mi="0" ci="8" mb="0" cb="0"/>
            <line nr="20" mi="0" ci="8" mb="0" cb="0"/>
            <line nr="22" mi="0" ci="4" mb="0" cb="0"/>
            <line nr="23" mi="0" ci="5" mb="0" cb="0"/>
            <line nr="24" mi="0" ci="2" mb="0" cb="0"/>
            <line nr="25" mi="0" ci="5" mb="0" cb="0"/>
            <line nr="28" mi="0" ci="14" mb="0" cb="0"/>
            <line nr="29" mi="0" ci="2" mb="0" cb="0"/>
            <line nr="31" mi="0" ci="4" mb="0" cb="0"/>
            <line nr="32" mi="0" ci="4" mb="0" cb="0"/>
            <line nr="33" mi="0" ci="3" mb="0" cb="0"/>
            <line nr="34" mi="0" ci="3" mb="0" cb="0"/>
            <line nr="35" mi="0" ci="5" mb="0" cb="0"/>
            <line nr="37" mi="0" ci="10" mb="0" cb="0"/>
            <line nr="38" mi="0" ci="1" mb="0" cb="0"/>
            <line nr="41" mi="0" ci="15" mb="0" cb="0"/>
            <line nr="42" mi="0" ci="6" mb="0" cb="0"/>
            <line nr="43" mi="0" ci="7" mb="0" cb="0"/>
            <line nr="44" mi="0" ci="7" mb="0" cb="0"/>
            <line nr="45" mi="0" ci="7" mb="0" cb="2"/>
            <line nr="46" mi="0" ci="1" mb="0" cb="0"/>
            <line nr="49" mi="0" ci="16" mb="0" cb="0"/>
            <line nr="50" mi="0" ci="7" mb="0" cb="0"/>
            <line nr="51" mi="0" ci="6" mb="0" cb="0"/>
            <line nr="52" mi="0" ci="6" mb="0" cb="0"/>
            <line nr="53" mi="0" ci="7" mb="0" cb="0"/>
            <line nr="54" mi="1" ci="4" mb="1" cb="1"/>
            <line nr="56" mi="0" ci="4" mb="0" cb="0"/>
            <line nr="57" mi="0" ci="6" mb="0" cb="0"/>
            <line nr="58" mi="0" ci="5" mb="0" cb="0"/>
            <line nr="59" mi="0" ci="5" mb="0" cb="0"/>
            <line nr="61" mi="0" ci="3" mb="0" cb="0"/>
            <line nr="62" mi="0" ci="1" mb="0" cb="0"/>
            <line nr="65" mi="0" ci="14" mb="0" cb="0"/>
            <line nr="66" mi="0" ci="4" mb="0" cb="0"/>
            <line nr="67" mi="0" ci="11" mb="0" cb="0"/>
            <line nr="68" mi="0" ci="8" mb="0" cb="0"/>
            <line nr="69" mi="0" ci="3" mb="0" cb="0"/>
            <line nr="70" mi="0" ci="7" mb="0" cb="0"/>
            <line nr="71" mi="0" ci="2" mb="0" cb="0"/>
            <line nr="72" mi="0" ci="1" mb="0" cb="0"/>
            <line nr="74" mi="5" ci="30" mb="0" cb="0"/>
            <line nr="75" mi="0" ci="1" mb="0" cb="0"/>
            <counter type="INSTRUCTION" missed="6" covered="280"/>
            <counter type="BRANCH" missed="1" covered="3"/>
            <counter type="LINE" missed="0" covered="44"/>
            <counter type="COMPLEXITY" missed="1" covered="10"/>
            <counter type="METHOD" missed="0" covered="9"/>
            <counter type="CLASS" missed="0" covered="5"/>
        </sourcefile>
        <sourcefile name="ResultsProcessingRepository.kt"/>
        <counter type="INSTRUCTION" missed="6" covered="280"/>
        <counter type="BRANCH" missed="1" covered="3"/>
        <counter type="LINE" missed="0" covered="44"/>
        <counter type="COMPLEXITY" missed="1" covered="10"/>
        <counter type="METHOD" missed="0" covered="9"/>
        <counter type="CLASS" missed="0" covered="5"/>
    </package>
    <package name="route">
        <class name="route/Status" sourcefilename="Status.kt">
            <method name="getStatus" desc="()Ljava/lang/String;" line="3">
                <counter type="INSTRUCTION" missed="0" covered="3"/>
                <counter type="LINE" missed="0" covered="1"/>
                <counter type="COMPLEXITY" missed="0" covered="1"/>
                <counter type="METHOD" missed="0" covered="1"/>
            </method>
            <method name="&lt;init&gt;" desc="(Ljava/lang/String;)V" line="3">
                <counter type="INSTRUCTION" missed="0" covered="9"/>
                <counter type="LINE" missed="0" covered="1"/>
                <counter type="COMPLEXITY" missed="0" covered="1"/>
                <counter type="METHOD" missed="0" covered="1"/>
            </method>
            <counter type="INSTRUCTION" missed="0" covered="12"/>
            <counter type="LINE" missed="0" covered="1"/>
            <counter type="COMPLEXITY" missed="0" covered="2"/>
            <counter type="METHOD" missed="0" covered="2"/>
            <counter type="CLASS" missed="0" covered="1"/>
        </class>
        <class name="route/TestSuiteRoutesKt$testSuites$1" sourcefilename="TestSuiteRoutes.kt">
            <method name="invokeSuspend" desc="(Ljava/lang/Object;)Ljava/lang/Object;" line="16">
                <counter type="INSTRUCTION" missed="0" covered="67"/>
                <counter type="LINE" missed="0" covered="6"/>
                <counter type="COMPLEXITY" missed="0" covered="1"/>
                <counter type="METHOD" missed="0" covered="1"/>
            </method>
            <counter type="INSTRUCTION" missed="0" covered="67"/>
            <counter type="LINE" missed="0" covered="6"/>
            <counter type="COMPLEXITY" missed="0" covered="1"/>
            <counter type="METHOD" missed="0" covered="1"/>
            <counter type="CLASS" missed="0" covered="1"/>
        </class>
        <class name="route/TestSuiteRoutesKt$testSuites$2" sourcefilename="TestSuiteRoutes.kt">
            <method name="invokeSuspend" desc="(Ljava/lang/Object;)Ljava/lang/Object;" line="24">
                <counter type="INSTRUCTION" missed="0" covered="67"/>
                <counter type="LINE" missed="0" covered="6"/>
                <counter type="COMPLEXITY" missed="0" covered="1"/>
                <counter type="METHOD" missed="0" covered="1"/>
            </method>
            <counter type="INSTRUCTION" missed="0" covered="67"/>
            <counter type="LINE" missed="0" covered="6"/>
            <counter type="COMPLEXITY" missed="0" covered="1"/>
            <counter type="METHOD" missed="0" covered="1"/>
            <counter type="CLASS" missed="0" covered="1"/>
        </class>
        <class name="route/TestSuiteRoutesKt$testSuites$3" sourcefilename="TestSuiteRoutes.kt">
            <method name="invokeSuspend" desc="(Ljava/lang/Object;)Ljava/lang/Object;" line="32">
                <counter type="INSTRUCTION" missed="12" covered="83"/>
                <counter type="BRANCH" missed="1" covered="1"/>
                <counter type="LINE" missed="1" covered="6"/>
                <counter type="COMPLEXITY" missed="1" covered="1"/>
                <counter type="METHOD" missed="0" covered="1"/>
            </method>
            <counter type="INSTRUCTION" missed="12" covered="83"/>
            <counter type="BRANCH" missed="1" covered="1"/>
            <counter type="LINE" missed="1" covered="6"/>
            <counter type="COMPLEXITY" missed="1" covered="1"/>
            <counter type="METHOD" missed="0" covered="1"/>
            <counter type="CLASS" missed="0" covered="1"/>
        </class>
        <class name="route/TestSuiteRoutesKt$testSuites$4" sourcefilename="TestSuiteRoutes.kt">
            <method name="invokeSuspend" desc="(Ljava/lang/Object;)Ljava/lang/Object;" line="41">
                <counter type="INSTRUCTION" missed="10" covered="81"/>
                <counter type="BRANCH" missed="3" covered="1"/>
                <counter type="LINE" missed="0" covered="8"/>
                <counter type="COMPLEXITY" missed="2" covered="1"/>
                <counter type="METHOD" missed="0" covered="1"/>
            </method>
            <counter type="INSTRUCTION" missed="10" covered="81"/>
            <counter type="BRANCH" missed="3" covered="1"/>
            <counter type="LINE" missed="0" covered="8"/>
            <counter type="COMPLEXITY" missed="2" covered="1"/>
            <counter type="METHOD" missed="0" covered="1"/>
            <counter type="CLASS" missed="0" covered="1"/>
        </class>
        <class name="route/ResultsRoutesKt$receiveResults$1" sourcefilename="ResultsRoutes.kt"/>
        <class name="route/HealthRouteKt$health$1" sourcefilename="HealthRoute.kt">
            <method name="invokeSuspend" desc="(Ljava/lang/Object;)Ljava/lang/Object;" line="10">
                <counter type="INSTRUCTION" missed="0" covered="24"/>
                <counter type="LINE" missed="0" covered="3"/>
                <counter type="COMPLEXITY" missed="0" covered="1"/>
                <counter type="METHOD" missed="0" covered="1"/>
            </method>
            <counter type="INSTRUCTION" missed="0" covered="24"/>
            <counter type="LINE" missed="0" covered="3"/>
            <counter type="COMPLEXITY" missed="0" covered="1"/>
            <counter type="METHOD" missed="0" covered="1"/>
            <counter type="CLASS" missed="0" covered="1"/>
        </class>
        <class name="route/TestRunRoutesKt" sourcefilename="TestRunRoutes.kt">
            <method name="testRuns" desc="(Lio/ktor/routing/Route;Ltestrun/TestRunService;)V" line="15">
                <counter type="INSTRUCTION" missed="0" covered="27"/>
                <counter type="LINE" missed="0" covered="3"/>
                <counter type="COMPLEXITY" missed="0" covered="1"/>
                <counter type="METHOD" missed="0" covered="1"/>
            </method>
            <counter type="INSTRUCTION" missed="0" covered="27"/>
            <counter type="LINE" missed="0" covered="3"/>
            <counter type="COMPLEXITY" missed="0" covered="1"/>
            <counter type="METHOD" missed="0" covered="1"/>
            <counter type="CLASS" missed="0" covered="1"/>
        </class>
        <class name="route/ConfigRoutesKt$config$1" sourcefilename="ConfigRoutes.kt">
            <method name="invokeSuspend" desc="(Ljava/lang/Object;)Ljava/lang/Object;" line="15">
                <counter type="INSTRUCTION" missed="0" covered="32"/>
                <counter type="LINE" missed="0" covered="6"/>
                <counter type="COMPLEXITY" missed="0" covered="1"/>
                <counter type="METHOD" missed="0" covered="1"/>
            </method>
            <counter type="INSTRUCTION" missed="0" covered="32"/>
            <counter type="LINE" missed="0" covered="6"/>
            <counter type="COMPLEXITY" missed="0" covered="1"/>
            <counter type="METHOD" missed="0" covered="1"/>
            <counter type="CLASS" missed="0" covered="1"/>
        </class>
        <class name="route/HealthRouteKt" sourcefilename="HealthRoute.kt">
            <method name="health" desc="(Lio/ktor/routing/Route;)V" line="10">
                <counter type="INSTRUCTION" missed="0" covered="13"/>
                <counter type="LINE" missed="0" covered="2"/>
                <counter type="COMPLEXITY" missed="0" covered="1"/>
                <counter type="METHOD" missed="0" covered="1"/>
            </method>
            <counter type="INSTRUCTION" missed="0" covered="13"/>
            <counter type="LINE" missed="0" covered="2"/>
            <counter type="COMPLEXITY" missed="0" covered="1"/>
            <counter type="METHOD" missed="0" covered="1"/>
            <counter type="CLASS" missed="0" covered="1"/>
        </class>
        <class name="route/ConfigRoutesKt" sourcefilename="ConfigRoutes.kt">
            <method name="config" desc="(Lio/ktor/routing/Route;Lcleanup/CleanupConfig;)V" line="15">
                <counter type="INSTRUCTION" missed="0" covered="17"/>
                <counter type="LINE" missed="0" covered="2"/>
                <counter type="COMPLEXITY" missed="0" covered="1"/>
                <counter type="METHOD" missed="0" covered="1"/>
            </method>
            <counter type="INSTRUCTION" missed="0" covered="17"/>
            <counter type="LINE" missed="0" covered="2"/>
            <counter type="COMPLEXITY" missed="0" covered="1"/>
            <counter type="METHOD" missed="0" covered="1"/>
            <counter type="CLASS" missed="0" covered="1"/>
        </class>
        <class name="route/TestRunRoutesKt$testRuns$1" sourcefilename="TestRunRoutes.kt">
            <method name="invokeSuspend" desc="(Ljava/lang/Object;)Ljava/lang/Object;" line="15">
                <counter type="INSTRUCTION" missed="12" covered="64"/>
                <counter type="BRANCH" missed="1" covered="1"/>
                <counter type="LINE" missed="1" covered="5"/>
                <counter type="COMPLEXITY" missed="1" covered="1"/>
                <counter type="METHOD" missed="0" covered="1"/>
            </method>
            <counter type="INSTRUCTION" missed="12" covered="64"/>
            <counter type="BRANCH" missed="1" covered="1"/>
            <counter type="LINE" missed="1" covered="5"/>
            <counter type="COMPLEXITY" missed="1" covered="1"/>
            <counter type="METHOD" missed="0" covered="1"/>
            <counter type="CLASS" missed="0" covered="1"/>
        </class>
        <class name="route/TestRunRoutesKt$testRuns$2" sourcefilename="TestRunRoutes.kt">
            <method name="invokeSuspend" desc="(Ljava/lang/Object;)Ljava/lang/Object;" line="23">
                <counter type="INSTRUCTION" missed="12" covered="64"/>
                <counter type="BRANCH" missed="1" covered="1"/>
                <counter type="LINE" missed="1" covered="5"/>
                <counter type="COMPLEXITY" missed="1" covered="1"/>
                <counter type="METHOD" missed="0" covered="1"/>
            </method>
            <counter type="INSTRUCTION" missed="12" covered="64"/>
            <counter type="BRANCH" missed="1" covered="1"/>
            <counter type="LINE" missed="1" covered="5"/>
            <counter type="COMPLEXITY" missed="1" covered="1"/>
            <counter type="METHOD" missed="0" covered="1"/>
            <counter type="CLASS" missed="0" covered="1"/>
        </class>
        <class name="route/ResultsRoutesKt$results$3" sourcefilename="ResultsRoutes.kt">
            <method name="invokeSuspend" desc="(Ljava/lang/Object;)Ljava/lang/Object;" line="77">
                <counter type="INSTRUCTION" missed="0" covered="76"/>
                <counter type="BRANCH" missed="0" covered="2"/>
                <counter type="LINE" missed="0" covered="6"/>
                <counter type="COMPLEXITY" missed="0" covered="2"/>
                <counter type="METHOD" missed="0" covered="1"/>
            </method>
            <counter type="INSTRUCTION" missed="0" covered="76"/>
            <counter type="BRANCH" missed="0" covered="2"/>
            <counter type="LINE" missed="0" covered="6"/>
            <counter type="COMPLEXITY" missed="0" covered="2"/>
            <counter type="METHOD" missed="0" covered="1"/>
            <counter type="CLASS" missed="0" covered="1"/>
        </class>
        <class name="route/ResultsRoutesKt$results$2" sourcefilename="ResultsRoutes.kt">
            <method name="invokeSuspend" desc="(Ljava/lang/Object;)Ljava/lang/Object;" line="54">
                <counter type="INSTRUCTION" missed="12" covered="137"/>
                <counter type="BRANCH" missed="2" covered="4"/>
                <counter type="LINE" missed="1" covered="15"/>
                <counter type="COMPLEXITY" missed="2" covered="2"/>
                <counter type="METHOD" missed="0" covered="1"/>
            </method>
            <counter type="INSTRUCTION" missed="12" covered="137"/>
            <counter type="BRANCH" missed="2" covered="4"/>
            <counter type="LINE" missed="1" covered="15"/>
            <counter type="COMPLEXITY" missed="2" covered="2"/>
            <counter type="METHOD" missed="0" covered="1"/>
            <counter type="CLASS" missed="0" covered="1"/>
        </class>
        <class name="route/AttachmentRoutesKt$attachments$1" sourcefilename="AttachmentRoutes.kt">
            <method name="invokeSuspend" desc="(Ljava/lang/Object;)Ljava/lang/Object;" line="28">
                <counter type="INSTRUCTION" missed="18" covered="177"/>
                <counter type="BRANCH" missed="2" covered="10"/>
                <counter type="LINE" missed="2" covered="16"/>
                <counter type="COMPLEXITY" missed="2" covered="5"/>
                <counter type="METHOD" missed="0" covered="1"/>
            </method>
            <counter type="INSTRUCTION" missed="18" covered="177"/>
            <counter type="BRANCH" missed="2" covered="10"/>
            <counter type="LINE" missed="2" covered="16"/>
            <counter type="COMPLEXITY" missed="2" covered="5"/>
            <counter type="METHOD" missed="0" covered="1"/>
            <counter type="CLASS" missed="0" covered="1"/>
        </class>
        <class name="route/AttachmentRoutesKt$attachments$2" sourcefilename="AttachmentRoutes.kt">
            <method name="invokeSuspend" desc="(Ljava/lang/Object;)Ljava/lang/Object;" line="53">
                <counter type="INSTRUCTION" missed="11" covered="102"/>
                <counter type="BRANCH" missed="1" covered="3"/>
                <counter type="LINE" missed="1" covered="10"/>
                <counter type="COMPLEXITY" missed="1" covered="2"/>
                <counter type="METHOD" missed="0" covered="1"/>
            </method>
            <counter type="INSTRUCTION" missed="11" covered="102"/>
            <counter type="BRANCH" missed="1" covered="3"/>
            <counter type="LINE" missed="1" covered="10"/>
            <counter type="COMPLEXITY" missed="1" covered="2"/>
            <counter type="METHOD" missed="0" covered="1"/>
            <counter type="CLASS" missed="0" covered="1"/>
        </class>
        <class name="route/AttachmentRoutesKt$attachments$3" sourcefilename="AttachmentRoutes.kt">
            <method name="invokeSuspend" desc="(Ljava/lang/Object;)Ljava/lang/Object;" line="70">
                <counter type="INSTRUCTION" missed="11" covered="58"/>
                <counter type="BRANCH" missed="1" covered="1"/>
                <counter type="LINE" missed="1" covered="6"/>
                <counter type="COMPLEXITY" missed="1" covered="1"/>
                <counter type="METHOD" missed="0" covered="1"/>
            </method>
            <counter type="INSTRUCTION" missed="11" covered="58"/>
            <counter type="BRANCH" missed="1" covered="1"/>
            <counter type="LINE" missed="1" covered="6"/>
            <counter type="COMPLEXITY" missed="1" covered="1"/>
            <counter type="METHOD" missed="0" covered="1"/>
            <counter type="CLASS" missed="0" covered="1"/>
        </class>
        <class name="route/ResultsRoutesKt$results$1" sourcefilename="ResultsRoutes.kt">
            <method name="invokeSuspend" desc="(Ljava/lang/Object;)Ljava/lang/Object;" line="39">
                <counter type="INSTRUCTION" missed="0" covered="105"/>
                <counter type="BRANCH" missed="0" covered="6"/>
                <counter type="LINE" missed="0" covered="9"/>
                <counter type="COMPLEXITY" missed="0" covered="4"/>
                <counter type="METHOD" missed="0" covered="1"/>
            </method>
            <counter type="INSTRUCTION" missed="0" covered="105"/>
            <counter type="BRANCH" missed="0" covered="6"/>
            <counter type="LINE" missed="0" covered="9"/>
            <counter type="COMPLEXITY" missed="0" covered="4"/>
            <counter type="METHOD" missed="0" covered="1"/>
            <counter type="CLASS" missed="0" covered="1"/>
        </class>
        <class name="route/TestCaseRoutesKt$testCases$3" sourcefilename="TestCaseRoutes.kt">
            <method name="invokeSuspend" desc="(Ljava/lang/Object;)Ljava/lang/Object;" line="32">
                <counter type="INSTRUCTION" missed="0" covered="51"/>
                <counter type="LINE" missed="0" covered="5"/>
                <counter type="COMPLEXITY" missed="0" covered="1"/>
                <counter type="METHOD" missed="0" covered="1"/>
            </method>
            <counter type="INSTRUCTION" missed="0" covered="51"/>
            <counter type="LINE" missed="0" covered="5"/>
            <counter type="COMPLEXITY" missed="0" covered="1"/>
            <counter type="METHOD" missed="0" covered="1"/>
            <counter type="CLASS" missed="0" covered="1"/>
        </class>
        <class name="route/TestCaseRoutesKt$testCases$2" sourcefilename="TestCaseRoutes.kt">
            <method name="invokeSuspend" desc="(Ljava/lang/Object;)Ljava/lang/Object;" line="25">
                <counter type="INSTRUCTION" missed="0" covered="50"/>
                <counter type="LINE" missed="0" covered="5"/>
                <counter type="COMPLEXITY" missed="0" covered="1"/>
                <counter type="METHOD" missed="0" covered="1"/>
            </method>
            <counter type="INSTRUCTION" missed="0" covered="50"/>
            <counter type="LINE" missed="0" covered="5"/>
            <counter type="COMPLEXITY" missed="0" covered="1"/>
            <counter type="METHOD" missed="0" covered="1"/>
            <counter type="CLASS" missed="0" covered="1"/>
        </class>
        <class name="route/TestCaseRoutesKt$testCases$1" sourcefilename="TestCaseRoutes.kt">
            <method name="invokeSuspend" desc="(Ljava/lang/Object;)Ljava/lang/Object;" line="15">
                <counter type="INSTRUCTION" missed="12" covered="100"/>
                <counter type="BRANCH" missed="1" covered="1"/>
                <counter type="LINE" missed="1" covered="7"/>
                <counter type="COMPLEXITY" missed="1" covered="1"/>
                <counter type="METHOD" missed="0" covered="1"/>
            </method>
            <counter type="INSTRUCTION" missed="12" covered="100"/>
            <counter type="BRANCH" missed="1" covered="1"/>
            <counter type="LINE" missed="1" covered="7"/>
            <counter type="COMPLEXITY" missed="1" covered="1"/>
            <counter type="METHOD" missed="0" covered="1"/>
            <counter type="CLASS" missed="0" covered="1"/>
        </class>
        <class name="route/TestCaseRoutesKt" sourcefilename="TestCaseRoutes.kt">
            <method name="testCases" desc="(Lio/ktor/routing/Route;Ltestcase/TestCaseService;)V" line="15">
                <counter type="INSTRUCTION" missed="0" covered="37"/>
                <counter type="LINE" missed="0" covered="4"/>
                <counter type="COMPLEXITY" missed="0" covered="1"/>
                <counter type="METHOD" missed="0" covered="1"/>
            </method>
            <counter type="INSTRUCTION" missed="0" covered="37"/>
            <counter type="LINE" missed="0" covered="4"/>
            <counter type="COMPLEXITY" missed="0" covered="1"/>
            <counter type="METHOD" missed="0" covered="1"/>
            <counter type="CLASS" missed="0" covered="1"/>
        </class>
        <class name="route/ResultsRoutesKt" sourcefilename="ResultsRoutes.kt">
            <method name="results"
                    desc="(Lio/ktor/routing/Route;Lincomingresults/TestResultsService;Lincomingresults/GroupedTestResultsService;Lincomingresults/TestResultsProcessingService;Lauth/AuthService;Lio/micrometer/core/instrument/MeterRegistry;)V"
                    line="39">
                <counter type="INSTRUCTION" missed="0" covered="52"/>
                <counter type="LINE" missed="0" covered="4"/>
                <counter type="COMPLEXITY" missed="0" covered="1"/>
                <counter type="METHOD" missed="0" covered="1"/>
            </method>
            <method name="receiveResults"
                    desc="(Lio/ktor/application/ApplicationCall;Lkotlin/coroutines/Continuation;)Ljava/lang/Object;"
                    line="89">
                <counter type="INSTRUCTION" missed="0" covered="24"/>
                <counter type="BRANCH" missed="0" covered="2"/>
                <counter type="LINE" missed="0" covered="5"/>
                <counter type="COMPLEXITY" missed="0" covered="2"/>
                <counter type="METHOD" missed="0" covered="1"/>
            </method>
            <method name="&lt;clinit&gt;" desc="()V" line="29">
                <counter type="INSTRUCTION" missed="0" covered="4"/>
                <counter type="LINE" missed="0" covered="1"/>
                <counter type="COMPLEXITY" missed="0" covered="1"/>
                <counter type="METHOD" missed="0" covered="1"/>
            </method>
            <counter type="INSTRUCTION" missed="0" covered="80"/>
            <counter type="BRANCH" missed="0" covered="2"/>
            <counter type="LINE" missed="0" covered="10"/>
            <counter type="COMPLEXITY" missed="0" covered="4"/>
            <counter type="METHOD" missed="0" covered="3"/>
            <counter type="CLASS" missed="0" covered="1"/>
        </class>
        <class name="route/UIRoutesKt$ui$2" sourcefilename="UIRoutes.kt">
            <method name="invoke" desc="(Lio/ktor/routing/Route;)V" line="14">
                <counter type="INSTRUCTION" missed="0" covered="13"/>
                <counter type="LINE" missed="0" covered="3"/>
                <counter type="COMPLEXITY" missed="0" covered="1"/>
                <counter type="METHOD" missed="0" covered="1"/>
            </method>
            <counter type="INSTRUCTION" missed="0" covered="13"/>
            <counter type="LINE" missed="0" covered="3"/>
            <counter type="COMPLEXITY" missed="0" covered="1"/>
            <counter type="METHOD" missed="0" covered="1"/>
            <counter type="CLASS" missed="0" covered="1"/>
        </class>
        <class name="route/UIRoutesKt$ui$1" sourcefilename="UIRoutes.kt">
            <method name="invoke" desc="(Lio/ktor/routing/Route;)V" line="10">
                <counter type="INSTRUCTION" missed="0" covered="13"/>
                <counter type="LINE" missed="0" covered="3"/>
                <counter type="COMPLEXITY" missed="0" covered="1"/>
                <counter type="METHOD" missed="0" covered="1"/>
            </method>
            <counter type="INSTRUCTION" missed="0" covered="13"/>
            <counter type="LINE" missed="0" covered="3"/>
            <counter type="COMPLEXITY" missed="0" covered="1"/>
            <counter type="METHOD" missed="0" covered="1"/>
            <counter type="CLASS" missed="0" covered="1"/>
        </class>
        <class name="route/UIRoutesKt" sourcefilename="UIRoutes.kt">
            <method name="ui" desc="(Lio/ktor/routing/Route;)V" line="9">
                <counter type="INSTRUCTION" missed="0" covered="16"/>
                <counter type="LINE" missed="0" covered="3"/>
                <counter type="COMPLEXITY" missed="0" covered="1"/>
                <counter type="METHOD" missed="0" covered="1"/>
            </method>
            <counter type="INSTRUCTION" missed="0" covered="16"/>
            <counter type="LINE" missed="0" covered="3"/>
            <counter type="COMPLEXITY" missed="0" covered="1"/>
            <counter type="METHOD" missed="0" covered="1"/>
            <counter type="CLASS" missed="0" covered="1"/>
        </class>
        <class name="route/MessageRoutesKt$messages$1" sourcefilename="MessageRoutes.kt">
            <method name="invokeSuspend" desc="(Ljava/lang/Object;)Ljava/lang/Object;" line="15">
                <counter type="INSTRUCTION" missed="0" covered="36"/>
                <counter type="LINE" missed="0" covered="4"/>
                <counter type="COMPLEXITY" missed="0" covered="1"/>
                <counter type="METHOD" missed="0" covered="1"/>
            </method>
            <counter type="INSTRUCTION" missed="0" covered="36"/>
            <counter type="LINE" missed="0" covered="4"/>
            <counter type="COMPLEXITY" missed="0" covered="1"/>
            <counter type="METHOD" missed="0" covered="1"/>
            <counter type="CLASS" missed="0" covered="1"/>
        </class>
        <class name="route/TestSuiteRoutesKt" sourcefilename="TestSuiteRoutes.kt">
            <method name="testSuites" desc="(Lio/ktor/routing/Route;Ltestsuite/TestSuiteService;)V" line="16">
                <counter type="INSTRUCTION" missed="0" covered="47"/>
                <counter type="LINE" missed="0" covered="5"/>
                <counter type="COMPLEXITY" missed="0" covered="1"/>
                <counter type="METHOD" missed="0" covered="1"/>
            </method>
            <counter type="INSTRUCTION" missed="0" covered="47"/>
            <counter type="LINE" missed="0" covered="5"/>
            <counter type="COMPLEXITY" missed="0" covered="1"/>
            <counter type="METHOD" missed="0" covered="1"/>
            <counter type="CLASS" missed="0" covered="1"/>
        </class>
        <class name="route/TestRunSystemAttributesRoutesKt" sourcefilename="TestRunSystemAttributesRoutes.kt">
            <method name="testRunSystemAttributes"
                    desc="(Lio/ktor/routing/Route;Ltestrun/attributes/TestRunSystemAttributesService;)V"
                    line="16">
                <counter type="INSTRUCTION" missed="0" covered="37"/>
                <counter type="LINE" missed="0" covered="4"/>
                <counter type="COMPLEXITY" missed="0" covered="1"/>
                <counter type="METHOD" missed="0" covered="1"/>
            </method>
            <counter type="INSTRUCTION" missed="0" covered="37"/>
            <counter type="LINE" missed="0" covered="4"/>
            <counter type="COMPLEXITY" missed="0" covered="1"/>
            <counter type="METHOD" missed="0" covered="1"/>
            <counter type="CLASS" missed="0" covered="1"/>
        </class>
        <class name="route/VersionRoutesKt$version$1" sourcefilename="VersionRoutes.kt">
            <method name="invoke" desc="(Lio/ktor/routing/Route;)V" line="9">
                <counter type="INSTRUCTION" missed="0" covered="8"/>
                <counter type="LINE" missed="0" covered="2"/>
                <counter type="COMPLEXITY" missed="0" covered="1"/>
                <counter type="METHOD" missed="0" covered="1"/>
            </method>
            <counter type="INSTRUCTION" missed="0" covered="8"/>
            <counter type="LINE" missed="0" covered="2"/>
            <counter type="COMPLEXITY" missed="0" covered="1"/>
            <counter type="METHOD" missed="0" covered="1"/>
            <counter type="CLASS" missed="0" covered="1"/>
        </class>
        <class name="route/VersionRoutesKt" sourcefilename="VersionRoutes.kt">
            <method name="version" desc="(Lio/ktor/routing/Route;)V" line="8">
                <counter type="INSTRUCTION" missed="0" covered="10"/>
                <counter type="LINE" missed="0" covered="2"/>
                <counter type="COMPLEXITY" missed="0" covered="1"/>
                <counter type="METHOD" missed="0" covered="1"/>
            </method>
            <counter type="INSTRUCTION" missed="0" covered="10"/>
            <counter type="LINE" missed="0" covered="2"/>
            <counter type="COMPLEXITY" missed="0" covered="1"/>
            <counter type="METHOD" missed="0" covered="1"/>
            <counter type="CLASS" missed="0" covered="1"/>
        </class>
        <class name="route/AttachmentRoutesKt" sourcefilename="AttachmentRoutes.kt">
            <method name="attachments"
                    desc="(Lio/ktor/routing/Route;Lattachment/AttachmentService;Lauth/AuthService;)V"
                    line="28">
                <counter type="INSTRUCTION" missed="0" covered="38"/>
                <counter type="LINE" missed="0" covered="4"/>
                <counter type="COMPLEXITY" missed="0" covered="1"/>
                <counter type="METHOD" missed="0" covered="1"/>
            </method>
            <counter type="INSTRUCTION" missed="0" covered="38"/>
            <counter type="LINE" missed="0" covered="4"/>
            <counter type="COMPLEXITY" missed="0" covered="1"/>
            <counter type="METHOD" missed="0" covered="1"/>
            <counter type="CLASS" missed="0" covered="1"/>
        </class>
        <class name="route/TestRunSystemAttributesRoutesKt$testRunSystemAttributes$2"
               sourcefilename="TestRunSystemAttributesRoutes.kt">
            <method name="invokeSuspend" desc="(Ljava/lang/Object;)Ljava/lang/Object;" line="25">
                <counter type="INSTRUCTION" missed="0" covered="64"/>
                <counter type="BRANCH" missed="0" covered="2"/>
                <counter type="LINE" missed="0" covered="5"/>
                <counter type="COMPLEXITY" missed="0" covered="2"/>
                <counter type="METHOD" missed="0" covered="1"/>
            </method>
            <counter type="INSTRUCTION" missed="0" covered="64"/>
            <counter type="BRANCH" missed="0" covered="2"/>
            <counter type="LINE" missed="0" covered="5"/>
            <counter type="COMPLEXITY" missed="0" covered="2"/>
            <counter type="METHOD" missed="0" covered="1"/>
            <counter type="CLASS" missed="0" covered="1"/>
        </class>
        <class name="route/TestRunSystemAttributesRoutesKt$testRunSystemAttributes$3"
               sourcefilename="TestRunSystemAttributesRoutes.kt">
            <method name="invokeSuspend" desc="(Ljava/lang/Object;)Ljava/lang/Object;" line="33">
                <counter type="INSTRUCTION" missed="0" covered="64"/>
                <counter type="BRANCH" missed="0" covered="2"/>
                <counter type="LINE" missed="0" covered="5"/>
                <counter type="COMPLEXITY" missed="0" covered="2"/>
                <counter type="METHOD" missed="0" covered="1"/>
            </method>
            <counter type="INSTRUCTION" missed="0" covered="64"/>
            <counter type="BRANCH" missed="0" covered="2"/>
            <counter type="LINE" missed="0" covered="5"/>
            <counter type="COMPLEXITY" missed="0" covered="2"/>
            <counter type="METHOD" missed="0" covered="1"/>
            <counter type="CLASS" missed="0" covered="1"/>
        </class>
        <class name="route/TestRunSystemAttributesRoutesKt$testRunSystemAttributes$1"
               sourcefilename="TestRunSystemAttributesRoutes.kt">
            <method name="invokeSuspend" desc="(Ljava/lang/Object;)Ljava/lang/Object;" line="16">
                <counter type="INSTRUCTION" missed="0" covered="76"/>
                <counter type="BRANCH" missed="0" covered="2"/>
                <counter type="LINE" missed="0" covered="6"/>
                <counter type="COMPLEXITY" missed="0" covered="2"/>
                <counter type="METHOD" missed="0" covered="1"/>
            </method>
            <counter type="INSTRUCTION" missed="0" covered="76"/>
            <counter type="BRANCH" missed="0" covered="2"/>
            <counter type="LINE" missed="0" covered="6"/>
            <counter type="COMPLEXITY" missed="0" covered="2"/>
            <counter type="METHOD" missed="0" covered="1"/>
            <counter type="CLASS" missed="0" covered="1"/>
        </class>
        <class name="route/MessageRoutesKt" sourcefilename="MessageRoutes.kt">
            <method name="messages" desc="(Lio/ktor/routing/Route;Lmessage/MessageService;)V" line="15">
                <counter type="INSTRUCTION" missed="0" covered="17"/>
                <counter type="LINE" missed="0" covered="2"/>
                <counter type="COMPLEXITY" missed="0" covered="1"/>
                <counter type="METHOD" missed="0" covered="1"/>
            </method>
            <counter type="INSTRUCTION" missed="0" covered="17"/>
            <counter type="LINE" missed="0" covered="2"/>
            <counter type="COMPLEXITY" missed="0" covered="1"/>
            <counter type="METHOD" missed="0" covered="1"/>
            <counter type="CLASS" missed="0" covered="1"/>
        </class>
        <sourcefile name="VersionRoutes.kt">
            <line nr="8" mi="0" ci="6" mb="0" cb="0"/>
            <line nr="9" mi="0" ci="4" mb="0" cb="0"/>
            <line nr="10" mi="0" ci="1" mb="0" cb="0"/>
            <line nr="11" mi="0" ci="1" mb="0" cb="0"/>
            <counter type="INSTRUCTION" missed="0" covered="18"/>
            <counter type="LINE" missed="0" covered="4"/>
            <counter type="COMPLEXITY" missed="0" covered="2"/>
            <counter type="METHOD" missed="0" covered="2"/>
            <counter type="CLASS" missed="0" covered="2"/>
        </sourcefile>
        <sourcefile name="TestRunRoutes.kt">
            <line nr="15" mi="0" ci="18" mb="0" cb="0"/>
            <line nr="16" mi="0" ci="9" mb="0" cb="0"/>
            <line nr="18" mi="0" ci="20" mb="0" cb="0"/>
            <line nr="20" mi="1" ci="25" mb="1" cb="1"/>
            <line nr="21" mi="11" ci="0" mb="0" cb="0"/>
            <line nr="22" mi="0" ci="2" mb="0" cb="0"/>
            <line nr="23" mi="0" ci="18" mb="0" cb="0"/>
            <line nr="24" mi="0" ci="9" mb="0" cb="0"/>
            <line nr="26" mi="0" ci="20" mb="0" cb="0"/>
            <line nr="28" mi="1" ci="25" mb="1" cb="1"/>
            <line nr="29" mi="11" ci="0" mb="0" cb="0"/>
            <line nr="30" mi="0" ci="2" mb="0" cb="0"/>
            <line nr="31" mi="0" ci="1" mb="0" cb="0"/>
            <counter type="INSTRUCTION" missed="24" covered="155"/>
            <counter type="BRANCH" missed="2" covered="2"/>
            <counter type="LINE" missed="2" covered="11"/>
            <counter type="COMPLEXITY" missed="2" covered="3"/>
            <counter type="METHOD" missed="0" covered="3"/>
            <counter type="CLASS" missed="0" covered="3"/>
        </sourcefile>
        <sourcefile name="Status.kt">
            <line nr="3" mi="0" ci="9" mb="0" cb="0"/>
            <counter type="INSTRUCTION" missed="0" covered="12"/>
            <counter type="LINE" missed="0" covered="1"/>
            <counter type="COMPLEXITY" missed="0" covered="2"/>
            <counter type="METHOD" missed="0" covered="2"/>
            <counter type="CLASS" missed="0" covered="1"/>
        </sourcefile>
        <sourcefile name="UIRoutes.kt">
            <line nr="9" mi="0" ci="6" mb="0" cb="0"/>
            <line nr="10" mi="0" ci="3" mb="0" cb="0"/>
            <line nr="11" mi="0" ci="6" mb="0" cb="0"/>
            <line nr="12" mi="0" ci="1" mb="0" cb="0"/>
            <line nr="13" mi="0" ci="6" mb="0" cb="0"/>
            <line nr="14" mi="0" ci="3" mb="0" cb="0"/>
            <line nr="15" mi="0" ci="6" mb="0" cb="0"/>
            <line nr="16" mi="0" ci="1" mb="0" cb="0"/>
            <line nr="17" mi="0" ci="1" mb="0" cb="0"/>
            <counter type="INSTRUCTION" missed="0" covered="42"/>
            <counter type="LINE" missed="0" covered="9"/>
            <counter type="COMPLEXITY" missed="0" covered="3"/>
            <counter type="METHOD" missed="0" covered="3"/>
            <counter type="CLASS" missed="0" covered="3"/>
        </sourcefile>
        <sourcefile name="TestRunSystemAttributesRoutes.kt">
            <line nr="16" mi="0" ci="18" mb="0" cb="0"/>
            <line nr="17" mi="0" ci="9" mb="0" cb="0"/>
            <line nr="19" mi="0" ci="20" mb="0" cb="0"/>
            <line nr="21" mi="0" ci="26" mb="0" cb="2"/>
            <line nr="22" mi="0" ci="11" mb="0" cb="0"/>
            <line nr="23" mi="0" ci="2" mb="0" cb="0"/>
            <line nr="25" mi="0" ci="16" mb="0" cb="0"/>
            <line nr="26" mi="0" ci="9" mb="0" cb="0"/>
            <line nr="28" mi="0" ci="23" mb="0" cb="0"/>
            <line nr="30" mi="0" ci="24" mb="0" cb="2"/>
            <line nr="31" mi="0" ci="2" mb="0" cb="0"/>
            <line nr="33" mi="0" ci="16" mb="0" cb="0"/>
            <line nr="34" mi="0" ci="9" mb="0" cb="0"/>
            <line nr="36" mi="0" ci="23" mb="0" cb="0"/>
            <line nr="38" mi="0" ci="24" mb="0" cb="2"/>
            <line nr="39" mi="0" ci="2" mb="0" cb="0"/>
            <line nr="40" mi="0" ci="1" mb="0" cb="0"/>
            <counter type="INSTRUCTION" missed="0" covered="241"/>
            <counter type="BRANCH" missed="0" covered="6"/>
            <counter type="LINE" missed="0" covered="17"/>
            <counter type="COMPLEXITY" missed="0" covered="7"/>
            <counter type="METHOD" missed="0" covered="4"/>
            <counter type="CLASS" missed="0" covered="4"/>
        </sourcefile>
        <sourcefile name="TestCaseRoutes.kt">
            <line nr="15" mi="0" ci="18" mb="0" cb="0"/>
            <line nr="16" mi="0" ci="9" mb="0" cb="0"/>
            <line nr="17" mi="0" ci="13" mb="0" cb="0"/>
            <line nr="18" mi="0" ci="13" mb="0" cb="0"/>
            <line nr="20" mi="0" ci="28" mb="0" cb="0"/>
            <line nr="22" mi="1" ci="27" mb="1" cb="1"/>
            <line nr="23" mi="11" ci="0" mb="0" cb="0"/>
            <line nr="24" mi="0" ci="2" mb="0" cb="0"/>
            <line nr="25" mi="0" ci="18" mb="0" cb="0"/>
            <line nr="26" mi="0" ci="9" mb="0" cb="0"/>
            <line nr="28" mi="0" ci="20" mb="0" cb="0"/>
            <line nr="30" mi="0" ci="11" mb="0" cb="0"/>
            <line nr="31" mi="0" ci="2" mb="0" cb="0"/>
            <line nr="32" mi="0" ci="18" mb="0" cb="0"/>
            <line nr="33" mi="0" ci="9" mb="0" cb="0"/>
            <line nr="35" mi="0" ci="21" mb="0" cb="0"/>
            <line nr="37" mi="0" ci="11" mb="0" cb="0"/>
            <line nr="38" mi="0" ci="2" mb="0" cb="0"/>
[...]
        </class>
        <class name="attachment/AttachmentService$addAttachment$1" sourcefilename="AttachmentService.kt"/>
        <class name="attachment/AttachmentService$getAttachment$2" sourcefilename="AttachmentService.kt">
            <method name="invokeSuspend" desc="(Ljava/lang/Object;)Ljava/lang/Object;" line="58">
                <counter type="INSTRUCTION" missed="0" covered="18"/>
                <counter type="LINE" missed="0" covered="2"/>
                <counter type="COMPLEXITY" missed="0" covered="1"/>
                <counter type="METHOD" missed="0" covered="1"/>
            </method>
            <counter type="INSTRUCTION" missed="0" covered="18"/>
            <counter type="LINE" missed="0" covered="2"/>
            <counter type="COMPLEXITY" missed="0" covered="1"/>
            <counter type="METHOD" missed="0" covered="1"/>
            <counter type="CLASS" missed="0" covered="1"/>
        </class>
        <class name="attachment/AttachmentService$Companion" sourcefilename="AttachmentService.kt">
            <method name="attachmentObjectName"
                    desc="(Lserver/api/PublicId;Ljava/lang/String;)Ljava/lang/String;" line="75">
                <counter type="INSTRUCTION" missed="0" covered="18"/>
                <counter type="LINE" missed="0" covered="1"/>
                <counter type="COMPLEXITY" missed="0" covered="1"/>
                <counter type="METHOD" missed="0" covered="1"/>
            </method>
            <counter type="INSTRUCTION" missed="0" covered="18"/>
            <counter type="LINE" missed="0" covered="1"/>
            <counter type="COMPLEXITY" missed="0" covered="1"/>
            <counter type="METHOD" missed="0" covered="1"/>
            <counter type="CLASS" missed="0" covered="1"/>
        </class>
        <class name="attachment/AttachmentConfig" sourcefilename="AttachmentConfig.kt">
            <method name="getUrl" desc="()Ljava/lang/String;" line="9">
                <counter type="INSTRUCTION" missed="0" covered="3"/>
                <counter type="LINE" missed="0" covered="1"/>
                <counter type="COMPLEXITY" missed="0" covered="1"/>
                <counter type="METHOD" missed="0" covered="1"/>
            </method>
            <method name="getBucketName" desc="()Ljava/lang/String;" line="10">
                <counter type="INSTRUCTION" missed="0" covered="3"/>
                <counter type="LINE" missed="0" covered="1"/>
                <counter type="COMPLEXITY" missed="0" covered="1"/>
                <counter type="METHOD" missed="0" covered="1"/>
            </method>
            <method name="getAutoCreateBucket" desc="()Z" line="11">
                <counter type="INSTRUCTION" missed="0" covered="3"/>
                <counter type="LINE" missed="0" covered="1"/>
                <counter type="COMPLEXITY" missed="0" covered="1"/>
                <counter type="METHOD" missed="0" covered="1"/>
            </method>
            <method name="getAccessKey" desc="()Ljava/lang/String;" line="12">
                <counter type="INSTRUCTION" missed="0" covered="3"/>
                <counter type="LINE" missed="0" covered="1"/>
                <counter type="COMPLEXITY" missed="0" covered="1"/>
                <counter type="METHOD" missed="0" covered="1"/>
            </method>
            <method name="getSecretKey" desc="()Ljava/lang/String;" line="13">
                <counter type="INSTRUCTION" missed="0" covered="3"/>
                <counter type="LINE" missed="0" covered="1"/>
                <counter type="COMPLEXITY" missed="0" covered="1"/>
                <counter type="METHOD" missed="0" covered="1"/>
            </method>
            <method name="getMaxSizeMB" desc="()Ljava/math/BigDecimal;" line="14">
                <counter type="INSTRUCTION" missed="0" covered="3"/>
                <counter type="LINE" missed="0" covered="1"/>
                <counter type="COMPLEXITY" missed="0" covered="1"/>
                <counter type="METHOD" missed="0" covered="1"/>
            </method>
            <method name="&lt;init&gt;"
                    desc="(Ljava/lang/String;Ljava/lang/String;ZLjava/lang/String;Ljava/lang/String;Ljava/math/BigDecimal;)V"
                    line="8">
                <counter type="INSTRUCTION" missed="0" covered="33"/>
                <counter type="LINE" missed="0" covered="1"/>
                <counter type="COMPLEXITY" missed="0" covered="1"/>
                <counter type="METHOD" missed="0" covered="1"/>
            </method>
            <counter type="INSTRUCTION" missed="0" covered="51"/>
            <counter type="LINE" missed="0" covered="7"/>
            <counter type="COMPLEXITY" missed="0" covered="7"/>
            <counter type="METHOD" missed="0" covered="7"/>
            <counter type="CLASS" missed="0" covered="1"/>
        </class>
        <class name="attachment/AttachmentDatabaseRepository$listAttachments$1"
               sourcefilename="AttachmentDatabaseRepository.kt"/>
        <class name="attachment/AttachmentDatabaseRepository$listAttachments$2"
               sourcefilename="AttachmentDatabaseRepository.kt">
            <method name="invokeSuspend" desc="(Ljava/lang/Object;)Ljava/lang/Object;" line="26">
                <counter type="INSTRUCTION" missed="0" covered="27"/>
                <counter type="LINE" missed="0" covered="5"/>
                <counter type="COMPLEXITY" missed="0" covered="1"/>
                <counter type="METHOD" missed="0" covered="1"/>
            </method>
            <counter type="INSTRUCTION" missed="0" covered="27"/>
            <counter type="LINE" missed="0" covered="5"/>
            <counter type="COMPLEXITY" missed="0" covered="1"/>
            <counter type="METHOD" missed="0" covered="1"/>
            <counter type="CLASS" missed="0" covered="1"/>
        </class>
        <sourcefile name="AttachmentConfig.kt">
            <line nr="8" mi="0" ci="21" mb="0" cb="0"/>
            <line nr="9" mi="0" ci="3" mb="0" cb="0"/>
            <line nr="10" mi="0" ci="3" mb="0" cb="0"/>
            <line nr="11" mi="0" ci="3" mb="0" cb="0"/>
            <line nr="12" mi="0" ci="3" mb="0" cb="0"/>
            <line nr="13" mi="0" ci="3" mb="0" cb="0"/>
            <line nr="14" mi="0" ci="3" mb="0" cb="0"/>
            <line nr="18" mi="2" ci="20" mb="2" cb="4"/>
            <line nr="20" mi="0" ci="15" mb="0" cb="0"/>
            <line nr="21" mi="0" ci="4" mb="0" cb="0"/>
            <line nr="22" mi="0" ci="4" mb="0" cb="0"/>
            <line nr="23" mi="2" ci="20" mb="2" cb="2"/>
            <line nr="24" mi="0" ci="4" mb="0" cb="0"/>
            <line nr="25" mi="0" ci="4" mb="0" cb="0"/>
            <line nr="26" mi="0" ci="30" mb="1" cb="3"/>
            <line nr="27" mi="0" ci="1" mb="0" cb="0"/>
            <counter type="INSTRUCTION" missed="4" covered="159"/>
            <counter type="BRANCH" missed="5" covered="9"/>
            <counter type="LINE" missed="0" covered="16"/>
            <counter type="COMPLEXITY" missed="5" covered="11"/>
            <counter type="METHOD" missed="0" covered="9"/>
            <counter type="CLASS" missed="0" covered="2"/>
        </sourcefile>
        <sourcefile name="AttachmentDatabaseRepository.kt">
            <line nr="12" mi="0" ci="5" mb="0" cb="0"/>
            <line nr="13" mi="0" ci="7" mb="0" cb="0"/>
            <line nr="16" mi="0" ci="20" mb="0" cb="2"/>
            <line nr="17" mi="0" ci="9" mb="0" cb="0"/>
            <line nr="18" mi="0" ci="5" mb="0" cb="0"/>
            <line nr="20" mi="0" ci="9" mb="0" cb="0"/>
            <line nr="21" mi="0" ci="1" mb="0" cb="0"/>
            <line nr="22" mi="0" ci="2" mb="0" cb="0"/>
            <line nr="23" mi="0" ci="2" mb="0" cb="0"/>
            <line nr="26" mi="0" ci="26" mb="0" cb="0"/>
            <line nr="27" mi="0" ci="11" mb="0" cb="0"/>
            <line nr="28" mi="0" ci="3" mb="0" cb="0"/>
            <line nr="29" mi="0" ci="7" mb="0" cb="0"/>
            <line nr="30" mi="0" ci="3" mb="0" cb="0"/>
            <line nr="31" mi="0" ci="1" mb="0" cb="0"/>
            <line nr="34" mi="1" ci="19" mb="1" cb="1"/>
            <line nr="35" mi="0" ci="3" mb="0" cb="0"/>
            <line nr="36" mi="0" ci="3" mb="0" cb="0"/>
            <line nr="37" mi="0" ci="7" mb="0" cb="0"/>
            <line nr="38" mi="0" ci="6" mb="0" cb="0"/>
            <line nr="39" mi="0" ci="3" mb="0" cb="0"/>
            <line nr="41" mi="2" ci="0" mb="0" cb="0"/>
            <counter type="INSTRUCTION" missed="3" covered="155"/>
            <counter type="BRANCH" missed="1" covered="3"/>
            <counter type="LINE" missed="1" covered="21"/>
            <counter type="COMPLEXITY" missed="1" covered="9"/>
            <counter type="METHOD" missed="0" covered="8"/>
            <counter type="CLASS" missed="0" covered="5"/>
        </sourcefile>
        <sourcefile name="AddAttachmentResult.kt">
            <line nr="4" mi="0" ci="11" mb="0" cb="0"/>
            <line nr="5" mi="3" ci="7" mb="0" cb="0"/>
            <counter type="INSTRUCTION" missed="3" covered="18"/>
            <counter type="LINE" missed="0" covered="2"/>
            <counter type="COMPLEXITY" missed="1" covered="3"/>
            <counter type="METHOD" missed="1" covered="3"/>
            <counter type="CLASS" missed="0" covered="2"/>
        </sourcefile>
        <sourcefile name="AttachmentService.kt">
            <line nr="15" mi="0" ci="8" mb="0" cb="0"/>
            <line nr="19" mi="0" ci="6" mb="0" cb="0"/>
            <line nr="21" mi="0" ci="18" mb="0" cb="0"/>
            <line nr="24" mi="0" ci="4" mb="1" cb="1"/>
            <line nr="25" mi="0" ci="1" mb="0" cb="0"/>
            <line nr="26" mi="0" ci="7" mb="0" cb="0"/>
            <line nr="27" mi="0" ci="1" mb="0" cb="0"/>
            <line nr="28" mi="0" ci="15" mb="0" cb="0"/>
            <line nr="31" mi="0" ci="1" mb="0" cb="0"/>
            <line nr="34" mi="0" ci="49" mb="0" cb="2"/>
            <line nr="38" mi="0" ci="21" mb="1" cb="5"/>
            <line nr="42" mi="0" ci="5" mb="0" cb="0"/>
            <line nr="44" mi="0" ci="3" mb="0" cb="0"/>
            <line nr="45" mi="0" ci="36" mb="0" cb="0"/>
            <line nr="46" mi="0" ci="12" mb="0" cb="0"/>
            <line nr="47" mi="0" ci="2" mb="0" cb="0"/>
            <line nr="49" mi="0" ci="33" mb="0" cb="0"/>
            <line nr="51" mi="0" ci="5" mb="0" cb="0"/>
            <line nr="52" mi="0" ci="1" mb="0" cb="0"/>
            <line nr="53" mi="0" ci="18" mb="0" cb="0"/>
            <line nr="54" mi="0" ci="7" mb="0" cb="0"/>
            <line nr="58" mi="0" ci="15" mb="0" cb="0"/>
            <line nr="59" mi="0" ci="15" mb="0" cb="0"/>
            <line nr="60" mi="0" ci="1" mb="0" cb="0"/>
            <line nr="62" mi="0" ci="6" mb="0" cb="0"/>
            <line nr="64" mi="0" ci="2" mb="0" cb="0"/>
            <line nr="65" mi="0" ci="13" mb="0" cb="0"/>
            <line nr="67" mi="0" ci="5" mb="0" cb="0"/>
            <line nr="68" mi="0" ci="8" mb="0" cb="0"/>
            <line nr="70" mi="0" ci="31" mb="0" cb="0"/>
            <line nr="71" mi="0" ci="3" mb="0" cb="0"/>
            <line nr="72" mi="0" ci="2" mb="0" cb="0"/>
            <line nr="75" mi="0" ci="12" mb="0" cb="0"/>
            <counter type="INSTRUCTION" missed="0" covered="378"/>
            <counter type="BRANCH" missed="2" covered="8"/>
            <counter type="LINE" missed="0" covered="33"/>
            <counter type="COMPLEXITY" missed="2" covered="13"/>
            <counter type="METHOD" missed="0" covered="10"/>
            <counter type="CLASS" missed="0" covered="4"/>
        </sourcefile>
        <sourcefile name="AttachmentRepository.kt"/>
        <sourcefile name="AttachmentMapper.kt">
            <line nr="8" mi="0" ci="4" mb="0" cb="0"/>
            <line nr="9" mi="0" ci="5" mb="0" cb="0"/>
            <line nr="10" mi="0" ci="5" mb="0" cb="0"/>
            <line nr="11" mi="0" ci="5" mb="0" cb="0"/>
            <line nr="12" mi="0" ci="5" mb="0" cb="0"/>
            <line nr="14" mi="0" ci="2" mb="0" cb="0"/>
            <counter type="INSTRUCTION" missed="0" covered="32"/>
            <counter type="LINE" missed="0" covered="6"/>
            <counter type="COMPLEXITY" missed="0" covered="1"/>
            <counter type="METHOD" missed="0" covered="1"/>
            <counter type="CLASS" missed="0" covered="1"/>
        </sourcefile>
        <counter type="INSTRUCTION" missed="10" covered="742"/>
        <counter type="BRANCH" missed="8" covered="20"/>
        <counter type="LINE" missed="1" covered="78"/>
        <counter type="COMPLEXITY" missed="9" covered="37"/>
        <counter type="METHOD" missed="1" covered="31"/>
        <counter type="CLASS" missed="0" covered="14"/>
    </package>
    <package name="database">
        <class name="database/DataSourceConfig$Companion" sourcefilename="DataSourceConfig.kt">
            <method name="createDataSourceConfig"
                    desc="(Lio/ktor/config/ApplicationConfig;)Ldatabase/DataSourceConfig;" line="20">
                <counter type="INSTRUCTION" missed="0" covered="23"/>
                <counter type="LINE" missed="0" covered="6"/>
                <counter type="COMPLEXITY" missed="0" covered="1"/>
                <counter type="METHOD" missed="0" covered="1"/>
            </method>
            <method name="createDataSource"
                    desc="(Ldatabase/DataSourceConfig;Lio/micrometer/core/instrument/MeterRegistry;)Lcom/zaxxer/hikari/HikariDataSource;"
                    line="28">
                <counter type="INSTRUCTION" missed="0" covered="39"/>
                <counter type="LINE" missed="0" covered="9"/>
                <counter type="COMPLEXITY" missed="0" covered="1"/>
                <counter type="METHOD" missed="0" covered="1"/>
            </method>
            <method name="flywayMigrate" desc="(Ljavax/sql/DataSource;Ldatabase/DataSourceConfig;)V"
                    line="42">
                <counter type="INSTRUCTION" missed="0" covered="23"/>
                <counter type="LINE" missed="0" covered="6"/>
                <counter type="COMPLEXITY" missed="0" covered="1"/>
                <counter type="METHOD" missed="0" covered="1"/>
            </method>
            <method name="createDSLContext"
                    desc="(Ljavax/sql/DataSource;Ldatabase/DataSourceConfig;)Lorg/jooq/DSLContext;" line="51">
                <counter type="INSTRUCTION" missed="0" covered="36"/>
                <counter type="LINE" missed="0" covered="6"/>
                <counter type="COMPLEXITY" missed="0" covered="1"/>
                <counter type="METHOD" missed="0" covered="1"/>
            </method>
            <counter type="INSTRUCTION" missed="0" covered="121"/>
            <counter type="LINE" missed="0" covered="27"/>
            <counter type="COMPLEXITY" missed="0" covered="4"/>
            <counter type="METHOD" missed="0" covered="4"/>
            <counter type="CLASS" missed="0" covered="1"/>
        </class>
        <class name="database/DataSourceConfig" sourcefilename="DataSourceConfig.kt">
            <method name="getJdbcUrl" desc="()Ljava/lang/String;" line="18">
                <counter type="INSTRUCTION" missed="0" covered="3"/>
                <counter type="LINE" missed="0" covered="1"/>
                <counter type="COMPLEXITY" missed="0" covered="1"/>
                <counter type="METHOD" missed="0" covered="1"/>
            </method>
            <method name="getUsername" desc="()Ljava/lang/String;" line="18">
                <counter type="INSTRUCTION" missed="0" covered="3"/>
                <counter type="LINE" missed="0" covered="1"/>
                <counter type="COMPLEXITY" missed="0" covered="1"/>
                <counter type="METHOD" missed="0" covered="1"/>
            </method>
            <method name="getPassword" desc="()Ljava/lang/String;" line="18">
                <counter type="INSTRUCTION" missed="0" covered="3"/>
                <counter type="LINE" missed="0" covered="1"/>
                <counter type="COMPLEXITY" missed="0" covered="1"/>
                <counter type="METHOD" missed="0" covered="1"/>
            </method>
            <method name="getSchema" desc="()Ljava/lang/String;" line="18">
                <counter type="INSTRUCTION" missed="0" covered="3"/>
                <counter type="LINE" missed="0" covered="1"/>
                <counter type="COMPLEXITY" missed="0" covered="1"/>
                <counter type="METHOD" missed="0" covered="1"/>
            </method>
            <method name="&lt;init&gt;"
                    desc="(Ljava/lang/String;Ljava/lang/String;Ljava/lang/String;Ljava/lang/String;)V" line="18">
                <counter type="INSTRUCTION" missed="0" covered="27"/>
                <counter type="LINE" missed="0" covered="1"/>
                <counter type="COMPLEXITY" missed="0" covered="1"/>
                <counter type="METHOD" missed="0" covered="1"/>
            </method>
            <counter type="INSTRUCTION" missed="0" covered="39"/>
            <counter type="LINE" missed="0" covered="1"/>
            <counter type="COMPLEXITY" missed="0" covered="5"/>
            <counter type="METHOD" missed="0" covered="5"/>
            <counter type="CLASS" missed="0" covered="1"/>
        </class>
        <sourcefile name="DataSourceConfig.kt">
            <line nr="18" mi="0" ci="27" mb="0" cb="0"/>
            <line nr="20" mi="0" ci="3" mb="0" cb="0"/>
            <line nr="21" mi="0" ci="4" mb="0" cb="0"/>
            <line nr="22" mi="0" ci="4" mb="0" cb="0"/>
            <line nr="23" mi="0" ci="4" mb="0" cb="0"/>
            <line nr="24" mi="0" ci="4" mb="0" cb="0"/>
            <line nr="25" mi="0" ci="1" mb="0" cb="0"/>
            <line nr="28" mi="0" ci="4" mb="0" cb="0"/>
            <line nr="29" mi="0" ci="4" mb="0" cb="0"/>
            <line nr="30" mi="0" ci="4" mb="0" cb="0"/>
            <line nr="31" mi="0" ci="4" mb="0" cb="0"/>
            <line nr="32" mi="0" ci="4" mb="0" cb="0"/>
            <line nr="33" mi="0" ci="3" mb="0" cb="0"/>
            <line nr="35" mi="0" ci="5" mb="0" cb="0"/>
            <line nr="36" mi="0" ci="3" mb="0" cb="0"/>
            <line nr="38" mi="0" ci="2" mb="0" cb="0"/>
            <line nr="42" mi="0" ci="2" mb="0" cb="0"/>
            <line nr="43" mi="0" ci="5" mb="0" cb="0"/>
            <line nr="44" mi="0" ci="5" mb="0" cb="0"/>
            <line nr="45" mi="0" ci="1" mb="0" cb="0"/>
            <line nr="47" mi="0" ci="3" mb="0" cb="0"/>
            <line nr="48" mi="0" ci="1" mb="0" cb="0"/>
            <line nr="51" mi="0" ci="4" mb="0" cb="0"/>
            <line nr="52" mi="0" ci="7" mb="0" cb="0"/>
            <line nr="53" mi="0" ci="1" mb="0" cb="0"/>
            <line nr="54" mi="0" ci="5" mb="0" cb="0"/>
            <line nr="55" mi="0" ci="5" mb="0" cb="0"/>
            <line nr="59" mi="0" ci="8" mb="0" cb="0"/>
            <counter type="INSTRUCTION" missed="0" covered="160"/>
            <counter type="LINE" missed="0" covered="28"/>
            <counter type="COMPLEXITY" missed="0" covered="9"/>
            <counter type="METHOD" missed="0" covered="9"/>
            <counter type="CLASS" missed="0" covered="2"/>
        </sourcefile>
        <counter type="INSTRUCTION" missed="0" covered="160"/>
        <counter type="LINE" missed="0" covered="28"/>
        <counter type="COMPLEXITY" missed="0" covered="9"/>
        <counter type="METHOD" missed="0" covered="9"/>
        <counter type="CLASS" missed="0" covered="2"/>
    </package>
    <counter type="INSTRUCTION" missed="335" covered="8816"/>
    <counter type="BRANCH" missed="57" covered="191"/>
    <counter type="LINE" missed="25" covered="953"/>
    <counter type="COMPLEXITY" missed="60" covered="373"/>
    <counter type="METHOD" missed="6" covered="301"/>
    <counter type="CLASS" missed="2" covered="173"/>
</report>