<?xml version="1.0" encoding="UTF-8"?>
<testsuites name="jest tests" tests="120" failures="0" errors="0" time="13.779">
  <testsuite name="src\CodeText\__tests__\CodeText.spec.tsx" errors="0" failures="0" skipped="0" timestamp="2021-02-06T20:41:33" time="4.357" tests="2">
    <testcase classname="CodeText" name="CodeText should split output into lines" time="0.125">
    </testcase>
    <testcase classname="CodeText" name="CodeText when output is blank should not show any lines" time="0.026">
    </testcase>
  </testsuite>
  <testsuite name="src\TestOutput\__tests__\TestSuiteSystemErr.spec.tsx" errors="0" failures="0" skipped="0" timestamp="2021-02-06T20:41:33" time="4.537" tests="1">
    <testcase classname="TestSuiteSystemErr" name="TestSuiteSystemErr should fetch and render system err" time="0.156">
    </testcase>
  </testsuite>
  <testsuite name="src\TestOutput\__tests__\TestSuiteSystemOut.spec.tsx" errors="0" failures="0" skipped="0" timestamp="2021-02-06T20:41:33" time="4.597" tests="1">
    <testcase classname="TestSuiteSystemOut" name="TestSuiteSystemOut should fetch and render system out" time="0.178">
    </testcase>
  </testsuite>
  <testsuite name="src\TestOutput\__tests__\TestSystemOutput.spec.tsx" errors="0" failures="0" skipped="0" timestamp="2021-02-06T20:41:33" time="4.648" tests="2">
    <testcase classname="TestSystemOut" name="TestSystemOut should render output when fetch completes successfully" time="0.181">
    </testcase>
    <testcase classname="TestSystemOut" name="TestSystemOut should render error when fetching output fails" time="0.059">
    </testcase>
  </testsuite>
  <testsuite name="src\Repository\Coverage\__tests__\RepositoryCoveragePage.spec.tsx" errors="0" failures="0" skipped="0" timestamp="2021-02-06T20:41:33" time="6.03" tests="2">
    <testcase classname="RepositoryCoveragePage" name="RepositoryCoveragePage should display coverage timeline graph when no project name" time="0.192">
    </testcase>
    <testcase classname="RepositoryCoveragePage" name="RepositoryCoveragePage should display message when no coverage timeline" time="0.062">
    </testcase>
    <system-out><![CDATA[[
  {
    "message": "Warning: componentWillReceiveProps has been renamed, and is not recommended for use. See https://fb.me/react-unsafe-component-lifecycles for details.\n\n* Move data fetching code or side effects to componentDidUpdate.\n* If you're updating state whenever props change, refactor your code to use memoization techniques or move it to static getDerivedStateFromProps. Learn more at: https://fb.me/react-derived-state\n* Rename componentWillReceiveProps to UNSAFE_componentWillReceiveProps to suppress this warning in non-strict mode. In React 17.x, only the UNSAFE_ name will work. To rename all deprecated lifecycles to their new names, you can run `npx react-codemod rename-unsafe-lifecycles` in your project source folder.\n\nPlease update the following components: LineChart",
    "origin": "    at printWarning (C:\\Users\\atkcr\\projects\\projektor\\ui\\node_modules\\react-dom\\cjs\\react-dom.development.js:12357:15)\n    at lowPriorityWarningWithoutStack (C:\\Users\\atkcr\\projects\\projektor\\ui\\node_modules\\react-dom\\cjs\\react-dom.development.js:12378:20)\n    at Object.<anonymous>.ReactStrictModeWarnings.flushPendingUnsafeLifecycleWarnings (C:\\Users\\atkcr\\projects\\projektor\\ui\\node_modules\\react-dom\\cjs\\react-dom.development.js:12548:7)\n    at flushRenderPhaseStrictModeWarningsInDEV (C:\\Users\\atkcr\\projects\\projektor\\ui\\node_modules\\react-dom\\cjs\\react-dom.development.js:25689:31)\n    at commitRootImpl (C:\\Users\\atkcr\\projects\\projektor\\ui\\node_modules\\react-dom\\cjs\\react-dom.development.js:24937:3)\n    at unstable_runWithPriority (C:\\Users\\atkcr\\projects\\projektor\\ui\\node_modules\\scheduler\\cjs\\scheduler.development.js:697:12)\n    at runWithPriority$2 (C:\\Users\\atkcr\\projects\\projektor\\ui\\node_modules\\react-dom\\cjs\\react-dom.development.js:12149:10)\n    at commitRoot (C:\\Users\\atkcr\\projects\\projektor\\ui\\node_modules\\react-dom\\cjs\\react-dom.development.js:24922:3)",
    "type": "warn"
  }
]]]></system-out>
  </testsuite>
  <testsuite name="src\Organization\Coverage\__tests__\OrganizationCoveragePage.spec.tsx" errors="0" failures="0" skipped="0" timestamp="2021-02-06T20:41:33" time="6.143" tests="3">
    <testcase classname="OrganizationCoveragePage" name="OrganizationCoveragePage when three repos in org should display their coverage" time="0.702">
    </testcase>
    <testcase classname="OrganizationCoveragePage" name="OrganizationCoveragePage should display project name when it is set" time="0.314">
    </testcase>
    <testcase classname="OrganizationCoveragePage" name="OrganizationCoveragePage should not display coverage data when the organization doesn&apos;t have any repos with coverage" time="0.023">
    </testcase>
  </testsuite>
  <testsuite name="src\TestRun\__tests__\TestRunDataWrapper.spec.tsx" errors="0" failures="0" skipped="0" timestamp="2021-02-06T20:41:33" time="6.45" tests="2">
    <testcase classname="TestRunDataWrapper" name="TestRunDataWrapper should render wrapper when fetch completes successfully" time="0.349">
    </testcase>
    <testcase classname="TestRunDataWrapper" name="TestRunDataWrapper should render processing message when fetching test summary fails and results are still processing" time="0.054">
    </testcase>
  </testsuite>
  <testsuite name="src\TestResults\__tests__\TestResultsProcessingCheck.spec.tsx" errors="0" failures="0" skipped="0" timestamp="2021-02-06T20:41:38" time="2.119" tests="5">
    <testcase classname="TestResultsProcessingCheck" name="TestResultsProcessingCheck should display message when results still processing" time="0.063">
    </testcase>
    <testcase classname="TestResultsProcessingCheck" name="TestResultsProcessingCheck should refresh status when still processing up to max timeout" time="1.132">
    </testcase>
    <testcase classname="TestResultsProcessingCheck" name="TestResultsProcessingCheck should display failure message when results processing failed" time="0.043">
    </testcase>
    <testcase classname="TestResultsProcessingCheck" name="TestResultsProcessingCheck should display message when results were deleted" time="0.024">
    </testcase>
    <testcase classname="TestResultsProcessingCheck" name="TestResultsProcessingCheck should call success function when results successfully processed" time="0.02">
    </testcase>
    <system-out><![CDATA[[
  {
    "message": "Warning: An update to TestResultsProcessingCheck inside a test was not wrapped in act(...).\n\nWhen testing, code that causes React state updates should be wrapped into act(...):\n\nact(() => {\n  /* fire events that update state */\n});\n/* assert on the output */\n\nThis ensures that you're testing the behavior the user would see in the browser. Learn more at https://fb.me/react-wrap-tests-with-act\n    in TestResultsProcessingCheck",
    "origin": "    at warningWithoutStack (C:\\Users\\atkcr\\projects\\projektor\\ui\\node_modules\\react-dom\\cjs\\react-dom.development.js:530:32)\n    at warnIfNotCurrentlyActingUpdatesInDEV (C:\\Users\\atkcr\\projects\\projektor\\ui\\node_modules\\react-dom\\cjs\\react-dom.development.js:25848:7)\n    at dispatchAction (C:\\Users\\atkcr\\projects\\projektor\\ui\\node_modules\\react-dom\\cjs\\react-dom.development.js:17072:9)\n    at C:\\Users\\atkcr\\projects\\projektor\\ui\\src\\TestResults\\TestResultsProcessingCheck.tsx:65:9",
    "type": "error"
  },
  {
    "message": "Warning: An update to TestResultsProcessingCheck inside a test was not wrapped in act(...).\n\nWhen testing, code that causes React state updates should be wrapped into act(...):\n\nact(() => {\n  /* fire events that update state */\n});\n/* assert on the output */\n\nThis ensures that you're testing the behavior the user would see in the browser. Learn more at https://fb.me/react-wrap-tests-with-act\n    in TestResultsProcessingCheck",
    "origin": "    at warningWithoutStack (C:\\Users\\atkcr\\projects\\projektor\\ui\\node_modules\\react-dom\\cjs\\react-dom.development.js:530:32)\n    at warnIfNotCurrentlyActingUpdatesInDEV (C:\\Users\\atkcr\\projects\\projektor\\ui\\node_modules\\react-dom\\cjs\\react-dom.development.js:25848:7)\n    at dispatchAction (C:\\Users\\atkcr\\projects\\projektor\\ui\\node_modules\\react-dom\\cjs\\react-dom.development.js:17072:9)\n    at C:\\Users\\atkcr\\projects\\projektor\\ui\\src\\TestResults\\TestResultsProcessingCheck.tsx:66:9",
    "type": "error"
  },
  {
    "message": "Warning: An update to TestResultsProcessingCheck inside a test was not wrapped in act(...).\n\nWhen testing, code that causes React state updates should be wrapped into act(...):\n\nact(() => {\n  /* fire events that update state */\n});\n/* assert on the output */\n\nThis ensures that you're testing the behavior the user would see in the browser. Learn more at https://fb.me/react-wrap-tests-with-act\n    in TestResultsProcessingCheck",
    "origin": "    at warningWithoutStack (C:\\Users\\atkcr\\projects\\projektor\\ui\\node_modules\\react-dom\\cjs\\react-dom.development.js:530:32)\n    at warnIfNotCurrentlyActingUpdatesInDEV (C:\\Users\\atkcr\\projects\\projektor\\ui\\node_modules\\react-dom\\cjs\\react-dom.development.js:25848:7)\n    at dispatchAction (C:\\Users\\atkcr\\projects\\projektor\\ui\\node_modules\\react-dom\\cjs\\react-dom.development.js:17072:9)\n    at C:\\Users\\atkcr\\projects\\projektor\\ui\\src\\TestResults\\TestResultsProcessingCheck.tsx:65:9",
    "type": "error"
  },
  {
    "message": "Warning: An update to TestResultsProcessingCheck inside a test was not wrapped in act(...).\n\nWhen testing, code that causes React state updates should be wrapped into act(...):\n\nact(() => {\n  /* fire events that update state */\n});\n/* assert on the output */\n\nThis ensures that you're testing the behavior the user would see in the browser. Learn more at https://fb.me/react-wrap-tests-with-act\n    in TestResultsProcessingCheck",
    "origin": "    at warningWithoutStack (C:\\Users\\atkcr\\projects\\projektor\\ui\\node_modules\\react-dom\\cjs\\react-dom.development.js:530:32)\n    at warnIfNotCurrentlyActingUpdatesInDEV (C:\\Users\\atkcr\\projects\\projektor\\ui\\node_modules\\react-dom\\cjs\\react-dom.development.js:25848:7)\n    at dispatchAction (C:\\Users\\atkcr\\projects\\projektor\\ui\\node_modules\\react-dom\\cjs\\react-dom.development.js:17072:9)\n    at C:\\Users\\atkcr\\projects\\projektor\\ui\\src\\TestResults\\TestResultsProcessingCheck.tsx:66:9",
    "type": "error"
  },
  {
    "message": "Warning: An update to TestResultsProcessingCheck inside a test was not wrapped in act(...).\n\nWhen testing, code that causes React state updates should be wrapped into act(...):\n\nact(() => {\n  /* fire events that update state */\n});\n/* assert on the output */\n\nThis ensures that you're testing the behavior the user would see in the browser. Learn more at https://fb.me/react-wrap-tests-with-act\n    in TestResultsProcessingCheck",
    "origin": "    at warningWithoutStack (C:\\Users\\atkcr\\projects\\projektor\\ui\\node_modules\\react-dom\\cjs\\react-dom.development.js:530:32)\n    at warnIfNotCurrentlyActingUpdatesInDEV (C:\\Users\\atkcr\\projects\\projektor\\ui\\node_modules\\react-dom\\cjs\\react-dom.development.js:25848:7)\n    at dispatchAction (C:\\Users\\atkcr\\projects\\projektor\\ui\\node_modules\\react-dom\\cjs\\react-dom.development.js:17072:9)\n    at C:\\Users\\atkcr\\projects\\projektor\\ui\\src\\TestResults\\TestResultsProcessingCheck.tsx:65:9",
    "type": "error"
  },
  {
    "message": "Warning: An update to TestResultsProcessingCheck inside a test was not wrapped in act(...).\n\nWhen testing, code that causes React state updates should be wrapped into act(...):\n\nact(() => {\n  /* fire events that update state */\n});\n/* assert on the output */\n\nThis ensures that you're testing the behavior the user would see in the browser. Learn more at https://fb.me/react-wrap-tests-with-act\n    in TestResultsProcessingCheck",
    "origin": "    at warningWithoutStack (C:\\Users\\atkcr\\projects\\projektor\\ui\\node_modules\\react-dom\\cjs\\react-dom.development.js:530:32)\n    at warnIfNotCurrentlyActingUpdatesInDEV (C:\\Users\\atkcr\\projects\\projektor\\ui\\node_modules\\react-dom\\cjs\\react-dom.development.js:25848:7)\n    at dispatchAction (C:\\Users\\atkcr\\projects\\projektor\\ui\\node_modules\\react-dom\\cjs\\react-dom.development.js:17072:9)\n    at C:\\Users\\atkcr\\projects\\projektor\\ui\\src\\TestResults\\TestResultsProcessingCheck.tsx:66:9",
    "type": "error"
  }
]]]></system-out>
  </testsuite>
  <testsuite name="src\Coverage\__tests__\CoverageTable.spec.tsx" errors="0" failures="0" skipped="0" timestamp="2021-02-06T20:41:38" time="2.238" tests="1">
    <testcase classname="CoverageTable" name="CoverageTable should allow sorting by line, branch, or statement covered percentage" time="0.684">
    </testcase>
  </testsuite>
  <testsuite name="src\Dashboard\__tests__\Dashboard.spec.tsx" errors="0" failures="0" skipped="0" timestamp="2021-02-06T20:41:38" time="2.75" tests="2">
    <testcase classname="Dashboard" name="Dashboard should show all tests when they passed and there is at least one test" time="0.584">
    </testcase>
    <testcase classname="Dashboard" name="Dashboard should not show all tests when they passed and there are no tests" time="0.129">
    </testcase>
    <system-out><![CDATA[[
  {
    "message": "Warning: An update to CoverageSummary inside a test was not wrapped in act(...).\n\nWhen testing, code that causes React state updates should be wrapped into act(...):\n\nact(() => {\n  /* fire events that update state */\n});\n/* assert on the output */\n\nThis ensures that you're testing the behavior the user would see in the browser. Learn more at https://fb.me/react-wrap-tests-with-act\n    in CoverageSummary (created by Dashboard)\n    in div (created by Dashboard)\n    in Dashboard\n    in Unknown",
    "origin": "    at warningWithoutStack (C:\\Users\\atkcr\\projects\\projektor\\ui\\node_modules\\react-dom\\cjs\\react-dom.development.js:530:32)\n    at warnIfNotCurrentlyActingUpdatesInDEV (C:\\Users\\atkcr\\projects\\projektor\\ui\\node_modules\\react-dom\\cjs\\react-dom.development.js:25848:7)\n    at dispatchAction (C:\\Users\\atkcr\\projects\\projektor\\ui\\node_modules\\react-dom\\cjs\\react-dom.development.js:17072:9)\n    at C:\\Users\\atkcr\\projects\\projektor\\ui\\src\\Coverage\\CoverageSummary.tsx:36:20",
    "type": "error"
  },
  {
    "message": "Warning: An update to PerformanceSection inside a test was not wrapped in act(...).\n\nWhen testing, code that causes React state updates should be wrapped into act(...):\n\nact(() => {\n  /* fire events that update state */\n});\n/* assert on the output */\n\nThis ensures that you're testing the behavior the user would see in the browser. Learn more at https://fb.me/react-wrap-tests-with-act\n    in PerformanceSection (created by Dashboard)\n    in div (created by Dashboard)\n    in Dashboard\n    in Unknown",
    "origin": "    at warningWithoutStack (C:\\Users\\atkcr\\projects\\projektor\\ui\\node_modules\\react-dom\\cjs\\react-dom.development.js:530:32)\n    at warnIfNotCurrentlyActingUpdatesInDEV (C:\\Users\\atkcr\\projects\\projektor\\ui\\node_modules\\react-dom\\cjs\\react-dom.development.js:25848:7)\n    at dispatchAction (C:\\Users\\atkcr\\projects\\projektor\\ui\\node_modules\\react-dom\\cjs\\react-dom.development.js:17072:9)\n    at C:\\Users\\atkcr\\projects\\projektor\\ui\\src\\Performance\\PerformanceSection.tsx:26:20",
    "type": "error"
  }
]]]></system-out>
  </testsuite>
  <testsuite name="src\Attachments\__tests__\AttachmentsPage.spec.tsx" errors="0" failures="0" skipped="0" timestamp="2021-02-06T20:41:40" time="1.119" tests="1">
    <testcase classname="AttachmentsPage" name="AttachmentsPage should fetch attachments and render list" time="0.271">
    </testcase>
  </testsuite>
  <testsuite name="src\TestRun\__tests__\TestRunAllTests.spec.tsx" errors="0" failures="0" skipped="0" timestamp="2021-02-06T20:41:39" time="1.885" tests="2">
    <testcase classname="TestRunAllTests" name="TestRunAllTests should render all tests when fetch completes successfully" time="0.391">
    </testcase>
    <testcase classname="TestRunAllTests" name="TestRunAllTests should render error when fetching all tests fails" time="0.058">
    </testcase>
  </testsuite>
  <testsuite name="src\Dashboard\__tests__\DashboardSummary.spec.tsx" errors="0" failures="0" skipped="0" timestamp="2021-02-06T20:41:39" time="1.836" tests="6">
    <testcase classname="Dashboard summary" name="Dashboard summary should display project name when it exists" time="0.207">
    </testcase>
    <testcase classname="Dashboard summary" name="Dashboard summary should not display project name when it does not exists" time="0.106">
    </testcase>
    <testcase classname="Dashboard summary" name="Dashboard summary should display branch name when it exists" time="0.154">
    </testcase>
    <testcase classname="Dashboard summary" name="Dashboard summary should not display branch name when it does not exists" time="0.097">
    </testcase>
    <testcase classname="Dashboard summary" name="Dashboard summary should display duration when it is set" time="0.112">
    </testcase>
    <testcase classname="Dashboard summary" name="Dashboard summary should not display duration section when average duration is 0" time="0.109">
    </testcase>
    <system-out><![CDATA[[
  {
    "message": "Warning: toBeEmpty has been deprecated and will be removed in future updates. Please use instead toBeEmptyDOMElement for finding empty nodes in the DOM.",
    "origin": "    at deprecate (C:\\Users\\atkcr\\projects\\projektor\\ui\\node_modules\\@testing-library\\jest-dom\\dist\\utils.js:128:11)\n    at Object.toBeEmpty (C:\\Users\\atkcr\\projects\\projektor\\ui\\node_modules\\@testing-library\\jest-dom\\dist\\to-be-empty.js:11:24)\n    at __EXTERNAL_MATCHER_TRAP__ (C:\\Users\\atkcr\\projects\\projektor\\ui\\node_modules\\expect\\build\\index.js:342:30)\n    at Object.throwingMatcher [as toBeEmpty] (C:\\Users\\atkcr\\projects\\projektor\\ui\\node_modules\\expect\\build\\index.js:343:15)\n    at Object.<anonymous> (C:\\Users\\atkcr\\projects\\projektor\\ui\\src\\Dashboard\\__tests__\\DashboardSummary.spec.tsx:170:63)\n    at Object.asyncJestTest (C:\\Users\\atkcr\\projects\\projektor\\ui\\node_modules\\jest-jasmine2\\build\\jasmineAsyncInstall.js:106:37)\n    at C:\\Users\\atkcr\\projects\\projektor\\ui\\node_modules\\jest-jasmine2\\build\\queueRunner.js:45:12\n    at new Promise (<anonymous>)",
    "type": "warn"
  }
]]]></system-out>
  </testsuite>
  <testsuite name="src\SideMenu\__tests__\SideMenu.spec.tsx" errors="0" failures="0" skipped="0" timestamp="2021-02-06T20:41:40" time="1.405" tests="4">
    <testcase classname="SideMenu" name="SideMenu when attachments should show attachments link" time="0.24">
    </testcase>
    <testcase classname="SideMenu" name="SideMenu when no attachments should not show attachments link" time="0.105">
    </testcase>
    <testcase classname="SideMenu" name="SideMenu when coverage should show coverage link" time="0.113">
    </testcase>
    <testcase classname="SideMenu" name="SideMenu when no coverage should not show coverage link" time="0.078">
    </testcase>
  </testsuite>
  <testsuite name="src\Repository\Graph\__tests__\RepositoryGraphActiveDot.spec.tsx" errors="0" failures="0" skipped="0" timestamp="2021-02-06T20:41:40" time="1.711" tests="1">
    <testcase classname="RepositoryGraphActiveDot" name="RepositoryGraphActiveDot should link to test run" time="0.05">
    </testcase>
    <system-out><![CDATA[[
  {
    "message": "Warning: The tag <circle> is unrecognized in this browser. If you meant to render a React component, start its name with an uppercase letter.\n    in circle (created by Dot)\n    in Dot (created by RepositoryGraphActiveDot)\n    in RepositoryGraphActiveDot",
    "origin": "    at warningWithoutStack (C:\\Users\\atkcr\\projects\\projektor\\ui\\node_modules\\react-dom\\cjs\\react-dom.development.js:530:32)\n    at warning (C:\\Users\\atkcr\\projects\\projektor\\ui\\node_modules\\react-dom\\cjs\\react-dom.development.js:1018:27)\n    at createElement (C:\\Users\\atkcr\\projects\\projektor\\ui\\node_modules\\react-dom\\cjs\\react-dom.development.js:7846:9)\n    at createInstance (C:\\Users\\atkcr\\projects\\projektor\\ui\\node_modules\\react-dom\\cjs\\react-dom.development.js:9469:20)\n    at completeWork (C:\\Users\\atkcr\\projects\\projektor\\ui\\node_modules\\react-dom\\cjs\\react-dom.development.js:21079:28)\n    at completeUnitOfWork (C:\\Users\\atkcr\\projects\\projektor\\ui\\node_modules\\react-dom\\cjs\\react-dom.development.js:24730:16)\n    at performUnitOfWork (C:\\Users\\atkcr\\projects\\projektor\\ui\\node_modules\\react-dom\\cjs\\react-dom.development.js:24706:12)\n    at workLoopSync (C:\\Users\\atkcr\\projects\\projektor\\ui\\node_modules\\react-dom\\cjs\\react-dom.development.js:24671:22)",
    "type": "error"
  }
]]]></system-out>
  </testsuite>
  <testsuite name="src\Repository\Coverage\__tests__\RepositoryCoverageTimelineGraph.spec.tsx" errors="0" failures="0" skipped="0" timestamp="2021-02-06T20:41:38" time="4.02" tests="1">
    <testcase classname="RepositoryCoverageTimelineGraph" name="RepositoryCoverageTimelineGraph should display coverage timeline graph" time="2.202">
    </testcase>
    <system-out><![CDATA[[
  {
    "message": "The width(500) and height(300) are both fixed numbers,\n       maybe you don't need to use a ResponsiveContainer.",
    "origin": "    at warn (C:\\Users\\atkcr\\projects\\projektor\\ui\\node_modules\\recharts\\lib\\util\\LogUtils.js:23:17)\n    at ResponsiveContainer.renderChart (C:\\Users\\atkcr\\projects\\projektor\\ui\\node_modules\\recharts\\lib\\component\\ResponsiveContainer.js:137:26)\n    at ResponsiveContainer.render (C:\\Users\\atkcr\\projects\\projektor\\ui\\node_modules\\recharts\\lib\\component\\ResponsiveContainer.js:191:15)\n    at finishClassComponent (C:\\Users\\atkcr\\projects\\projektor\\ui\\node_modules\\react-dom\\cjs\\react-dom.development.js:18470:31)\n    at updateClassComponent (C:\\Users\\atkcr\\projects\\projektor\\ui\\node_modules\\react-dom\\cjs\\react-dom.development.js:18423:24)\n    at beginWork$1 (C:\\Users\\atkcr\\projects\\projektor\\ui\\node_modules\\react-dom\\cjs\\react-dom.development.js:20186:16)\n    at beginWork$$1 (C:\\Users\\atkcr\\projects\\projektor\\ui\\node_modules\\react-dom\\cjs\\react-dom.development.js:25756:14)\n    at performUnitOfWork (C:\\Users\\atkcr\\projects\\projektor\\ui\\node_modules\\react-dom\\cjs\\react-dom.development.js:24698:12)",
    "type": "warn"
  },
  {
    "message": "Warning: componentWillReceiveProps has been renamed, and is not recommended for use. See https://fb.me/react-unsafe-component-lifecycles for details.\n\n* Move data fetching code or side effects to componentDidUpdate.\n* If you're updating state whenever props change, refactor your code to use memoization techniques or move it to static getDerivedStateFromProps. Learn more at: https://fb.me/react-derived-state\n* Rename componentWillReceiveProps to UNSAFE_componentWillReceiveProps to suppress this warning in non-strict mode. In React 17.x, only the UNSAFE_ name will work. To rename all deprecated lifecycles to their new names, you can run `npx react-codemod rename-unsafe-lifecycles` in your project source folder.\n\nPlease update the following components: Line, LineChart",
    "origin": "    at printWarning (C:\\Users\\atkcr\\projects\\projektor\\ui\\node_modules\\react-dom\\cjs\\react-dom.development.js:12357:15)\n    at lowPriorityWarningWithoutStack (C:\\Users\\atkcr\\projects\\projektor\\ui\\node_modules\\react-dom\\cjs\\react-dom.development.js:12378:20)\n    at Object.<anonymous>.ReactStrictModeWarnings.flushPendingUnsafeLifecycleWarnings (C:\\Users\\atkcr\\projects\\projektor\\ui\\node_modules\\react-dom\\cjs\\react-dom.development.js:12548:7)\n    at flushRenderPhaseStrictModeWarningsInDEV (C:\\Users\\atkcr\\projects\\projektor\\ui\\node_modules\\react-dom\\cjs\\react-dom.development.js:25689:31)\n    at commitRootImpl (C:\\Users\\atkcr\\projects\\projektor\\ui\\node_modules\\react-dom\\cjs\\react-dom.development.js:24937:3)\n    at unstable_runWithPriority (C:\\Users\\atkcr\\projects\\projektor\\ui\\node_modules\\scheduler\\cjs\\scheduler.development.js:697:12)\n    at runWithPriority$2 (C:\\Users\\atkcr\\projects\\projektor\\ui\\node_modules\\react-dom\\cjs\\react-dom.development.js:12149:10)\n    at commitRoot (C:\\Users\\atkcr\\projects\\projektor\\ui\\node_modules\\react-dom\\cjs\\react-dom.development.js:24922:3)",
    "type": "warn"
  }
]]]></system-out>
  </testsuite>
  <testsuite name="src\Coverage\__tests__\CoverageFilesTable.spec.tsx" errors="0" failures="0" skipped="0" timestamp="2021-02-06T20:41:41" time="1.464" tests="2">
    <testcase classname="CoverageFilesTable" name="CoverageFilesTable should filter out files without any lines" time="0.282">
    </testcase>
    <testcase classname="CoverageFilesTable" name="CoverageFilesTable should sort by line covered percentage least to highest" time="0.362">
    </testcase>
  </testsuite>
  <testsuite name="src\TestCase\__tests__\TestCaseFailurePanel.spec.tsx" errors="0" failures="0" skipped="0" timestamp="2021-02-06T20:41:41" time="1.444" tests="7">
    <testcase classname="TestCaseFailurePanel" name="TestCaseFailurePanel should render failure details link when the test case failed" time="0.201">
    </testcase>
    <testcase classname="TestCaseFailurePanel" name="TestCaseFailurePanel should not render failure details link when the test case passed" time="0.063">
    </testcase>
    <testcase classname="TestCaseFailurePanel" name="TestCaseFailurePanel should render system out link when the test case has system out" time="0.082">
    </testcase>
    <testcase classname="TestCaseFailurePanel" name="TestCaseFailurePanel should render system err link when the test case has system err" time="0.099">
    </testcase>
    <testcase classname="TestCaseFailurePanel" name="TestCaseFailurePanel should render both system out and err links when the test case has both" time="0.112">
    </testcase>
    <testcase classname="TestCaseFailurePanel" name="TestCaseFailurePanel should render failure message when flag to show full failure is false" time="0.076">
    </testcase>
    <testcase classname="TestCaseFailurePanel" name="TestCaseFailurePanel should render failure text when flag to show full failure is true" time="0.094">
    </testcase>
  </testsuite>
  <testsuite name="src\TestCase\__tests__\TestCaseFailurePanelList.spec.tsx" errors="0" failures="0" skipped="0" timestamp="2021-02-06T20:41:41" time="1.353" tests="2">
    <testcase classname="TestCaseFailureListPanel" name="TestCaseFailureListPanel should render longer failure text when less than 5 failures" time="0.357">
    </testcase>
    <testcase classname="TestCaseFailureListPanel" name="TestCaseFailureListPanel should render shorter failure message when more than 5 failures" time="0.295">
    </testcase>
  </testsuite>
  <testsuite name="src\TestCase\__tests__\TestCaseDetails.spec.tsx" errors="0" failures="0" skipped="0" timestamp="2021-02-06T20:41:41" time="1.278" tests="4">
    <testcase classname="TestCaseDetails" name="TestCaseDetails should render failure tab when the test case failed" time="0.084">
    </testcase>
    <testcase classname="TestCaseDetails" name="TestCaseDetails should not render failure tab when the test case passed" time="0.069">
    </testcase>
    <testcase classname="TestCaseDetails" name="TestCaseDetails should system out tab when test case has system out" time="0.056">
    </testcase>
    <testcase classname="TestCaseDetails" name="TestCaseDetails should system err tab when test case has system err" time="0.054">
    </testcase>
    <system-out><![CDATA[[
  {
    "message": "Material-UI: The value provided to the Tabs component is invalid.\nNone of the Tabs' children match with `/failure`.\nYou can provide one of the following values: /summary.",
    "origin": "    at getTabsMeta (C:\\Users\\atkcr\\projects\\projektor\\ui\\node_modules\\@material-ui\\core\\Tabs\\Tabs.js:221:21)\n    at C:\\Users\\atkcr\\projects\\projektor\\ui\\node_modules\\@material-ui\\core\\Tabs\\Tabs.js:238:24\n    at C:\\Users\\atkcr\\projects\\projektor\\ui\\node_modules\\@material-ui\\core\\utils\\useEventCallback.js:25:29\n    at C:\\Users\\atkcr\\projects\\projektor\\ui\\node_modules\\@material-ui\\core\\Tabs\\Tabs.js:398:5\n    at commitHookEffectList (C:\\Users\\atkcr\\projects\\projektor\\ui\\node_modules\\react-dom\\cjs\\react-dom.development.js:22030:26)\n    at commitPassiveHookEffects (C:\\Users\\atkcr\\projects\\projektor\\ui\\node_modules\\react-dom\\cjs\\react-dom.development.js:22064:11)\n    at HTMLUnknownElement.callCallback (C:\\Users\\atkcr\\projects\\projektor\\ui\\node_modules\\react-dom\\cjs\\react-dom.development.js:336:14)\n    at HTMLUnknownElement.callTheUserObjectsOperation (C:\\Users\\atkcr\\projects\\projektor\\ui\\node_modules\\jest-environment-jsdom\\node_modules\\jsdom\\lib\\jsdom\\living\\generated\\EventListener.js:26:30)",
    "type": "error"
  },
  {
    "message": "Material-UI: The value provided to the Tabs component is invalid.\nNone of the Tabs' children match with `/failure`.\nYou can provide one of the following values: /summary.",
    "origin": "    at getTabsMeta (C:\\Users\\atkcr\\projects\\projektor\\ui\\node_modules\\@material-ui\\core\\Tabs\\Tabs.js:221:21)\n    at C:\\Users\\atkcr\\projects\\projektor\\ui\\node_modules\\@material-ui\\core\\Tabs\\Tabs.js:326:25\n    at C:\\Users\\atkcr\\projects\\projektor\\ui\\node_modules\\@material-ui\\core\\utils\\useEventCallback.js:25:29\n    at C:\\Users\\atkcr\\projects\\projektor\\ui\\node_modules\\@material-ui\\core\\Tabs\\Tabs.js:402:5\n    at commitHookEffectList (C:\\Users\\atkcr\\projects\\projektor\\ui\\node_modules\\react-dom\\cjs\\react-dom.development.js:22030:26)\n    at commitPassiveHookEffects (C:\\Users\\atkcr\\projects\\projektor\\ui\\node_modules\\react-dom\\cjs\\react-dom.development.js:22064:11)\n    at HTMLUnknownElement.callCallback (C:\\Users\\atkcr\\projects\\projektor\\ui\\node_modules\\react-dom\\cjs\\react-dom.development.js:336:14)\n    at HTMLUnknownElement.callTheUserObjectsOperation (C:\\Users\\atkcr\\projects\\projektor\\ui\\node_modules\\jest-environment-jsdom\\node_modules\\jsdom\\lib\\jsdom\\living\\generated\\EventListener.js:26:30)",
    "type": "error"
  },
  {
    "message": "Material-UI: The value provided to the Tabs component is invalid.\nNone of the Tabs' children match with `/failure`.\nYou can provide one of the following values: /summary.",
    "origin": "    at getTabsMeta (C:\\Users\\atkcr\\projects\\projektor\\ui\\node_modules\\@material-ui\\core\\Tabs\\Tabs.js:221:21)\n    at C:\\Users\\atkcr\\projects\\projektor\\ui\\node_modules\\@material-ui\\core\\Tabs\\Tabs.js:238:24\n    at C:\\Users\\atkcr\\projects\\projektor\\ui\\node_modules\\@material-ui\\core\\utils\\useEventCallback.js:25:29\n    at C:\\Users\\atkcr\\projects\\projektor\\ui\\node_modules\\@material-ui\\core\\Tabs\\Tabs.js:398:5\n    at commitHookEffectList (C:\\Users\\atkcr\\projects\\projektor\\ui\\node_modules\\react-dom\\cjs\\react-dom.development.js:22030:26)\n    at commitPassiveHookEffects (C:\\Users\\atkcr\\projects\\projektor\\ui\\node_modules\\react-dom\\cjs\\react-dom.development.js:22064:11)\n    at HTMLUnknownElement.callCallback (C:\\Users\\atkcr\\projects\\projektor\\ui\\node_modules\\react-dom\\cjs\\react-dom.development.js:336:14)\n    at HTMLUnknownElement.callTheUserObjectsOperation (C:\\Users\\atkcr\\projects\\projektor\\ui\\node_modules\\jest-environment-jsdom\\node_modules\\jsdom\\lib\\jsdom\\living\\generated\\EventListener.js:26:30)",
    "type": "error"
  },
  {
    "message": "Material-UI: The value provided to the Tabs component is invalid.\nNone of the Tabs' children match with `/failure`.\nYou can provide one of the following values: /summary.",
    "origin": "    at getTabsMeta (C:\\Users\\atkcr\\projects\\projektor\\ui\\node_modules\\@material-ui\\core\\Tabs\\Tabs.js:221:21)\n    at C:\\Users\\atkcr\\projects\\projektor\\ui\\node_modules\\@material-ui\\core\\Tabs\\Tabs.js:326:25\n    at C:\\Users\\atkcr\\projects\\projektor\\ui\\node_modules\\@material-ui\\core\\utils\\useEventCallback.js:25:29\n    at C:\\Users\\atkcr\\projects\\projektor\\ui\\node_modules\\@material-ui\\core\\Tabs\\Tabs.js:402:5\n    at commitHookEffectList (C:\\Users\\atkcr\\projects\\projektor\\ui\\node_modules\\react-dom\\cjs\\react-dom.development.js:22030:26)\n    at commitPassiveHookEffects (C:\\Users\\atkcr\\projects\\projektor\\ui\\node_modules\\react-dom\\cjs\\react-dom.development.js:22064:11)\n    at HTMLUnknownElement.callCallback (C:\\Users\\atkcr\\projects\\projektor\\ui\\node_modules\\react-dom\\cjs\\react-dom.development.js:336:14)\n    at HTMLUnknownElement.callTheUserObjectsOperation (C:\\Users\\atkcr\\projects\\projektor\\ui\\node_modules\\jest-environment-jsdom\\node_modules\\jsdom\\lib\\jsdom\\living\\generated\\EventListener.js:26:30)",
    "type": "error"
  },
  {
    "message": "Material-UI: The value provided to the Tabs component is invalid.\nNone of the Tabs' children match with `/failure`.\nYou can provide one of the following values: /summary, /systemOut.",
    "origin": "    at getTabsMeta (C:\\Users\\atkcr\\projects\\projektor\\ui\\node_modules\\@material-ui\\core\\Tabs\\Tabs.js:221:21)\n    at C:\\Users\\atkcr\\projects\\projektor\\ui\\node_modules\\@material-ui\\core\\Tabs\\Tabs.js:238:24\n    at C:\\Users\\atkcr\\projects\\projektor\\ui\\node_modules\\@material-ui\\core\\utils\\useEventCallback.js:25:29\n    at C:\\Users\\atkcr\\projects\\projektor\\ui\\node_modules\\@material-ui\\core\\Tabs\\Tabs.js:398:5\n    at commitHookEffectList (C:\\Users\\atkcr\\projects\\projektor\\ui\\node_modules\\react-dom\\cjs\\react-dom.development.js:22030:26)\n    at commitPassiveHookEffects (C:\\Users\\atkcr\\projects\\projektor\\ui\\node_modules\\react-dom\\cjs\\react-dom.development.js:22064:11)\n    at HTMLUnknownElement.callCallback (C:\\Users\\atkcr\\projects\\projektor\\ui\\node_modules\\react-dom\\cjs\\react-dom.development.js:336:14)\n    at HTMLUnknownElement.callTheUserObjectsOperation (C:\\Users\\atkcr\\projects\\projektor\\ui\\node_modules\\jest-environment-jsdom\\node_modules\\jsdom\\lib\\jsdom\\living\\generated\\EventListener.js:26:30)",
    "type": "error"
  },
  {
    "message": "Material-UI: The value provided to the Tabs component is invalid.\nNone of the Tabs' children match with `/failure`.\nYou can provide one of the following values: /summary, /systemOut.",
    "origin": "    at getTabsMeta (C:\\Users\\atkcr\\projects\\projektor\\ui\\node_modules\\@material-ui\\core\\Tabs\\Tabs.js:221:21)\n    at C:\\Users\\atkcr\\projects\\projektor\\ui\\node_modules\\@material-ui\\core\\Tabs\\Tabs.js:326:25\n    at C:\\Users\\atkcr\\projects\\projektor\\ui\\node_modules\\@material-ui\\core\\utils\\useEventCallback.js:25:29\n    at C:\\Users\\atkcr\\projects\\projektor\\ui\\node_modules\\@material-ui\\core\\Tabs\\Tabs.js:402:5\n    at commitHookEffectList (C:\\Users\\atkcr\\projects\\projektor\\ui\\node_modules\\react-dom\\cjs\\react-dom.development.js:22030:26)\n    at commitPassiveHookEffects (C:\\Users\\atkcr\\projects\\projektor\\ui\\node_modules\\react-dom\\cjs\\react-dom.development.js:22064:11)\n    at HTMLUnknownElement.callCallback (C:\\Users\\atkcr\\projects\\projektor\\ui\\node_modules\\react-dom\\cjs\\react-dom.development.js:336:14)\n    at HTMLUnknownElement.callTheUserObjectsOperation (C:\\Users\\atkcr\\projects\\projektor\\ui\\node_modules\\jest-environment-jsdom\\node_modules\\jsdom\\lib\\jsdom\\living\\generated\\EventListener.js:26:30)",
    "type": "error"
  },
  {
    "message": "Material-UI: The value provided to the Tabs component is invalid.\nNone of the Tabs' children match with `/failure`.\nYou can provide one of the following values: /summary, /systemOut.",
    "origin": "    at getTabsMeta (C:\\Users\\atkcr\\projects\\projektor\\ui\\node_modules\\@material-ui\\core\\Tabs\\Tabs.js:221:21)\n    at C:\\Users\\atkcr\\projects\\projektor\\ui\\node_modules\\@material-ui\\core\\Tabs\\Tabs.js:238:24\n    at C:\\Users\\atkcr\\projects\\projektor\\ui\\node_modules\\@material-ui\\core\\utils\\useEventCallback.js:25:29\n    at C:\\Users\\atkcr\\projects\\projektor\\ui\\node_modules\\@material-ui\\core\\Tabs\\Tabs.js:398:5\n    at commitHookEffectList (C:\\Users\\atkcr\\projects\\projektor\\ui\\node_modules\\react-dom\\cjs\\react-dom.development.js:22030:26)\n    at commitPassiveHookEffects (C:\\Users\\atkcr\\projects\\projektor\\ui\\node_modules\\react-dom\\cjs\\react-dom.development.js:22064:11)\n    at HTMLUnknownElement.callCallback (C:\\Users\\atkcr\\projects\\projektor\\ui\\node_modules\\react-dom\\cjs\\react-dom.development.js:336:14)\n    at HTMLUnknownElement.callTheUserObjectsOperation (C:\\Users\\atkcr\\projects\\projektor\\ui\\node_modules\\jest-environment-jsdom\\node_modules\\jsdom\\lib\\jsdom\\living\\generated\\EventListener.js:26:30)",
    "type": "error"
  },
  {
    "message": "Material-UI: The value provided to the Tabs component is invalid.\nNone of the Tabs' children match with `/failure`.\nYou can provide one of the following values: /summary, /systemOut.",
    "origin": "    at getTabsMeta (C:\\Users\\atkcr\\projects\\projektor\\ui\\node_modules\\@material-ui\\core\\Tabs\\Tabs.js:221:21)\n    at C:\\Users\\atkcr\\projects\\projektor\\ui\\node_modules\\@material-ui\\core\\Tabs\\Tabs.js:326:25\n    at C:\\Users\\atkcr\\projects\\projektor\\ui\\node_modules\\@material-ui\\core\\utils\\useEventCallback.js:25:29\n    at C:\\Users\\atkcr\\projects\\projektor\\ui\\node_modules\\@material-ui\\core\\Tabs\\Tabs.js:402:5\n    at commitHookEffectList (C:\\Users\\atkcr\\projects\\projektor\\ui\\node_modules\\react-dom\\cjs\\react-dom.development.js:22030:26)\n    at commitPassiveHookEffects (C:\\Users\\atkcr\\projects\\projektor\\ui\\node_modules\\react-dom\\cjs\\react-dom.development.js:22064:11)\n    at HTMLUnknownElement.callCallback (C:\\Users\\atkcr\\projects\\projektor\\ui\\node_modules\\react-dom\\cjs\\react-dom.development.js:336:14)\n    at HTMLUnknownElement.callTheUserObjectsOperation (C:\\Users\\atkcr\\projects\\projektor\\ui\\node_modules\\jest-environment-jsdom\\node_modules\\jsdom\\lib\\jsdom\\living\\generated\\EventListener.js:26:30)",
    "type": "error"
  },
  {
    "message": "Material-UI: The value provided to the Tabs component is invalid.\nNone of the Tabs' children match with `/failure`.\nYou can provide one of the following values: /summary, /systemErr.",
    "origin": "    at getTabsMeta (C:\\Users\\atkcr\\projects\\projektor\\ui\\node_modules\\@material-ui\\core\\Tabs\\Tabs.js:221:21)\n    at C:\\Users\\atkcr\\projects\\projektor\\ui\\node_modules\\@material-ui\\core\\Tabs\\Tabs.js:238:24\n    at C:\\Users\\atkcr\\projects\\projektor\\ui\\node_modules\\@material-ui\\core\\utils\\useEventCallback.js:25:29\n    at C:\\Users\\atkcr\\projects\\projektor\\ui\\node_modules\\@material-ui\\core\\Tabs\\Tabs.js:398:5\n    at commitHookEffectList (C:\\Users\\atkcr\\projects\\projektor\\ui\\node_modules\\react-dom\\cjs\\react-dom.development.js:22030:26)\n    at commitPassiveHookEffects (C:\\Users\\atkcr\\projects\\projektor\\ui\\node_modules\\react-dom\\cjs\\react-dom.development.js:22064:11)\n    at HTMLUnknownElement.callCallback (C:\\Users\\atkcr\\projects\\projektor\\ui\\node_modules\\react-dom\\cjs\\react-dom.development.js:336:14)\n    at HTMLUnknownElement.callTheUserObjectsOperation (C:\\Users\\atkcr\\projects\\projektor\\ui\\node_modules\\jest-environment-jsdom\\node_modules\\jsdom\\lib\\jsdom\\living\\generated\\EventListener.js:26:30)",
    "type": "error"
  },
  {
    "message": "Material-UI: The value provided to the Tabs component is invalid.\nNone of the Tabs' children match with `/failure`.\nYou can provide one of the following values: /summary, /systemErr.",
    "origin": "    at getTabsMeta (C:\\Users\\atkcr\\projects\\projektor\\ui\\node_modules\\@material-ui\\core\\Tabs\\Tabs.js:221:21)\n    at C:\\Users\\atkcr\\projects\\projektor\\ui\\node_modules\\@material-ui\\core\\Tabs\\Tabs.js:326:25\n    at C:\\Users\\atkcr\\projects\\projektor\\ui\\node_modules\\@material-ui\\core\\utils\\useEventCallback.js:25:29\n    at C:\\Users\\atkcr\\projects\\projektor\\ui\\node_modules\\@material-ui\\core\\Tabs\\Tabs.js:402:5\n    at commitHookEffectList (C:\\Users\\atkcr\\projects\\projektor\\ui\\node_modules\\react-dom\\cjs\\react-dom.development.js:22030:26)\n    at commitPassiveHookEffects (C:\\Users\\atkcr\\projects\\projektor\\ui\\node_modules\\react-dom\\cjs\\react-dom.development.js:22064:11)\n    at HTMLUnknownElement.callCallback (C:\\Users\\atkcr\\projects\\projektor\\ui\\node_modules\\react-dom\\cjs\\react-dom.development.js:336:14)\n    at HTMLUnknownElement.callTheUserObjectsOperation (C:\\Users\\atkcr\\projects\\projektor\\ui\\node_modules\\jest-environment-jsdom\\node_modules\\jsdom\\lib\\jsdom\\living\\generated\\EventListener.js:26:30)",
    "type": "error"
  },
  {
    "message": "Material-UI: The value provided to the Tabs component is invalid.\nNone of the Tabs' children match with `/failure`.\nYou can provide one of the following values: /summary, /systemErr.",
    "origin": "    at getTabsMeta (C:\\Users\\atkcr\\projects\\projektor\\ui\\node_modules\\@material-ui\\core\\Tabs\\Tabs.js:221:21)\n    at C:\\Users\\atkcr\\projects\\projektor\\ui\\node_modules\\@material-ui\\core\\Tabs\\Tabs.js:238:24\n    at C:\\Users\\atkcr\\projects\\projektor\\ui\\node_modules\\@material-ui\\core\\utils\\useEventCallback.js:25:29\n    at C:\\Users\\atkcr\\projects\\projektor\\ui\\node_modules\\@material-ui\\core\\Tabs\\Tabs.js:398:5\n    at commitHookEffectList (C:\\Users\\atkcr\\projects\\projektor\\ui\\node_modules\\react-dom\\cjs\\react-dom.development.js:22030:26)\n    at commitPassiveHookEffects (C:\\Users\\atkcr\\projects\\projektor\\ui\\node_modules\\react-dom\\cjs\\react-dom.development.js:22064:11)\n    at HTMLUnknownElement.callCallback (C:\\Users\\atkcr\\projects\\projektor\\ui\\node_modules\\react-dom\\cjs\\react-dom.development.js:336:14)\n    at HTMLUnknownElement.callTheUserObjectsOperation (C:\\Users\\atkcr\\projects\\projektor\\ui\\node_modules\\jest-environment-jsdom\\node_modules\\jsdom\\lib\\jsdom\\living\\generated\\EventListener.js:26:30)",
    "type": "error"
  },
  {
    "message": "Material-UI: The value provided to the Tabs component is invalid.\nNone of the Tabs' children match with `/failure`.\nYou can provide one of the following values: /summary, /systemErr.",
    "origin": "    at getTabsMeta (C:\\Users\\atkcr\\projects\\projektor\\ui\\node_modules\\@material-ui\\core\\Tabs\\Tabs.js:221:21)\n    at C:\\Users\\atkcr\\projects\\projektor\\ui\\node_modules\\@material-ui\\core\\Tabs\\Tabs.js:326:25\n    at C:\\Users\\atkcr\\projects\\projektor\\ui\\node_modules\\@material-ui\\core\\utils\\useEventCallback.js:25:29\n    at C:\\Users\\atkcr\\projects\\projektor\\ui\\node_modules\\@material-ui\\core\\Tabs\\Tabs.js:402:5\n    at commitHookEffectList (C:\\Users\\atkcr\\projects\\projektor\\ui\\node_modules\\react-dom\\cjs\\react-dom.development.js:22030:26)\n    at commitPassiveHookEffects (C:\\Users\\atkcr\\projects\\projektor\\ui\\node_modules\\react-dom\\cjs\\react-dom.development.js:22064:11)\n    at HTMLUnknownElement.callCallback (C:\\Users\\atkcr\\projects\\projektor\\ui\\node_modules\\react-dom\\cjs\\react-dom.development.js:336:14)\n    at HTMLUnknownElement.callTheUserObjectsOperation (C:\\Users\\atkcr\\projects\\projektor\\ui\\node_modules\\jest-environment-jsdom\\node_modules\\jsdom\\lib\\jsdom\\living\\generated\\EventListener.js:26:30)",
    "type": "error"
  }
]]]></system-out>
  </testsuite>
  <testsuite name="src\TestSuite\__tests__\TestSuiteList.spec.tsx" errors="0" failures="0" skipped="0" timestamp="2021-02-06T20:41:42" time="1.097" tests="2">
    <testcase classname="TestSuiteList" name="TestSuiteList should render group name when a test suite is grouped" time="0.235">
    </testcase>
    <testcase classname="TestSuiteList" name="TestSuiteList should not display group name when test suite has no groups" time="0.148">
    </testcase>
  </testsuite>
  <testsuite name="src\TestCase\__tests__\TestCasePage.spec.tsx" errors="0" failures="0" skipped="0" timestamp="2021-02-06T20:41:42" time="1.017" tests="2">
    <testcase classname="TestCasePage" name="TestCasePage should render test case when fetch completes successfully" time="0.144">
    </testcase>
    <testcase classname="TestCasePage" name="TestCasePage should render error when fetching test case fails" time="0.033">
    </testcase>
  </testsuite>
  <testsuite name="src\Performance\__tests__\PerformanceSection.spec.tsx" errors="0" failures="0" skipped="0" timestamp="2021-02-06T20:41:42" time="0.906" tests="1">
    <testcase classname="PerformanceSection" name="PerformanceSection should fetch performance results and render them" time="0.235">
    </testcase>
  </testsuite>
  <testsuite name="src\Badge\__tests__\TestRunCoverageBadge.spec.tsx" errors="0" failures="0" skipped="0" timestamp="2021-02-06T20:41:42" time="0.729" tests="1">
    <testcase classname="TestRunCoverageBadge" name="TestRunCoverageBadge should display coverage badge" time="0.127">
    </testcase>
    <system-out><![CDATA[[
  {
    "message": "Error: Not implemented: window.prompt\n    at module.exports (C:\\Users\\atkcr\\projects\\projektor\\ui\\node_modules\\jest-environment-jsdom\\node_modules\\jsdom\\lib\\jsdom\\browser\\not-implemented.js:9:17)\n    at C:\\Users\\atkcr\\projects\\projektor\\ui\\node_modules\\jest-environment-jsdom\\node_modules\\jsdom\\lib\\jsdom\\browser\\Window.js:728:7\n    at copy (C:\\Users\\atkcr\\projects\\projektor\\ui\\node_modules\\copy-to-clipboard\\index.js:93:14)\n    at C:\\Users\\atkcr\\projects\\projektor\\ui\\node_modules\\react-copy-to-clipboard\\lib\\Component.js:69:52\n    at HTMLUnknownElement.callCallback (C:\\Users\\atkcr\\projects\\projektor\\ui\\node_modules\\react-dom\\cjs\\react-dom.development.js:336:14)\n    at HTMLUnknownElement.callTheUserObjectsOperation (C:\\Users\\atkcr\\projects\\projektor\\ui\\node_modules\\jest-environment-jsdom\\node_modules\\jsdom\\lib\\jsdom\\living\\generated\\EventListener.js:26:30)\n    at innerInvokeEventListeners (C:\\Users\\atkcr\\projects\\projektor\\ui\\node_modules\\jest-environment-jsdom\\node_modules\\jsdom\\lib\\jsdom\\living\\events\\EventTarget-impl.js:318:25)\n    at invokeEventListeners (C:\\Users\\atkcr\\projects\\projektor\\ui\\node_modules\\jest-environment-jsdom\\node_modules\\jsdom\\lib\\jsdom\\living\\events\\EventTarget-impl.js:274:3)\n    at HTMLUnknownElementImpl._dispatch (C:\\Users\\atkcr\\projects\\projektor\\ui\\node_modules\\jest-environment-jsdom\\node_modules\\jsdom\\lib\\jsdom\\living\\events\\EventTarget-impl.js:221:9)\n    at HTMLUnknownElementImpl.dispatchEvent (C:\\Users\\atkcr\\projects\\projektor\\ui\\node_modules\\jest-environment-jsdom\\node_modules\\jsdom\\lib\\jsdom\\living\\events\\EventTarget-impl.js:94:17) undefined",
    "origin": "    at VirtualConsole.<anonymous> (C:\\Users\\atkcr\\projects\\projektor\\ui\\node_modules\\jest-environment-jsdom\\node_modules\\jsdom\\lib\\jsdom\\virtual-console.js:29:45)\n    at VirtualConsole.emit (events.js:210:5)\n    at module.exports (C:\\Users\\atkcr\\projects\\projektor\\ui\\node_modules\\jest-environment-jsdom\\node_modules\\jsdom\\lib\\jsdom\\browser\\not-implemented.js:12:26)\n    at C:\\Users\\atkcr\\projects\\projektor\\ui\\node_modules\\jest-environment-jsdom\\node_modules\\jsdom\\lib\\jsdom\\browser\\Window.js:728:7\n    at copy (C:\\Users\\atkcr\\projects\\projektor\\ui\\node_modules\\copy-to-clipboard\\index.js:93:14)\n    at C:\\Users\\atkcr\\projects\\projektor\\ui\\node_modules\\react-copy-to-clipboard\\lib\\Component.js:69:52\n    at HTMLUnknownElement.callCallback (C:\\Users\\atkcr\\projects\\projektor\\ui\\node_modules\\react-dom\\cjs\\react-dom.development.js:336:14)\n    at HTMLUnknownElement.callTheUserObjectsOperation (C:\\Users\\atkcr\\projects\\projektor\\ui\\node_modules\\jest-environment-jsdom\\node_modules\\jsdom\\lib\\jsdom\\living\\generated\\EventListener.js:26:30)",
    "type": "error"
  }
]]]></system-out>
  </testsuite>
  <testsuite name="src\TestSuite\__tests__\TestSuitePage.spec.tsx" errors="0" failures="0" skipped="0" timestamp="2021-02-06T20:41:43" time="0.84" tests="2">
    <testcase classname="TestSuitePage" name="TestSuitePage should render test suite when fetch completes successfully" time="0.099">
    </testcase>
    <testcase classname="TestSuitePage" name="TestSuitePage should render error when fetching test suite fails" time="0.04">
    </testcase>
  </testsuite>
  <testsuite name="src\Repository\FlakyTests\__tests__\RepositoryFlakyTestsTable.spec.tsx" errors="0" failures="0" skipped="0" timestamp="2021-02-06T20:41:43" time="0.857" tests="1">
    <testcase classname="RepositoryFlakyTestsTable" name="RepositoryFlakyTestsTable should format last timestamp in local timezone" time="0.25">
    </testcase>
  </testsuite>
  <testsuite name="src\TestSuite\__tests__\TestSuiteDetails.spec.tsx" errors="0" failures="0" skipped="0" timestamp="2021-02-06T20:41:43" time="1.018" tests="2">
    <testcase classname="TestSuiteDetails" name="TestSuiteDetails should display system out tab if test suite has it" time="0.095">
    </testcase>
    <testcase classname="TestSuiteDetails" name="TestSuiteDetails should display system err tab if test suite has it" time="0.058">
    </testcase>
  </testsuite>
  <testsuite name="src\TestCase\list\__tests__\TestCaseList.spec.tsx" errors="0" failures="0" skipped="0" timestamp="2021-02-06T20:41:43" time="0.856" tests="1">
    <testcase classname="TestCaseList" name="TestCaseList should render duration column first when specified" time="0.228">
    </testcase>
  </testsuite>
  <testsuite name="src\TestSuite\__tests__\TestSuitePackagePage.spec.tsx" errors="0" failures="0" skipped="0" timestamp="2021-02-06T20:41:42" time="2.091" tests="2">
    <testcase classname="TestSuitePackagePage" name="TestSuitePackagePage should render test suites when fetch completes successfully" time="0.426">
    </testcase>
    <testcase classname="TestSuitePackagePage" name="TestSuitePackagePage should render error when fetching test suites fails" time="0.042">
    </testcase>
  </testsuite>
  <testsuite name="src\Coverage\__tests__\CoverageGraph.spec.tsx" errors="0" failures="0" skipped="0" timestamp="2021-02-06T20:41:43" time="0.822" tests="7">
    <testcase classname="CoverageGraph" name="CoverageGraph should display coverage data when not inline" time="0.048">
    </testcase>
    <testcase classname="CoverageGraph" name="CoverageGraph should display positive previous coverage" time="0.037">
    </testcase>
    <testcase classname="CoverageGraph" name="CoverageGraph should display negative previous coverage" time="0.027">
    </testcase>
    <testcase classname="CoverageGraph" name="CoverageGraph should not display title when inline" time="0.014">
    </testcase>
    <testcase classname="CoverageGraph" name="CoverageGraph should not display coverage data when there isn&apos;t any" time="0.005">
    </testcase>
    <testcase classname="CoverageGraph" name="CoverageGraph graph should have link when specified" time="0.037">
    </testcase>
    <testcase classname="CoverageGraph" name="CoverageGraph graph should not have link when not specified" time="0.015">
    </testcase>
  </testsuite>
  <testsuite name="src\Pin\__tests__\PinSideMenuItem.spec.tsx" errors="0" failures="0" skipped="0" timestamp="2021-02-06T20:41:43" time="0.929" tests="3">
    <testcase classname="PinSideMenuItem" name="PinSideMenuItem when cleanup enabled and not pinned should toggle to pinned" time="0.12">
    </testcase>
    <testcase classname="PinSideMenuItem" name="PinSideMenuItem when cleanup enabled and pinned should toggle to unpinned" time="0.121">
    </testcase>
    <testcase classname="PinSideMenuItem" name="PinSideMenuItem when cleanup not enabled should not display anything" time="0.016">
    </testcase>
  </testsuite>
  <testsuite name="src\TestCase\list\__tests__\TestCaseListRow.spec.tsx" errors="0" failures="0" skipped="0" timestamp="2021-02-06T20:41:44" time="0.779" tests="1">
    <testcase classname="TestCaseListRow" name="TestCaseListRow should render test case list row" time="0.037">
    </testcase>
    <system-out><![CDATA[[
  {
    "message": "Warning: validateDOMNesting(...): <tr> cannot appear as a child of <div>.\n    in tr (created by ForwardRef(TableRow))\n    in ForwardRef(TableRow) (created by WithStyles(ForwardRef(TableRow)))\n    in WithStyles(ForwardRef(TableRow)) (created by TestCaseListRow)\n    in TestCaseListRow",
    "origin": "    at warningWithoutStack (C:\\Users\\atkcr\\projects\\projektor\\ui\\node_modules\\react-dom\\cjs\\react-dom.development.js:530:32)\n    at validateDOMNesting (C:\\Users\\atkcr\\projects\\projektor\\ui\\node_modules\\react-dom\\cjs\\react-dom.development.js:9334:7)\n    at createInstance (C:\\Users\\atkcr\\projects\\projektor\\ui\\node_modules\\react-dom\\cjs\\react-dom.development.js:9458:5)\n    at completeWork (C:\\Users\\atkcr\\projects\\projektor\\ui\\node_modules\\react-dom\\cjs\\react-dom.development.js:21079:28)\n    at completeUnitOfWork (C:\\Users\\atkcr\\projects\\projektor\\ui\\node_modules\\react-dom\\cjs\\react-dom.development.js:24730:16)\n    at performUnitOfWork (C:\\Users\\atkcr\\projects\\projektor\\ui\\node_modules\\react-dom\\cjs\\react-dom.development.js:24706:12)\n    at workLoopSync (C:\\Users\\atkcr\\projects\\projektor\\ui\\node_modules\\react-dom\\cjs\\react-dom.development.js:24671:22)\n    at performSyncWorkOnRoot (C:\\Users\\atkcr\\projects\\projektor\\ui\\node_modules\\react-dom\\cjs\\react-dom.development.js:24270:11)",
    "type": "error"
  }
]]]></system-out>
  </testsuite>
  <testsuite name="src\Loading\__tests__\LoadingSection.spec.tsx" errors="0" failures="0" skipped="0" timestamp="2021-02-06T20:41:44" time="0.738" tests="4">
    <testcase classname="LoadingSection" name="LoadingSection should display progress bar when loading" time="0.017">
    </testcase>
    <testcase classname="LoadingSection" name="LoadingSection should display success section when successful" time="0.006">
    </testcase>
    <testcase classname="LoadingSection" name="LoadingSection should display error section when errored" time="0.027">
    </testcase>
    <testcase classname="LoadingSection" name="LoadingSection should display custom error component when there is one passed in" time="0.006">
    </testcase>
  </testsuite>
  <testsuite name="src\Badge\__tests__\RepositoryCoverageBadge.spec.tsx" errors="0" failures="0" skipped="0" timestamp="2021-02-06T20:41:44" time="0.843" tests="1">
    <testcase classname="RepositoryCoverageBadge" name="RepositoryCoverageBadge should display coverage badge" time="0.137">
    </testcase>
    <system-out><![CDATA[[
  {
    "message": "Error: Not implemented: window.prompt\n    at module.exports (C:\\Users\\atkcr\\projects\\projektor\\ui\\node_modules\\jest-environment-jsdom\\node_modules\\jsdom\\lib\\jsdom\\browser\\not-implemented.js:9:17)\n    at C:\\Users\\atkcr\\projects\\projektor\\ui\\node_modules\\jest-environment-jsdom\\node_modules\\jsdom\\lib\\jsdom\\browser\\Window.js:728:7\n    at copy (C:\\Users\\atkcr\\projects\\projektor\\ui\\node_modules\\copy-to-clipboard\\index.js:93:14)\n    at C:\\Users\\atkcr\\projects\\projektor\\ui\\node_modules\\react-copy-to-clipboard\\lib\\Component.js:69:52\n    at HTMLUnknownElement.callCallback (C:\\Users\\atkcr\\projects\\projektor\\ui\\node_modules\\react-dom\\cjs\\react-dom.development.js:336:14)\n    at HTMLUnknownElement.callTheUserObjectsOperation (C:\\Users\\atkcr\\projects\\projektor\\ui\\node_modules\\jest-environment-jsdom\\node_modules\\jsdom\\lib\\jsdom\\living\\generated\\EventListener.js:26:30)\n    at innerInvokeEventListeners (C:\\Users\\atkcr\\projects\\projektor\\ui\\node_modules\\jest-environment-jsdom\\node_modules\\jsdom\\lib\\jsdom\\living\\events\\EventTarget-impl.js:318:25)\n    at invokeEventListeners (C:\\Users\\atkcr\\projects\\projektor\\ui\\node_modules\\jest-environment-jsdom\\node_modules\\jsdom\\lib\\jsdom\\living\\events\\EventTarget-impl.js:274:3)\n    at HTMLUnknownElementImpl._dispatch (C:\\Users\\atkcr\\projects\\projektor\\ui\\node_modules\\jest-environment-jsdom\\node_modules\\jsdom\\lib\\jsdom\\living\\events\\EventTarget-impl.js:221:9)\n    at HTMLUnknownElementImpl.dispatchEvent (C:\\Users\\atkcr\\projects\\projektor\\ui\\node_modules\\jest-environment-jsdom\\node_modules\\jsdom\\lib\\jsdom\\living\\events\\EventTarget-impl.js:94:17) undefined",
    "origin": "    at VirtualConsole.<anonymous> (C:\\Users\\atkcr\\projects\\projektor\\ui\\node_modules\\jest-environment-jsdom\\node_modules\\jsdom\\lib\\jsdom\\virtual-console.js:29:45)\n    at VirtualConsole.emit (events.js:210:5)\n    at module.exports (C:\\Users\\atkcr\\projects\\projektor\\ui\\node_modules\\jest-environment-jsdom\\node_modules\\jsdom\\lib\\jsdom\\browser\\not-implemented.js:12:26)\n    at C:\\Users\\atkcr\\projects\\projektor\\ui\\node_modules\\jest-environment-jsdom\\node_modules\\jsdom\\lib\\jsdom\\browser\\Window.js:728:7\n    at copy (C:\\Users\\atkcr\\projects\\projektor\\ui\\node_modules\\copy-to-clipboard\\index.js:93:14)\n    at C:\\Users\\atkcr\\projects\\projektor\\ui\\node_modules\\react-copy-to-clipboard\\lib\\Component.js:69:52\n    at HTMLUnknownElement.callCallback (C:\\Users\\atkcr\\projects\\projektor\\ui\\node_modules\\react-dom\\cjs\\react-dom.development.js:336:14)\n    at HTMLUnknownElement.callTheUserObjectsOperation (C:\\Users\\atkcr\\projects\\projektor\\ui\\node_modules\\jest-environment-jsdom\\node_modules\\jsdom\\lib\\jsdom\\living\\generated\\EventListener.js:26:30)",
    "type": "error"
  }
]]]></system-out>
  </testsuite>
  <testsuite name="src\Repository\Timeline\__tests__\RepositoryTimelineGraphTooltip.spec.tsx" errors="0" failures="0" skipped="0" timestamp="2021-02-06T20:41:44" time="0.486" tests="2">
    <testcase classname="RepositoryTimelineGraphTooltip" name="RepositoryTimelineGraphTooltip should display total and average test durations" time="0.024">
    </testcase>
    <testcase classname="RepositoryTimelineGraphTooltip" name="RepositoryTimelineGraphTooltip should display run date in local timezone" time="0.008">
    </testcase>
  </testsuite>
  <testsuite name="src\Dashboard\__tests__\TestRunCleanupDate.spec.tsx" errors="0" failures="0" skipped="0" timestamp="2021-02-06T20:41:44" time="0.882" tests="3">
    <testcase classname="TestRunCleanupDate" name="TestRunCleanupDate when cleanup enabled and not pinned should toggle to pinned" time="0.06">
    </testcase>
    <testcase classname="TestRunCleanupDate" name="TestRunCleanupDate when cleanup enabled and pinned should toggle to unpinned" time="0.048">
    </testcase>
    <testcase classname="TestRunCleanupDate" name="TestRunCleanupDate when cleanup not enabled should not display anything" time="0.007">
    </testcase>
  </testsuite>
  <testsuite name="src\Dashboard\__tests__\TestRunDuration.spec.tsx" errors="0" failures="0" skipped="0" timestamp="2021-02-06T20:41:44" time="0.723" tests="2">
    <testcase classname="TestRunDuration" name="TestRunDuration should display wall clock duration when it is set" time="0.056">
    </testcase>
    <testcase classname="TestRunDuration" name="TestRunDuration should not display wall clock duration when it is not set" time="0.044">
    </testcase>
  </testsuite>
  <testsuite name="src\VersionControl\__tests__\VersionControlHelpers.spec.ts" errors="0" failures="0" skipped="0" timestamp="2021-02-06T20:41:45" time="0.181" tests="6">
    <testcase classname="VersionControlHelpers" name="VersionControlHelpers should create GitHub URL when base URL does not end in slash" time="0.001">
    </testcase>
    <testcase classname="VersionControlHelpers" name="VersionControlHelpers should create GitHub URL when base URL ends in slash" time="0">
    </testcase>
    <testcase classname="VersionControlHelpers" name="VersionControlHelpers should create GitHub URL when line number set" time="0.001">
    </testcase>
    <testcase classname="VersionControlHelpers" name="VersionControlHelpers should return null for GitHub URL when base URL not set" time="0">
    </testcase>
    <testcase classname="VersionControlHelpers" name="VersionControlHelpers should return null for GitHub URL when no Git metadata" time="0.001">
    </testcase>
    <testcase classname="VersionControlHelpers" name="VersionControlHelpers should return null for GitHub URL when file path not set" time="0">
    </testcase>
  </testsuite>
  <testsuite name="src\Dashboard\__tests__\GitRepoListItem.spec.tsx" errors="0" failures="0" skipped="0" timestamp="2021-02-06T20:41:44" time="0.698" tests="2">
    <testcase classname="GitRepoListItem" name="GitRepoListItem should display org link" time="0.046">
    </testcase>
    <testcase classname="GitRepoListItem" name="GitRepoListItem should display repo link" time="0.055">
    </testcase>
  </testsuite>
  <testsuite name="src\dateUtils\__tests__\dateUtils.spec.ts" errors="0" failures="0" skipped="0" timestamp="2021-02-06T20:41:45" time="0.157" tests="9">
    <testcase classname="dateUtils formatSecondsDuration" name="dateUtils formatSecondsDuration should format duration less than 1 second" time="0.001">
    </testcase>
    <testcase classname="dateUtils formatSecondsDuration" name="dateUtils formatSecondsDuration should format duration less than 1 minute with MS threshold of 1" time="0">
    </testcase>
    <testcase classname="dateUtils formatSecondsDuration" name="dateUtils formatSecondsDuration should format duration less than 1 minute" time="0.001">
    </testcase>
    <testcase classname="dateUtils formatSecondsDuration" name="dateUtils formatSecondsDuration should format duration over 1 minute and less than 1 hour" time="0.001">
    </testcase>
    <testcase classname="dateUtils formatSecondsDuration" name="dateUtils formatSecondsDuration should format duration over 1 hour" time="0.001">
    </testcase>
    <testcase classname="dateUtils formatSecondsDuration" name="dateUtils formatSecondsDuration should format 0 seconds without any milliseconds" time="0.001">
    </testcase>
    <testcase classname="dateUtils formatSecondsDurationWithoutMS" name="dateUtils formatSecondsDurationWithoutMS should format duration less than 1 minute" time="0">
    </testcase>
    <testcase classname="dateUtils formatSecondsDurationWithoutMS" name="dateUtils formatSecondsDurationWithoutMS should format duration over 1 minute and less than 1 hour" time="0">
    </testcase>
    <testcase classname="dateUtils formatSecondsDurationWithoutMS" name="dateUtils formatSecondsDurationWithoutMS should format duration over 10 minutes and less than 1 hour" time="0.001">
    </testcase>
  </testsuite>
  <testsuite name="src\CodeText\__tests__\CodeTestProgressiveRender.spec.tsx" errors="0" failures="0" skipped="0" timestamp="2021-02-06T20:41:44" time="0.523" tests="1">
    <testcase classname="CodeTextProgressiveRender" name="CodeTextProgressiveRender should render lines progressively" time="0.114">
    </testcase>
  </testsuite>
  <testsuite name="src\Repository\__tests__\RepositoryLink.spec.tsx" errors="0" failures="0" skipped="0" timestamp="2021-02-06T20:41:45" time="0.175" tests="10">
    <testcase classname="RepositoryLink repositoryLinkUrlUI" name="RepositoryLink repositoryLinkUrlUI when repo name only should create link" time="0.001">
    </testcase>
    <testcase classname="RepositoryLink repositoryLinkUrlUI" name="RepositoryLink repositoryLinkUrlUI when repo name and uri should create link" time="0.001">
    </testcase>
    <testcase classname="RepositoryLink repositoryLinkUrlUI" name="RepositoryLink repositoryLinkUrlUI when uri doesn&apos;t start with forward slash should add it" time="0">
    </testcase>
    <testcase classname="RepositoryLink repositoryLinkUrlUI" name="RepositoryLink repositoryLinkUrlUI when repo name and project name should create link" time="0.001">
    </testcase>
    <testcase classname="RepositoryLink repositoryLinkUrlUI" name="RepositoryLink repositoryLinkUrlUI when repo name, project name, and uri should create link" time="0">
    </testcase>
    <testcase classname="RepositoryLink repositoryLinkUrlAPI" name="RepositoryLink repositoryLinkUrlAPI when repo name only should create link" time="0">
    </testcase>
    <testcase classname="RepositoryLink repositoryLinkUrlAPI" name="RepositoryLink repositoryLinkUrlAPI when repo name and uri should create link" time="0">
    </testcase>
    <testcase classname="RepositoryLink repositoryLinkUrlAPI" name="RepositoryLink repositoryLinkUrlAPI when uri doesn&apos;t start with forward slash should add it" time="0">
    </testcase>
    <testcase classname="RepositoryLink repositoryLinkUrlAPI" name="RepositoryLink repositoryLinkUrlAPI when repo name and project name should create link" time="0.001">
    </testcase>
    <testcase classname="RepositoryLink repositoryLinkUrlAPI" name="RepositoryLink repositoryLinkUrlAPI when repo name, project name, and uri should create link" time="0">
    </testcase>
  </testsuite>
  <testsuite name="src\Repository\Coverage\__tests__\RepositoryCoverageTimelineGraphTooltip.spec.tsx" errors="0" failures="0" skipped="0" timestamp="2021-02-06T20:41:45" time="0.527" tests="2">
    <testcase classname="RepositoryCoverageTimelineGraphTooltip" name="RepositoryCoverageTimelineGraphTooltip should render covered percentages and run date" time="0.017">
    </testcase>
    <testcase classname="RepositoryCoverageTimelineGraphTooltip" name="RepositoryCoverageTimelineGraphTooltip when no payload should render empty span" time="0.005">
    </testcase>
  </testsuite>
  <testsuite name="src\CodeText\__tests__\CodeTextLine.spec.tsx" errors="0" failures="0" skipped="0" timestamp="2021-02-06T20:41:45" time="0.388" tests="1">
    <testcase classname="Code text line" name="Code text line should call line click handler when line is clicked" time="0.01">
    </testcase>
  </testsuite>
  <testsuite name="src\TestSuite\__tests__\sort.spec.ts" errors="0" failures="0" skipped="0" timestamp="2021-02-06T20:41:45" time="0.104" tests="1">
    <testcase classname="test suite sort util" name="test suite sort util should sort failed test cases first, then passed, then skipped" time="0.001">
    </testcase>
  </testsuite>
</testsuites>