<?xml version="1.0" ?>
<!DOCTYPE coverage SYSTEM "http://cobertura.sourceforge.net/xml/coverage-04.dtd">
<coverage lines-valid="1633" lines-covered="1491" line-rate="0.9129999999999999" branches-valid="367" branches-covered="299" branch-rate="0.8147" timestamp="1623929111245" complexity="0" version="0.1">
  <sources>
    <source>/Users/craigatkinson/projects/projektor/ui</source>
  </sources>
  <packages>
    <package name="src" line-rate="1" branch-rate="0.5">
      <classes>
        <class name="BreadcrumbPageHeader.tsx" filename="src/BreadcrumbPageHeader.tsx" line-rate="1" branch-rate="0.5">
          <methods>
            <method name="(anonymous_7)" hits="10" signature="()V">
              <lines>
                <line number="7" hits="10"/>
              </lines>
            </method>
            <method name="(anonymous_8)" hits="10" signature="()V">
              <lines>
                <line number="19" hits="10"/>
              </lines>
            </method>
          </methods>
          <lines>
            <line number="1" hits="5" branch="false"/>
            <line number="2" hits="5" branch="false"/>
            <line number="3" hits="5" branch="false"/>
            <line number="4" hits="5" branch="false"/>
            <line number="5" hits="5" branch="false"/>
            <line number="7" hits="10" branch="false"/>
            <line number="19" hits="5" branch="false"/>
            <line number="20" hits="10" branch="false"/>
            <line number="21" hits="10" branch="false"/>
            <line number="23" hits="10" branch="false"/>
            <line number="25" hits="10" branch="false"/>
            <line number="40" hits="5" branch="false"/>
          </lines>
        </class>
        <class name="PageTitle.tsx" filename="src/PageTitle.tsx" line-rate="1" branch-rate="1">
          <methods>
            <method name="(anonymous_7)" hits="14" signature="()V">
              <lines>
                <line number="10" hits="14"/>
              </lines>
            </method>
            <method name="(anonymous_8)" hits="25" signature="()V">
              <lines>
                <line number="19" hits="25"/>
              </lines>
            </method>
          </methods>
          <lines>
            <line number="1" hits="7" branch="false"/>
            <line number="2" hits="7" branch="false"/>
            <line number="3" hits="7" branch="false"/>
            <line number="10" hits="14" branch="false"/>
            <line number="19" hits="25" branch="false"/>
            <line number="20" hits="25" branch="false"/>
            <line number="22" hits="25" branch="false"/>
            <line number="29" hits="7" branch="false"/>
          </lines>
        </class>
      </classes>
    </package>
    <package name="src.Attachments" line-rate="0.96" branch-rate="0.5">
      <classes>
        <class name="AttachmentsList.tsx" filename="src/Attachments/AttachmentsList.tsx" line-rate="1" branch-rate="0.5">
          <methods>
            <method name="(anonymous_7)" hits="1" signature="()V">
              <lines>
                <line number="11" hits="1"/>
              </lines>
            </method>
            <method name="(anonymous_8)" hits="4" signature="()V">
              <lines>
                <line number="25" hits="4"/>
              </lines>
            </method>
            <method name="(anonymous_9)" hits="4" signature="()V">
              <lines>
                <line number="36" hits="4"/>
              </lines>
            </method>
            <method name="(anonymous_10)" hits="2" signature="()V">
              <lines>
                <line number="43" hits="2"/>
              </lines>
            </method>
          </methods>
          <lines>
            <line number="1" hits="2" branch="false"/>
            <line number="3" hits="2" branch="false"/>
            <line number="4" hits="2" branch="false"/>
            <line number="11" hits="2" branch="false"/>
            <line number="12" hits="1" branch="false"/>
            <line number="25" hits="4" branch="false"/>
            <line number="36" hits="4" branch="false"/>
            <line number="43" hits="2" branch="false"/>
            <line number="52" hits="2" branch="false"/>
          </lines>
        </class>
        <class name="AttachmentsPage.tsx" filename="src/Attachments/AttachmentsPage.tsx" line-rate="0.9375" branch-rate="1">
          <methods>
            <method name="(anonymous_7)" hits="3" signature="()V">
              <lines>
                <line number="14" hits="3"/>
              </lines>
            </method>
            <method name="(anonymous_8)" hits="1" signature="()V">
              <lines>
                <line number="20" hits="1"/>
              </lines>
            </method>
            <method name="(anonymous_9)" hits="1" signature="()V">
              <lines>
                <line number="22" hits="1"/>
              </lines>
            </method>
            <method name="(anonymous_10)" hits="0" signature="()V">
              <lines>
                <line number="26" hits="0"/>
              </lines>
            </method>
          </methods>
          <lines>
            <line number="1" hits="2" branch="false"/>
            <line number="3" hits="2" branch="false"/>
            <line number="4" hits="2" branch="false"/>
            <line number="5" hits="2" branch="false"/>
            <line number="6" hits="2" branch="false"/>
            <line number="8" hits="2" branch="false"/>
            <line number="14" hits="3" branch="false"/>
            <line number="15" hits="3" branch="false"/>
            <line number="18" hits="3" branch="false"/>
            <line number="20" hits="3" branch="false"/>
            <line number="21" hits="1" branch="false"/>
            <line number="23" hits="1" branch="false"/>
            <line number="24" hits="1" branch="false"/>
            <line number="26" hits="0" branch="false"/>
            <line number="29" hits="3" branch="false"/>
            <line number="43" hits="2" branch="false"/>
          </lines>
        </class>
      </classes>
    </package>
    <package name="src.Badge" line-rate="0.9818000000000001" branch-rate="0.8332999999999999">
      <classes>
        <class name="CoverageBadge.tsx" filename="src/Badge/CoverageBadge.tsx" line-rate="0.9615" branch-rate="0.5">
          <methods>
            <method name="(anonymous_7)" hits="2" signature="()V">
              <lines>
                <line number="18" hits="2"/>
              </lines>
            </method>
            <method name="(anonymous_8)" hits="4" signature="()V">
              <lines>
                <line number="30" hits="4"/>
              </lines>
            </method>
            <method name="(anonymous_9)" hits="2" signature="()V">
              <lines>
                <line number="50" hits="2"/>
              </lines>
            </method>
            <method name="(anonymous_10)" hits="0" signature="()V">
              <lines>
                <line number="53" hits="0"/>
              </lines>
            </method>
          </methods>
          <lines>
            <line number="1" hits="5" branch="false"/>
            <line number="2" hits="5" branch="false"/>
            <line number="3" hits="5" branch="false"/>
            <line number="4" hits="5" branch="false"/>
            <line number="5" hits="5" branch="false"/>
            <line number="9" hits="5" branch="false"/>
            <line number="10" hits="5" branch="false"/>
            <line number="18" hits="5" branch="false"/>
            <line number="30" hits="5" branch="false"/>
            <line number="31" hits="4" branch="false"/>
            <line number="32" hits="4" branch="false"/>
            <line number="33" hits="4" branch="false"/>
            <line number="35" hits="4" branch="false"/>
            <line number="37" hits="4" branch="false"/>
            <line number="39" hits="4" branch="false"/>
            <line number="41" hits="4" branch="false"/>
            <line number="44" hits="4" branch="false"/>
            <line number="46" hits="4" branch="false"/>
            <line number="48" hits="4" branch="false"/>
            <line number="50" hits="4" branch="false"/>
            <line number="51" hits="2" branch="false"/>
            <line number="53" hits="2" branch="false"/>
            <line number="56" hits="4" branch="true" condition-coverage="50% (1/2)"/>
            <line number="57" hits="4" branch="false"/>
            <line number="89" hits="0" branch="false"/>
            <line number="93" hits="5" branch="false"/>
          </lines>
        </class>
        <class name="RepositoryCoverageBadge.tsx" filename="src/Badge/RepositoryCoverageBadge.tsx" line-rate="1" branch-rate="1">
          <methods>
            <method name="(anonymous_7)" hits="3" signature="()V">
              <lines>
                <line number="10" hits="3"/>
              </lines>
            </method>
            <method name="(anonymous_8)" hits="2" signature="()V">
              <lines>
                <line number="16" hits="2"/>
              </lines>
            </method>
            <method name="(anonymous_9)" hits="1" signature="()V">
              <lines>
                <line number="18" hits="1"/>
              </lines>
            </method>
            <method name="(anonymous_10)" hits="1" signature="()V">
              <lines>
                <line number="21" hits="1"/>
              </lines>
            </method>
          </methods>
          <lines>
            <line number="1" hits="2" branch="false"/>
            <line number="2" hits="2" branch="false"/>
            <line number="3" hits="2" branch="false"/>
            <line number="10" hits="2" branch="false"/>
            <line number="11" hits="3" branch="false"/>
            <line number="12" hits="3" branch="false"/>
            <line number="14" hits="3" branch="false"/>
            <line number="16" hits="3" branch="false"/>
            <line number="17" hits="2" branch="false"/>
            <line number="19" hits="1" branch="false"/>
            <line number="24" hits="3" branch="true" condition-coverage="100% (2/2)"/>
            <line number="25" hits="1" branch="false"/>
            <line number="33" hits="2" branch="false"/>
            <line number="37" hits="2" branch="false"/>
          </lines>
        </class>
        <class name="TestRunCoverageBadge.tsx" filename="src/Badge/TestRunCoverageBadge.tsx" line-rate="1" branch-rate="1">
          <methods>
            <method name="(anonymous_7)" hits="2" signature="()V">
              <lines>
                <line number="11" hits="2"/>
              </lines>
            </method>
            <method name="(anonymous_8)" hits="1" signature="()V">
              <lines>
                <line number="18" hits="1"/>
              </lines>
            </method>
            <method name="(anonymous_9)" hits="1" signature="()V">
              <lines>
                <line number="20" hits="1"/>
              </lines>
            </method>
            <method name="(anonymous_10)" hits="0" signature="()V">
              <lines>
                <line number="23" hits="0"/>
              </lines>
            </method>
          </methods>
          <lines>
            <line number="1" hits="3" branch="false"/>
            <line number="2" hits="3" branch="false"/>
            <line number="3" hits="3" branch="false"/>
            <line number="11" hits="3" branch="false"/>
            <line number="12" hits="2" branch="false"/>
            <line number="13" hits="2" branch="false"/>
            <line number="14" hits="2" branch="false"/>
            <line number="16" hits="2" branch="false"/>
            <line number="18" hits="2" branch="false"/>
            <line number="19" hits="1" branch="false"/>
            <line number="21" hits="1" branch="false"/>
            <line number="26" hits="2" branch="true" condition-coverage="100% (2/2)"/>
            <line number="27" hits="1" branch="false"/>
            <line number="35" hits="1" branch="false"/>
            <line number="39" hits="3" branch="false"/>
          </lines>
        </class>
      </classes>
    </package>
    <package name="src.CodeText" line-rate="0.8875" branch-rate="0.6154">
      <classes>
        <class name="CodeText.tsx" filename="src/CodeText/CodeText.tsx" line-rate="0.8" branch-rate="0.5">
          <methods>
            <method name="(anonymous_7)" hits="7" signature="()V">
              <lines>
                <line number="13" hits="7"/>
              </lines>
            </method>
            <method name="(anonymous_8)" hits="14" signature="()V">
              <lines>
                <line number="21" hits="14"/>
              </lines>
            </method>
            <method name="handleLineClick" hits="0" signature="()V">
              <lines>
                <line number="38" hits="0"/>
              </lines>
            </method>
            <method name="(anonymous_10)" hits="7" signature="()V">
              <lines>
                <line number="48" hits="7"/>
              </lines>
            </method>
            <method name="(anonymous_11)" hits="7" signature="()V">
              <lines>
                <line number="49" hits="7"/>
              </lines>
            </method>
            <method name="(anonymous_12)" hits="10" signature="()V">
              <lines>
                <line number="54" hits="10"/>
              </lines>
            </method>
            <method name="(anonymous_13)" hits="0" signature="()V">
              <lines>
                <line number="67" hits="0"/>
              </lines>
            </method>
            <method name="(anonymous_14)" hits="15" signature="()V">
              <lines>
                <line number="70" hits="15"/>
              </lines>
            </method>
            <method name="(anonymous_15)" hits="7" signature="()V">
              <lines>
                <line number="75" hits="7"/>
              </lines>
            </method>
          </methods>
          <lines>
            <line number="1" hits="9" branch="false"/>
            <line number="2" hits="9" branch="false"/>
            <line number="3" hits="9" branch="false"/>
            <line number="4" hits="9" branch="false"/>
            <line number="5" hits="9" branch="false"/>
            <line number="6" hits="9" branch="false"/>
            <line number="7" hits="9" branch="false"/>
            <line number="13" hits="9" branch="false"/>
            <line number="21" hits="14" branch="false"/>
            <line number="22" hits="14" branch="true" condition-coverage="50% (1/2)"/>
            <line number="23" hits="0" branch="false"/>
            <line number="26" hits="14" branch="false"/>
            <line number="28" hits="14" branch="false"/>
            <line number="29" hits="14" branch="false"/>
            <line number="30" hits="14" branch="false"/>
            <line number="32" hits="14" branch="false"/>
            <line number="33" hits="14" branch="false"/>
            <line number="34" hits="14" branch="true" condition-coverage="100% (2/2)"/>
            <line number="35" hits="12" branch="false"/>
            <line number="39" hits="0" branch="true" condition-coverage="0% (0/2)"/>
            <line number="40" hits="0" branch="false"/>
            <line number="41" hits="0" branch="true" condition-coverage="0% (0/2)"/>
            <line number="42" hits="0" branch="false"/>
            <line number="44" hits="0" branch="false"/>
            <line number="48" hits="14" branch="false"/>
            <line number="49" hits="7" branch="false"/>
            <line number="50" hits="7" branch="false"/>
            <line number="54" hits="14" branch="false"/>
            <line number="55" hits="10" branch="true" condition-coverage="50% (2/4)"/>
            <line number="56" hits="0" branch="false"/>
            <line number="64" hits="10" branch="false"/>
            <line number="67" hits="14" branch="false"/>
            <line number="68" hits="0" branch="false"/>
            <line number="70" hits="14" branch="false"/>
            <line number="71" hits="15" branch="false"/>
            <line number="72" hits="15" branch="false"/>
            <line number="74" hits="15" branch="false"/>
            <line number="75" hits="7" branch="false"/>
            <line number="93" hits="14" branch="false"/>
            <line number="113" hits="9" branch="false"/>
          </lines>
        </class>
        <class name="CodeTextLine.tsx" filename="src/CodeText/CodeTextLine.tsx" line-rate="1" branch-rate="0.8332999999999999">
          <methods>
            <method name="(anonymous_8)" hits="8" signature="()V">
              <lines>
                <line number="17" hits="8"/>
              </lines>
            </method>
            <method name="(anonymous_9)" hits="8" signature="()V">
              <lines>
                <line number="36" hits="8"/>
              </lines>
            </method>
            <method name="handleClick" hits="1" signature="()V">
              <lines>
                <line number="42" hits="1"/>
              </lines>
            </method>
          </methods>
          <lines>
            <line number="1" hits="10" branch="false"/>
            <line number="2" hits="10" branch="false"/>
            <line number="15" hits="10" branch="true" condition-coverage="100% (2/2)"/>
            <line number="17" hits="8" branch="false"/>
            <line number="18" hits="8" branch="true" condition-coverage="50% (1/2)"/>
            <line number="28" hits="10" branch="true" condition-coverage="100% (2/2)"/>
            <line number="36" hits="10" branch="false"/>
            <line number="37" hits="8" branch="false"/>
            <line number="38" hits="8" branch="false"/>
            <line number="39" hits="8" branch="false"/>
            <line number="40" hits="8" branch="false"/>
            <line number="43" hits="1" branch="false"/>
            <line number="46" hits="8" branch="false"/>
            <line number="60" hits="10" branch="false"/>
          </lines>
        </class>
        <class name="CodeTextProgressiveRender.tsx" filename="src/CodeText/CodeTextProgressiveRender.tsx" line-rate="0.9615" branch-rate="0.75">
          <methods>
            <method name="(anonymous_6)" hits="15" signature="()V">
              <lines>
                <line number="18" hits="15"/>
              </lines>
            </method>
            <method name="(anonymous_7)" hits="15" signature="()V">
              <lines>
                <line number="29" hits="15"/>
              </lines>
            </method>
            <method name="(anonymous_8)" hits="13" signature="()V">
              <lines>
                <line number="44" hits="13"/>
              </lines>
            </method>
          </methods>
          <lines>
            <line number="1" hits="10" branch="false"/>
            <line number="2" hits="10" branch="false"/>
            <line number="17" hits="10" branch="false"/>
            <line number="19" hits="15" branch="false"/>
            <line number="20" hits="15" branch="false"/>
            <line number="21" hits="15" branch="false"/>
            <line number="29" hits="10" branch="false"/>
            <line number="30" hits="15" branch="false"/>
            <line number="31" hits="15" branch="false"/>
            <line number="32" hits="15" branch="false"/>
            <line number="33" hits="15" branch="false"/>
            <line number="34" hits="15" branch="false"/>
            <line number="36" hits="15" branch="false"/>
            <line number="37" hits="15" branch="false"/>
            <line number="39" hits="15" branch="false"/>
            <line number="44" hits="15" branch="false"/>
            <line number="45" hits="13" branch="true" condition-coverage="100% (2/2)"/>
            <line number="46" hits="2" branch="false"/>
            <line number="48" hits="2" branch="false"/>
            <line number="51" hits="2" branch="false"/>
            <line number="53" hits="11" branch="false"/>
            <line number="57" hits="15" branch="true" condition-coverage="50% (1/2)"/>
            <line number="59" hits="0" branch="false"/>
            <line number="61" hits="15" branch="false"/>
            <line number="64" hits="15" branch="false"/>
            <line number="71" hits="10" branch="false"/>
          </lines>
        </class>
      </classes>
    </package>
    <package name="src.Coverage" line-rate="0.8159000000000001" branch-rate="0.7948999999999999">
      <classes>
        <class name="CoverageDetails.tsx" filename="src/Coverage/CoverageDetails.tsx" line-rate="0.6364" branch-rate="1">
          <methods>
            <method name="(anonymous_7)" hits="0" signature="()V">
              <lines>
                <line number="18" hits="0"/>
              </lines>
            </method>
            <method name="(anonymous_8)" hits="0" signature="()V">
              <lines>
                <line number="22" hits="0"/>
              </lines>
            </method>
          </methods>
          <lines>
            <line number="1" hits="1" branch="false"/>
            <line number="3" hits="1" branch="false"/>
            <line number="4" hits="1" branch="false"/>
            <line number="5" hits="1" branch="false"/>
            <line number="12" hits="1" branch="false"/>
            <line number="18" hits="1" branch="false"/>
            <line number="19" hits="0" branch="false"/>
            <line number="21" hits="0" branch="false"/>
            <line number="23" hits="0" branch="false"/>
            <line number="31" hits="0" branch="false"/>
            <line number="51" hits="1" branch="false"/>
          </lines>
        </class>
        <class name="CoverageFileMissedLines.tsx" filename="src/Coverage/CoverageFileMissedLines.tsx" line-rate="1" branch-rate="1">
          <methods>
            <method name="(anonymous_7)" hits="11" signature="()V">
              <lines>
                <line number="14" hits="11"/>
              </lines>
            </method>
            <method name="(anonymous_8)" hits="1" signature="()V">
              <lines>
                <line number="24" hits="1"/>
              </lines>
            </method>
            <method name="(anonymous_9)" hits="32" signature="()V">
              <lines>
                <line number="33" hits="32"/>
              </lines>
            </method>
          </methods>
          <lines>
            <line number="1" hits="3" branch="false"/>
            <line number="2" hits="3" branch="false"/>
            <line number="3" hits="3" branch="false"/>
            <line number="5" hits="3" branch="false"/>
            <line number="14" hits="3" branch="false"/>
            <line number="15" hits="11" branch="false"/>
            <line number="16" hits="11" branch="false"/>
            <line number="17" hits="11" branch="false"/>
            <line number="18" hits="11" branch="false"/>
            <line number="20" hits="11" branch="false"/>
            <line number="22" hits="11" branch="true" condition-coverage="100% (2/2)"/>
            <line number="24" hits="11" branch="false"/>
            <line number="25" hits="1" branch="false"/>
            <line number="28" hits="11" branch="false"/>
            <line number="33" hits="32" branch="false"/>
            <line number="61" hits="3" branch="false"/>
          </lines>
        </class>
        <class name="CoverageFilesTable.tsx" filename="src/Coverage/CoverageFilesTable.tsx" line-rate="0.9333" branch-rate="0.5714">
          <methods>
            <method name="(anonymous_9)" hits="4" signature="()V">
              <lines>
                <line number="25" hits="4"/>
              </lines>
            </method>
            <method name="(anonymous_10)" hits="2" signature="()V">
              <lines>
                <line number="28" hits="2"/>
              </lines>
            </method>
            <method name="(anonymous_11)" hits="5" signature="()V">
              <lines>
                <line number="35" hits="5"/>
              </lines>
            </method>
            <method name="(anonymous_12)" hits="4" signature="()V">
              <lines>
                <line number="36" hits="4"/>
              </lines>
            </method>
            <method name="(anonymous_13)" hits="4" signature="()V">
              <lines>
                <line number="51" hits="4"/>
              </lines>
            </method>
            <method name="(anonymous_14)" hits="4" signature="()V">
              <lines>
                <line number="53" hits="4"/>
              </lines>
            </method>
            <method name="(anonymous_15)" hits="8" signature="()V">
              <lines>
                <line number="71" hits="8"/>
              </lines>
            </method>
            <method name="(anonymous_16)" hits="8" signature="()V">
              <lines>
                <line number="90" hits="8"/>
              </lines>
            </method>
            <method name="(anonymous_17)" hits="8" signature="()V">
              <lines>
                <line number="105" hits="8"/>
              </lines>
            </method>
            <method name="(anonymous_18)" hits="8" signature="()V">
              <lines>
                <line number="120" hits="8"/>
              </lines>
            </method>
            <method name="(anonymous_19)" hits="8" signature="()V">
              <lines>
                <line number="134" hits="8"/>
              </lines>
            </method>
            <method name="(anonymous_20)" hits="0" signature="()V">
              <lines>
                <line number="139" hits="0"/>
              </lines>
            </method>
          </methods>
          <lines>
            <line number="1" hits="2" branch="false"/>
            <line number="2" hits="2" branch="false"/>
            <line number="4" hits="2" branch="false"/>
            <line number="5" hits="2" branch="false"/>
            <line number="6" hits="2" branch="false"/>
            <line number="7" hits="2" branch="false"/>
            <line number="15" hits="2" branch="false"/>
            <line number="20" hits="2" branch="false"/>
            <line number="25" hits="2" branch="false"/>
            <line number="26" hits="4" branch="false"/>
            <line number="28" hits="2" branch="false"/>
            <line number="29" hits="2" branch="false"/>
            <line number="30" hits="2" branch="false"/>
            <line number="31" hits="2" branch="false"/>
            <line number="33" hits="2" branch="true" condition-coverage="80% (4/5)"/>
            <line number="34" hits="2" branch="false"/>
            <line number="35" hits="5" branch="false"/>
            <line number="36" hits="4" branch="false"/>
            <line number="49" hits="2" branch="false"/>
            <line number="51" hits="4" branch="false"/>
            <line number="53" hits="4" branch="false"/>
            <line number="58" hits="2" branch="false"/>
            <line number="71" hits="8" branch="false"/>
            <line number="90" hits="8" branch="false"/>
            <line number="105" hits="8" branch="false"/>
            <line number="120" hits="8" branch="false"/>
            <line number="134" hits="8" branch="false"/>
            <line number="139" hits="0" branch="false"/>
            <line number="162" hits="0" branch="false"/>
            <line number="172" hits="2" branch="false"/>
          </lines>
        </class>
        <class name="CoverageGraph.tsx" filename="src/Coverage/CoverageGraph.tsx" line-rate="1" branch-rate="1">
          <methods>
            <method name="(anonymous_7)" hits="92" signature="()V">
              <lines>
                <line number="19" hits="92"/>
              </lines>
            </method>
            <method name="(anonymous_8)" hits="92" signature="()V">
              <lines>
                <line number="30" hits="92"/>
              </lines>
            </method>
          </methods>
          <lines>
            <line number="1" hits="6" branch="false"/>
            <line number="3" hits="6" branch="false"/>
            <line number="4" hits="6" branch="false"/>
            <line number="5" hits="6" branch="false"/>
            <line number="6" hits="6" branch="false"/>
            <line number="18" hits="6" branch="false"/>
            <line number="19" hits="92" branch="false"/>
            <line number="30" hits="6" branch="false"/>
            <line number="31" hits="92" branch="false"/>
            <line number="32" hits="92" branch="false"/>
            <line number="33" hits="92" branch="false"/>
            <line number="34" hits="92" branch="false"/>
            <line number="35" hits="92" branch="false"/>
            <line number="36" hits="92" branch="false"/>
            <line number="37" hits="92" branch="false"/>
            <line number="39" hits="92" branch="false"/>
            <line number="41" hits="92" branch="true" condition-coverage="100% (2/2)"/>
            <line number="42" hits="91" branch="false"/>
            <line number="82" hits="1" branch="false"/>
            <line number="86" hits="6" branch="false"/>
          </lines>
        </class>
        <class name="CoverageGraphImpl.tsx" filename="src/Coverage/CoverageGraphImpl.tsx" line-rate="1" branch-rate="1">
          <methods>
            <method name="(anonymous_7)" hits="91" signature="()V">
              <lines>
                <line number="14" hits="91"/>
              </lines>
            </method>
          </methods>
          <lines>
            <line number="1" hits="6" branch="false"/>
            <line number="2" hits="6" branch="false"/>
            <line number="4" hits="6" branch="false"/>
            <line number="14" hits="6" branch="false"/>
            <line number="15" hits="91" branch="false"/>
            <line number="16" hits="91" branch="false"/>
            <line number="17" hits="91" branch="false"/>
            <line number="18" hits="91" branch="false"/>
            <line number="19" hits="91" branch="false"/>
            <line number="21" hits="91" branch="false"/>
            <line number="35" hits="91" branch="false"/>
            <line number="43" hits="91" branch="true" condition-coverage="100% (2/2)"/>
            <line number="46" hits="83" branch="false"/>
            <line number="54" hits="91" branch="false"/>
            <line number="63" hits="6" branch="false"/>
          </lines>
        </class>
        <class name="CoverageGroupFilesPage.tsx" filename="src/Coverage/CoverageGroupFilesPage.tsx" line-rate="0.3636" branch-rate="1">
          <methods>
            <method name="(anonymous_7)" hits="0" signature="()V">
              <lines>
                <line number="18" hits="0"/>
              </lines>
            </method>
            <method name="(anonymous_8)" hits="0" signature="()V">
              <lines>
                <line number="30" hits="0"/>
              </lines>
            </method>
            <method name="(anonymous_9)" hits="0" signature="()V">
              <lines>
                <line number="32" hits="0"/>
              </lines>
            </method>
            <method name="(anonymous_10)" hits="0" signature="()V">
              <lines>
                <line number="36" hits="0"/>
              </lines>
            </method>
            <method name="(anonymous_11)" hits="0" signature="()V">
              <lines>
                <line number="39" hits="0"/>
              </lines>
            </method>
            <method name="(anonymous_12)" hits="0" signature="()V">
              <lines>
                <line number="41" hits="0"/>
              </lines>
            </method>
            <method name="(anonymous_13)" hits="0" signature="()V">
              <lines>
                <line number="44" hits="0"/>
              </lines>
            </method>
          </methods>
          <lines>
            <line number="1" hits="1" branch="false"/>
            <line number="3" hits="1" branch="false"/>
            <line number="5" hits="1" branch="false"/>
            <line number="9" hits="1" branch="false"/>
            <line number="10" hits="1" branch="false"/>
            <line number="11" hits="1" branch="false"/>
            <line number="18" hits="1" branch="false"/>
            <line number="19" hits="0" branch="false"/>
            <line number="20" hits="0" branch="false"/>
            <line number="22" hits="0" branch="false"/>
            <line number="25" hits="0" branch="false"/>
            <line number="26" hits="0" branch="false"/>
            <line number="30" hits="0" branch="false"/>
            <line number="31" hits="0" branch="false"/>
            <line number="33" hits="0" branch="false"/>
            <line number="34" hits="0" branch="false"/>
            <line number="36" hits="0" branch="false"/>
            <line number="39" hits="0" branch="false"/>
            <line number="40" hits="0" branch="false"/>
            <line number="42" hits="0" branch="false"/>
            <line number="47" hits="0" branch="false"/>
            <line number="70" hits="1" branch="false"/>
          </lines>
        </class>
        <class name="CoveragePage.tsx" filename="src/Coverage/CoveragePage.tsx" line-rate="0.5" branch-rate="1">
          <methods>
            <method name="(anonymous_7)" hits="0" signature="()V">
              <lines>
                <line number="14" hits="0"/>
              </lines>
            </method>
            <method name="(anonymous_8)" hits="0" signature="()V">
              <lines>
                <line number="20" hits="0"/>
              </lines>
            </method>
            <method name="(anonymous_9)" hits="0" signature="()V">
              <lines>
                <line number="22" hits="0"/>
              </lines>
            </method>
            <method name="(anonymous_10)" hits="0" signature="()V">
              <lines>
                <line number="26" hits="0"/>
              </lines>
            </method>
          </methods>
          <lines>
            <line number="1" hits="1" branch="false"/>
            <line number="3" hits="1" branch="false"/>
            <line number="5" hits="1" branch="false"/>
            <line number="6" hits="1" branch="false"/>
            <line number="7" hits="1" branch="false"/>
            <line number="8" hits="1" branch="false"/>
            <line number="14" hits="1" branch="false"/>
            <line number="15" hits="0" branch="false"/>
            <line number="18" hits="0" branch="false"/>
            <line number="20" hits="0" branch="false"/>
            <line number="21" hits="0" branch="false"/>
            <line number="23" hits="0" branch="false"/>
            <line number="24" hits="0" branch="false"/>
            <line number="26" hits="0" branch="false"/>
            <line number="29" hits="0" branch="false"/>
            <line number="43" hits="1" branch="false"/>
          </lines>
        </class>
        <class name="CoveragePercentage.tsx" filename="src/Coverage/CoveragePercentage.tsx" line-rate="1" branch-rate="1">
          <methods>
            <method name="(anonymous_6)" hits="73" signature="()V">
              <lines>
                <line number="34" hits="73"/>
              </lines>
            </method>
          </methods>
          <lines>
            <line number="1" hits="6" branch="false"/>
            <line number="3" hits="6" branch="false"/>
            <line number="11" hits="6" branch="false"/>
            <line number="34" hits="6" branch="false"/>
            <line number="35" hits="73" branch="false"/>
            <line number="36" hits="73" branch="false"/>
            <line number="37" hits="73" branch="false"/>
            <line number="39" hits="73" branch="false"/>
            <line number="41" hits="73" branch="true" condition-coverage="100% (2/2)"/>
            <line number="42" hits="2" branch="true" condition-coverage="100% (2/2)"/>
            <line number="43" hits="1" branch="false"/>
            <line number="61" hits="1" branch="false"/>
            <line number="80" hits="71" branch="false"/>
            <line number="84" hits="6" branch="false"/>
          </lines>
        </class>
        <class name="CoverageSummary.tsx" filename="src/Coverage/CoverageSummary.tsx" line-rate="0.8695999999999999" branch-rate="0.25">
          <methods>
            <method name="(anonymous_7)" hits="3" signature="()V">
              <lines>
                <line number="17" hits="3"/>
              </lines>
            </method>
            <method name="(anonymous_8)" hits="6" signature="()V">
              <lines>
                <line number="24" hits="6"/>
              </lines>
            </method>
            <method name="(anonymous_9)" hits="3" signature="()V">
              <lines>
                <line number="30" hits="3"/>
              </lines>
            </method>
            <method name="(anonymous_10)" hits="0" signature="()V">
              <lines>
                <line number="32" hits="0"/>
              </lines>
            </method>
            <method name="(anonymous_11)" hits="3" signature="()V">
              <lines>
                <line number="36" hits="3"/>
              </lines>
            </method>
          </methods>
          <lines>
            <line number="1" hits="2" branch="false"/>
            <line number="2" hits="2" branch="false"/>
            <line number="3" hits="2" branch="false"/>
            <line number="5" hits="2" branch="false"/>
            <line number="6" hits="2" branch="false"/>
            <line number="7" hits="2" branch="false"/>
            <line number="8" hits="2" branch="false"/>
            <line number="9" hits="2" branch="false"/>
            <line number="10" hits="2" branch="false"/>
            <line number="17" hits="3" branch="false"/>
            <line number="24" hits="6" branch="false"/>
            <line number="25" hits="6" branch="false"/>
            <line number="27" hits="6" branch="false"/>
            <line number="28" hits="6" branch="false"/>
            <line number="30" hits="6" branch="false"/>
            <line number="31" hits="3" branch="false"/>
            <line number="33" hits="0" branch="false"/>
            <line number="34" hits="0" branch="false"/>
            <line number="36" hits="3" branch="false"/>
            <line number="39" hits="6" branch="true" condition-coverage="50% (1/2)"/>
            <line number="40" hits="0" branch="false"/>
            <line number="72" hits="6" branch="false"/>
            <line number="76" hits="2" branch="false"/>
          </lines>
        </class>
        <class name="CoverageTable.tsx" filename="src/Coverage/CoverageTable.tsx" line-rate="1" branch-rate="1">
          <methods>
            <method name="(anonymous_7)" hits="3" signature="()V">
              <lines>
                <line number="37" hits="3"/>
              </lines>
            </method>
            <method name="(anonymous_8)" hits="4" signature="()V">
              <lines>
                <line number="45" hits="4"/>
              </lines>
            </method>
            <method name="(anonymous_9)" hits="23" signature="()V">
              <lines>
                <line number="65" hits="23"/>
              </lines>
            </method>
            <method name="(anonymous_10)" hits="23" signature="()V">
              <lines>
                <line number="84" hits="23"/>
              </lines>
            </method>
            <method name="(anonymous_11)" hits="23" signature="()V">
              <lines>
                <line number="102" hits="23"/>
              </lines>
            </method>
            <method name="(anonymous_12)" hits="23" signature="()V">
              <lines>
                <line number="119" hits="23"/>
              </lines>
            </method>
            <method name="(anonymous_13)" hits="7" signature="()V">
              <lines>
                <line number="134" hits="7"/>
              </lines>
            </method>
          </methods>
          <lines>
            <line number="1" hits="3" branch="false"/>
            <line number="3" hits="3" branch="false"/>
            <line number="4" hits="3" branch="false"/>
            <line number="5" hits="3" branch="false"/>
            <line number="6" hits="3" branch="false"/>
            <line number="22" hits="3" branch="false"/>
            <line number="27" hits="3" branch="false"/>
            <line number="31" hits="3" branch="false"/>
            <line number="37" hits="3" branch="false"/>
            <line number="38" hits="3" branch="false"/>
            <line number="39" hits="3" branch="false"/>
            <line number="40" hits="3" branch="false"/>
            <line number="42" hits="3" branch="false"/>
            <line number="44" hits="3" branch="false"/>
            <line number="46" hits="4" branch="false"/>
            <line number="49" hits="3" branch="false"/>
            <line number="66" hits="23" branch="false"/>
            <line number="84" hits="23" branch="false"/>
            <line number="102" hits="23" branch="false"/>
            <line number="119" hits="23" branch="false"/>
            <line number="134" hits="7" branch="false"/>
            <line number="152" hits="3" branch="false"/>
          </lines>
        </class>
        <class name="OverallCoverageGraphs.tsx" filename="src/Coverage/OverallCoverageGraphs.tsx" line-rate="0.5" branch-rate="0">
          <methods>
            <method name="(anonymous_7)" hits="0" signature="()V">
              <lines>
                <line number="20" hits="0"/>
              </lines>
            </method>
          </methods>
          <lines>
            <line number="1" hits="2" branch="false"/>
            <line number="3" hits="2" branch="false"/>
            <line number="4" hits="2" branch="false"/>
            <line number="11" hits="2" branch="false"/>
            <line number="20" hits="2" branch="false"/>
            <line number="21" hits="0" branch="false"/>
            <line number="22" hits="0" branch="false"/>
            <line number="24" hits="0" branch="false"/>
            <line number="26" hits="0" branch="true" condition-coverage="0% (0/2)"/>
            <line number="27" hits="0" branch="false"/>
            <line number="64" hits="0" branch="false"/>
            <line number="68" hits="2" branch="false"/>
          </lines>
        </class>
      </classes>
    </package>
    <package name="src.Dashboard" line-rate="1" branch-rate="1">
      <classes>
        <class name="Dashboard.tsx" filename="src/Dashboard/Dashboard.tsx" line-rate="1" branch-rate="1">
          <methods>
            <method name="(anonymous_7)" hits="3" signature="()V">
              <lines>
                <line number="16" hits="3"/>
              </lines>
            </method>
          </methods>
          <lines>
            <line number="1" hits="2" branch="false"/>
            <line number="2" hits="2" branch="false"/>
            <line number="4" hits="2" branch="false"/>
            <line number="6" hits="2" branch="false"/>
            <line number="7" hits="2" branch="false"/>
            <line number="8" hits="2" branch="false"/>
            <line number="16" hits="2" branch="false"/>
            <line number="17" hits="3" branch="false"/>
            <line number="18" hits="3" branch="false"/>
            <line number="19" hits="3" branch="false"/>
            <line number="21" hits="3" branch="false"/>
            <line number="41" hits="2" branch="false"/>
          </lines>
        </class>
        <class name="DashboardSummary.tsx" filename="src/Dashboard/DashboardSummary.tsx" line-rate="1" branch-rate="1">
          <methods>
            <method name="(anonymous_7)" hits="9" signature="()V">
              <lines>
                <line number="19" hits="9"/>
              </lines>
            </method>
          </methods>
          <lines>
            <line number="1" hits="3" branch="false"/>
            <line number="3" hits="3" branch="false"/>
            <line number="4" hits="3" branch="false"/>
            <line number="5" hits="3" branch="false"/>
            <line number="6" hits="3" branch="false"/>
            <line number="7" hits="3" branch="false"/>
            <line number="8" hits="3" branch="false"/>
            <line number="9" hits="3" branch="false"/>
            <line number="10" hits="3" branch="false"/>
            <line number="11" hits="3" branch="false"/>
            <line number="19" hits="3" branch="false"/>
            <line number="20" hits="9" branch="false"/>
            <line number="21" hits="9" branch="false"/>
            <line number="22" hits="9" branch="false"/>
            <line number="34" hits="81" branch="false"/>
            <line number="37" hits="9" branch="true" condition-coverage="100% (4/4)"/>
            <line number="42" hits="9" branch="false"/>
            <line number="117" hits="3" branch="false"/>
          </lines>
        </class>
        <class name="DashboardSummaryItem.tsx" filename="src/Dashboard/DashboardSummaryItem.tsx" line-rate="1" branch-rate="1">
          <methods>
            <method name="(anonymous_6)" hits="26" signature="()V">
              <lines>
                <line number="17" hits="26"/>
              </lines>
            </method>
          </methods>
          <lines>
            <line number="1" hits="5" branch="false"/>
            <line number="2" hits="5" branch="false"/>
            <line number="10" hits="5" branch="false"/>
            <line number="17" hits="5" branch="false"/>
            <line number="18" hits="26" branch="false"/>
            <line number="19" hits="26" branch="false"/>
            <line number="20" hits="26" branch="false"/>
            <line number="22" hits="26" branch="false"/>
            <line number="23" hits="26" branch="false"/>
            <line number="37" hits="5" branch="false"/>
          </lines>
        </class>
        <class name="GitRepoListItem.tsx" filename="src/Dashboard/GitRepoListItem.tsx" line-rate="1" branch-rate="1">
          <methods>
            <method name="(anonymous_7)" hits="6" signature="()V">
              <lines>
                <line number="11" hits="6"/>
              </lines>
            </method>
          </methods>
          <lines>
            <line number="1" hits="4" branch="false"/>
            <line number="2" hits="4" branch="false"/>
            <line number="4" hits="4" branch="false"/>
            <line number="5" hits="4" branch="false"/>
            <line number="11" hits="6" branch="false"/>
            <line number="12" hits="6" branch="false"/>
            <line number="14" hits="6" branch="false"/>
            <line number="43" hits="4" branch="false"/>
          </lines>
        </class>
        <class name="TestRunCleanupDate.tsx" filename="src/Dashboard/TestRunCleanupDate.tsx" line-rate="1" branch-rate="1">
          <methods>
            <method name="(anonymous_7)" hits="18" signature="()V">
              <lines>
                <line number="11" hits="18"/>
              </lines>
            </method>
          </methods>
          <lines>
            <line number="1" hits="4" branch="false"/>
            <line number="2" hits="4" branch="false"/>
            <line number="3" hits="4" branch="false"/>
            <line number="4" hits="4" branch="false"/>
            <line number="5" hits="4" branch="false"/>
            <line number="11" hits="18" branch="false"/>
            <line number="13" hits="18" branch="false"/>
            <line number="14" hits="18" branch="false"/>
            <line number="15" hits="18" branch="false"/>
            <line number="16" hits="18" branch="false"/>
            <line number="17" hits="18" branch="false"/>
            <line number="19" hits="18" branch="true" condition-coverage="100% (2/2)"/>
            <line number="20" hits="5" branch="false"/>
            <line number="21" hits="5" branch="true" condition-coverage="100% (2/2)"/>
            <line number="22" hits="2" branch="false"/>
            <line number="36" hits="3" branch="false"/>
            <line number="41" hits="3" branch="false"/>
            <line number="55" hits="5" branch="false"/>
            <line number="63" hits="13" branch="false"/>
            <line number="67" hits="4" branch="false"/>
          </lines>
        </class>
        <class name="TestRunDate.tsx" filename="src/Dashboard/TestRunDate.tsx" line-rate="1" branch-rate="1">
          <methods>
            <method name="(anonymous_7)" hits="9" signature="()V">
              <lines>
                <line number="9" hits="9"/>
              </lines>
            </method>
          </methods>
          <lines>
            <line number="1" hits="3" branch="false"/>
            <line number="2" hits="3" branch="false"/>
            <line number="3" hits="3" branch="false"/>
            <line number="9" hits="9" branch="false"/>
            <line number="10" hits="9" branch="false"/>
            <line number="19" hits="3" branch="false"/>
          </lines>
        </class>
        <class name="TestRunDuration.tsx" filename="src/Dashboard/TestRunDuration.tsx" line-rate="1" branch-rate="1">
          <methods>
            <method name="(anonymous_7)" hits="7" signature="()V">
              <lines>
                <line number="21" hits="7"/>
              </lines>
            </method>
          </methods>
          <lines>
            <line number="1" hits="4" branch="false"/>
            <line number="2" hits="4" branch="false"/>
            <line number="3" hits="4" branch="false"/>
            <line number="4" hits="4" branch="false"/>
            <line number="14" hits="4" branch="false"/>
            <line number="21" hits="4" branch="false"/>
            <line number="22" hits="7" branch="false"/>
            <line number="23" hits="7" branch="false"/>
            <line number="24" hits="7" branch="false"/>
            <line number="25" hits="7" branch="false"/>
            <line number="26" hits="7" branch="false"/>
            <line number="28" hits="7" branch="false"/>
            <line number="29" hits="7" branch="false"/>
            <line number="91" hits="4" branch="false"/>
          </lines>
        </class>
      </classes>
    </package>
    <package name="src.Icons" line-rate="0.9667" branch-rate="1">
      <classes>
        <class name="AttachmentIcon.tsx" filename="src/Icons/AttachmentIcon.tsx" line-rate="1" branch-rate="1">
          <methods>
            <method name="(anonymous_7)" hits="2" signature="()V">
              <lines>
                <line number="4" hits="2"/>
              </lines>
            </method>
          </methods>
          <lines>
            <line number="1" hits="2" branch="false"/>
            <line number="2" hits="2" branch="false"/>
            <line number="4" hits="2" branch="false"/>
            <line number="5" hits="2" branch="false"/>
            <line number="12" hits="2" branch="false"/>
          </lines>
        </class>
        <class name="CoverageIcon.tsx" filename="src/Icons/CoverageIcon.tsx" line-rate="1" branch-rate="1">
          <methods>
            <method name="(anonymous_7)" hits="3" signature="()V">
              <lines>
                <line number="4" hits="3"/>
              </lines>
            </method>
          </methods>
          <lines>
            <line number="1" hits="2" branch="false"/>
            <line number="2" hits="2" branch="false"/>
            <line number="4" hits="3" branch="false"/>
            <line number="5" hits="3" branch="false"/>
            <line number="12" hits="2" branch="false"/>
          </lines>
        </class>
        <class name="DashboardIcon.tsx" filename="src/Icons/DashboardIcon.tsx" line-rate="1" branch-rate="1">
          <methods>
            <method name="(anonymous_7)" hits="5" signature="()V">
              <lines>
                <line number="4" hits="5"/>
              </lines>
            </method>
          </methods>
          <lines>
            <line number="1" hits="2" branch="false"/>
            <line number="2" hits="2" branch="false"/>
            <line number="4" hits="2" branch="false"/>
            <line number="5" hits="5" branch="false"/>
            <line number="12" hits="2" branch="false"/>
          </lines>
        </class>
        <class name="FailedIcon.tsx" filename="src/Icons/FailedIcon.tsx" line-rate="1" branch-rate="1">
          <methods>
            <method name="(anonymous_7)" hits="15" signature="()V">
              <lines>
                <line number="4" hits="15"/>
              </lines>
            </method>
          </methods>
          <lines>
            <line number="1" hits="10" branch="false"/>
            <line number="2" hits="10" branch="false"/>
            <line number="4" hits="15" branch="false"/>
            <line number="5" hits="15" branch="false"/>
            <line number="12" hits="10" branch="false"/>
          </lines>
        </class>
        <class name="OrganizationIcon.tsx" filename="src/Icons/OrganizationIcon.tsx" line-rate="0.8" branch-rate="1">
          <methods>
            <method name="(anonymous_7)" hits="0" signature="()V">
              <lines>
                <line number="4" hits="0"/>
              </lines>
            </method>
          </methods>
          <lines>
            <line number="1" hits="2" branch="false"/>
            <line number="2" hits="2" branch="false"/>
            <line number="4" hits="2" branch="false"/>
            <line number="5" hits="0" branch="false"/>
            <line number="12" hits="2" branch="false"/>
          </lines>
        </class>
        <class name="PassedIcon.tsx" filename="src/Icons/PassedIcon.tsx" line-rate="1" branch-rate="1">
          <methods>
            <method name="(anonymous_7)" hits="8" signature="()V">
              <lines>
                <line number="4" hits="8"/>
              </lines>
            </method>
          </methods>
          <lines>
            <line number="1" hits="9" branch="false"/>
            <line number="2" hits="9" branch="false"/>
            <line number="4" hits="9" branch="false"/>
            <line number="5" hits="8" branch="false"/>
            <line number="12" hits="9" branch="false"/>
          </lines>
        </class>
        <class name="PinIcon.tsx" filename="src/Icons/PinIcon.tsx" line-rate="1" branch-rate="1">
          <methods>
            <method name="(anonymous_7)" hits="3" signature="()V">
              <lines>
                <line number="4" hits="3"/>
              </lines>
            </method>
          </methods>
          <lines>
            <line number="1" hits="3" branch="false"/>
            <line number="2" hits="3" branch="false"/>
            <line number="4" hits="3" branch="false"/>
            <line number="5" hits="3" branch="false"/>
            <line number="12" hits="3" branch="false"/>
          </lines>
        </class>
        <class name="RepositoryIcon.tsx" filename="src/Icons/RepositoryIcon.tsx" line-rate="0.8" branch-rate="1">
          <methods>
            <method name="(anonymous_7)" hits="0" signature="()V">
              <lines>
                <line number="4" hits="0"/>
              </lines>
            </method>
          </methods>
          <lines>
            <line number="1" hits="2" branch="false"/>
            <line number="2" hits="2" branch="false"/>
            <line number="4" hits="2" branch="false"/>
            <line number="5" hits="0" branch="false"/>
            <line number="12" hits="2" branch="false"/>
          </lines>
        </class>
        <class name="SkippedIcon.tsx" filename="src/Icons/SkippedIcon.tsx" line-rate="1" branch-rate="1">
          <methods>
            <method name="(anonymous_7)" hits="8" signature="()V">
              <lines>
                <line number="4" hits="8"/>
              </lines>
            </method>
          </methods>
          <lines>
            <line number="1" hits="9" branch="false"/>
            <line number="2" hits="9" branch="false"/>
            <line number="4" hits="9" branch="false"/>
            <line number="5" hits="8" branch="false"/>
            <line number="12" hits="9" branch="false"/>
          </lines>
        </class>
        <class name="SlowIcon.tsx" filename="src/Icons/SlowIcon.tsx" line-rate="1" branch-rate="1">
          <methods>
            <method name="(anonymous_7)" hits="5" signature="()V">
              <lines>
                <line number="4" hits="5"/>
              </lines>
            </method>
          </methods>
          <lines>
            <line number="1" hits="2" branch="false"/>
            <line number="2" hits="2" branch="false"/>
            <line number="4" hits="5" branch="false"/>
            <line number="5" hits="5" branch="false"/>
            <line number="12" hits="2" branch="false"/>
          </lines>
        </class>
        <class name="TotalIcon.tsx" filename="src/Icons/TotalIcon.tsx" line-rate="1" branch-rate="1">
          <methods>
            <method name="(anonymous_7)" hits="13" signature="()V">
              <lines>
                <line number="4" hits="13"/>
              </lines>
            </method>
          </methods>
          <lines>
            <line number="1" hits="6" branch="false"/>
            <line number="2" hits="6" branch="false"/>
            <line number="4" hits="13" branch="false"/>
            <line number="5" hits="13" branch="false"/>
            <line number="12" hits="6" branch="false"/>
          </lines>
        </class>
        <class name="UnpinIcon.tsx" filename="src/Icons/UnpinIcon.tsx" line-rate="1" branch-rate="1">
          <methods>
            <method name="(anonymous_7)" hits="2" signature="()V">
              <lines>
                <line number="4" hits="2"/>
              </lines>
            </method>
          </methods>
          <lines>
            <line number="1" hits="3" branch="false"/>
            <line number="2" hits="3" branch="false"/>
            <line number="4" hits="3" branch="false"/>
            <line number="5" hits="2" branch="false"/>
            <line number="12" hits="3" branch="false"/>
          </lines>
        </class>
      </classes>
    </package>
    <package name="src.Link" line-rate="1" branch-rate="0.5">
      <classes>
        <class name="CleanLink.tsx" filename="src/Link/CleanLink.tsx" line-rate="1" branch-rate="0.5">
          <methods>
            <method name="(anonymous_0)" hits="207" signature="()V">
              <lines>
                <line number="9" hits="207"/>
              </lines>
            </method>
          </methods>
          <lines>
            <line number="2" hits="28" branch="false"/>
            <line number="3" hits="28" branch="false"/>
            <line number="9" hits="207" branch="false"/>
            <line number="20" hits="28" branch="false"/>
          </lines>
        </class>
        <class name="CleanLinkText.tsx" filename="src/Link/CleanLinkText.tsx" line-rate="1" branch-rate="0.5">
          <methods>
            <method name="(anonymous_0)" hits="4" signature="()V">
              <lines>
                <line number="9" hits="4"/>
              </lines>
            </method>
          </methods>
          <lines>
            <line number="2" hits="5" branch="false"/>
            <line number="3" hits="5" branch="false"/>
            <line number="9" hits="5" branch="false"/>
            <line number="21" hits="5" branch="false"/>
          </lines>
        </class>
      </classes>
    </package>
    <package name="src.Loading" line-rate="0.96" branch-rate="1">
      <classes>
        <class name="LoadingSection.tsx" filename="src/Loading/LoadingSection.tsx" line-rate="0.95" branch-rate="1">
          <methods>
            <method name="(anonymous_7)" hits="27" signature="()V">
              <lines>
                <line number="8" hits="27"/>
              </lines>
            </method>
            <method name="(anonymous_8)" hits="0" signature="()V">
              <lines>
                <line number="28" hits="0"/>
              </lines>
            </method>
            <method name="(anonymous_9)" hits="75" signature="()V">
              <lines>
                <line number="32" hits="75"/>
              </lines>
            </method>
          </methods>
          <lines>
            <line number="1" hits="15" branch="false"/>
            <line number="2" hits="15" branch="false"/>
            <line number="3" hits="15" branch="false"/>
            <line number="4" hits="15" branch="false"/>
            <line number="5" hits="15" branch="false"/>
            <line number="6" hits="15" branch="false"/>
            <line number="8" hits="27" branch="false"/>
            <line number="28" hits="15" branch="false"/>
            <line number="29" hits="0" branch="false"/>
            <line number="32" hits="15" branch="false"/>
            <line number="33" hits="75" branch="false"/>
            <line number="34" hits="75" branch="false"/>
            <line number="35" hits="75" branch="false"/>
            <line number="37" hits="75" branch="false"/>
            <line number="39" hits="75" branch="true" condition-coverage="100% (2/2)"/>
            <line number="40" hits="20" branch="false"/>
            <line number="41" hits="55" branch="true" condition-coverage="100% (2/2)"/>
            <line number="42" hits="9" branch="false"/>
            <line number="58" hits="46" branch="false"/>
            <line number="66" hits="15" branch="false"/>
          </lines>
        </class>
        <class name="LoadingState.tsx" filename="src/Loading/LoadingState.tsx" line-rate="1" branch-rate="1">
          <methods>
            <method name="(anonymous_0)" hits="16" signature="()V">
              <lines>
                <line number="1" hits="16"/>
              </lines>
            </method>
          </methods>
          <lines>
            <line number="1" hits="16" branch="true" condition-coverage="100% (2/2)"/>
            <line number="2" hits="16" branch="false"/>
            <line number="3" hits="16" branch="false"/>
            <line number="4" hits="16" branch="false"/>
            <line number="7" hits="16" branch="false"/>
          </lines>
        </class>
      </classes>
    </package>
    <package name="src.Organization.Coverage" line-rate="0.9688" branch-rate="1">
      <classes>
        <class name="OrganizationCoverageDetails.tsx" filename="src/Organization/Coverage/OrganizationCoverageDetails.tsx" line-rate="1" branch-rate="1">
          <methods>
            <method name="(anonymous_7)" hits="3" signature="()V">
              <lines>
                <line number="13" hits="3"/>
              </lines>
            </method>
            <method name="(anonymous_8)" hits="3" signature="()V">
              <lines>
                <line number="19" hits="3"/>
              </lines>
            </method>
            <method name="(anonymous_9)" hits="4" signature="()V">
              <lines>
                <line number="27" hits="4"/>
              </lines>
            </method>
          </methods>
          <lines>
            <line number="1" hits="1" branch="false"/>
            <line number="3" hits="1" branch="false"/>
            <line number="4" hits="1" branch="false"/>
            <line number="5" hits="1" branch="false"/>
            <line number="6" hits="1" branch="false"/>
            <line number="13" hits="3" branch="false"/>
            <line number="19" hits="1" branch="false"/>
            <line number="20" hits="3" branch="false"/>
            <line number="21" hits="3" branch="false"/>
            <line number="23" hits="3" branch="false"/>
            <line number="25" hits="3" branch="true" condition-coverage="100% (2/2)"/>
            <line number="26" hits="2" branch="false"/>
            <line number="28" hits="4" branch="false"/>
            <line number="43" hits="2" branch="false"/>
            <line number="53" hits="1" branch="false"/>
            <line number="63" hits="1" branch="false"/>
          </lines>
        </class>
        <class name="OrganizationCoveragePage.tsx" filename="src/Organization/Coverage/OrganizationCoveragePage.tsx" line-rate="0.9375" branch-rate="1">
          <methods>
            <method name="(anonymous_7)" hits="9" signature="()V">
              <lines>
                <line number="13" hits="9"/>
              </lines>
            </method>
            <method name="(anonymous_8)" hits="3" signature="()V">
              <lines>
                <line number="23" hits="3"/>
              </lines>
            </method>
            <method name="(anonymous_9)" hits="3" signature="()V">
              <lines>
                <line number="25" hits="3"/>
              </lines>
            </method>
            <method name="(anonymous_10)" hits="0" signature="()V">
              <lines>
                <line number="29" hits="0"/>
              </lines>
            </method>
          </methods>
          <lines>
            <line number="1" hits="1" branch="false"/>
            <line number="3" hits="1" branch="false"/>
            <line number="4" hits="1" branch="false"/>
            <line number="5" hits="1" branch="false"/>
            <line number="6" hits="1" branch="false"/>
            <line number="13" hits="1" branch="false"/>
            <line number="14" hits="9" branch="false"/>
            <line number="16" hits="9" branch="false"/>
            <line number="19" hits="9" branch="false"/>
            <line number="23" hits="9" branch="false"/>
            <line number="24" hits="3" branch="false"/>
            <line number="26" hits="3" branch="false"/>
            <line number="27" hits="3" branch="false"/>
            <line number="29" hits="0" branch="false"/>
            <line number="32" hits="9" branch="false"/>
            <line number="45" hits="1" branch="false"/>
          </lines>
        </class>
      </classes>
    </package>
    <package name="src.Performance" line-rate="1" branch-rate="1">
      <classes>
        <class name="PerformanceDetails.tsx" filename="src/Performance/PerformanceDetails.tsx" line-rate="1" branch-rate="1">
          <methods>
            <method name="(anonymous_7)" hits="2" signature="()V">
              <lines>
                <line number="10" hits="2"/>
              </lines>
            </method>
          </methods>
          <lines>
            <line number="1" hits="3" branch="false"/>
            <line number="3" hits="3" branch="false"/>
            <line number="4" hits="3" branch="false"/>
            <line number="10" hits="3" branch="false"/>
            <line number="11" hits="2" branch="false"/>
            <line number="13" hits="2" branch="true" condition-coverage="100% (4/4)"/>
            <line number="14" hits="1" branch="false"/>
            <line number="24" hits="1" branch="false"/>
            <line number="28" hits="3" branch="false"/>
          </lines>
        </class>
        <class name="PerformanceResultsTable.tsx" filename="src/Performance/PerformanceResultsTable.tsx" line-rate="1" branch-rate="1">
          <methods>
            <method name="(anonymous_9)" hits="1" signature="()V">
              <lines>
                <line number="19" hits="1"/>
              </lines>
            </method>
            <method name="(anonymous_10)" hits="2" signature="()V">
              <lines>
                <line number="35" hits="2"/>
              </lines>
            </method>
            <method name="(anonymous_11)" hits="2" signature="()V">
              <lines>
                <line number="46" hits="2"/>
              </lines>
            </method>
            <method name="(anonymous_12)" hits="2" signature="()V">
              <lines>
                <line number="57" hits="2"/>
              </lines>
            </method>
            <method name="(anonymous_13)" hits="2" signature="()V">
              <lines>
                <line number="68" hits="2"/>
              </lines>
            </method>
            <method name="(anonymous_14)" hits="2" signature="()V">
              <lines>
                <line number="79" hits="2"/>
              </lines>
            </method>
            <method name="(anonymous_15)" hits="2" signature="()V">
              <lines>
                <line number="92" hits="2"/>
              </lines>
            </method>
            <method name="(anonymous_16)" hits="1" signature="()V">
              <lines>
                <line number="103" hits="1"/>
              </lines>
            </method>
          </methods>
          <lines>
            <line number="1" hits="3" branch="false"/>
            <line number="3" hits="3" branch="false"/>
            <line number="10" hits="3" branch="false"/>
            <line number="15" hits="3" branch="false"/>
            <line number="19" hits="3" branch="false"/>
            <line number="20" hits="1" branch="false"/>
            <line number="22" hits="1" branch="false"/>
            <line number="35" hits="2" branch="false"/>
            <line number="46" hits="2" branch="false"/>
            <line number="57" hits="2" branch="false"/>
            <line number="68" hits="2" branch="false"/>
            <line number="79" hits="2" branch="false"/>
            <line number="92" hits="2" branch="false"/>
            <line number="103" hits="1" branch="false"/>
            <line number="112" hits="3" branch="false"/>
          </lines>
        </class>
        <class name="PerformanceSection.tsx" filename="src/Performance/PerformanceSection.tsx" line-rate="1" branch-rate="1">
          <methods>
            <method name="(anonymous_7)" hits="10" signature="()V">
              <lines>
                <line number="12" hits="10"/>
              </lines>
            </method>
            <method name="(anonymous_8)" hits="4" signature="()V">
              <lines>
                <line number="20" hits="4"/>
              </lines>
            </method>
            <method name="(anonymous_9)" hits="2" signature="()V">
              <lines>
                <line number="22" hits="2"/>
              </lines>
            </method>
            <method name="(anonymous_10)" hits="2" signature="()V">
              <lines>
                <line number="26" hits="2"/>
              </lines>
            </method>
          </methods>
          <lines>
            <line number="1" hits="3" branch="false"/>
            <line number="3" hits="3" branch="false"/>
            <line number="4" hits="3" branch="false"/>
            <line number="5" hits="3" branch="false"/>
            <line number="6" hits="3" branch="false"/>
            <line number="12" hits="10" branch="false"/>
            <line number="13" hits="10" branch="false"/>
            <line number="16" hits="10" branch="false"/>
            <line number="20" hits="10" branch="false"/>
            <line number="21" hits="4" branch="false"/>
            <line number="23" hits="2" branch="false"/>
            <line number="24" hits="2" branch="false"/>
            <line number="26" hits="2" branch="false"/>
            <line number="29" hits="10" branch="false"/>
            <line number="45" hits="3" branch="false"/>
          </lines>
        </class>
      </classes>
    </package>
    <package name="src.Pin" line-rate="1" branch-rate="1">
      <classes>
        <class name="PinSideMenuItem.tsx" filename="src/Pin/PinSideMenuItem.tsx" line-rate="1" branch-rate="1">
          <methods>
            <method name="(anonymous_7)" hits="14" signature="()V">
              <lines>
                <line number="7" hits="14"/>
              </lines>
            </method>
          </methods>
          <lines>
            <line number="1" hits="3" branch="false"/>
            <line number="2" hits="3" branch="false"/>
            <line number="3" hits="3" branch="false"/>
            <line number="4" hits="3" branch="false"/>
            <line number="5" hits="3" branch="false"/>
            <line number="7" hits="3" branch="false"/>
            <line number="8" hits="14" branch="false"/>
            <line number="10" hits="14" branch="true" condition-coverage="100% (2/2)"/>
            <line number="11" hits="5" branch="false"/>
            <line number="20" hits="9" branch="false"/>
            <line number="24" hits="3" branch="false"/>
          </lines>
        </class>
        <class name="PinState.tsx" filename="src/Pin/PinState.tsx" line-rate="1" branch-rate="1">
          <methods>
            <method name="(anonymous_6)" hits="32" signature="()V">
              <lines>
                <line number="19" hits="32"/>
              </lines>
            </method>
            <method name="(anonymous_7)" hits="19" signature="()V">
              <lines>
                <line number="25" hits="19"/>
              </lines>
            </method>
            <method name="(anonymous_8)" hits="6" signature="()V">
              <lines>
                <line number="27" hits="6"/>
              </lines>
            </method>
            <method name="(anonymous_9)" hits="6" signature="()V">
              <lines>
                <line number="31" hits="6"/>
              </lines>
            </method>
            <method name="(anonymous_10)" hits="4" signature="()V">
              <lines>
                <line number="34" hits="4"/>
              </lines>
            </method>
            <method name="(anonymous_11)" hits="0" signature="()V">
              <lines>
                <line number="37" hits="0"/>
              </lines>
            </method>
            <method name="(anonymous_12)" hits="1" signature="()V">
              <lines>
                <line number="40" hits="1"/>
              </lines>
            </method>
            <method name="(anonymous_13)" hits="4" signature="()V">
              <lines>
                <line number="43" hits="4"/>
              </lines>
            </method>
            <method name="(anonymous_14)" hits="2" signature="()V">
              <lines>
                <line number="45" hits="2"/>
              </lines>
            </method>
            <method name="(anonymous_15)" hits="2" signature="()V">
              <lines>
                <line number="47" hits="2"/>
              </lines>
            </method>
          </methods>
          <lines>
            <line number="1" hits="6" branch="false"/>
            <line number="3" hits="6" branch="false"/>
            <line number="4" hits="6" branch="false"/>
            <line number="17" hits="6" branch="false"/>
            <line number="19" hits="32" branch="false"/>
            <line number="20" hits="32" branch="false"/>
            <line number="23" hits="32" branch="false"/>
            <line number="25" hits="32" branch="false"/>
            <line number="26" hits="19" branch="false"/>
            <line number="28" hits="6" branch="false"/>
            <line number="29" hits="6" branch="false"/>
            <line number="32" hits="6" branch="true" condition-coverage="100% (2/2)"/>
            <line number="33" hits="4" branch="false"/>
            <line number="35" hits="4" branch="false"/>
            <line number="43" hits="32" branch="false"/>
            <line number="44" hits="4" branch="true" condition-coverage="100% (2/2)"/>
            <line number="45" hits="2" branch="false"/>
            <line number="47" hits="2" branch="false"/>
            <line number="51" hits="32" branch="false"/>
          </lines>
        </class>
      </classes>
    </package>
    <package name="src.Repository" line-rate="1" branch-rate="0.875">
      <classes>
        <class name="RepositoryLink.tsx" filename="src/Repository/RepositoryLink.tsx" line-rate="1" branch-rate="0.875">
          <methods>
            <method name="(anonymous_0)" hits="28" signature="()V">
              <lines>
                <line number="1" hits="28"/>
              </lines>
            </method>
            <method name="(anonymous_1)" hits="19" signature="()V">
              <lines>
                <line number="24" hits="19"/>
              </lines>
            </method>
            <method name="(anonymous_2)" hits="9" signature="()V">
              <lines>
                <line number="30" hits="9"/>
              </lines>
            </method>
          </methods>
          <lines>
            <line number="1" hits="10" branch="false"/>
            <line number="7" hits="28" branch="true" condition-coverage="100% (2/2)"/>
            <line number="9" hits="28" branch="false"/>
            <line number="11" hits="28" branch="true" condition-coverage="100% (2/2)"/>
            <line number="12" hits="14" branch="true" condition-coverage="100% (2/2)"/>
            <line number="13" hits="12" branch="false"/>
            <line number="15" hits="2" branch="false"/>
            <line number="19" hits="28" branch="true" condition-coverage="50% (1/2)"/>
            <line number="21" hits="28" branch="false"/>
            <line number="24" hits="10" branch="false"/>
            <line number="28" hits="19" branch="false"/>
            <line number="30" hits="10" branch="false"/>
            <line number="34" hits="9" branch="false"/>
            <line number="36" hits="10" branch="false"/>
          </lines>
        </class>
      </classes>
    </package>
    <package name="src.Repository.Coverage" line-rate="0.9718000000000001" branch-rate="0.9167000000000001">
      <classes>
        <class name="RepositoryCoverageDetails.tsx" filename="src/Repository/Coverage/RepositoryCoverageDetails.tsx" line-rate="0.9473999999999999" branch-rate="0.75">
          <methods>
            <method name="(anonymous_7)" hits="2" signature="()V">
              <lines>
                <line number="16" hits="2"/>
              </lines>
            </method>
            <method name="(anonymous_8)" hits="2" signature="()V">
              <lines>
                <line number="25" hits="2"/>
              </lines>
            </method>
          </methods>
          <lines>
            <line number="1" hits="1" branch="false"/>
            <line number="3" hits="1" branch="false"/>
            <line number="4" hits="1" branch="false"/>
            <line number="5" hits="1" branch="false"/>
            <line number="6" hits="1" branch="false"/>
            <line number="7" hits="1" branch="false"/>
            <line number="16" hits="2" branch="false"/>
            <line number="25" hits="1" branch="false"/>
            <line number="26" hits="2" branch="false"/>
            <line number="27" hits="2" branch="false"/>
            <line number="28" hits="2" branch="false"/>
            <line number="29" hits="2" branch="false"/>
            <line number="31" hits="2" branch="false"/>
            <line number="33" hits="2" branch="true" condition-coverage="100% (2/2)"/>
            <line number="34" hits="1" branch="false"/>
            <line number="50" hits="1" branch="true" condition-coverage="50% (1/2)"/>
            <line number="51" hits="0" branch="false"/>
            <line number="53" hits="1" branch="false"/>
            <line number="66" hits="1" branch="false"/>
          </lines>
        </class>
        <class name="RepositoryCoveragePage.tsx" filename="src/Repository/Coverage/RepositoryCoveragePage.tsx" line-rate="0.9545" branch-rate="1">
          <methods>
            <method name="(anonymous_7)" hits="6" signature="()V">
              <lines>
                <line number="16" hits="6"/>
              </lines>
            </method>
[...]
            <line number="9" hits="46" branch="true" condition-coverage="100% (5/5)"/>
            <line number="10" hits="3" branch="false"/>
            <line number="14" hits="3" branch="false"/>
            <line number="16" hits="3" branch="true" condition-coverage="100% (2/2)"/>
            <line number="18" hits="43" branch="false"/>
            <line number="22" hits="4" branch="false"/>
          </lines>
        </class>
      </classes>
    </package>
    <package name="src.dateUtils" line-rate="1" branch-rate="1">
      <classes>
        <class name="dateUtils.ts" filename="src/dateUtils/dateUtils.ts" line-rate="1" branch-rate="1">
          <methods>
            <method name="(anonymous_1)" hits="30" signature="()V">
              <lines>
                <line number="3" hits="30"/>
              </lines>
            </method>
            <method name="(anonymous_2)" hits="3" signature="()V">
              <lines>
                <line number="26" hits="3"/>
              </lines>
            </method>
          </methods>
          <lines>
            <line number="1" hits="10" branch="false"/>
            <line number="3" hits="10" branch="false"/>
            <line number="5" hits="55" branch="true" condition-coverage="100% (2/2)"/>
            <line number="8" hits="30" branch="true" condition-coverage="100% (2/2)"/>
            <line number="10" hits="30" branch="false"/>
            <line number="12" hits="30" branch="true" condition-coverage="100% (2/2)"/>
            <line number="13" hits="1" branch="false"/>
            <line number="14" hits="29" branch="true" condition-coverage="100% (2/2)"/>
            <line number="15" hits="6" branch="false"/>
            <line number="16" hits="23" branch="true" condition-coverage="100% (2/2)"/>
            <line number="17" hits="1" branch="false"/>
            <line number="20" hits="30" branch="false"/>
            <line number="26" hits="10" branch="false"/>
            <line number="27" hits="3" branch="false"/>
            <line number="29" hits="10" branch="false"/>
          </lines>
        </class>
      </classes>
    </package>
    <package name="src.model" line-rate="1" branch-rate="1">
      <classes>
        <class name="TestCaseHelpers.ts" filename="src/model/TestCaseHelpers.ts" line-rate="1" branch-rate="1">
          <methods>
            <method name="(anonymous_0)" hits="2" signature="()V">
              <lines>
                <line number="3" hits="2"/>
              </lines>
            </method>
          </methods>
          <lines>
            <line number="3" hits="5" branch="false"/>
            <line number="4" hits="2" branch="false"/>
            <line number="6" hits="2" branch="true" condition-coverage="100% (2/2)"/>
            <line number="7" hits="1" branch="false"/>
            <line number="10" hits="2" branch="true" condition-coverage="100% (2/2)"/>
            <line number="11" hits="1" branch="false"/>
            <line number="14" hits="2" branch="false"/>
            <line number="17" hits="5" branch="false"/>
          </lines>
        </class>
        <class name="TestRunModel.ts" filename="src/model/TestRunModel.ts" line-rate="1" branch-rate="1">
          <methods>
            <method name="(anonymous_0)" hits="7" signature="()V">
              <lines>
                <line number="1" hits="7"/>
              </lines>
            </method>
            <method name="(anonymous_1)" hits="7" signature="()V">
              <lines>
                <line number="155" hits="7"/>
              </lines>
            </method>
          </methods>
          <lines>
            <line number="1" hits="7" branch="true" condition-coverage="100% (2/2)"/>
            <line number="2" hits="7" branch="false"/>
            <line number="3" hits="7" branch="false"/>
            <line number="4" hits="7" branch="false"/>
            <line number="155" hits="7" branch="true" condition-coverage="100% (2/2)"/>
            <line number="156" hits="7" branch="false"/>
            <line number="157" hits="7" branch="false"/>
            <line number="158" hits="7" branch="false"/>
            <line number="159" hits="7" branch="false"/>
            <line number="160" hits="7" branch="false"/>
            <line number="176" hits="7" branch="false"/>
            <line number="194" hits="7" branch="false"/>
          </lines>
        </class>
        <class name="TestSuiteHelpers.ts" filename="src/model/TestSuiteHelpers.ts" line-rate="1" branch-rate="1">
          <methods>
            <method name="(anonymous_0)" hits="6" signature="()V">
              <lines>
                <line number="3" hits="6"/>
              </lines>
            </method>
            <method name="(anonymous_1)" hits="7" signature="()V">
              <lines>
                <line number="7" hits="7"/>
              </lines>
            </method>
            <method name="(anonymous_2)" hits="10" signature="()V">
              <lines>
                <line number="11" hits="10"/>
              </lines>
            </method>
          </methods>
          <lines>
            <line number="3" hits="5" branch="false"/>
            <line number="4" hits="6" branch="false"/>
            <line number="7" hits="5" branch="false"/>
            <line number="8" hits="7" branch="false"/>
            <line number="11" hits="5" branch="false"/>
            <line number="12" hits="10" branch="true" condition-coverage="100% (2/2)"/>
            <line number="13" hits="2" branch="true" condition-coverage="100% (2/2)"/>
            <line number="14" hits="1" branch="false"/>
            <line number="16" hits="1" branch="false"/>
            <line number="19" hits="8" branch="false"/>
            <line number="23" hits="5" branch="false"/>
          </lines>
        </class>
      </classes>
    </package>
    <package name="src.service" line-rate="0.9018" branch-rate="0.5">
      <classes>
        <class name="AxiosService.ts" filename="src/service/AxiosService.ts" line-rate="1" branch-rate="1">
          <methods>
          </methods>
          <lines>
            <line number="1" hits="21" branch="false"/>
            <line number="2" hits="21" branch="false"/>
            <line number="3" hits="21" branch="false"/>
            <line number="5" hits="21" branch="false"/>
            <line number="9" hits="21" branch="false"/>
            <line number="14" hits="21" branch="false"/>
            <line number="16" hits="21" branch="false"/>
            <line number="23" hits="21" branch="false"/>
          </lines>
        </class>
        <class name="OrganizationService.ts" filename="src/service/OrganizationService.ts" line-rate="1" branch-rate="1">
          <methods>
            <method name="(anonymous_0)" hits="3" signature="()V">
              <lines>
                <line number="5" hits="3"/>
              </lines>
            </method>
          </methods>
          <lines>
            <line number="1" hits="1" branch="false"/>
            <line number="5" hits="1" branch="false"/>
            <line number="9" hits="3" branch="false"/>
            <line number="12" hits="1" branch="false"/>
          </lines>
        </class>
        <class name="RepositoryService.ts" filename="src/service/RepositoryService.ts" line-rate="0.6818000000000001" branch-rate="0.2">
          <methods>
            <method name="(anonymous_0)" hits="0" signature="()V">
              <lines>
                <line number="10" hits="0"/>
              </lines>
            </method>
            <method name="(anonymous_1)" hits="2" signature="()V">
              <lines>
                <line number="21" hits="2"/>
              </lines>
            </method>
            <method name="(anonymous_2)" hits="2" signature="()V">
              <lines>
                <line number="32" hits="2"/>
              </lines>
            </method>
            <method name="(anonymous_3)" hits="0" signature="()V">
              <lines>
                <line number="43" hits="0"/>
              </lines>
            </method>
            <method name="(anonymous_4)" hits="0" signature="()V">
              <lines>
                <line number="59" hits="0"/>
              </lines>
            </method>
          </methods>
          <lines>
            <line number="1" hits="2" branch="false"/>
            <line number="10" hits="2" branch="false"/>
            <line number="14" hits="0" branch="false"/>
            <line number="18" hits="0" branch="false"/>
            <line number="21" hits="2" branch="false"/>
            <line number="25" hits="2" branch="false"/>
            <line number="29" hits="2" branch="false"/>
            <line number="32" hits="2" branch="false"/>
            <line number="36" hits="2" branch="false"/>
            <line number="40" hits="2" branch="false"/>
            <line number="43" hits="2" branch="false"/>
            <line number="50" hits="0" branch="false"/>
            <line number="52" hits="0" branch="false"/>
            <line number="56" hits="0" branch="false"/>
            <line number="59" hits="2" branch="false"/>
            <line number="63" hits="0" branch="false"/>
            <line number="67" hits="0" branch="false"/>
            <line number="71" hits="2" branch="false"/>
            <line number="72" hits="2" branch="false"/>
            <line number="73" hits="2" branch="false"/>
            <line number="74" hits="2" branch="false"/>
            <line number="75" hits="2" branch="false"/>
          </lines>
        </class>
        <class name="ServerConfigService.ts" filename="src/service/ServerConfigService.ts" line-rate="1" branch-rate="1">
          <methods>
            <method name="(anonymous_0)" hits="19" signature="()V">
              <lines>
                <line number="5" hits="19"/>
              </lines>
            </method>
          </methods>
          <lines>
            <line number="2" hits="6" branch="false"/>
            <line number="5" hits="6" branch="false"/>
            <line number="7" hits="19" branch="false"/>
            <line number="9" hits="6" branch="false"/>
          </lines>
        </class>
        <class name="TestOutputType.ts" filename="src/service/TestOutputType.ts" line-rate="1" branch-rate="1">
          <methods>
            <method name="(anonymous_0)" hits="18" signature="()V">
              <lines>
                <line number="1" hits="18"/>
              </lines>
            </method>
          </methods>
          <lines>
            <line number="1" hits="18" branch="true" condition-coverage="100% (2/2)"/>
            <line number="2" hits="18" branch="false"/>
            <line number="3" hits="18" branch="false"/>
            <line number="6" hits="18" branch="false"/>
          </lines>
        </class>
        <class name="TestRunService.ts" filename="src/service/TestRunService.ts" line-rate="0.9429000000000001" branch-rate="1">
          <methods>
            <method name="(anonymous_1)" hits="3" signature="()V">
              <lines>
                <line number="22" hits="3"/>
              </lines>
            </method>
            <method name="(anonymous_2)" hits="2" signature="()V">
              <lines>
                <line number="27" hits="2"/>
              </lines>
            </method>
            <method name="(anonymous_3)" hits="2" signature="()V">
              <lines>
                <line number="33" hits="2"/>
              </lines>
            </method>
            <method name="(anonymous_4)" hits="1" signature="()V">
              <lines>
                <line number="39" hits="1"/>
              </lines>
            </method>
            <method name="(anonymous_5)" hits="0" signature="()V">
              <lines>
                <line number="46" hits="0"/>
              </lines>
            </method>
            <method name="(anonymous_6)" hits="2" signature="()V">
              <lines>
                <line number="53" hits="2"/>
              </lines>
            </method>
            <method name="(anonymous_7)" hits="2" signature="()V">
              <lines>
                <line number="64" hits="2"/>
              </lines>
            </method>
            <method name="(anonymous_8)" hits="0" signature="()V">
              <lines>
                <line number="79" hits="0"/>
              </lines>
            </method>
            <method name="(anonymous_9)" hits="2" signature="()V">
              <lines>
                <line number="89" hits="2"/>
              </lines>
            </method>
            <method name="(anonymous_10)" hits="4" signature="()V">
              <lines>
                <line number="96" hits="4"/>
              </lines>
            </method>
            <method name="(anonymous_11)" hits="10" signature="()V">
              <lines>
                <line number="110" hits="10"/>
              </lines>
            </method>
            <method name="(anonymous_12)" hits="3" signature="()V">
              <lines>
                <line number="118" hits="3"/>
              </lines>
            </method>
            <method name="(anonymous_13)" hits="4" signature="()V">
              <lines>
                <line number="124" hits="4"/>
              </lines>
            </method>
            <method name="(anonymous_14)" hits="2" signature="()V">
              <lines>
                <line number="132" hits="2"/>
              </lines>
            </method>
            <method name="(anonymous_15)" hits="2" signature="()V">
              <lines>
                <line number="136" hits="2"/>
              </lines>
            </method>
            <method name="(anonymous_16)" hits="9" signature="()V">
              <lines>
                <line number="140" hits="9"/>
              </lines>
            </method>
            <method name="(anonymous_17)" hits="3" signature="()V">
              <lines>
                <line number="144" hits="3"/>
              </lines>
            </method>
            <method name="(anonymous_18)" hits="2" signature="()V">
              <lines>
                <line number="148" hits="2"/>
              </lines>
            </method>
            <method name="(anonymous_19)" hits="0" signature="()V">
              <lines>
                <line number="154" hits="0"/>
              </lines>
            </method>
            <method name="(anonymous_20)" hits="0" signature="()V">
              <lines>
                <line number="160" hits="0"/>
              </lines>
            </method>
            <method name="(anonymous_21)" hits="1" signature="()V">
              <lines>
                <line number="167" hits="1"/>
              </lines>
            </method>
            <method name="(anonymous_22)" hits="4" signature="()V">
              <lines>
                <line number="171" hits="4"/>
              </lines>
            </method>
          </methods>
          <lines>
            <line number="19" hits="18" branch="false"/>
            <line number="20" hits="18" branch="false"/>
            <line number="22" hits="18" branch="false"/>
            <line number="24" hits="3" branch="false"/>
            <line number="27" hits="18" branch="false"/>
            <line number="31" hits="2" branch="false"/>
            <line number="33" hits="18" branch="false"/>
            <line number="37" hits="2" branch="false"/>
            <line number="39" hits="18" branch="false"/>
            <line number="43" hits="1" branch="false"/>
            <line number="46" hits="18" branch="false"/>
            <line number="50" hits="0" branch="false"/>
            <line number="53" hits="18" branch="false"/>
            <line number="59" hits="2" branch="false"/>
            <line number="64" hits="18" branch="false"/>
            <line number="71" hits="2" branch="true" condition-coverage="100% (2/2)"/>
            <line number="74" hits="2" branch="false"/>
            <line number="79" hits="18" branch="false"/>
            <line number="84" hits="0" branch="false"/>
            <line number="89" hits="18" branch="false"/>
            <line number="94" hits="2" branch="false"/>
            <line number="96" hits="18" branch="false"/>
            <line number="102" hits="4" branch="true" condition-coverage="100% (2/2)"/>
            <line number="105" hits="4" branch="false"/>
            <line number="110" hits="18" branch="false"/>
            <line number="114" hits="10" branch="false"/>
            <line number="118" hits="18" branch="false"/>
            <line number="122" hits="3" branch="false"/>
            <line number="124" hits="18" branch="false"/>
            <line number="128" hits="4" branch="false"/>
            <line number="132" hits="18" branch="false"/>
            <line number="134" hits="2" branch="false"/>
            <line number="136" hits="18" branch="false"/>
            <line number="138" hits="2" branch="false"/>
            <line number="140" hits="18" branch="false"/>
            <line number="142" hits="9" branch="false"/>
            <line number="144" hits="18" branch="false"/>
            <line number="146" hits="3" branch="false"/>
            <line number="148" hits="18" branch="false"/>
            <line number="152" hits="2" branch="false"/>
            <line number="154" hits="18" branch="false"/>
            <line number="158" hits="0" branch="false"/>
            <line number="160" hits="18" branch="false"/>
            <line number="165" hits="0" branch="false"/>
            <line number="167" hits="18" branch="false"/>
            <line number="169" hits="1" branch="false"/>
            <line number="171" hits="18" branch="false"/>
            <line number="175" hits="4" branch="false"/>
            <line number="178" hits="18" branch="false"/>
            <line number="179" hits="18" branch="false"/>
            <line number="180" hits="18" branch="false"/>
            <line number="181" hits="18" branch="false"/>
            <line number="182" hits="18" branch="false"/>
            <line number="183" hits="18" branch="false"/>
            <line number="184" hits="18" branch="false"/>
            <line number="185" hits="18" branch="false"/>
            <line number="186" hits="18" branch="false"/>
            <line number="187" hits="18" branch="false"/>
            <line number="188" hits="18" branch="false"/>
            <line number="189" hits="18" branch="false"/>
            <line number="190" hits="18" branch="false"/>
            <line number="191" hits="18" branch="false"/>
            <line number="192" hits="18" branch="false"/>
            <line number="193" hits="18" branch="false"/>
            <line number="194" hits="18" branch="false"/>
            <line number="195" hits="18" branch="false"/>
            <line number="196" hits="18" branch="false"/>
            <line number="197" hits="18" branch="false"/>
            <line number="198" hits="18" branch="false"/>
            <line number="199" hits="18" branch="false"/>
          </lines>
        </class>
      </classes>
    </package>
    <package name="src.testUtils" line-rate="1" branch-rate="1">
      <classes>
        <class name="coverageTestUtils.ts" filename="src/testUtils/coverageTestUtils.ts" line-rate="1" branch-rate="1">
          <methods>
            <method name="(anonymous_0)" hits="6" signature="()V">
              <lines>
                <line number="3" hits="6"/>
              </lines>
            </method>
          </methods>
          <lines>
            <line number="3" hits="2" branch="false"/>
            <line number="4" hits="6" branch="false"/>
            <line number="11" hits="6" branch="false"/>
            <line number="18" hits="6" branch="false"/>
            <line number="25" hits="6" branch="false"/>
            <line number="32" hits="2" branch="false"/>
          </lines>
        </class>
      </classes>
    </package>
  </packages>
</coverage>
