<?xml version="1.0" encoding="UTF-8"?>
<coverage generated="1598524902552" clover="3.2.0">
    <project timestamp="1598524902552" name="All files">
        <metrics statements="1021" coveredstatements="924" conditionals="195" coveredconditionals="158" methods="196" coveredmethods="154" elements="1412" coveredelements="1236" complexity="0" loc="1021" ncloc="1021" packages="22" files="75" classes="75"/>
        <package name="src">
            <metrics statements="20" coveredstatements="20" conditionals="2" coveredconditionals="1" methods="4" coveredmethods="4"/>
            <file name="BreadcrumbPageHeader.tsx" path="C:\Users\atkcr\projects\projektor\ui\src\BreadcrumbPageHeader.tsx">
                <metrics statements="12" coveredstatements="12" conditionals="2" coveredconditionals="1" methods="2" coveredmethods="2"/>
                <line num="1" count="5" type="stmt"/>
                <line num="2" count="5" type="stmt"/>
                <line num="3" count="5" type="stmt"/>
                <line num="4" count="5" type="stmt"/>
                <line num="5" count="5" type="stmt"/>
                <line num="7" count="8" type="stmt"/>
                <line num="19" count="5" type="stmt"/>
                <line num="20" count="8" type="stmt"/>
                <line num="21" count="8" type="stmt"/>
                <line num="23" count="8" type="stmt"/>
                <line num="25" count="8" type="stmt"/>
                <line num="40" count="5" type="stmt"/>
            </file>
            <file name="PageTitle.tsx" path="C:\Users\atkcr\projects\projektor\ui\src\PageTitle.tsx">
                <metrics statements="8" coveredstatements="8" conditionals="0" coveredconditionals="0" methods="2" coveredmethods="2"/>
                <line num="1" count="3" type="stmt"/>
                <line num="2" count="3" type="stmt"/>
                <line num="3" count="3" type="stmt"/>
                <line num="10" count="4" type="stmt"/>
                <line num="19" count="10" type="stmt"/>
                <line num="20" count="10" type="stmt"/>
                <line num="22" count="10" type="stmt"/>
                <line num="29" count="3" type="stmt"/>
            </file>
        </package>
        <package name="src.Attachments">
            <metrics statements="25" coveredstatements="13" conditionals="2" coveredconditionals="0" methods="8" coveredmethods="0"/>
            <file name="AttachmentsList.tsx" path="C:\Users\atkcr\projects\projektor\ui\src\Attachments\AttachmentsList.tsx">
                <metrics statements="9" coveredstatements="5" conditionals="2" coveredconditionals="0" methods="4" coveredmethods="0"/>
                <line num="1" count="1" type="stmt"/>
                <line num="3" count="1" type="stmt"/>
                <line num="4" count="1" type="stmt"/>
                <line num="11" count="1" type="stmt"/>
                <line num="12" count="0" type="stmt"/>
                <line num="25" count="0" type="stmt"/>
                <line num="36" count="0" type="stmt"/>
                <line num="43" count="0" type="stmt"/>
                <line num="52" count="1" type="stmt"/>
            </file>
            <file name="AttachmentsPage.tsx" path="C:\Users\atkcr\projects\projektor\ui\src\Attachments\AttachmentsPage.tsx">
                <metrics statements="16" coveredstatements="8" conditionals="0" coveredconditionals="0" methods="4" coveredmethods="0"/>
                <line num="1" count="1" type="stmt"/>
                <line num="3" count="1" type="stmt"/>
                <line num="4" count="1" type="stmt"/>
                <line num="5" count="1" type="stmt"/>
                <line num="6" count="1" type="stmt"/>
                <line num="8" count="1" type="stmt"/>
                <line num="14" count="1" type="stmt"/>
                <line num="15" count="0" type="stmt"/>
                <line num="18" count="0" type="stmt"/>
                <line num="20" count="0" type="stmt"/>
                <line num="21" count="0" type="stmt"/>
                <line num="23" count="0" type="stmt"/>
                <line num="24" count="0" type="stmt"/>
                <line num="26" count="0" type="stmt"/>
                <line num="29" count="0" type="stmt"/>
                <line num="43" count="1" type="stmt"/>
            </file>
        </package>
        <package name="src.CodeText">
            <metrics statements="80" coveredstatements="71" conditionals="26" coveredconditionals="16" methods="15" coveredmethods="13"/>
            <file name="CodeText.tsx" path="C:\Users\atkcr\projects\projektor\ui\src\CodeText\CodeText.tsx">
                <metrics statements="40" coveredstatements="32" conditionals="16" coveredconditionals="8" methods="9" coveredmethods="7"/>
                <line num="1" count="9" type="stmt"/>
                <line num="2" count="9" type="stmt"/>
                <line num="3" count="9" type="stmt"/>
                <line num="4" count="9" type="stmt"/>
                <line num="5" count="9" type="stmt"/>
                <line num="6" count="9" type="stmt"/>
                <line num="7" count="9" type="stmt"/>
                <line num="13" count="9" type="stmt"/>
                <line num="21" count="15" type="stmt"/>
                <line num="22" count="15" type="cond" truecount="1" falsecount="1"/>
                <line num="23" count="0" type="stmt"/>
                <line num="26" count="15" type="stmt"/>
                <line num="28" count="15" type="stmt"/>
                <line num="29" count="15" type="stmt"/>
                <line num="30" count="15" type="stmt"/>
                <line num="32" count="15" type="stmt"/>
                <line num="33" count="15" type="stmt"/>
                <line num="34" count="15" type="cond" truecount="2" falsecount="0"/>
                <line num="35" count="12" type="stmt"/>
                <line num="39" count="0" type="cond" truecount="0" falsecount="2"/>
                <line num="40" count="0" type="stmt"/>
                <line num="41" count="0" type="cond" truecount="0" falsecount="2"/>
                <line num="42" count="0" type="stmt"/>
                <line num="44" count="0" type="stmt"/>
                <line num="48" count="15" type="stmt"/>
                <line num="49" count="5" type="stmt"/>
                <line num="50" count="5" type="stmt"/>
                <line num="54" count="15" type="stmt"/>
                <line num="55" count="10" type="cond" truecount="2" falsecount="2"/>
                <line num="56" count="0" type="stmt"/>
                <line num="64" count="10" type="stmt"/>
                <line num="67" count="15" type="stmt"/>
                <line num="68" count="0" type="stmt"/>
                <line num="70" count="15" type="stmt"/>
                <line num="71" count="15" type="stmt"/>
                <line num="72" count="15" type="stmt"/>
                <line num="74" count="15" type="stmt"/>
                <line num="75" count="5" type="stmt"/>
                <line num="93" count="15" type="stmt"/>
                <line num="113" count="9" type="stmt"/>
            </file>
            <file name="CodeTextLine.tsx" path="C:\Users\atkcr\projects\projektor\ui\src\CodeText\CodeTextLine.tsx">
                <metrics statements="14" coveredstatements="14" conditionals="6" coveredconditionals="5" methods="3" coveredmethods="3"/>
                <line num="1" count="10" type="stmt"/>
                <line num="2" count="10" type="stmt"/>
                <line num="15" count="10" type="cond" truecount="2" falsecount="0"/>
                <line num="17" count="6" type="stmt"/>
                <line num="18" count="6" type="cond" truecount="1" falsecount="1"/>
                <line num="28" count="10" type="cond" truecount="2" falsecount="0"/>
                <line num="36" count="10" type="stmt"/>
                <line num="37" count="6" type="stmt"/>
                <line num="38" count="6" type="stmt"/>
                <line num="39" count="6" type="stmt"/>
                <line num="40" count="6" type="stmt"/>
                <line num="43" count="1" type="stmt"/>
                <line num="46" count="6" type="stmt"/>
                <line num="60" count="10" type="stmt"/>
            </file>
            <file name="CodeTextProgressiveRender.tsx" path="C:\Users\atkcr\projects\projektor\ui\src\CodeText\CodeTextProgressiveRender.tsx">
                <metrics statements="26" coveredstatements="25" conditionals="4" coveredconditionals="3" methods="3" coveredmethods="3"/>
                <line num="1" count="10" type="stmt"/>
                <line num="2" count="10" type="stmt"/>
                <line num="17" count="10" type="stmt"/>
                <line num="19" count="13" type="stmt"/>
                <line num="20" count="13" type="stmt"/>
                <line num="21" count="13" type="stmt"/>
                <line num="29" count="10" type="stmt"/>
                <line num="30" count="13" type="stmt"/>
                <line num="31" count="13" type="stmt"/>
                <line num="32" count="13" type="stmt"/>
                <line num="33" count="13" type="stmt"/>
                <line num="34" count="13" type="stmt"/>
                <line num="36" count="13" type="stmt"/>
                <line num="37" count="13" type="stmt"/>
                <line num="39" count="13" type="stmt"/>
                <line num="44" count="13" type="stmt"/>
                <line num="45" count="13" type="cond" truecount="2" falsecount="0"/>
                <line num="46" count="2" type="stmt"/>
                <line num="48" count="2" type="stmt"/>
                <line num="51" count="2" type="stmt"/>
                <line num="53" count="11" type="stmt"/>
                <line num="57" count="13" type="cond" truecount="1" falsecount="1"/>
                <line num="59" count="0" type="stmt"/>
                <line num="61" count="13" type="stmt"/>
                <line num="64" count="13" type="stmt"/>
                <line num="71" count="10" type="stmt"/>
            </file>
        </package>
        <package name="src.Coverage">
            <metrics statements="83" coveredstatements="60" conditionals="10" coveredconditionals="9" methods="18" coveredmethods="5"/>
            <file name="CoverageDetails.tsx" path="C:\Users\atkcr\projects\projektor\ui\src\Coverage\CoverageDetails.tsx">
                <metrics statements="9" coveredstatements="7" conditionals="0" coveredconditionals="0" methods="1" coveredmethods="0"/>
                <line num="1" count="1" type="stmt"/>
                <line num="3" count="1" type="stmt"/>
                <line num="4" count="1" type="stmt"/>
                <line num="5" count="1" type="stmt"/>
                <line num="12" count="1" type="stmt"/>
                <line num="18" count="1" type="stmt"/>
                <line num="19" count="0" type="stmt"/>
                <line num="21" count="0" type="stmt"/>
                <line num="34" count="1" type="stmt"/>
            </file>
            <file name="CoverageGraph.tsx" path="C:\Users\atkcr\projects\projektor\ui\src\Coverage\CoverageGraph.tsx">
                <metrics statements="16" coveredstatements="16" conditionals="8" coveredconditionals="8" methods="2" coveredmethods="2"/>
                <line num="1" count="2" type="stmt"/>
                <line num="3" count="2" type="stmt"/>
                <line num="4" count="2" type="stmt"/>
                <line num="13" count="2" type="stmt"/>
                <line num="14" count="3" type="stmt"/>
                <line num="25" count="2" type="stmt"/>
                <line num="26" count="3" type="stmt"/>
                <line num="27" count="3" type="stmt"/>
                <line num="28" count="3" type="stmt"/>
                <line num="29" count="3" type="stmt"/>
                <line num="31" count="3" type="stmt"/>
                <line num="33" count="3" type="stmt"/>
                <line num="37" count="3" type="cond" truecount="2" falsecount="0"/>
                <line num="38" count="2" type="stmt"/>
                <line num="67" count="1" type="stmt"/>
                <line num="71" count="2" type="stmt"/>
            </file>
            <file name="CoverageTable.tsx" path="C:\Users\atkcr\projects\projektor\ui\src\Coverage\CoverageTable.tsx">
                <metrics statements="16" coveredstatements="9" conditionals="0" coveredconditionals="0" methods="6" coveredmethods="0"/>
                <line num="1" count="1" type="stmt"/>
                <line num="3" count="1" type="stmt"/>
                <line num="4" count="1" type="stmt"/>
                <line num="5" count="1" type="stmt"/>
                <line num="11" count="1" type="stmt"/>
                <line num="16" count="1" type="stmt"/>
                <line num="20" count="1" type="stmt"/>
                <line num="26" count="1" type="stmt"/>
                <line num="27" count="0" type="stmt"/>
                <line num="29" count="0" type="stmt"/>
                <line num="45" count="0" type="stmt"/>
                <line num="54" count="0" type="stmt"/>
                <line num="68" count="0" type="stmt"/>
                <line num="82" count="0" type="stmt"/>
                <line num="94" count="0" type="stmt"/>
                <line num="110" count="1" type="stmt"/>
            </file>
            <file name="CoveragePage.tsx" path="C:\Users\atkcr\projects\projektor\ui\src\Coverage\CoveragePage.tsx">
                <metrics statements="16" coveredstatements="8" conditionals="0" coveredconditionals="0" methods="4" coveredmethods="0"/>
                <line num="1" count="1" type="stmt"/>
                <line num="3" count="1" type="stmt"/>
                <line num="5" count="1" type="stmt"/>
                <line num="6" count="1" type="stmt"/>
                <line num="7" count="1" type="stmt"/>
                <line num="8" count="1" type="stmt"/>
                <line num="14" count="1" type="stmt"/>
                <line num="15" count="0" type="stmt"/>
                <line num="18" count="0" type="stmt"/>
                <line num="20" count="0" type="stmt"/>
                <line num="21" count="0" type="stmt"/>
                <line num="23" count="0" type="stmt"/>
                <line num="24" count="0" type="stmt"/>
                <line num="26" count="0" type="stmt"/>
                <line num="29" count="0" type="stmt"/>
                <line num="43" count="1" type="stmt"/>
            </file>
            <file name="CoverageSummary.tsx" path="C:\Users\atkcr\projects\projektor\ui\src\Coverage\CoverageSummary.tsx">
                <metrics statements="17" coveredstatements="14" conditionals="2" coveredconditionals="1" methods="4" coveredmethods="3"/>
                <line num="1" count="1" type="stmt"/>
                <line num="2" count="1" type="stmt"/>
                <line num="3" count="1" type="stmt"/>
                <line num="5" count="1" type="stmt"/>
                <line num="6" count="1" type="stmt"/>
                <line num="12" count="2" type="stmt"/>
                <line num="13" count="2" type="stmt"/>
                <line num="14" count="2" type="stmt"/>
                <line num="16" count="2" type="stmt"/>
                <line num="17" count="1" type="stmt"/>
                <line num="19" count="0" type="stmt"/>
                <line num="20" count="0" type="stmt"/>
                <line num="22" count="1" type="stmt"/>
                <line num="25" count="2" type="cond" truecount="1" falsecount="1"/>
                <line num="26" count="0" type="stmt"/>
                <line num="33" count="2" type="stmt"/>
                <line num="37" count="1" type="stmt"/>
            </file>
            <file name="OverallCoverageGraphs.tsx" path="C:\Users\atkcr\projects\projektor\ui\src\Coverage\OverallCoverageGraphs.tsx">
                <metrics statements="9" coveredstatements="6" conditionals="0" coveredconditionals="0" methods="1" coveredmethods="0"/>
                <line num="1" count="1" type="stmt"/>
                <line num="3" count="1" type="stmt"/>
                <line num="4" count="1" type="stmt"/>
                <line num="10" count="1" type="stmt"/>
                <line num="18" count="1" type="stmt"/>
                <line num="19" count="0" type="stmt"/>
                <line num="21" count="0" type="stmt"/>
                <line num="23" count="0" type="stmt"/>
                <line num="58" count="1" type="stmt"/>
            </file>
        </package>
        <package name="src.Dashboard">
            <metrics statements="75" coveredstatements="69" conditionals="12" coveredconditionals="11" methods="6" coveredmethods="5"/>
            <file name="Dashboard.tsx" path="C:\Users\atkcr\projects\projektor\ui\src\Dashboard\Dashboard.tsx">
                <metrics statements="8" coveredstatements="8" conditionals="2" coveredconditionals="1" methods="1" coveredmethods="1"/>
                <line num="1" count="1" type="stmt"/>
                <line num="2" count="1" type="stmt"/>
                <line num="4" count="1" type="stmt"/>
                <line num="6" count="1" type="stmt"/>
                <line num="7" count="1" type="stmt"/>
                <line num="14" count="1" type="stmt"/>
                <line num="15" count="1" type="stmt"/>
                <line num="28" count="1" type="stmt"/>
            </file>
            <file name="DashboardSummary.tsx" path="C:\Users\atkcr\projects\projektor\ui\src\Dashboard\DashboardSummary.tsx">
                <metrics statements="22" coveredstatements="22" conditionals="6" coveredconditionals="6" methods="1" coveredmethods="1"/>
                <line num="1" count="1" type="stmt"/>
                <line num="3" count="1" type="stmt"/>
                <line num="4" count="1" type="stmt"/>
                <line num="5" count="1" type="stmt"/>
                <line num="6" count="1" type="stmt"/>
                <line num="7" count="1" type="stmt"/>
                <line num="8" count="1" type="stmt"/>
                <line num="9" count="1" type="stmt"/>
                <line num="16" count="1" type="stmt"/>
                <line num="17" count="1" type="stmt"/>
                <line num="18" count="1" type="stmt"/>
                <line num="21" count="1" type="stmt"/>
                <line num="22" count="1" type="stmt"/>
                <line num="23" count="1" type="stmt"/>
                <line num="24" count="1" type="stmt"/>
                <line num="25" count="1" type="stmt"/>
                <line num="26" count="1" type="stmt"/>
                <line num="27" count="1" type="stmt"/>
                <line num="28" count="1" type="stmt"/>
                <line num="32" count="1" type="cond" truecount="4" falsecount="0"/>
                <line num="37" count="1" type="stmt"/>
                <line num="75" count="1" type="stmt"/>
            </file>
            <file name="TestRunCleanupDate.tsx" path="C:\Users\atkcr\projects\projektor\ui\src\Dashboard\TestRunCleanupDate.tsx">
                <metrics statements="20" coveredstatements="20" conditionals="4" coveredconditionals="4" methods="1" coveredmethods="1"/>
                <line num="1" count="2" type="stmt"/>
                <line num="2" count="2" type="stmt"/>
                <line num="3" count="2" type="stmt"/>
                <line num="4" count="2" type="stmt"/>
                <line num="5" count="2" type="stmt"/>
                <line num="11" count="10" type="stmt"/>
                <line num="12" count="10" type="stmt"/>
                <line num="13" count="10" type="stmt"/>
                <line num="14" count="10" type="stmt"/>
                <line num="15" count="10" type="stmt"/>
                <line num="16" count="10" type="stmt"/>
                <line num="19" count="10" type="cond" truecount="2" falsecount="0"/>
                <line num="20" count="5" type="stmt"/>
                <line num="21" count="5" type="cond" truecount="2" falsecount="0"/>
                <line num="22" count="2" type="stmt"/>
                <line num="36" count="3" type="stmt"/>
                <line num="41" count="3" type="stmt"/>
                <line num="55" count="5" type="stmt"/>
                <line num="63" count="5" type="stmt"/>
                <line num="67" count="2" type="stmt"/>
            </file>
            <file name="TestRunDate.tsx" path="C:\Users\atkcr\projects\projektor\ui\src\Dashboard\TestRunDate.tsx">
                <metrics statements="6" coveredstatements="6" conditionals="0" coveredconditionals="0" methods="1" coveredmethods="1"/>
                <line num="1" count="1" type="stmt"/>
                <line num="2" count="1" type="stmt"/>
                <line num="3" count="1" type="stmt"/>
                <line num="9" count="1" type="stmt"/>
                <line num="10" count="1" type="stmt"/>
                <line num="19" count="1" type="stmt"/>
            </file>
            <file name="DashboardSummaryItem.tsx" path="C:\Users\atkcr\projects\projektor\ui\src\Dashboard\DashboardSummaryItem.tsx">
                <metrics statements="7" coveredstatements="7" conditionals="0" coveredconditionals="0" methods="1" coveredmethods="1"/>
                <line num="1" count="2" type="stmt"/>
                <line num="2" count="2" type="stmt"/>
                <line num="10" count="2" type="stmt"/>
                <line num="17" count="6" type="stmt"/>
                <line num="18" count="6" type="stmt"/>
                <line num="19" count="6" type="stmt"/>
                <line num="33" count="2" type="stmt"/>
            </file>
            <file name="TestRunDuration.tsx" path="C:\Users\atkcr\projects\projektor\ui\src\Dashboard\TestRunDuration.tsx">
                <metrics statements="12" coveredstatements="6" conditionals="0" coveredconditionals="0" methods="1" coveredmethods="0"/>
                <line num="1" count="1" type="stmt"/>
                <line num="2" count="1" type="stmt"/>
                <line num="3" count="1" type="stmt"/>
                <line num="12" count="1" type="stmt"/>
                <line num="19" count="1" type="stmt"/>
                <line num="20" count="0" type="stmt"/>
                <line num="21" count="0" type="stmt"/>
                <line num="22" count="0" type="stmt"/>
                <line num="23" count="0" type="stmt"/>
                <line num="25" count="0" type="stmt"/>
                <line num="26" count="0" type="stmt"/>
                <line num="74" count="1" type="stmt"/>
            </file>
        </package>
        <package name="src.Icons">
            <metrics statements="50" coveredstatements="50" conditionals="0" coveredconditionals="0" methods="10" coveredmethods="10"/>
            <file name="AttachmentIcon.tsx" path="C:\Users\atkcr\projects\projektor\ui\src\Icons\AttachmentIcon.tsx">
                <metrics statements="5" coveredstatements="5" conditionals="0" coveredconditionals="0" methods="1" coveredmethods="1"/>
                <line num="1" count="2" type="stmt"/>
                <line num="2" count="2" type="stmt"/>
                <line num="4" count="2" type="stmt"/>
                <line num="5" count="2" type="stmt"/>
                <line num="12" count="2" type="stmt"/>
            </file>
            <file name="CoverageIcon.tsx" path="C:\Users\atkcr\projects\projektor\ui\src\Icons\CoverageIcon.tsx">
                <metrics statements="5" coveredstatements="5" conditionals="0" coveredconditionals="0" methods="1" coveredmethods="1"/>
                <line num="1" count="2" type="stmt"/>
                <line num="2" count="2" type="stmt"/>
                <line num="4" count="3" type="stmt"/>
                <line num="5" count="3" type="stmt"/>
                <line num="12" count="2" type="stmt"/>
            </file>
            <file name="DashboardIcon.tsx" path="C:\Users\atkcr\projects\projektor\ui\src\Icons\DashboardIcon.tsx">
                <metrics statements="5" coveredstatements="5" conditionals="0" coveredconditionals="0" methods="1" coveredmethods="1"/>
                <line num="1" count="2" type="stmt"/>
                <line num="2" count="2" type="stmt"/>
                <line num="4" count="2" type="stmt"/>
                <line num="5" count="5" type="stmt"/>
                <line num="12" count="2" type="stmt"/>
            </file>
            <file name="FailedIcon.tsx" path="C:\Users\atkcr\projects\projektor\ui\src\Icons\FailedIcon.tsx">
                <metrics statements="5" coveredstatements="5" conditionals="0" coveredconditionals="0" methods="1" coveredmethods="1"/>
                <line num="1" count="7" type="stmt"/>
                <line num="2" count="7" type="stmt"/>
                <line num="4" count="7" type="stmt"/>
                <line num="5" count="7" type="stmt"/>
                <line num="12" count="7" type="stmt"/>
            </file>
            <file name="PassedIcon.tsx" path="C:\Users\atkcr\projects\projektor\ui\src\Icons\PassedIcon.tsx">
                <metrics statements="5" coveredstatements="5" conditionals="0" coveredconditionals="0" methods="1" coveredmethods="1"/>
                <line num="1" count="6" type="stmt"/>
                <line num="2" count="6" type="stmt"/>
                <line num="4" count="6" type="stmt"/>
                <line num="5" count="1" type="stmt"/>
                <line num="12" count="6" type="stmt"/>
            </file>
            <file name="PinIcon.tsx" path="C:\Users\atkcr\projects\projektor\ui\src\Icons\PinIcon.tsx">
                <metrics statements="5" coveredstatements="5" conditionals="0" coveredconditionals="0" methods="1" coveredmethods="1"/>
                <line num="1" count="3" type="stmt"/>
                <line num="2" count="3" type="stmt"/>
                <line num="4" count="3" type="stmt"/>
                <line num="5" count="3" type="stmt"/>
                <line num="12" count="3" type="stmt"/>
            </file>
            <file name="SkippedIcon.tsx" path="C:\Users\atkcr\projects\projektor\ui\src\Icons\SkippedIcon.tsx">
                <metrics statements="5" coveredstatements="5" conditionals="0" coveredconditionals="0" methods="1" coveredmethods="1"/>
                <line num="1" count="6" type="stmt"/>
                <line num="2" count="6" type="stmt"/>
                <line num="4" count="6" type="stmt"/>
                <line num="5" count="1" type="stmt"/>
                <line num="12" count="6" type="stmt"/>
            </file>
            <file name="SlowIcon.tsx" path="C:\Users\atkcr\projects\projektor\ui\src\Icons\SlowIcon.tsx">
                <metrics statements="5" coveredstatements="5" conditionals="0" coveredconditionals="0" methods="1" coveredmethods="1"/>
                <line num="1" count="2" type="stmt"/>
                <line num="2" count="2" type="stmt"/>
                <line num="4" count="5" type="stmt"/>
                <line num="5" count="5" type="stmt"/>
                <line num="12" count="2" type="stmt"/>
            </file>
            <file name="TotalIcon.tsx" path="C:\Users\atkcr\projects\projektor\ui\src\Icons\TotalIcon.tsx">
                <metrics statements="5" coveredstatements="5" conditionals="0" coveredconditionals="0" methods="1" coveredmethods="1"/>
                <line num="1" count="4" type="stmt"/>
                <line num="2" count="4" type="stmt"/>
                <line num="4" count="6" type="stmt"/>
                <line num="5" count="6" type="stmt"/>
                <line num="12" count="4" type="stmt"/>
            </file>
            <file name="UnpinIcon.tsx" path="C:\Users\atkcr\projects\projektor\ui\src\Icons\UnpinIcon.tsx">
                <metrics statements="5" coveredstatements="5" conditionals="0" coveredconditionals="0" methods="1" coveredmethods="1"/>
                <line num="1" count="3" type="stmt"/>
                <line num="2" count="3" type="stmt"/>
                <line num="4" count="3" type="stmt"/>
                <line num="5" count="2" type="stmt"/>
                <line num="12" count="3" type="stmt"/>
            </file>
        </package>
        <package name="src.Link">
            <metrics statements="4" coveredstatements="4" conditionals="0" coveredconditionals="0" methods="0" coveredmethods="0"/>
            <file name="CleanLink.tsx" path="C:\Users\atkcr\projects\projektor\ui\src\Link\CleanLink.tsx">
                <metrics statements="4" coveredstatements="4" conditionals="0" coveredconditionals="0" methods="0" coveredmethods="0"/>
                <line num="2" count="16" type="stmt"/>
                <line num="3" count="16" type="stmt"/>
                <line num="5" count="16" type="stmt"/>
                <line num="16" count="16" type="stmt"/>
            </file>
        </package>
        <package name="src.Loading">
            <metrics statements="25" coveredstatements="24" conditionals="8" coveredconditionals="8" methods="4" coveredmethods="3"/>
            <file name="LoadingSection.tsx" path="C:\Users\atkcr\projects\projektor\ui\src\Loading\LoadingSection.tsx">
                <metrics statements="20" coveredstatements="19" conditionals="6" coveredconditionals="6" methods="3" coveredmethods="2"/>
                <line num="1" count="11" type="stmt"/>
                <line num="2" count="11" type="stmt"/>
                <line num="3" count="11" type="stmt"/>
                <line num="4" count="11" type="stmt"/>
                <line num="5" count="11" type="stmt"/>
                <line num="6" count="11" type="stmt"/>
                <line num="8" count="18" type="stmt"/>
                <line num="28" count="11" type="stmt"/>
                <line num="29" count="0" type="stmt"/>
                <line num="32" count="11" type="stmt"/>
                <line num="33" count="43" type="stmt"/>
                <line num="34" count="43" type="stmt"/>
                <line num="35" count="43" type="stmt"/>
                <line num="37" count="43" type="stmt"/>
                <line num="39" count="43" type="cond" truecount="2" falsecount="0"/>
                <line num="40" count="10" type="stmt"/>
                <line num="41" count="33" type="cond" truecount="2" falsecount="0"/>
                <line num="42" count="8" type="stmt"/>
                <line num="58" count="25" type="stmt"/>
                <line num="66" count="11" type="stmt"/>
            </file>
            <file name="LoadingState.tsx" path="C:\Users\atkcr\projects\projektor\ui\src\Loading\LoadingState.tsx">
                <metrics statements="5" coveredstatements="5" conditionals="2" coveredconditionals="2" methods="1" coveredmethods="1"/>
                <line num="1" count="12" type="cond" truecount="2" falsecount="0"/>
                <line num="2" count="12" type="stmt"/>
                <line num="3" count="12" type="stmt"/>
                <line num="4" count="12" type="stmt"/>
                <line num="7" count="12" type="stmt"/>
            </file>
        </package>
        <package name="src.Pin">
            <metrics statements="30" coveredstatements="30" conditionals="16" coveredconditionals="16" methods="11" coveredmethods="10"/>
            <file name="PinSideMenuItem.tsx" path="C:\Users\atkcr\projects\projektor\ui\src\Pin\PinSideMenuItem.tsx">
                <metrics statements="11" coveredstatements="11" conditionals="8" coveredconditionals="8" methods="1" coveredmethods="1"/>
                <line num="1" count="3" type="stmt"/>
                <line num="2" count="3" type="stmt"/>
                <line num="3" count="3" type="stmt"/>
                <line num="4" count="3" type="stmt"/>
                <line num="5" count="3" type="stmt"/>
                <line num="7" count="3" type="stmt"/>
                <line num="8" count="14" type="stmt"/>
                <line num="10" count="14" type="cond" truecount="2" falsecount="0"/>
                <line num="11" count="5" type="stmt"/>
                <line num="20" count="9" type="stmt"/>
                <line num="24" count="3" type="stmt"/>
            </file>
            <file name="PinState.tsx" path="C:\Users\atkcr\projects\projektor\ui\src\Pin\PinState.tsx">
                <metrics statements="19" coveredstatements="19" conditionals="8" coveredconditionals="8" methods="10" coveredmethods="9"/>
                <line num="1" count="4" type="stmt"/>
                <line num="3" count="4" type="stmt"/>
                <line num="4" count="4" type="stmt"/>
                <line num="17" count="4" type="stmt"/>
                <line num="19" count="24" type="stmt"/>
                <line num="20" count="24" type="stmt"/>
                <line num="23" count="24" type="stmt"/>
                <line num="25" count="24" type="stmt"/>
                <line num="26" count="11" type="stmt"/>
                <line num="28" count="6" type="stmt"/>
                <line num="29" count="6" type="stmt"/>
                <line num="32" count="6" type="cond" truecount="2" falsecount="0"/>
                <line num="33" count="4" type="stmt"/>
                <line num="35" count="4" type="stmt"/>
                <line num="43" count="24" type="stmt"/>
                <line num="44" count="4" type="cond" truecount="2" falsecount="0"/>
                <line num="45" count="2" type="stmt"/>
                <line num="47" count="2" type="stmt"/>
                <line num="51" count="24" type="stmt"/>
            </file>
        </package>
        <package name="src.SideMenu">
            <metrics statements="54" coveredstatements="54" conditionals="6" coveredconditionals="5" methods="8" coveredmethods="8"/>
            <file name="SideMenu.tsx" path="C:\Users\atkcr\projects\projektor\ui\src\SideMenu\SideMenu.tsx">
                <metrics statements="21" coveredstatements="21" conditionals="6" coveredconditionals="5" methods="2" coveredmethods="2"/>
                <line num="1" count="2" type="stmt"/>
                <line num="2" count="2" type="stmt"/>
                <line num="3" count="2" type="stmt"/>
                <line num="5" count="2" type="stmt"/>
                <line num="6" count="2" type="stmt"/>
                <line num="7" count="2" type="stmt"/>
                <line num="8" count="2" type="stmt"/>
                <line num="9" count="2" type="stmt"/>
                <line num="10" count="2" type="stmt"/>
                <line num="11" count="2" type="stmt"/>
                <line num="12" count="2" type="stmt"/>
                <line num="21" count="2" type="stmt"/>
                <line num="23" count="5" type="stmt"/>
                <line num="39" count="2" type="stmt"/>
                <line num="40" count="5" type="stmt"/>
                <line num="41" count="5" type="stmt"/>
                <line num="42" count="5" type="stmt"/>
                <line num="43" count="5" type="stmt"/>
                <line num="45" count="5" type="stmt"/>
                <line num="47" count="5" type="stmt"/>
                <line num="108" count="2" type="stmt"/>
            </file>
            <file name="SideMenuClickItem.tsx" path="C:\Users\atkcr\projects\projektor\ui\src\SideMenu\SideMenuClickItem.tsx">
                <metrics statements="12" coveredstatements="12" conditionals="0" coveredconditionals="0" methods="2" coveredmethods="2"/>
                <line num="1" count="3" type="stmt"/>
                <line num="2" count="3" type="stmt"/>
                <line num="3" count="3" type="stmt"/>
                <line num="12" count="3" type="stmt"/>
                <line num="18" count="3" type="stmt"/>
                <line num="19" count="5" type="stmt"/>
                <line num="20" count="5" type="stmt"/>
                <line num="21" count="5" type="stmt"/>
                <line num="22" count="5" type="stmt"/>
                <line num="24" count="5" type="stmt"/>
                <line num="26" count="5" type="stmt"/>
                <line num="33" count="3" type="stmt"/>
            </file>
            <file name="SideMenuItem.tsx" path="C:\Users\atkcr\projects\projektor\ui\src\SideMenu\SideMenuItem.tsx">
                <metrics statements="8" coveredstatements="8" conditionals="0" coveredconditionals="0" methods="2" coveredmethods="2"/>
                <line num="1" count="3" type="stmt"/>
                <line num="2" count="3" type="stmt"/>
                <line num="3" count="3" type="stmt"/>
                <line num="11" count="7" type="stmt"/>
                <line num="18" count="30" type="stmt"/>
                <line num="19" count="30" type="stmt"/>
                <line num="21" count="30" type="stmt"/>
                <line num="29" count="3" type="stmt"/>
            </file>
            <file name="SideMenuLink.tsx" path="C:\Users\atkcr\projects\projektor\ui\src\SideMenu\SideMenuLink.tsx">
                <metrics statements="13" coveredstatements="13" conditionals="0" coveredconditionals="0" methods="2" coveredmethods="2"/>
                <line num="1" count="2" type="stmt"/>
                <line num="2" count="2" type="stmt"/>
                <line num="3" count="2" type="stmt"/>
                <line num="4" count="2" type="stmt"/>
                <line num="13" count="5" type="stmt"/>
                <line num="20" count="2" type="stmt"/>
                <line num="21" count="25" type="stmt"/>
                <line num="22" count="25" type="stmt"/>
                <line num="23" count="25" type="stmt"/>
                <line num="24" count="25" type="stmt"/>
                <line num="26" count="25" type="stmt"/>
                <line num="28" count="25" type="stmt"/>
                <line num="35" count="2" type="stmt"/>
            </file>
        </package>
        <package name="src.Tabs">
            <metrics statements="5" coveredstatements="5" conditionals="2" coveredconditionals="2" methods="1" coveredmethods="1"/>
            <file name="TabValue.ts" path="C:\Users\atkcr\projects\projektor\ui\src\Tabs\TabValue.ts">
                <metrics statements="5" coveredstatements="5" conditionals="2" coveredconditionals="2" methods="1" coveredmethods="1"/>
                <line num="3" count="5" type="stmt"/>
                <line num="4" count="9" type="stmt"/>
                <line num="5" count="9" type="cond" truecount="2" falsecount="0"/>
                <line num="7" count="9" type="stmt"/>
                <line num="10" count="5" type="stmt"/>
            </file>
        </package>
        <package name="src.TestCase">
            <metrics statements="126" coveredstatements="111" conditionals="40" coveredconditionals="31" methods="20" coveredmethods="16"/>
            <file name="FailedTestCases.tsx" path="C:\Users\atkcr\projects\projektor\ui\src\TestCase\FailedTestCases.tsx">
                <metrics statements="15" coveredstatements="15" conditionals="0" coveredconditionals="0" methods="3" coveredmethods="3"/>
                <line num="1" count="1" type="stmt"/>
                <line num="2" count="1" type="stmt"/>
                <line num="3" count="1" type="stmt"/>
                <line num="4" count="1" type="stmt"/>
                <line num="5" count="1" type="stmt"/>
                <line num="7" count="1" type="stmt"/>
                <line num="13" count="3" type="stmt"/>
                <line num="14" count="3" type="stmt"/>
                <line num="15" count="3" type="stmt"/>
                <line num="17" count="3" type="stmt"/>
                <line num="18" count="1" type="stmt"/>
                <line num="19" count="1" type="stmt"/>
                <line num="20" count="1" type="stmt"/>
                <line num="24" count="3" type="stmt"/>
                <line num="40" count="1" type="stmt"/>
            </file>
            <file name="TestCaseDetails.tsx" path="C:\Users\atkcr\projects\projektor\ui\src\TestCase\TestCaseDetails.tsx">
                <metrics statements="28" coveredstatements="27" conditionals="20" coveredconditionals="19" methods="4" coveredmethods="4"/>
                <line num="1" count="3" type="stmt"/>
                <line num="2" count="3" type="stmt"/>
                <line num="9" count="3" type="stmt"/>
                <line num="11" count="3" type="stmt"/>
                <line num="12" count="3" type="stmt"/>
                <line num="13" count="3" type="stmt"/>
                <line num="14" count="3" type="stmt"/>
                <line num="15" count="3" type="stmt"/>
                <line num="16" count="3" type="stmt"/>
                <line num="17" count="3" type="stmt"/>
                <line num="18" count="3" type="stmt"/>
                <line num="19" count="3" type="stmt"/>
                <line num="21" count="5" type="stmt"/>
                <line num="35" count="3" type="stmt"/>
                <line num="39" count="5" type="stmt"/>
                <line num="41" count="5" type="cond" truecount="3" falsecount="1"/>
                <line num="42" count="0" type="stmt"/>
                <line num="53" count="5" type="cond" truecount="4" falsecount="0"/>
                <line num="54" count="1" type="stmt"/>
                <line num="64" count="5" type="stmt"/>
                <line num="67" count="5" type="stmt"/>
                <line num="68" count="5" type="stmt"/>
                <line num="70" count="5" type="stmt"/>
                <line num="73" count="5" type="cond" truecount="4" falsecount="0"/>
                <line num="75" count="5" type="stmt"/>
                <line num="80" count="5" type="stmt"/>
                <line num="88" count="6" type="stmt"/>
                <line num="159" count="3" type="stmt"/>
            </file>
            <file name="TestCaseFailureDetails.tsx" path="C:\Users\atkcr\projects\projektor\ui\src\TestCase\TestCaseFailureDetails.tsx">
                <metrics statements="7" coveredstatements="5" conditionals="0" coveredconditionals="0" methods="2" coveredmethods="0"/>
                <line num="1" count="3" type="stmt"/>
                <line num="4" count="3" type="stmt"/>
                <line num="10" count="3" type="stmt"/>
                <line num="20" count="3" type="stmt"/>
                <line num="21" count="0" type="stmt"/>
                <line num="23" count="0" type="stmt"/>
                <line num="32" count="3" type="stmt"/>
            </file>
            <file name="TestCaseFailurePanel.tsx" path="C:\Users\atkcr\projects\projektor\ui\src\TestCase\TestCaseFailurePanel.tsx">
                <metrics statements="20" coveredstatements="20" conditionals="10" coveredconditionals="10" methods="2" coveredmethods="2"/>
                <line num="1" count="3" type="stmt"/>
                <line num="2" count="3" type="stmt"/>
                <line num="3" count="3" type="stmt"/>
                <line num="4" count="3" type="stmt"/>
                <line num="5" count="3" type="stmt"/>
                <line num="6" count="3" type="stmt"/>
                <line num="7" count="3" type="stmt"/>
                <line num="8" count="3" type="stmt"/>
                <line num="9" count="3" type="stmt"/>
                <line num="11" count="3" type="stmt"/>
                <line num="12" count="3" type="stmt"/>
                <line num="14" count="9" type="stmt"/>
                <line num="31" count="3" type="stmt"/>
                <line num="32" count="17" type="stmt"/>
                <line num="33" count="17" type="stmt"/>
                <line num="34" count="17" type="stmt"/>
                <line num="36" count="17" type="stmt"/>
                <line num="37" count="17" type="stmt"/>
                <line num="39" count="17" type="stmt"/>
                <line num="97" count="3" type="stmt"/>
            </file>
            <file name="TestCaseFailurePanelList.tsx" path="C:\Users\atkcr\projects\projektor\ui\src\TestCase\TestCaseFailurePanelList.tsx">
                <metrics statements="9" coveredstatements="9" conditionals="0" coveredconditionals="0" methods="2" coveredmethods="2"/>
                <line num="1" count="2" type="stmt"/>
                <line num="3" count="2" type="stmt"/>
                <line num="5" count="2" type="stmt"/>
                <line num="12" count="2" type="stmt"/>
                <line num="13" count="3" type="stmt"/>
                <line num="14" count="3" type="stmt"/>
                <line num="16" count="3" type="stmt"/>
                <line num="18" count="10" type="stmt"/>
                <line num="32" count="2" type="stmt"/>
            </file>
            <file name="TestCasePage.tsx" path="C:\Users\atkcr\projects\projektor\ui\src\TestCase\TestCasePage.tsx">
                <metrics statements="18" coveredstatements="18" conditionals="0" coveredconditionals="0" methods="4" coveredmethods="4"/>
                <line num="1" count="2" type="stmt"/>
                <line num="4" count="2" type="stmt"/>
                <line num="5" count="2" type="stmt"/>
                <line num="6" count="2" type="stmt"/>
                <line num="7" count="2" type="stmt"/>
                <line num="15" count="2" type="stmt"/>
                <line num="16" count="5" type="stmt"/>
                <line num="17" count="5" type="stmt"/>
                <line num="18" count="5" type="stmt"/>
                <line num="20" count="5" type="stmt"/>
                <line num="23" count="5" type="stmt"/>
                <line num="25" count="5" type="stmt"/>
                <line num="26" count="2" type="stmt"/>
                <line num="28" count="1" type="stmt"/>
                <line num="29" count="1" type="stmt"/>
                <line num="31" count="1" type="stmt"/>
                <line num="34" count="5" type="stmt"/>
                <line num="44" count="2" type="stmt"/>
            </file>
            <file name="TestCaseResultIcon.tsx" path="C:\Users\atkcr\projects\projektor\ui\src\TestCase\TestCaseResultIcon.tsx">
                <metrics statements="11" coveredstatements="9" conditionals="4" coveredconditionals="2" methods="1" coveredmethods="1"/>
                <line num="1" count="4" type="stmt"/>
                <line num="3" count="4" type="stmt"/>
                <line num="4" count="4" type="stmt"/>
                <line num="5" count="4" type="stmt"/>
                <line num="11" count="4" type="stmt"/>
                <line num="12" count="1" type="cond" truecount="1" falsecount="1"/>
                <line num="13" count="0" type="stmt"/>
                <line num="14" count="1" type="cond" truecount="1" falsecount="1"/>
                <line num="15" count="0" type="stmt"/>
                <line num="17" count="1" type="stmt"/>
                <line num="21" count="4" type="stmt"/>
            </file>
            <file name="TestCaseSummary.tsx" path="C:\Users\atkcr\projects\projektor\ui\src\TestCase\TestCaseSummary.tsx">
                <metrics statements="18" coveredstatements="8" conditionals="6" coveredconditionals="0" methods="2" coveredmethods="0"/>
                <line num="1" count="3" type="stmt"/>
                <line num="4" count="3" type="stmt"/>
                <line num="5" count="3" type="stmt"/>
                <line num="6" count="3" type="stmt"/>
                <line num="7" count="3" type="stmt"/>
                <line num="13" count="3" type="stmt"/>
                <line num="25" count="3" type="stmt"/>
                <line num="26" count="0" type="stmt"/>
                <line num="31" count="0" type="cond" truecount="0" falsecount="2"/>
                <line num="32" count="0" type="stmt"/>
                <line num="33" count="0" type="stmt"/>
                <line num="34" count="0" type="cond" truecount="0" falsecount="2"/>
                <line num="35" count="0" type="stmt"/>
                <line num="36" count="0" type="stmt"/>
                <line num="38" count="0" type="stmt"/>
                <line num="39" count="0" type="stmt"/>
                <line num="42" count="0" type="stmt"/>
                <line num="78" count="3" type="stmt"/>
            </file>
        </package>
        <package name="src.TestCase.list">
            <metrics statements="46" coveredstatements="44" conditionals="6" coveredconditionals="3" methods="7" coveredmethods="7"/>
            <file name="TestCaseList.tsx" path="C:\Users\atkcr\projects\projektor\ui\src\TestCase\list\TestCaseList.tsx">
                <metrics statements="12" coveredstatements="12" conditionals="0" coveredconditionals="0" methods="2" coveredmethods="2"/>
                <line num="1" count="4" type="stmt"/>
                <line num="3" count="4" type="stmt"/>
                <line num="4" count="4" type="stmt"/>
                <line num="5" count="4" type="stmt"/>
                <line num="14" count="4" type="stmt"/>
                <line num="15" count="1" type="stmt"/>
                <line num="16" count="1" type="stmt"/>
                <line num="17" count="1" type="stmt"/>
                <line num="18" count="1" type="stmt"/>
                <line num="20" count="1" type="stmt"/>
                <line num="26" count="1" type="stmt"/>
                <line num="40" count="4" type="stmt"/>
            </file>
            <file name="TestCaseListHeaderRow.tsx" path="C:\Users\atkcr\projects\projektor\ui\src\TestCase\list\TestCaseListHeaderRow.tsx">
                <metrics statements="15" coveredstatements="14" conditionals="2" coveredconditionals="1" methods="3" coveredmethods="3"/>
                <line num="1" count="4" type="stmt"/>
                <line num="2" count="4" type="stmt"/>
                <line num="4" count="4" type="stmt"/>
                <line num="16" count="4" type="stmt"/>
                <line num="17" count="1" type="stmt"/>
                <line num="19" count="1" type="stmt"/>
                <line num="21" count="1" type="stmt"/>
                <line num="23" count="1" type="stmt"/>
                <line num="33" count="1" type="stmt"/>
                <line num="42" count="1" type="stmt"/>
                <line num="51" count="1" type="cond" truecount="1" falsecount="1"/>
                <line num="52" count="1" type="stmt"/>
                <line num="54" count="0" type="stmt"/>
                <line num="57" count="3" type="stmt"/>
                <line num="60" count="4" type="stmt"/>
            </file>
            <file name="TestCaseListRow.tsx" path="C:\Users\atkcr\projects\projektor\ui\src\TestCase\list\TestCaseListRow.tsx">
                <metrics statements="19" coveredstatements="18" conditionals="4" coveredconditionals="2" methods="2" coveredmethods="2"/>
                <line num="1" count="4" type="stmt"/>
                <line num="2" count="4" type="stmt"/>
                <line num="4" count="4" type="stmt"/>
                <line num="5" count="4" type="stmt"/>
                <line num="6" count="4" type="stmt"/>
                <line num="15" count="4" type="stmt"/>
                <line num="16" count="1" type="stmt"/>
                <line num="17" count="1" type="stmt"/>
                <line num="18" count="1" type="stmt"/>
                <line num="19" count="1" type="stmt"/>
                <line num="21" count="1" type="stmt"/>
                <line num="23" count="1" type="stmt"/>
                <line num="33" count="1" type="stmt"/>
                <line num="48" count="1" type="stmt"/>
                <line num="58" count="1" type="cond" truecount="1" falsecount="1"/>
                <line num="59" count="1" type="stmt"/>
                <line num="61" count="0" type="stmt"/>
                <line num="64" count="3" type="stmt"/>
                <line num="67" count="4" type="stmt"/>
            </file>
        </package>
        <package name="src.TestCase.slow">
            <metrics statements="22" coveredstatements="12" conditionals="0" coveredconditionals="0" methods="4" coveredmethods="0"/>
            <file name="SlowTestCasesDetails.tsx" path="C:\Users\atkcr\projects\projektor\ui\src\TestCase\slow\SlowTestCasesDetails.tsx">
                <metrics statements="8" coveredstatements="5" conditionals="0" coveredconditionals="0" methods="1" coveredmethods="0"/>
                <line num="1" count="1" type="stmt"/>
                <line num="3" count="1" type="stmt"/>
                <line num="4" count="1" type="stmt"/>
                <line num="11" count="1" type="stmt"/>
                <line num="12" count="0" type="stmt"/>
                <line num="13" count="0" type="stmt"/>
                <line num="15" count="0" type="stmt"/>
                <line num="28" count="1" type="stmt"/>
            </file>
            <file name="SlowTestCasesPage.tsx" path="C:\Users\atkcr\projects\projektor\ui\src\TestCase\slow\SlowTestCasesPage.tsx">
                <metrics statements="14" coveredstatements="7" conditionals="0" coveredconditionals="0" methods="3" coveredmethods="0"/>
                <line num="1" count="1" type="stmt"/>
                <line num="4" count="1" type="stmt"/>
                <line num="5" count="1" type="stmt"/>
                <line num="6" count="1" type="stmt"/>
                <line num="7" count="1" type="stmt"/>
                <line num="13" count="1" type="stmt"/>
                <line num="14" count="0" type="stmt"/>
                <line num="17" count="0" type="stmt"/>
                <line num="19" count="0" type="stmt"/>
                <line num="20" count="0" type="stmt"/>
                <line num="21" count="0" type="stmt"/>
                <line num="22" count="0" type="stmt"/>
                <line num="26" count="0" type="stmt"/>
                <line num="36" count="1" type="stmt"/>
            </file>
        </package>
        <package name="src.TestCount">
            <metrics statements="18" coveredstatements="18" conditionals="2" coveredconditionals="1" methods="2" coveredmethods="2"/>
            <file name="TestCountList.tsx" path="C:\Users\atkcr\projects\projektor\ui\src\TestCount\TestCountList.tsx">
                <metrics statements="18" coveredstatements="18" conditionals="2" coveredconditionals="1" methods="2" coveredmethods="2"/>
                <line num="1" count="3" type="stmt"/>
                <line num="2" count="3" type="stmt"/>
                <line num="9" count="3" type="stmt"/>
                <line num="10" count="3" type="stmt"/>
                <line num="11" count="3" type="stmt"/>
                <line num="12" count="3" type="stmt"/>
                <line num="26" count="3" type="stmt"/>
                <line num="28" count="1" type="stmt"/>
                <line num="29" count="1" type="stmt"/>
                <line num="38" count="3" type="stmt"/>
                <line num="39" count="1" type="stmt"/>
                <line num="40" count="1" type="stmt"/>
                <line num="41" count="1" type="stmt"/>
                <line num="42" count="1" type="stmt"/>
                <line num="43" count="1" type="stmt"/>
                <line num="45" count="1" type="stmt"/>
                <line num="47" count="1" type="stmt"/>
                <line num="89" count="3" type="stmt"/>
            </file>
        </package>
        <package name="src.TestOutput">
            <metrics statements="37" coveredstatements="37" conditionals="2" coveredconditionals="2" methods="6" coveredmethods="6"/>
            <file name="TestSuiteSystemErr.tsx" path="C:\Users\atkcr\projects\projektor\ui\src\TestOutput\TestSuiteSystemErr.tsx">
                <metrics statements="8" coveredstatements="8" conditionals="0" coveredconditionals="0" methods="1" coveredmethods="1"/>
                <line num="1" count="6" type="stmt"/>
                <line num="2" count="6" type="stmt"/>
                <line num="3" count="6" type="stmt"/>
                <line num="11" count="6" type="stmt"/>
                <line num="12" count="1" type="stmt"/>
                <line num="13" count="1" type="stmt"/>
                <line num="15" count="1" type="stmt"/>
                <line num="24" count="6" type="stmt"/>
            </file>
            <file name="TestSuiteSystemOut.tsx" path="C:\Users\atkcr\projects\projektor\ui\src\TestOutput\TestSuiteSystemOut.tsx">
                <metrics statements="8" coveredstatements="8" conditionals="0" coveredconditionals="0" methods="1" coveredmethods="1"/>
                <line num="1" count="6" type="stmt"/>
                <line num="2" count="6" type="stmt"/>
                <line num="3" count="6" type="stmt"/>
                <line num="11" count="6" type="stmt"/>
                <line num="12" count="1" type="stmt"/>
                <line num="13" count="1" type="stmt"/>
                <line num="15" count="1" type="stmt"/>
                <line num="24" count="6" type="stmt"/>
            </file>
            <file name="TestSystemOutput.tsx" path="C:\Users\atkcr\projects\projektor\ui\src\TestOutput\TestSystemOutput.tsx">
                <metrics statements="21" coveredstatements="21" conditionals="2" coveredconditionals="2" methods="4" coveredmethods="4"/>
                <line num="1" count="8" type="stmt"/>
                <line num="3" count="8" type="stmt"/>
                <line num="5" count="8" type="stmt"/>
                <line num="6" count="8" type="stmt"/>
                <line num="7" count="8" type="stmt"/>
                <line num="8" count="8" type="stmt"/>
                <line num="16" count="8" type="stmt"/>
                <line num="26" count="8" type="stmt"/>
                <line num="27" count="11" type="stmt"/>
                <line num="28" count="11" type="stmt"/>
                <line num="29" count="11" type="stmt"/>
                <line num="31" count="11" type="stmt"/>
                <line num="33" count="11" type="stmt"/>
                <line num="36" count="11" type="stmt"/>
                <line num="38" count="11" type="stmt"/>
                <line num="39" count="4" type="stmt"/>
                <line num="41" count="3" type="stmt"/>
                <line num="42" count="3" type="stmt"/>
                <line num="44" count="1" type="stmt"/>
                <line num="47" count="11" type="stmt"/>
                <line num="59" count="8" type="stmt"/>
            </file>
        </package>
        <package name="src.TestResults">
            <metrics statements="43" coveredstatements="41" conditionals="21" coveredconditionals="20" methods="6" coveredmethods="5"/>
            <file name="TestResultsProcessingCheck.tsx" path="C:\Users\atkcr\projects\projektor\ui\src\TestResults\TestResultsProcessingCheck.tsx">
                <metrics statements="43" coveredstatements="41" conditionals="21" coveredconditionals="20" methods="6" coveredmethods="5"/>
                <line num="1" count="2" type="stmt"/>
                <line num="2" count="2" type="stmt"/>
                <line num="6" count="2" type="stmt"/>
                <line num="7" count="2" type="stmt"/>
                <line num="8" count="2" type="stmt"/>
                <line num="9" count="2" type="stmt"/>
                <line num="10" count="2" type="stmt"/>
                <line num="20" count="6" type="stmt"/>
                <line num="36" count="2" type="stmt"/>
                <line num="39" count="36" type="stmt"/>
                <line num="46" count="2" type="stmt"/>
                <line num="47" count="26" type="stmt"/>
                <line num="48" count="26" type="stmt"/>
                <line num="49" count="26" type="stmt"/>
                <line num="50" count="26" type="stmt"/>
                <line num="52" count="26" type="stmt"/>
                <line num="53" count="26" type="stmt"/>
                <line num="55" count="26" type="stmt"/>
                <line num="58" count="26" type="stmt"/>
                <line num="62" count="26" type="stmt"/>
                <line num="63" count="10" type="stmt"/>
                <line num="65" count="10" type="stmt"/>
                <line num="66" count="10" type="stmt"/>
                <line num="68" count="10" type="cond" truecount="2" falsecount="0"/>
                <line num="72" count="6" type="stmt"/>
                <line num="73" count="6" type="stmt"/>
                <line num="76" count="0" type="stmt"/>
                <line num="79" count="26" type="stmt"/>
                <line num="84" count="26" type="stmt"/>
                <line num="87" count="26" type="cond" truecount="2" falsecount="0"/>
                <line num="90" count="26" type="cond" truecount="2" falsecount="0"/>
                <line num="93" count="26" type="cond" truecount="2" falsecount="0"/>
                <line num="96" count="26" type="cond" truecount="2" falsecount="0"/>
                <line num="97" count="2" type="stmt"/>
                <line num="98" count="2" type="stmt"/>
                <line num="99" count="24" type="cond" truecount="2" falsecount="0"/>
                <line num="100" count="20" type="stmt"/>
                <line num="112" count="4" type="cond" truecount="2" falsecount="0"/>
                <line num="113" count="2" type="stmt"/>
                <line num="125" count="2" type="cond" truecount="1" falsecount="1"/>
                <line num="126" count="2" type="stmt"/>
                <line num="136" count="0" type="stmt"/>
                <line num="140" count="2" type="stmt"/>
            </file>
        </package>
        <package name="src.TestRun">
            <metrics statements="70" coveredstatements="67" conditionals="4" coveredconditionals="3" methods="16" coveredmethods="14"/>
            <file name="TestRunAllTests.tsx" path="C:\Users\atkcr\projects\projektor\ui\src\TestRun\TestRunAllTests.tsx">
                <metrics statements="16" coveredstatements="16" conditionals="2" coveredconditionals="2" methods="4" coveredmethods="4"/>
                <line num="1" count="2" type="stmt"/>
                <line num="3" count="2" type="stmt"/>
                <line num="4" count="2" type="stmt"/>
                <line num="5" count="2" type="stmt"/>
                <line num="6" count="2" type="stmt"/>
                <line num="8" count="2" type="stmt"/>
                <line num="14" count="5" type="stmt"/>
                <line num="15" count="5" type="stmt"/>
                <line num="16" count="5" type="stmt"/>
                <line num="20" count="5" type="stmt"/>
                <line num="21" count="2" type="stmt"/>
                <line num="23" count="1" type="stmt"/>
                <line num="24" count="1" type="stmt"/>
                <line num="26" count="1" type="stmt"/>
                <line num="29" count="5" type="stmt"/>
                <line num="45" count="2" type="stmt"/>
            </file>
            <file name="TestRunDataWrapper.tsx" path="C:\Users\atkcr\projects\projektor\ui\src\TestRun\TestRunDataWrapper.tsx">
                <metrics statements="27" coveredstatements="25" conditionals="0" coveredconditionals="0" methods="10" coveredmethods="8"/>
                <line num="1" count="1" type="stmt"/>
                <line num="2" count="1" type="stmt"/>
                <line num="4" count="1" type="stmt"/>
                <line num="9" count="1" type="stmt"/>
                <line num="10" count="1" type="stmt"/>
                <line num="12" count="1" type="stmt"/>
                <line num="18" count="6" type="stmt"/>
                <line num="19" count="6" type="stmt"/>
                <line num="22" count="6" type="stmt"/>
                <line num="25" count="6" type="stmt"/>
                <line num="26" count="6" type="stmt"/>
                <line num="28" count="6" type="stmt"/>
                <line num="29" count="2" type="stmt"/>
                <line num="31" count="1" type="stmt"/>
                <line num="32" count="1" type="stmt"/>
                <line num="34" count="1" type="stmt"/>
                <line num="37" count="6" type="stmt"/>
                <line num="38" count="6" type="stmt"/>
                <line num="39" count="2" type="stmt"/>
                <line num="41" count="0" type="stmt"/>
                <line num="43" count="2" type="stmt"/>
                <line num="46" count="6" type="stmt"/>
                <line num="47" count="2" type="stmt"/>
                <line num="49" count="0" type="stmt"/>
                <line num="51" count="2" type="stmt"/>
                <line num="54" count="6" type="stmt"/>
                <line num="77" count="1" type="stmt"/>
            </file>
            <file name="TestRunMenuWrapper.tsx" path="C:\Users\atkcr\projects\projektor\ui\src\TestRun\TestRunMenuWrapper.tsx">
                <metrics statements="27" coveredstatements="26" conditionals="2" coveredconditionals="1" methods="2" coveredmethods="2"/>
                <line num="1" count="1" type="stmt"/>
                <line num="2" count="1" type="stmt"/>
                <line num="3" count="1" type="stmt"/>
                <line num="4" count="1" type="stmt"/>
                <line num="5" count="1" type="stmt"/>
                <line num="6" count="1" type="stmt"/>
                <line num="7" count="1" type="stmt"/>
                <line num="8" count="1" type="stmt"/>
                <line num="9" count="1" type="stmt"/>
                <line num="10" count="1" type="stmt"/>
                <line num="12" count="1" type="stmt"/>
                <line num="13" count="1" type="stmt"/>
                <line num="14" count="1" type="stmt"/>
                <line num="15" count="1" type="stmt"/>
                <line num="16" count="1" type="stmt"/>
                <line num="17" count="1" type="stmt"/>
                <line num="19" count="1" type="stmt"/>
                <line num="41" count="1" type="stmt"/>
                <line num="42" count="1" type="stmt"/>
                <line num="43" count="1" type="stmt"/>
                <line num="44" count="1" type="stmt"/>
                <line num="45" count="1" type="stmt"/>
                <line num="47" count="1" type="cond" truecount="1" falsecount="1"/>
                <line num="48" count="0" type="stmt"/>
                <line num="51" count="1" type="stmt"/>
                <line num="53" count="1" type="stmt"/>
                <line num="102" count="1" type="stmt"/>
            </file>
        </package>
        <package name="src.TestRunMessages">
            <metrics statements="12" coveredstatements="9" conditionals="2" coveredconditionals="0" methods="5" coveredmethods="3"/>
            <file name="TestRunMessages.tsx" path="C:\Users\atkcr\projects\projektor\ui\src\TestRunMessages\TestRunMessages.tsx">
                <metrics statements="12" coveredstatements="9" conditionals="2" coveredconditionals="0" methods="5" coveredmethods="3"/>
                <line num="1" count="1" type="stmt"/>
                <line num="2" count="1" type="stmt"/>
                <line num="3" count="1" type="stmt"/>
                <line num="9" count="1" type="stmt"/>
                <line num="10" count="1" type="stmt"/>
                <line num="12" count="1" type="stmt"/>
                <line num="13" count="1" type="stmt"/>
                <line num="15" count="0" type="cond" truecount="0" falsecount="2"/>
                <line num="16" count="0" type="stmt"/>
                <line num="22" count="1" type="stmt"/>
                <line num="24" count="0" type="stmt"/>
                <line num="37" count="1" type="stmt"/>
            </file>
        </package>
        <package name="src.TestSuite">
            <metrics statements="101" coveredstatements="95" conditionals="22" coveredconditionals="21" methods="21" coveredmethods="20"/>
            <file name="TestSuiteDetails.tsx" path="C:\Users\atkcr\projects\projektor\ui\src\TestSuite\TestSuiteDetails.tsx">
                <metrics statements="24" coveredstatements="23" conditionals="8" coveredconditionals="7" methods="4" coveredmethods="4"/>
                <line num="1" count="3" type="stmt"/>
                <line num="2" count="3" type="stmt"/>
                <line num="4" count="3" type="stmt"/>
                <line num="11" count="3" type="stmt"/>
                <line num="12" count="3" type="stmt"/>
                <line num="13" count="3" type="stmt"/>
                <line num="14" count="3" type="stmt"/>
                <line num="15" count="3" type="stmt"/>
                <line num="16" count="3" type="stmt"/>
                <line num="17" count="3" type="stmt"/>
                <line num="24" count="3" type="stmt"/>
                <line num="33" count="3" type="stmt"/>
                <line num="34" count="3" type="stmt"/>
                <line num="36" count="3" type="cond" truecount="3" falsecount="1"/>
                <line num="37" count="0" type="stmt"/>
                <line num="48" count="3" type="stmt"/>
                <line num="51" count="3" type="stmt"/>
                <line num="52" count="3" type="stmt"/>
                <line num="54" count="3" type="stmt"/>
                <line num="56" count="3" type="stmt"/>
                <line num="58" count="3" type="stmt"/>
                <line num="63" count="3" type="stmt"/>
                <line num="71" count="3" type="stmt"/>
                <line num="131" count="3" type="stmt"/>
            </file>
            <file name="TestSuiteList.tsx" path="C:\Users\atkcr\projects\projektor\ui\src\TestSuite\TestSuiteList.tsx">
                <metrics statements="12" coveredstatements="12" conditionals="2" coveredconditionals="2" methods="4" coveredmethods="4"/>
                <line num="1" count="4" type="stmt"/>
                <line num="3" count="4" type="stmt"/>
                <line num="4" count="4" type="stmt"/>
                <line num="8" count="4" type="stmt"/>
                <line num="15" count="4" type="stmt"/>
                <line num="20" count="4" type="stmt"/>
                <line num="24" count="4" type="stmt"/>
                <line num="25" count="4" type="stmt"/>
                <line num="38" count="10" type="stmt"/>
                <line num="53" count="4" type="stmt"/>
                <line num="65" count="5" type="stmt"/>
                <line num="78" count="4" type="stmt"/>
            </file>
            <file name="TestSuitePackageDetails.tsx" path="C:\Users\atkcr\projects\projektor\ui\src\TestSuite\TestSuitePackageDetails.tsx">
                <metrics statements="13" coveredstatements="13" conditionals="0" coveredconditionals="0" methods="2" coveredmethods="2"/>
                <line num="1" count="2" type="stmt"/>
                <line num="2" count="2" type="stmt"/>
                <line num="4" count="2" type="stmt"/>
                <line num="5" count="2" type="stmt"/>
                <line num="6" count="2" type="stmt"/>
                <line num="14" count="2" type="stmt"/>
                <line num="20" count="2" type="stmt"/>
                <line num="21" count="1" type="stmt"/>
                <line num="22" count="1" type="stmt"/>
                <line num="23" count="1" type="stmt"/>
                <line num="25" count="1" type="stmt"/>
                <line num="27" count="1" type="stmt"/>
                <line num="40" count="2" type="stmt"/>
            </file>
            <file name="TestSuitePackagePage.tsx" path="C:\Users\atkcr\projects\projektor\ui\src\TestSuite\TestSuitePackagePage.tsx">
                <metrics statements="17" coveredstatements="17" conditionals="0" coveredconditionals="0" methods="4" coveredmethods="4"/>
                <line num="1" count="2" type="stmt"/>
                <line num="4" count="2" type="stmt"/>
                <line num="5" count="2" type="stmt"/>
                <line num="6" count="2" type="stmt"/>
                <line num="7" count="2" type="stmt"/>
                <line num="14" count="2" type="stmt"/>
                <line num="15" count="5" type="stmt"/>
                <line num="16" count="5" type="stmt"/>
                <line num="18" count="5" type="stmt"/>
                <line num="21" count="5" type="stmt"/>
                <line num="23" count="5" type="stmt"/>
                <line num="24" count="2" type="stmt"/>
                <line num="26" count="1" type="stmt"/>
                <line num="27" count="1" type="stmt"/>
                <line num="29" count="1" type="stmt"/>
                <line num="32" count="5" type="stmt"/>
                <line num="46" count="2" type="stmt"/>
            </file>
            <file name="TestSuitePage.tsx" path="C:\Users\atkcr\projects\projektor\ui\src\TestSuite\TestSuitePage.tsx">
                <metrics statements="15" coveredstatements="15" conditionals="0" coveredconditionals="0" methods="4" coveredmethods="4"/>
                <line num="1" count="2" type="stmt"/>
                <line num="3" count="2" type="stmt"/>
                <line num="5" count="2" type="stmt"/>
                <line num="6" count="2" type="stmt"/>
                <line num="7" count="2" type="stmt"/>
                <line num="14" count="5" type="stmt"/>
                <line num="15" count="5" type="stmt"/>
                <line num="18" count="5" type="stmt"/>
                <line num="20" count="5" type="stmt"/>
                <line num="21" count="2" type="stmt"/>
                <line num="23" count="1" type="stmt"/>
                <line num="24" count="1" type="stmt"/>
                <line num="26" count="1" type="stmt"/>
                <line num="29" count="5" type="stmt"/>
                <line num="39" count="2" type="stmt"/>
            </file>
            <file name="TestSuiteTestCaseList.tsx" path="C:\Users\atkcr\projects\projektor\ui\src\TestSuite\TestSuiteTestCaseList.tsx">
                <metrics statements="11" coveredstatements="6" conditionals="0" coveredconditionals="0" methods="1" coveredmethods="0"/>
                <line num="1" count="3" type="stmt"/>
                <line num="4" count="3" type="stmt"/>
                <line num="5" count="3" type="stmt"/>
                <line num="6" count="3" type="stmt"/>
                <line num="13" count="3" type="stmt"/>
                <line num="14" count="0" type="stmt"/>
                <line num="15" count="0" type="stmt"/>
                <line num="17" count="0" type="stmt"/>
                <line num="18" count="0" type="stmt"/>
                <line num="20" count="0" type="stmt"/>
                <line num="38" count="3" type="stmt"/>
            </file>
            <file name="sort.ts" path="C:\Users\atkcr\projects\projektor\ui\src\TestSuite\sort.ts">
                <metrics statements="9" coveredstatements="9" conditionals="12" coveredconditionals="12" methods="2" coveredmethods="2"/>
                <line num="3" count="4" type="stmt"/>
                <line num="4" count="1" type="stmt"/>
                <line num="5" count="8" type="cond" truecount="4" falsecount="0"/>
                <line num="6" count="3" type="cond" truecount="2" falsecount="0"/>
                <line num="7" count="5" type="cond" truecount="4" falsecount="0"/>
                <line num="8" count="4" type="cond" truecount="2" falsecount="0"/>
                <line num="10" count="1" type="stmt"/>
                <line num="14" count="1" type="stmt"/>
                <line num="17" count="4" type="stmt"/>
            </file>
        </package>
        <package name="src.model">
            <metrics statements="25" coveredstatements="22" conditionals="8" coveredconditionals="5" methods="5" coveredmethods="5"/>
            <file name="TestCaseHelpers.ts" path="C:\Users\atkcr\projects\projektor\ui\src\model\TestCaseHelpers.ts">
                <metrics statements="8" coveredstatements="6" conditionals="4" coveredconditionals="2" methods="1" coveredmethods="1"/>
                <line num="3" count="4" type="stmt"/>
                <line num="4" count="1" type="stmt"/>
                <line num="6" count="1" type="cond" truecount="1" falsecount="1"/>
                <line num="7" count="0" type="stmt"/>
                <line num="10" count="1" type="cond" truecount="1" falsecount="1"/>
                <line num="11" count="0" type="stmt"/>
                <line num="14" count="1" type="stmt"/>
                <line num="17" count="4" type="stmt"/>
            </file>
            <file name="TestRunModel.ts" path="C:\Users\atkcr\projects\projektor\ui\src\model\TestRunModel.ts">
                <metrics statements="7" coveredstatements="7" conditionals="2" coveredconditionals="2" methods="1" coveredmethods="1"/>
                <line num="101" count="2" type="cond" truecount="2" falsecount="0"/>
                <line num="102" count="2" type="stmt"/>
                <line num="103" count="2" type="stmt"/>
                <line num="104" count="2" type="stmt"/>
                <line num="105" count="2" type="stmt"/>
                <line num="106" count="2" type="stmt"/>
                <line num="134" count="2" type="stmt"/>
            </file>
            <file name="TestSuiteHelpers.ts" path="C:\Users\atkcr\projects\projektor\ui\src\model\TestSuiteHelpers.ts">
                <metrics statements="10" coveredstatements="9" conditionals="2" coveredconditionals="1" methods="3" coveredmethods="3"/>
                <line num="3" count="4" type="stmt"/>
                <line num="4" count="4" type="stmt"/>
                <line num="7" count="4" type="stmt"/>
                <line num="8" count="5" type="stmt"/>
                <line num="11" count="4" type="stmt"/>
                <line num="12" count="5" type="stmt"/>
                <line num="14" count="5" type="cond" truecount="1" falsecount="1"/>
                <line num="15" count="0" type="stmt"/>
                <line num="18" count="5" type="stmt"/>
                <line num="21" count="4" type="stmt"/>
            </file>
        </package>
        <package name="src.service">
            <metrics statements="70" coveredstatements="68" conditionals="4" coveredconditionals="4" methods="19" coveredmethods="17"/>
            <file name="AxiosService.ts" path="C:\Users\atkcr\projects\projektor\ui\src\service\AxiosService.ts">
                <metrics statements="8" coveredstatements="8" conditionals="0" coveredconditionals="0" methods="0" coveredmethods="0"/>
                <line num="1" count="14" type="stmt"/>
                <line num="2" count="14" type="stmt"/>
                <line num="3" count="14" type="stmt"/>
                <line num="5" count="14" type="stmt"/>
                <line num="9" count="14" type="stmt"/>
                <line num="14" count="14" type="stmt"/>
                <line num="16" count="14" type="stmt"/>
                <line num="23" count="14" type="stmt"/>
            </file>
            <file name="ServerConfigService.ts" path="C:\Users\atkcr\projects\projektor\ui\src\service\ServerConfigService.ts">
                <metrics statements="4" coveredstatements="4" conditionals="0" coveredconditionals="0" methods="1" coveredmethods="1"/>
                <line num="2" count="4" type="stmt"/>
                <line num="5" count="4" type="stmt"/>
                <line num="7" count="11" type="stmt"/>
                <line num="9" count="4" type="stmt"/>
            </file>
            <file name="TestRunService.ts" path="C:\Users\atkcr\projects\projektor\ui\src\service\TestRunService.ts">
                <metrics statements="54" coveredstatements="52" conditionals="2" coveredconditionals="2" methods="17" coveredmethods="15"/>
                <line num="16" count="14" type="stmt"/>
                <line num="17" count="14" type="stmt"/>
                <line num="19" count="14" type="stmt"/>
                <line num="21" count="2" type="stmt"/>
                <line num="24" count="14" type="stmt"/>
                <line num="28" count="2" type="stmt"/>
                <line num="30" count="14" type="stmt"/>
                <line num="34" count="1" type="stmt"/>
                <line num="37" count="14" type="stmt"/>
                <line num="41" count="0" type="stmt"/>
                <line num="44" count="14" type="stmt"/>
                <line num="50" count="2" type="stmt"/>
                <line num="55" count="14" type="stmt"/>
                <line num="60" count="2" type="stmt"/>
                <line num="65" count="14" type="stmt"/>
                <line num="70" count="2" type="stmt"/>
                <line num="72" count="14" type="stmt"/>
                <line num="78" count="4" type="cond" truecount="2" falsecount="0"/>
                <line num="81" count="4" type="stmt"/>
                <line num="86" count="14" type="stmt"/>
                <line num="90" count="10" type="stmt"/>
                <line num="94" count="14" type="stmt"/>
                <line num="98" count="2" type="stmt"/>
                <line num="100" count="14" type="stmt"/>
                <line num="104" count="4" type="stmt"/>
                <line num="108" count="14" type="stmt"/>
                <line num="110" count="2" type="stmt"/>
                <line num="112" count="14" type="stmt"/>
                <line num="114" count="2" type="stmt"/>
                <line num="116" count="14" type="stmt"/>
                <line num="118" count="1" type="stmt"/>
                <line num="120" count="14" type="stmt"/>
                <line num="122" count="0" type="stmt"/>
                <line num="124" count="14" type="stmt"/>
                <line num="128" count="2" type="stmt"/>
                <line num="130" count="14" type="stmt"/>
                <line num="134" count="1" type="stmt"/>
                <line num="137" count="14" type="stmt"/>
                <line num="138" count="14" type="stmt"/>
                <line num="139" count="14" type="stmt"/>
                <line num="140" count="14" type="stmt"/>
                <line num="141" count="14" type="stmt"/>
                <line num="142" count="14" type="stmt"/>
                <line num="143" count="14" type="stmt"/>
                <line num="144" count="14" type="stmt"/>
                <line num="145" count="14" type="stmt"/>
                <line num="146" count="14" type="stmt"/>
                <line num="147" count="14" type="stmt"/>
                <line num="148" count="14" type="stmt"/>
                <line num="149" count="14" type="stmt"/>
                <line num="150" count="14" type="stmt"/>
                <line num="151" count="14" type="stmt"/>
                <line num="152" count="14" type="stmt"/>
                <line num="153" count="14" type="stmt"/>
            </file>
            <file name="TestSuiteOutputType.ts" path="C:\Users\atkcr\projects\projektor\ui\src\service\TestSuiteOutputType.ts">
                <metrics statements="4" coveredstatements="4" conditionals="2" coveredconditionals="2" methods="1" coveredmethods="1"/>
                <line num="1" count="14" type="cond" truecount="2" falsecount="0"/>
                <line num="2" count="14" type="stmt"/>
                <line num="3" count="14" type="stmt"/>
                <line num="6" count="14" type="stmt"/>
            </file>
        </package>
    </project>
